/srv
total 492452
-rw-r--r-- 1 slot1_60 slot1_60         0 Nov  4 18:38 _condor_stderr
-rw-r--r-- 1 slot1_60 slot1_60         5 Nov  4 18:38 _condor_stdout
-rw-r--r-- 1 slot1_60 slot1_60 503570432 Nov  4 18:38 linux-r4ss-v4.sif
-rw-r--r-- 1 slot1_60 slot1_60       819 Nov  4 18:38 osg-ss3-example-calcs.r
-rwxr-xr-x 1 slot1_60 slot1_60      1059 Nov  4 18:38 osg-wrapper-r.sh
drwxr-x--- 4 slot1_60 slot1_60      4096 Nov  4 18:38 scratch
drwxrwxrwt 2 slot1_60 slot1_60      4096 Nov  4 18:38 tmp
-rw-r--r-- 1 slot1_60 slot1_60    669783 Nov  4 18:38 upload.example-ss3-models.tar.gz
drwxrwxrwt 2 slot1_60 slot1_60      4096 Nov  4 18:38 var_tmp
/ss_exe:/usr/local/sbin:/usr/local/bin:/usr/sbin:/usr/bin:/sbin:/bin
output/44-Simple-2/
[1] "/srv/working"
[1] "output/44-Simple-2/"
[1] TRUE TRUE TRUE TRUE TRUE TRUE TRUE
[1] "ran model"
$SS_version
[1] "3.30.22.1;_safe;_compile_date:_Jan 30 2024;_Stock_Synthesis_by_Richard_Methot_(NOAA)_using_ADMB_13.1"

$SS_versionshort
[1] "3.30"

$SS_versionNumeric
[1] 3.3

$StartTime
[1] "StartTime: Mon Nov 4 18:38:29 2024"

$RunTime
[1] "0 hours, 0 minutes, 52 seconds."

$Files_used
[1] "Data_File: data.ss Control_File: control.ss"

$log_det_hessian
[1] 150.66

$Final_phase
[1] 5

$N_iterations
[1] 435

$Nwarnings
[1] 6

$warnings
[1] "Note 1 Information: Max data length bin: 90  < max pop len bins: 94; so will accumulate larger pop len bins"                                     
[2] "Warning 1 Adjustment:  recdev_end: 2001 > retro_yr: 1999 reset "                                                                                 
[3] "Warning 2 : 1st iteration warning: ssb(endyr)/ssb(styr)= 0.00316507; suggest start with larger R0 to get near 0.4; or use depletion fleet option"
[4] "Warning 3 : 1st iteration warning: catch logL > 50% total logL; check configuration; suggest start with larger R0"                               
[5] "Note 2 Information: A revised protocol for the Fcast_yr specification is available and recommended."                                             
[6] " 3 warnings  and 2 notes "                                                                                                                       

$likelihoods_used
                                   values lambdas
TOTAL                1206.240000000000009      NA
Catch                   0.000000000104013      NA
Equil_catch             0.000000000000000      NA
Survey                 -3.510830000000000      NA
Length_comp           597.013000000000034      NA
Age_comp              540.032000000000039      NA
Size_at_age            79.179900000000004      NA
Recruitment            -7.523280000000000       1
InitEQ_Regime           0.000000000000000       1
Forecast_Recruitment    0.000000000000000       1
Parm_priors             1.047230000000000       1
Parm_softbounds         0.001187800000000      NA
Parm_devs               0.000000000000000       1
Crash_Pen               0.000000000000000       1

$likelihoods_laplace
                                       values lambdas
NoBias_corr_Recruitment(info_only)   -6.50163       1
Laplace_obj_fun(info_only)         1207.26000      NA

$likelihoods_by_fleet
               Label          ALL     FISHERY   SURVEY1 SURVEY2
182     Catch_lambda           NA 1.00000e+00   1.00000  1.0000
183       Catch_like  1.04013e-10 1.04013e-10   0.00000  0.0000
184  Init_equ_lambda           NA 1.00000e+00   1.00000  1.0000
185    Init_equ_like  0.00000e+00 0.00000e+00   0.00000  0.0000
186      Surv_lambda           NA 0.00000e+00   1.00000  1.0000
187        Surv_like -3.51083e+00 0.00000e+00  -5.70702  2.1962
188       Surv_N_use           NA 0.00000e+00   8.00000 10.0000
189      Surv_N_skip           NA 0.00000e+00   1.00000  2.0000
190    Length_lambda           NA 1.00000e+00   1.00000  0.0000
191      Length_like  5.97013e+02 4.73321e+02 123.69100  0.0000
192     Length_N_use           NA 2.90000e+01   8.00000  0.0000
193    Length_N_skip           NA 2.00000e+00   1.00000  0.0000
194       Age_lambda           NA 1.00000e+00   1.00000  0.0000
195         Age_like  5.40032e+02 4.23483e+02 116.54900  0.0000
196        Age_N_use           NA 2.90000e+01   8.00000  0.0000
197       Age_N_skip           NA 2.00000e+00   1.00000  0.0000
198 Sizeatage_lambda           NA 1.00000e+00   1.00000  0.0000
199   sizeatage_like  7.91799e+01 3.80784e+01  41.10140  0.0000
200  sizeatage_N_use           NA 2.00000e+00   2.00000  0.0000
201 sizeatage_N_skip           NA 0.00000e+00   0.00000  0.0000

$N_estimated_parameters
[1] 54

$table_of_phases

-99  -4  -3  -1   1   2   3   4   5 
  8   3  15   1   3  32   2   5  12 

$estimated_non_dev_parameters
                               Value Phase    Min   Max      Init Status
L_at_Amin_Fem_GP_1         21.729000     2 -10.00 45.00 21.659100     OK
L_at_Amax_Fem_GP_1         71.636800     4  40.00 90.00 71.654000     OK
VonBert_K_Fem_GP_1          0.146922     4   0.05  0.25  0.147240     OK
L_at_Amax_Mal_GP_1         69.459600     4  40.00 90.00 69.539900     OK
VonBert_K_Mal_GP_1          0.164077     4   0.05  0.25  0.163476     OK
SR_LN(R0)                   8.810330     1   3.00 31.00  8.812060     OK
SR_BH_steep                 0.519767     4   0.20  1.00  0.573835     OK
LnQ_base_SURVEY1(2)         0.575345     1  -7.00  5.00  0.516916     OK
LnQ_base_SURVEY2(3)        -6.420620     1  -7.00  5.00 -6.625470     OK
Size_inflection_FISHERY(1) 53.682400     2  19.00 80.00 53.662900     OK
Size_95%width_FISHERY(1)   19.122400     3   0.01 60.00 18.933200     OK
Size_inflection_SURVEY1(2) 36.626900     2  19.00 70.00 36.658500     OK
Size_95%width_SURVEY1(2)    6.684570     3   0.01 60.00  6.599660     OK
                           Parm_StDev        Gradient  Pr_type Prior Pr_SD
L_at_Amin_Fem_GP_1         0.48308200  0.000000344208   Normal 36.00 10.00
L_at_Amax_Fem_GP_1         0.31236100 -0.000005010200   Normal 70.00 10.00
VonBert_K_Fem_GP_1         0.00370716 -0.000001284570   Normal  0.15  0.80
L_at_Amax_Mal_GP_1         0.29451400 -0.000004090540   Normal 70.00 10.00
VonBert_K_Mal_GP_1         0.00415430 -0.000000972287   Normal  0.15  0.80
SR_LN(R0)                  0.02781980 -0.000044913900 No_prior    NA    NA
SR_BH_steep                0.09554140  0.000002242790 Sym_Beta  0.70  0.05
LnQ_base_SURVEY1(2)        0.12395400  0.000003856540 No_prior    NA    NA
LnQ_base_SURVEY2(3)        0.31727600  0.000000520859 No_prior    NA    NA
Size_inflection_FISHERY(1) 0.76983500 -0.000004974770 Sym_Beta 50.00  0.01
Size_95%width_FISHERY(1)   0.81228900  0.000002959230 Sym_Beta 15.00  0.01
Size_inflection_SURVEY1(2) 0.51848700 -0.000003264760 Sym_Beta 30.00  0.01
Size_95%width_SURVEY1(2)   0.78574600  0.000000788178 Sym_Beta 10.00  0.01
                                 Pr_Like Afterbound
L_at_Amin_Fem_GP_1         1.01831000000         OK
L_at_Amax_Fem_GP_1         0.01339510000         OK
VonBert_K_Fem_GP_1         0.00000739937         OK
L_at_Amax_Mal_GP_1         0.00146003000         OK
VonBert_K_Mal_GP_1         0.00015480900         OK
SR_LN(R0)                             NA         OK
SR_BH_steep                0.00202722000         OK
LnQ_base_SURVEY1(2)                   NA         OK
LnQ_base_SURVEY2(3)                   NA         OK
Size_inflection_FISHERY(1) 0.00018976000         OK
Size_95%width_FISHERY(1)   0.00141134000         OK
Size_inflection_SURVEY1(2) 0.00100171000         OK
Size_95%width_SURVEY1(2)   0.00927514000         OK

$maximum_gradient_component
[1] 4.49139e-05

$parameters_with_highest_gradients
                               Value     Gradient
SR_LN(R0)                   8.810330 -4.49139e-05
L_at_Amax_Fem_GP_1         71.636800 -5.01020e-06
Size_inflection_FISHERY(1) 53.682400 -4.97477e-06
Main_RecrDev_1990           0.678611  4.30373e-06
L_at_Amax_Mal_GP_1         69.459600 -4.09054e-06

$Length_Comp_Fit_Summary
     Data_type Fleet Recommend_var_adj #  N Npos min_Nsamp max_Nsamp
1410         4     1           1.05169 # 31   29       125       125
1411         4     2           1.20154 #  9    8       125       125
     mean_Nsamp_in mean_Nsamp_adj mean_Nsamp_DM err_method err_index
1410           125            125            NA          0        NA
1411           125            125            NA          0        NA
            par1 val1 par2 val2 mean_effN HarMean Curr_Var_Adj Fleet_name
1410 multinomial   NA   NA   NA   136.261 131.461            1    FISHERY
1411 multinomial   NA   NA   NA   156.218 150.193            1    SURVEY1

$Age_Comp_Fit_Summary
     Data_type Fleet Recommend_var_adj # Nsamp_adj Npos min_Nsamp max_Nsamp
1458         5     1           1.03814 #        31   29        75        75
1459         5     2           1.03894 #         9    8        75        75
     mean_Nsamp_in mean_Nsamp_adj mean_Nsamp_DM err_method err_index
1458            75             75            NA          0        NA
1459            75             75            NA          0        NA
            par1 val1 par2 val2 mean_effN HarMean Curr_Var_Adj Fleet_name
1458 multinomial   NA   NA   NA   83.6337 77.8604            1    FISHERY
1459 multinomial   NA   NA   NA   87.6470 77.9207            1    SURVEY1

$SBzero
[1] 49601.2

$current_depletion
[1] 0.0729438

$SPRratioLabel
[1] "1-SPR"

$sigma_R_in
[1] 0.6

$sigma_R_info
           period N_devs SD_of_devs Var_of_devs   mean_SE mean_SEsquared
1            Main     29  0.4600955   0.2116878 0.3429654      0.1215086
2      Early+Main     29  0.4600955   0.2116878 0.3429654      0.1215086
3 Early+Main+Late     31  0.4446338   0.1976992 0.3595483      0.1368952
  sqrt_sum_of_components SD_of_devs_over_sigma_R sqrt_sum_over_sigma_R
1              0.5772317               0.7668258             0.9620529
2              0.5772317               0.7668258             0.9620529
3              0.5784413               0.7410563             0.9640689
  alternative_sigma_R
1   0.577231728503639
2   0.577231728503639
3   0.578441328393696

$rmse_table
    ERA  N     RMSE RMSE_over_sigmaR mean_BiasAdj
1  main 29 0.454285         0.573263            1
2 early  0 0.000000         0.000000            0

$RecDev_method
[1] 2

58
