/srv
total 492452
-rw-r--r-- 1 slot1_60 slot1_60         0 Nov  4 18:38 _condor_stderr
-rw-r--r-- 1 slot1_60 slot1_60         5 Nov  4 18:38 _condor_stdout
-rw-r--r-- 1 slot1_60 slot1_60 503570432 Nov  4 18:38 linux-r4ss-v4.sif
-rw-r--r-- 1 slot1_60 slot1_60       819 Nov  4 18:38 osg-ss3-example-calcs.r
-rwxr-xr-x 1 slot1_60 slot1_60      1059 Nov  4 18:38 osg-wrapper-r.sh
drwxr-x--- 4 slot1_60 slot1_60      4096 Nov  4 18:38 scratch
drwxrwxrwt 2 slot1_60 slot1_60      4096 Nov  4 18:38 tmp
-rw-r--r-- 1 slot1_60 slot1_60    669783 Nov  4 18:38 upload.example-ss3-models.tar.gz
drwxrwxrwt 2 slot1_60 slot1_60      4096 Nov  4 18:38 var_tmp
/ss_exe:/usr/local/sbin:/usr/local/bin:/usr/sbin:/usr/bin:/sbin:/bin
output/53-vermillion_snapper-2/
[1] "/srv/working"
[1] "output/53-vermillion_snapper-2/"
[1] TRUE TRUE TRUE TRUE TRUE TRUE TRUE
[1] "ran model"
$SS_version
[1] "3.30.22.1;_safe;_compile_date:_Jan 30 2024;_Stock_Synthesis_by_Richard_Methot_(NOAA)_using_ADMB_13.1"

$SS_versionshort
[1] "3.30"

$SS_versionNumeric
[1] 3.3

$StartTime
[1] "StartTime: Mon Nov 4 18:38:24 2024"

$RunTime
[1] "0 hours, 1 minutes, 39 seconds."

$Files_used
[1] "Data_File: vermilion.dat Control_File: vermilion.ctl"

$log_det_hessian
[1] 3580.81

$Final_phase
[1] 5

$N_iterations
[1] 2550

$Nwarnings
[1] 14

$warnings
 [1] "Warning 1 : Block:1 3 ends in: 2017 after retroyr+1:  2016"                                                                                                
 [2] "Warning 2 : Block:2 4 ends in: 2017 after retroyr+1:  2016"                                                                                                
 [3] "Warning 3 : At least one block pattern ends in endyr. Check the output parameter value time series to see if the values in forecast years are as intended."
 [4] "Warning 4 : bias adjustment ramp extends into forecast; biasadj set to 0.0 internally for forecast years"                                                  
 [5] "Note 1 Information: Forecast devs will be applied to mean base recruitment over range of historical years in forecast.ss"                                  
 [6] "Warning 5 Adjustment:  recdev_end: 2017 > retro_yr: 2015 reset "                                                                                           
 [7] "Warning 6 Adjustment: Fcast recr option is 3 or 4 and recdev_end: 2015 < endyr: 2017 reset "                                                               
 [8] "Warning 7 Adjustment: setting positive forecast relF for bycatch fleet: 4"                                                                                 
 [9] "Warning 8 Adjustment: setting positive forecast relF for bycatch fleet: 4"                                                                                 
[10] "Warning 9 : Final gradient: 0.000182614 is larger than final_conv: 0.0001"                                                                                 
[11] "Warning 10 Adjustment: setting positive forecast relF for bycatch fleet: 4"                                                                                
[12] "Note 2 Information: A revised protocol for the Fcast_yr specification is available and recommended."                                                       
[13] "Warning 11 Adjustment: setting positive forecast relF for bycatch fleet: 4"                                                                                
[14] " 11 warnings  and 2 notes "                                                                                                                                

$likelihoods_used
                           values lambdas
TOTAL                308.74900000      NA
Catch                  1.97492000      NA
Equil_catch            0.00000000      NA
Survey                 8.23858000      NA
Discard               -1.61068000      NA
Length_comp           77.71490000      NA
Age_comp             239.20200000      NA
Recruitment          -16.77780000       1
InitEQ_Regime          0.00000000       1
Forecast_Recruitment   0.00000000       1
Parm_priors            0.00000000       1
Parm_softbounds        0.00711867      NA
Parm_devs              0.00000000       1
Crash_Pen              0.00000000       1

$likelihoods_laplace
                                     values lambdas
NoBias_corr_Recruitment(info_only) -20.7089       1
Laplace_obj_fun(info_only)         304.8180      NA

$likelihoods_by_fleet
              Label       ALL       CM_E        CM_W       REC   SMP_BYC
184    Catch_lambda        NA   1.000000    1.000000   1.00000   1.00000
185      Catch_like   1.97492   0.291208    0.114216   1.56949   0.00000
186 Init_equ_lambda        NA   1.000000    1.000000   1.00000   1.00000
187   Init_equ_like   0.00000   0.000000    0.000000   0.00000   0.00000
188     Surv_lambda        NA   1.000000    1.000000   1.00000   1.00000
189       Surv_like   8.23858 -10.134300   -8.648050   2.49399 -98.25610
190      Surv_N_use        NA  14.000000   14.000000  30.00000  66.00000
191     Surv_N_skip        NA   0.000000    0.000000   2.00000   2.00000
192     Disc_lambda        NA   0.000000    0.000000   0.00000   1.00000
193       Disc_like  -1.61068 716.651000 1487.640000 470.32600  -1.61068
194      Disc_N_use        NA  23.000000   23.000000  34.00000   1.00000
195     Disc_N_skip        NA   2.000000    2.000000   2.00000  45.00000
196   Length_lambda        NA   0.000000    0.000000   0.00000   0.00000
197     Length_like  77.71490   0.000000    0.000000   0.00000   0.00000
198    Length_N_use        NA   0.000000    0.000000   0.00000   0.00000
199   Length_N_skip        NA   0.000000    0.000000   0.00000   0.00000
200      Age_lambda        NA   1.000000    1.000000   1.00000   0.00000
201        Age_like 239.20200  77.665300   92.633900  68.90270   0.00000
202       Age_N_use        NA  18.000000   18.000000  22.00000   0.00000
203      Age_N_skip        NA   2.000000    2.000000   2.00000   0.00000
       HB_E     HB_W   LARVAL   VIDEO   SEAMAP
184  1.0000  1.00000  1.00000  1.0000  1.00000
185  0.0000  0.00000  0.00000  0.0000  0.00000
186  1.0000  1.00000  1.00000  1.0000  1.00000
187  0.0000  0.00000  0.00000  0.0000  0.00000
188  1.0000  1.00000  1.00000  1.0000  1.00000
189 35.9102 -4.06169  9.19609 84.3284 -2.58997
190 30.0000 30.00000 21.00000 18.0000  7.00000
191  2.0000  2.00000  1.00000  2.0000  2.00000
192  0.0000  0.00000  0.00000  0.0000  0.00000
193  0.0000  0.00000  0.00000  0.0000  0.00000
194  0.0000  0.00000  0.00000  0.0000  0.00000
195  0.0000  0.00000  0.00000  0.0000  0.00000
196  0.0000  0.00000  0.00000  1.0000  1.00000
197  0.0000  0.00000  0.00000 45.1121 32.60270
198  0.0000  0.00000  0.00000 13.0000  7.00000
199  0.0000  0.00000  0.00000  2.0000  2.00000
200  0.0000  0.00000  0.00000  0.0000  0.00000
201  0.0000  0.00000  0.00000  0.0000  0.00000
202  0.0000  0.00000  0.00000  0.0000  0.00000
203  0.0000  0.00000  0.00000  0.0000  0.00000

$N_estimated_parameters
[1] 325

$table_of_phases

 -4  -3  -2  -1   1   2   3   5 
 38  10  14  21 275   7  33  10 

$estimated_non_dev_parameters
                                         Value Phase    Min   Max       Init
SR_LN(R0)                      10.232000000000     1   0.00 13.82  10.210900
SR_BH_steep                     0.726066000000     2   0.22  0.96   0.729779
F_fleet_1_YR_1950_s_1           0.000033131200     1   0.00  3.00   0.050000
F_fleet_1_YR_1951_s_1           0.000066212000     1   0.00  3.00   0.050000
F_fleet_1_YR_1952_s_1           0.000100406000     1   0.00  3.00   0.050000
F_fleet_1_YR_1953_s_1           0.000135238000     1   0.00  3.00   0.050000
F_fleet_1_YR_1954_s_1           0.000171431000     1   0.00  3.00   0.050000
F_fleet_1_YR_1955_s_1           0.000208842000     1   0.00  3.00   0.050000
F_fleet_1_YR_1956_s_1           0.000247291000     1   0.00  3.00   0.050000
F_fleet_1_YR_1957_s_1           0.000287763000     1   0.00  3.00   0.050000
F_fleet_1_YR_1958_s_1           0.000330449000     1   0.00  3.00   0.050000
F_fleet_1_YR_1959_s_1           0.000375454000     1   0.00  3.00   0.050000
F_fleet_1_YR_1960_s_1           0.000423681000     1   0.00  3.00   0.050000
F_fleet_1_YR_1961_s_1           0.000473389000     1   0.00  3.00   0.050000
F_fleet_1_YR_1962_s_1           0.000522896000     1   0.00  3.00   0.050000
F_fleet_1_YR_1963_s_1           0.000570033000     1   0.00  3.00   0.050000
F_fleet_1_YR_1964_s_1           0.000630790000     1   0.00  3.00   0.050000
F_fleet_1_YR_1965_s_1           0.000634347000     1   0.00  3.00   0.050000
F_fleet_1_YR_1966_s_1           0.000335160000     1   0.00  3.00   0.050000
F_fleet_1_YR_1967_s_1           0.000688006000     1   0.00  3.00   0.050000
F_fleet_1_YR_1968_s_1           0.001387260000     1   0.00  3.00   0.050000
F_fleet_1_YR_1969_s_1           0.001795020000     1   0.00  3.00   0.050000
F_fleet_1_YR_1970_s_1           0.001703370000     1   0.00  3.00   0.050000
F_fleet_1_YR_1971_s_1           0.001891860000     1   0.00  3.00   0.050000
F_fleet_1_YR_1972_s_1           0.001694010000     1   0.00  3.00   0.050000
F_fleet_1_YR_1973_s_1           0.002890680000     1   0.00  3.00   0.050000
F_fleet_1_YR_1974_s_1           0.002773490000     1   0.00  3.00   0.050000
F_fleet_1_YR_1975_s_1           0.006106150000     1   0.00  3.00   0.050000
F_fleet_1_YR_1976_s_1           0.005428070000     1   0.00  3.00   0.050000
F_fleet_1_YR_1977_s_1           0.007453230000     1   0.00  3.00   0.050000
F_fleet_1_YR_1978_s_1           0.006508820000     1   0.00  3.00   0.050000
F_fleet_1_YR_1979_s_1           0.005046040000     1   0.00  3.00   0.050000
F_fleet_1_YR_1980_s_1           0.003750090000     1   0.00  3.00   0.050000
F_fleet_1_YR_1981_s_1           0.005526730000     1   0.00  3.00   0.050000
F_fleet_1_YR_1982_s_1           0.005821040000     1   0.00  3.00   0.050000
F_fleet_1_YR_1983_s_1           0.009330160000     1   0.00  3.00   0.050000
F_fleet_1_YR_1984_s_1           0.013417300000     1   0.00  3.00   0.050000
F_fleet_1_YR_1985_s_1           0.017590700000     1   0.00  3.00   0.050000
F_fleet_1_YR_1986_s_1           0.018926000000     1   0.00  3.00   0.050000
F_fleet_1_YR_1987_s_1           0.015499200000     1   0.00  3.00   0.050000
F_fleet_1_YR_1988_s_1           0.015099900000     1   0.00  3.00   0.050000
F_fleet_1_YR_1989_s_1           0.015348100000     1   0.00  3.00   0.050000
F_fleet_1_YR_1990_s_1           0.038669000000     1   0.00  3.00   0.050000
F_fleet_1_YR_1991_s_1           0.032806800000     1   0.00  3.00   0.050000
F_fleet_1_YR_1992_s_1           0.044211300000     1   0.00  3.00   0.050000
F_fleet_1_YR_1993_s_1           0.065295000000     1   0.00  3.00   0.050000
F_fleet_1_YR_1994_s_1           0.067426900000     1   0.00  3.00   0.050000
F_fleet_1_YR_1995_s_1           0.070683700000     1   0.00  3.00   0.050000
F_fleet_1_YR_1996_s_1           0.060020200000     1   0.00  3.00   0.050000
F_fleet_1_YR_1997_s_1           0.059543400000     1   0.00  3.00   0.050000
F_fleet_1_YR_1998_s_1           0.049903200000     1   0.00  3.00   0.050000
F_fleet_1_YR_1999_s_1           0.061046700000     1   0.00  3.00   0.050000
F_fleet_1_YR_2000_s_1           0.048477600000     1   0.00  3.00   0.050000
F_fleet_1_YR_2001_s_1           0.054652300000     1   0.00  3.00   0.050000
F_fleet_1_YR_2002_s_1           0.063669100000     1   0.00  3.00   0.050000
F_fleet_1_YR_2003_s_1           0.071402800000     1   0.00  3.00   0.050000
F_fleet_1_YR_2004_s_1           0.056407000000     1   0.00  3.00   0.050000
F_fleet_1_YR_2005_s_1           0.082878600000     1   0.00  3.00   0.050000
F_fleet_1_YR_2006_s_1           0.088261900000     1   0.00  3.00   0.050000
F_fleet_1_YR_2007_s_1           0.088783000000     1   0.00  3.00   0.050000
F_fleet_1_YR_2008_s_1           0.099153500000     1   0.00  3.00   0.050000
F_fleet_1_YR_2009_s_1           0.146111000000     1   0.00  3.00   0.050000
F_fleet_1_YR_2010_s_1           0.069517400000     1   0.00  3.00   0.050000
F_fleet_1_YR_2011_s_1           0.132551000000     1   0.00  3.00   0.050000
F_fleet_1_YR_2012_s_1           0.092371800000     1   0.00  3.00   0.050000
F_fleet_1_YR_2013_s_1           0.050737500000     1   0.00  3.00   0.050000
F_fleet_1_YR_2014_s_1           0.055617600000     1   0.00  3.00   0.050000
F_fleet_1_YR_2015_s_1           0.029949400000     1   0.00  3.00   0.050000
F_fleet_1_YR_2016_s_1           0.032754100000     1   0.00  3.00   0.050000
F_fleet_1_YR_2017_s_1           0.034829700000     1   0.00  3.00   0.050000
F_fleet_2_YR_1950_s_1           0.000029726200     1   0.00  3.00   0.050000
F_fleet_2_YR_1951_s_1           0.000059543100     1   0.00  3.00   0.050000
F_fleet_2_YR_1952_s_1           0.000089687800     1   0.00  3.00   0.050000
F_fleet_2_YR_1953_s_1           0.000120553000     1   0.00  3.00   0.050000
F_fleet_2_YR_1954_s_1           0.000152429000     1   0.00  3.00   0.050000
F_fleet_2_YR_1955_s_1           0.000185417000     1   0.00  3.00   0.050000
F_fleet_2_YR_1956_s_1           0.000219562000     1   0.00  3.00   0.050000
F_fleet_2_YR_1957_s_1           0.000255058000     1   0.00  3.00   0.050000
F_fleet_2_YR_1958_s_1           0.000292156000     1   0.00  3.00   0.050000
F_fleet_2_YR_1959_s_1           0.000331287000     1   0.00  3.00   0.050000
F_fleet_2_YR_1960_s_1           0.000372841000     1   0.00  3.00   0.050000
F_fleet_2_YR_1961_s_1           0.000416883000     1   0.00  3.00   0.050000
F_fleet_2_YR_1962_s_1           0.000462610000     1   0.00  3.00   0.050000
F_fleet_2_YR_1963_s_1           0.000508195000     1   0.00  3.00   0.050000
F_fleet_2_YR_1964_s_1           0.000539202000     1   0.00  3.00   0.050000
F_fleet_2_YR_1965_s_1           0.000481623000     1   0.00  3.00   0.050000
F_fleet_2_YR_1966_s_1           0.000156313000     1   0.00  3.00   0.050000
F_fleet_2_YR_1967_s_1           0.000374630000     1   0.00  3.00   0.050000
F_fleet_2_YR_1968_s_1           0.001212300000     1   0.00  3.00   0.050000
F_fleet_2_YR_1969_s_1           0.000663202000     1   0.00  3.00   0.050000
F_fleet_2_YR_1970_s_1           0.001105090000     1   0.00  3.00   0.050000
F_fleet_2_YR_1971_s_1           0.001216800000     1   0.00  3.00   0.050000
F_fleet_2_YR_1972_s_1           0.001197430000     1   0.00  3.00   0.050000
F_fleet_2_YR_1973_s_1           0.001436810000     1   0.00  3.00   0.050000
F_fleet_2_YR_1974_s_1           0.001771510000     1   0.00  3.00   0.050000
F_fleet_2_YR_1975_s_1           0.002938190000     1   0.00  3.00   0.050000
F_fleet_2_YR_1976_s_1           0.001647360000     1   0.00  3.00   0.050000
F_fleet_2_YR_1977_s_1           0.005388440000     1   0.00  3.00   0.050000
F_fleet_2_YR_1978_s_1           0.004578770000     1   0.00  3.00   0.050000
F_fleet_2_YR_1979_s_1           0.006278270000     1   0.00  3.00   0.050000
F_fleet_2_YR_1980_s_1           0.004292840000     1   0.00  3.00   0.050000
F_fleet_2_YR_1981_s_1           0.003396900000     1   0.00  3.00   0.050000
F_fleet_2_YR_1982_s_1           0.004392060000     1   0.00  3.00   0.050000
F_fleet_2_YR_1983_s_1           0.004954690000     1   0.00  3.00   0.050000
F_fleet_2_YR_1984_s_1           0.026720600000     1   0.00  3.00   0.050000
F_fleet_2_YR_1985_s_1           0.024188900000     1   0.00  3.00   0.050000
F_fleet_2_YR_1986_s_1           0.032380100000     1   0.00  3.00   0.050000
F_fleet_2_YR_1987_s_1           0.036779500000     1   0.00  3.00   0.050000
F_fleet_2_YR_1988_s_1           0.038902800000     1   0.00  3.00   0.050000
F_fleet_2_YR_1989_s_1           0.041782800000     1   0.00  3.00   0.050000
F_fleet_2_YR_1990_s_1           0.042663600000     1   0.00  3.00   0.050000
F_fleet_2_YR_1991_s_1           0.037710100000     1   0.00  3.00   0.050000
F_fleet_2_YR_1992_s_1           0.052202100000     1   0.00  3.00   0.050000
F_fleet_2_YR_1993_s_1           0.054693300000     1   0.00  3.00   0.050000
F_fleet_2_YR_1994_s_1           0.059995900000     1   0.00  3.00   0.050000
F_fleet_2_YR_1995_s_1           0.040881200000     1   0.00  3.00   0.050000
F_fleet_2_YR_1996_s_1           0.043906600000     1   0.00  3.00   0.050000
F_fleet_2_YR_1997_s_1           0.078940800000     1   0.00  3.00   0.050000
F_fleet_2_YR_1998_s_1           0.072399200000     1   0.00  3.00   0.050000
F_fleet_2_YR_1999_s_1           0.097205500000     1   0.00  3.00   0.050000
F_fleet_2_YR_2000_s_1           0.072010400000     1   0.00  3.00   0.050000
F_fleet_2_YR_2001_s_1           0.089375400000     1   0.00  3.00   0.050000
F_fleet_2_YR_2002_s_1           0.100868000000     1   0.00  3.00   0.050000
F_fleet_2_YR_2003_s_1           0.123710000000     1   0.00  3.00   0.050000
F_fleet_2_YR_2004_s_1           0.115232000000     1   0.00  3.00   0.050000
F_fleet_2_YR_2005_s_1           0.104697000000     1   0.00  3.00   0.050000
F_fleet_2_YR_2006_s_1           0.069623300000     1   0.00  3.00   0.050000
F_fleet_2_YR_2007_s_1           0.124348000000     1   0.00  3.00   0.050000
F_fleet_2_YR_2008_s_1           0.084203200000     1   0.00  3.00   0.050000
F_fleet_2_YR_2009_s_1           0.077919600000     1   0.00  3.00   0.050000
F_fleet_2_YR_2010_s_1           0.059721200000     1   0.00  3.00   0.050000
F_fleet_2_YR_2011_s_1           0.054792400000     1   0.00  3.00   0.050000
F_fleet_2_YR_2012_s_1           0.067555500000     1   0.00  3.00   0.050000
F_fleet_2_YR_2013_s_1           0.039884000000     1   0.00  3.00   0.050000
F_fleet_2_YR_2014_s_1           0.050239800000     1   0.00  3.00   0.050000
F_fleet_2_YR_2015_s_1           0.048151800000     1   0.00  3.00   0.050000
F_fleet_2_YR_2016_s_1           0.047531800000     1   0.00  3.00   0.050000
F_fleet_2_YR_2017_s_1           0.038051800000     1   0.00  3.00   0.050000
F_fleet_3_YR_1950_s_1           0.000141940000     1   0.00  3.00   0.050000
F_fleet_3_YR_1951_s_1           0.000385264000     1   0.00  3.00   0.050000
F_fleet_3_YR_1952_s_1           0.000638659000     1   0.00  3.00   0.050000
F_fleet_3_YR_1953_s_1           0.000902776000     1   0.00  3.00   0.050000
F_fleet_3_YR_1954_s_1           0.001176570000     1   0.00  3.00   0.050000
F_fleet_3_YR_1955_s_1           0.001461690000     1   0.00  3.00   0.050000
F_fleet_3_YR_1956_s_1           0.001758640000     1   0.00  3.00   0.050000
F_fleet_3_YR_1957_s_1           0.002071060000     1   0.00  3.00   0.050000
F_fleet_3_YR_1958_s_1           0.002405370000     1   0.00  3.00   0.050000
F_fleet_3_YR_1959_s_1           0.002766480000     1   0.00  3.00   0.050000
F_fleet_3_YR_1960_s_1           0.003151340000     1   0.00  3.00   0.050000
F_fleet_3_YR_1961_s_1           0.003537420000     1   0.00  3.00   0.050000
F_fleet_3_YR_1962_s_1           0.003884200000     1   0.00  3.00   0.050000
F_fleet_3_YR_1963_s_1           0.004193370000     1   0.00  3.00   0.050000
F_fleet_3_YR_1964_s_1           0.004510820000     1   0.00  3.00   0.050000
F_fleet_3_YR_1965_s_1           0.004851140000     1   0.00  3.00   0.050000
F_fleet_3_YR_1966_s_1           0.005215290000     1   0.00  3.00   0.050000
F_fleet_3_YR_1967_s_1           0.005595350000     1   0.00  3.00   0.050000
F_fleet_3_YR_1968_s_1           0.005996190000     1   0.00  3.00   0.050000
F_fleet_3_YR_1969_s_1           0.006421170000     1   0.00  3.00   0.050000
F_fleet_3_YR_1970_s_1           0.006875940000     1   0.00  3.00   0.050000
F_fleet_3_YR_1971_s_1           0.007329310000     1   0.00  3.00   0.050000
F_fleet_3_YR_1972_s_1           0.007740170000     1   0.00  3.00   0.050000
F_fleet_3_YR_1973_s_1           0.008124760000     1   0.00  3.00   0.050000
F_fleet_3_YR_1974_s_1           0.008505320000     1   0.00  3.00   0.050000
F_fleet_3_YR_1975_s_1           0.008900290000     1   0.00  3.00   0.050000
F_fleet_3_YR_1976_s_1           0.009304270000     1   0.00  3.00   0.050000
F_fleet_3_YR_1977_s_1           0.009743810000     1   0.00  3.00   0.050000
F_fleet_3_YR_1978_s_1           0.010248200000     1   0.00  3.00   0.050000
F_fleet_3_YR_1979_s_1           0.010801600000     1   0.00  3.00   0.050000
F_fleet_3_YR_1980_s_1           0.011377900000     1   0.00  3.00   0.050000
F_fleet_3_YR_1981_s_1           0.011953500000     1   0.00  3.00   0.050000
F_fleet_3_YR_1982_s_1           0.026773400000     1   0.00  3.00   0.050000
F_fleet_3_YR_1983_s_1           0.010329500000     1   0.00  3.00   0.050000
F_fleet_3_YR_1984_s_1           0.016066200000     1   0.00  3.00   0.050000
F_fleet_3_YR_1985_s_1           0.031528600000     1   0.00  3.00   0.050000
F_fleet_3_YR_1986_s_1           0.045255800000     1   0.00  3.00   0.050000
F_fleet_3_YR_1987_s_1           0.058312600000     1   0.00  3.00   0.050000
F_fleet_3_YR_1988_s_1           0.088657600000     1   0.00  3.00   0.050000
F_fleet_3_YR_1989_s_1           0.049227300000     1   0.00  3.00   0.050000
F_fleet_3_YR_1990_s_1           0.067660900000     1   0.00  3.00   0.050000
F_fleet_3_YR_1991_s_1           0.088732000000     1   0.00  3.00   0.050000
F_fleet_3_YR_1992_s_1           0.113319000000     1   0.00  3.00   0.050000
F_fleet_3_YR_1993_s_1           0.088116200000     1   0.00  3.00   0.050000
F_fleet_3_YR_1994_s_1           0.077794100000     1   0.00  3.00   0.050000
F_fleet_3_YR_1995_s_1           0.115400000000     1   0.00  3.00   0.050000
F_fleet_3_YR_1996_s_1           0.049127900000     1   0.00  3.00   0.050000
F_fleet_3_YR_1997_s_1           0.088750200000     1   0.00  3.00   0.050000
F_fleet_3_YR_1998_s_1           0.047220000000     1   0.00  3.00   0.050000
F_fleet_3_YR_1999_s_1           0.095377700000     1   0.00  3.00   0.050000
F_fleet_3_YR_2000_s_1           0.056076600000     1   0.00  3.00   0.050000
F_fleet_3_YR_2001_s_1           0.146374000000     1   0.00  3.00   0.050000
F_fleet_3_YR_2002_s_1           0.116739000000     1   0.00  3.00   0.050000
F_fleet_3_YR_2003_s_1           0.107055000000     1   0.00  3.00   0.050000
F_fleet_3_YR_2004_s_1           0.107179000000     1   0.00  3.00   0.050000
F_fleet_3_YR_2005_s_1           0.131269000000     1   0.00  3.00   0.050000
F_fleet_3_YR_2006_s_1           0.122420000000     1   0.00  3.00   0.050000
F_fleet_3_YR_2007_s_1           0.118082000000     1   0.00  3.00   0.050000
F_fleet_3_YR_2008_s_1           0.055992900000     1   0.00  3.00   0.050000
F_fleet_3_YR_2009_s_1           0.080189600000     1   0.00  3.00   0.050000
F_fleet_3_YR_2010_s_1           0.057898100000     1   0.00  3.00   0.050000
F_fleet_3_YR_2011_s_1           0.135309000000     1   0.00  3.00   0.050000
F_fleet_3_YR_2012_s_1           0.098375200000     1   0.00  3.00   0.050000
F_fleet_3_YR_2013_s_1           0.151485000000     1   0.00  3.00   0.050000
F_fleet_3_YR_2014_s_1           0.129403000000     1   0.00  3.00   0.050000
F_fleet_3_YR_2015_s_1           0.104216000000     1   0.00  3.00   0.050000
F_fleet_3_YR_2016_s_1           0.102281000000     1   0.00  3.00   0.050000
F_fleet_3_YR_2017_s_1           0.132086000000     1   0.00  3.00   0.050000
F_fleet_4_YR_1950_s_1           0.050352000000     1   0.00  3.00   0.050000
F_fleet_4_YR_1951_s_1           0.068659100000     1   0.00  3.00   0.050000
F_fleet_4_YR_1952_s_1           0.081094600000     1   0.00  3.00   0.050000
F_fleet_4_YR_1953_s_1           0.085276400000     1   0.00  3.00   0.050000
F_fleet_4_YR_1954_s_1           0.110560000000     1   0.00  3.00   0.050000
F_fleet_4_YR_1955_s_1           0.115255000000     1   0.00  3.00   0.050000
F_fleet_4_YR_1956_s_1           0.147375000000     1   0.00  3.00   0.050000
F_fleet_4_YR_1957_s_1           0.168765000000     1   0.00  3.00   0.050000
F_fleet_4_YR_1958_s_1           0.206743000000     1   0.00  3.00   0.050000
F_fleet_4_YR_1959_s_1           0.222934000000     1   0.00  3.00   0.050000
F_fleet_4_YR_1960_s_1           0.222925000000     1   0.00  3.00   0.050000
F_fleet_4_YR_1961_s_1           0.168834000000     1   0.00  3.00   0.050000
F_fleet_4_YR_1962_s_1           0.162612000000     1   0.00  3.00   0.050000
F_fleet_4_YR_1963_s_1           0.185483000000     1   0.00  3.00   0.050000
F_fleet_4_YR_1964_s_1           0.196031000000     1   0.00  3.00   0.050000
F_fleet_4_YR_1965_s_1           0.217766000000     1   0.00  3.00   0.050000
F_fleet_4_YR_1966_s_1           0.214443000000     1   0.00  3.00   0.050000
F_fleet_4_YR_1967_s_1           0.233884000000     1   0.00  3.00   0.050000
F_fleet_4_YR_1968_s_1           0.237904000000     1   0.00  3.00   0.050000
F_fleet_4_YR_1969_s_1           0.270907000000     1   0.00  3.00   0.050000
F_fleet_4_YR_1970_s_1           0.255523000000     1   0.00  3.00   0.050000
F_fleet_4_YR_1971_s_1           0.244163000000     1   0.00  3.00   0.050000
F_fleet_4_YR_1972_s_1           0.238722000000     1   0.00  3.00   0.050000
F_fleet_4_YR_1973_s_1           0.243230000000     1   0.00  3.00   0.050000
F_fleet_4_YR_1974_s_1           0.242680000000     1   0.00  3.00   0.050000
F_fleet_4_YR_1975_s_1           0.244824000000     1   0.00  3.00   0.050000
F_fleet_4_YR_1976_s_1           0.254792000000     1   0.00  3.00   0.050000
F_fleet_4_YR_1977_s_1           0.280203000000     1   0.00  3.00   0.050000
F_fleet_4_YR_1978_s_1           0.297001000000     1   0.00  3.00   0.050000
F_fleet_4_YR_1979_s_1           0.311627000000     1   0.00  3.00   0.050000
F_fleet_4_YR_1980_s_1           0.318971000000     1   0.00  3.00   0.050000
F_fleet_4_YR_1981_s_1           0.289562000000     1   0.00  3.00   0.050000
F_fleet_4_YR_1982_s_1           0.275719000000     1   0.00  3.00   0.050000
F_fleet_4_YR_1983_s_1           0.278516000000     1   0.00  3.00   0.050000
F_fleet_4_YR_1984_s_1           0.315684000000     1   0.00  3.00   0.050000
F_fleet_4_YR_1985_s_1           0.304533000000     1   0.00  3.00   0.050000
F_fleet_4_YR_1986_s_1           0.332740000000     1   0.00  3.00   0.050000
F_fleet_4_YR_1987_s_1           0.276869000000     1   0.00  3.00   0.050000
F_fleet_4_YR_1988_s_1           0.254316000000     1   0.00  3.00   0.050000
F_fleet_4_YR_1989_s_1           0.279838000000     1   0.00  3.00   0.050000
F_fleet_4_YR_1990_s_1           0.246273000000     1   0.00  3.00   0.050000
F_fleet_4_YR_1991_s_1           0.257412000000     1   0.00  3.00   0.050000
F_fleet_4_YR_1992_s_1           0.324301000000     1   0.00  3.00   0.050000
F_fleet_4_YR_1993_s_1           0.368826000000     1   0.00  3.00   0.050000
F_fleet_4_YR_1994_s_1           0.561041000000     1   0.00  3.00   0.050000
F_fleet_4_YR_1995_s_1           0.436388000000     1   0.00  3.00   0.050000
F_fleet_4_YR_1996_s_1           0.408854000000     1   0.00  3.00   0.050000
F_fleet_4_YR_1997_s_1           0.422892000000     1   0.00  3.00   0.050000
F_fleet_4_YR_1998_s_1           0.514352000000     1   0.00  3.00   0.050000
F_fleet_4_YR_1999_s_1           0.332790000000     1   0.00  3.00   0.050000
F_fleet_4_YR_2000_s_1           0.265760000000     1   0.00  3.00   0.050000
F_fleet_4_YR_2001_s_1           0.293779000000     1   0.00  3.00   0.050000
F_fleet_4_YR_2002_s_1           0.365574000000     1   0.00  3.00   0.050000
F_fleet_4_YR_2003_s_1           0.313017000000     1   0.00  3.00   0.050000
F_fleet_4_YR_2004_s_1           0.287698000000     1   0.00  3.00   0.050000
F_fleet_4_YR_2005_s_1           0.240792000000     1   0.00  3.00   0.050000
F_fleet_4_YR_2006_s_1           0.156606000000     1   0.00  3.00   0.050000
F_fleet_4_YR_2007_s_1           0.108142000000     1   0.00  3.00   0.050000
F_fleet_4_YR_2008_s_1           0.077147300000     1   0.00  3.00   0.050000
F_fleet_4_YR_2009_s_1           0.123392000000     1   0.00  3.00   0.050000
F_fleet_4_YR_2010_s_1           0.091774000000     1   0.00  3.00   0.050000
F_fleet_4_YR_2011_s_1           0.108622000000     1   0.00  3.00   0.050000
F_fleet_4_YR_2012_s_1           0.096720000000     1   0.00  3.00   0.050000
F_fleet_4_YR_2013_s_1           0.108545000000     1   0.00  3.00   0.050000
F_fleet_4_YR_2014_s_1           0.086810100000     1   0.00  3.00   0.050000
F_fleet_4_YR_2015_s_1           0.073453100000     1   0.00  3.00   0.050000
F_fleet_4_YR_2016_s_1           0.000000172816     1   0.00  3.00   0.050000
F_fleet_4_YR_2017_s_1           0.000000246127     1   0.00  3.00   0.050000
LnQ_base_SMP_BYC(4)             1.373840000000     2 -10.00 20.00   1.384810
Size_DblN_top_logit_VIDEO(8)   -2.313290000000     3 -10.00  3.00  -1.574750
Size_DblN_ascend_se_VIDEO(8)    1.163120000000     3  -6.00 12.00   1.100060
Size_DblN_end_logit_VIDEO(8)    0.365727000000     2  -8.00  5.00   0.597499
Size_DblN_top_logit_SEAMAP(9)  -4.077800000000     3 -10.00  3.00  -4.089010
Size_DblN_ascend_se_SEAMAP(9)   1.039070000000     3  -6.00 12.00   1.262730
Size_DblN_end_logit_SEAMAP(9)  -5.345550000000     2  -8.00  5.00  -5.306050
Age_inflection_CM_E(1)          2.144000000000     3   0.50 14.00   2.119950
Age_95%width_CM_E(1)            0.947847000000     1   0.50 14.00   0.916154
Age_inflection_CM_W(2)          3.786480000000     3   0.50 14.00   3.680750
Age_95%width_CM_W(2)            2.174190000000     1   0.50 14.00   2.096610
Age_DblN_peak_REC(3)            3.389400000000     2   1.00 10.00   3.332760
Age_DblN_top_logit_REC(3)      -9.004940000000     3 -10.00  3.00  -9.165080
Age_DblN_ascend_se_REC(3)       0.649085000000     3  -6.00 12.00   0.549862
Age_DblN_descend_se_REC(3)      3.057450000000     3  -4.00  6.00   2.952730
Age_DblN_start_logit_REC(3)   -11.939700000000     2 -15.00  5.00 -12.103500
Age_DblN_end_logit_REC(3)      -1.874450000000     2  -8.00  5.00  -1.829480
                              Status     Parm_StDev           Gradient  Pr_type
SR_LN(R0)                         OK  0.05828990000 -0.000000972976000 No_prior
SR_BH_steep                       OK  0.06813580000  0.000000497605000 No_prior
F_fleet_1_YR_1950_s_1            act  0.00000267746  0.000182614000000        F
F_fleet_1_YR_1951_s_1            act  0.00000534303  0.000016088200000        F
F_fleet_1_YR_1952_s_1            act  0.00000808155  0.000182301000000        F
F_fleet_1_YR_1953_s_1            act  0.00001085490 -0.000029919100000        F
F_fleet_1_YR_1954_s_1            act  0.00001372100 -0.000015743600000        F
F_fleet_1_YR_1955_s_1            act  0.00001666220 -0.000096662700000        F
F_fleet_1_YR_1956_s_1            act  0.00001966530 -0.000027136700000        F
F_fleet_1_YR_1957_s_1            act  0.00002280170  0.000054462700000        F
F_fleet_1_YR_1958_s_1            act  0.00002608650  0.000018783400000        F
F_fleet_1_YR_1959_s_1            act  0.00002952900  0.000076229600000        F
F_fleet_1_YR_1960_s_1            act  0.00003321660 -0.000016445500000        F
F_fleet_1_YR_1961_s_1            act  0.00003702550 -0.000034767500000        F
F_fleet_1_YR_1962_s_1            act  0.00004082580  0.000014318200000        F
F_fleet_1_YR_1963_s_1            act  0.00004438050 -0.000029861300000        F
F_fleet_1_YR_1964_s_1            act  0.00004892370 -0.000006296310000        F
F_fleet_1_YR_1965_s_1            act  0.00004901670  0.000013554400000        F
F_fleet_1_YR_1966_s_1            act  0.00002580550  0.000031338100000        F
F_fleet_1_YR_1967_s_1            act  0.00005282630  0.000006327380000        F
F_fleet_1_YR_1968_s_1            act  0.00010629400  0.000023556800000        F
F_fleet_1_YR_1969_s_1            act  0.00013733900 -0.000000670584000        F
F_fleet_1_YR_1970_s_1            act  0.00013016400 -0.000021937800000        F
F_fleet_1_YR_1971_s_1            act  0.00014453300  0.000031928500000        F
F_fleet_1_YR_1972_s_1            act  0.00012932900 -0.000031475800000        F
F_fleet_1_YR_1973_s_1            act  0.00022057300 -0.000047829700000        F
F_fleet_1_YR_1974_s_1            act  0.00021142300 -0.000016226000000        F
F_fleet_1_YR_1975_s_1            act  0.00046551200 -0.000017794700000        F
F_fleet_1_YR_1976_s_1            act  0.00041352600 -0.000033372400000        F
F_fleet_1_YR_1977_s_1            act  0.00056790200 -0.000022680500000        F
F_fleet_1_YR_1978_s_1            act  0.00049604100  0.000018320400000        F
F_fleet_1_YR_1979_s_1            act  0.00038460800  0.000008271980000        F
F_fleet_1_YR_1980_s_1            act  0.00028571100  0.000024925300000        F
F_fleet_1_YR_1981_s_1            act  0.00042081600 -0.000002355400000        F
F_fleet_1_YR_1982_s_1            act  0.00044349100  0.000025538600000        F
F_fleet_1_YR_1983_s_1            act  0.00071018800 -0.000005141890000        F
F_fleet_1_YR_1984_s_1            act  0.00102029000 -0.000005593150000        F
F_fleet_1_YR_1985_s_1            act  0.00134164000  0.000003990880000        F
F_fleet_1_YR_1986_s_1            act  0.00145313000  0.000013558400000        F
F_fleet_1_YR_1987_s_1            act  0.00120135000 -0.000015991700000        F
F_fleet_1_YR_1988_s_1            act  0.00118450000  0.000006208190000        F
F_fleet_1_YR_1989_s_1            act  0.00121181000 -0.000010890200000        F
F_fleet_1_YR_1990_s_1            act  0.00305058000 -0.000006687950000        F
F_fleet_1_YR_1991_s_1            act  0.00259369000 -0.000000999220000        F
F_fleet_1_YR_1992_s_1            act  0.00351020000  0.000010685500000        F
F_fleet_1_YR_1993_s_1            act  0.00522841000  0.000004000370000        F
F_fleet_1_YR_1994_s_1            act  0.00544610000 -0.000001462180000        F
F_fleet_1_YR_1995_s_1            act  0.00575776000 -0.000011624900000        F
F_fleet_1_YR_1996_s_1            act  0.00494181000  0.000000655976000        F
F_fleet_1_YR_1997_s_1            act  0.00494870000 -0.000006899970000        F
F_fleet_1_YR_1998_s_1            act  0.00415064000  0.000000395269000        F
F_fleet_1_YR_1999_s_1            act  0.00505105000 -0.000006196410000        F
F_fleet_1_YR_2000_s_1            act  0.00399520000  0.000006863620000        F
F_fleet_1_YR_2001_s_1            act  0.00444318000  0.000003263490000        F
F_fleet_1_YR_2002_s_1            act  0.00501674000  0.000000588816000        F
F_fleet_1_YR_2003_s_1            act  0.00551692000 -0.000002274010000        F
F_fleet_1_YR_2004_s_1            act  0.00439332000  0.000011380900000        F
F_fleet_1_YR_2005_s_1            act  0.00659661000  0.000001944000000        F
F_fleet_1_YR_2006_s_1            act  0.00697530000  0.000000295498000        F
F_fleet_1_YR_2007_s_1            act  0.00703785000 -0.000001068490000        F
F_fleet_1_YR_2008_s_1            act  0.00779020000 -0.000006121650000        F
F_fleet_1_YR_2009_s_1            act  0.01135550000  0.000000432481000        F
F_fleet_1_YR_2010_s_1            act  0.00554398000  0.000001469780000        F
F_fleet_1_YR_2011_s_1            act  0.01081300000  0.000005657150000        F
F_fleet_1_YR_2012_s_1            act  0.00805455000 -0.000001186280000        F
F_fleet_1_YR_2013_s_1            act  0.00455924000 -0.000000393082000        F
F_fleet_1_YR_2014_s_1            act  0.00510908000  0.000006506640000        F
F_fleet_1_YR_2015_s_1            act  0.00278621000 -0.000000068526000        F
F_fleet_1_YR_2016_s_1            act  0.00312695000  0.000000508174000        F
F_fleet_1_YR_2017_s_1            act  0.00354571000  0.000004905240000        F
F_fleet_2_YR_1950_s_1            act  0.00000255058  0.000129346000000        F
F_fleet_2_YR_1951_s_1            act  0.00000510660  0.000020689500000        F
F_fleet_2_YR_1952_s_1            act  0.00000767750  0.000030031300000        F
F_fleet_2_YR_1953_s_1            act  0.00001028290  0.000012929800000        F
F_fleet_2_YR_1954_s_1            act  0.00001295380  0.000026551100000        F
F_fleet_2_YR_1955_s_1            act  0.00001570840 -0.000025654700000        F
F_fleet_2_YR_1956_s_1            act  0.00001854840  0.000000036363400        F
F_fleet_2_YR_1957_s_1            act  0.00002148100  0.000020492000000        F
F_fleet_2_YR_1958_s_1            act  0.00002452390  0.000043362200000        F
F_fleet_2_YR_1959_s_1            act  0.00002770290  0.000025203400000        F
F_fleet_2_YR_1960_s_1            act  0.00003105510 -0.000043638600000        F
F_fleet_2_YR_1961_s_1            act  0.00003460580  0.000001786220000        F
F_fleet_2_YR_1962_s_1            act  0.00003833630  0.000023791000000        F
F_fleet_2_YR_1963_s_1            act  0.00004213190  0.000007640280000        F
F_fleet_2_YR_1964_s_1            act  0.00004475160  0.000021318900000        F
F_fleet_2_YR_1965_s_1            act  0.00003993760  0.000027806800000        F
F_fleet_2_YR_1966_s_1            act  0.00001292120  0.000035508200000        F
F_fleet_2_YR_1967_s_1            act  0.00003085990  0.000022458100000        F
F_fleet_2_YR_1968_s_1            act  0.00009962420 -0.000017448100000        F
F_fleet_2_YR_1969_s_1            act  0.00005441270  0.000006118410000        F
F_fleet_2_YR_1970_s_1            act  0.00009056270 -0.000008615840000        F
F_fleet_2_YR_1971_s_1            act  0.00009963040  0.000002953070000        F
F_fleet_2_YR_1972_s_1            act  0.00009802280 -0.000010945800000        F
F_fleet_2_YR_1973_s_1            act  0.00011777100 -0.000044030600000        F
F_fleet_2_YR_1974_s_1            act  0.00014545900  0.000009517030000        F
F_fleet_2_YR_1975_s_1            act  0.00024173300  0.000019567800000        F
F_fleet_2_YR_1976_s_1            act  0.00013567800  0.000064847100000        F
F_fleet_2_YR_1977_s_1            act  0.00044467200  0.000014527900000        F
F_fleet_2_YR_1978_s_1            act  0.00037836300 -0.000001606520000        F
F_fleet_2_YR_1979_s_1            act  0.00051908000 -0.000023780100000        F
F_fleet_2_YR_1980_s_1            act  0.00035451900  0.000006641770000        F
F_fleet_2_YR_1981_s_1            act  0.00028015700 -0.000029288500000        F
F_fleet_2_YR_1982_s_1            act  0.00036274200  0.000007959240000        F
F_fleet_2_YR_1983_s_1            act  0.00041052900 -0.000012597200000        F
F_fleet_2_YR_1984_s_1            act  0.00223463000  0.000006125650000        F
F_fleet_2_YR_1985_s_1            act  0.00204405000 -0.000007266040000        F
F_fleet_2_YR_1986_s_1            act  0.00276914000 -0.000003988060000        F
F_fleet_2_YR_1987_s_1            act  0.00319340000 -0.000001546540000        F
F_fleet_2_YR_1988_s_1            act  0.00343891000 -0.000002749290000        F
F_fleet_2_YR_1989_s_1            act  0.00376471000  0.000000630247000        F
F_fleet_2_YR_1990_s_1            act  0.00390723000  0.000004788600000        F
F_fleet_2_YR_1991_s_1            act  0.00350205000  0.000000563802000        F
F_fleet_2_YR_1992_s_1            act  0.00492421000 -0.000000639674000        F
F_fleet_2_YR_1993_s_1            act  0.00527539000  0.000000861031000        F
F_fleet_2_YR_1994_s_1            act  0.00589180000 -0.000009267720000        F
F_fleet_2_YR_1995_s_1            act  0.00405789000  0.000001139490000        F
F_fleet_2_YR_1996_s_1            act  0.00437647000  0.000007385220000        F
F_fleet_2_YR_1997_s_1            act  0.00787325000  0.000002142410000        F
F_fleet_2_YR_1998_s_1            act  0.00724166000 -0.000004658870000        F
F_fleet_2_YR_1999_s_1            act  0.00979517000 -0.000003510120000        F
F_fleet_2_YR_2000_s_1            act  0.00729779000  0.000006787250000        F
F_fleet_2_YR_2001_s_1            act  0.00896311000  0.000001377970000        F
F_fleet_2_YR_2002_s_1            act  0.01025730000  0.000000037159800        F
F_fleet_2_YR_2003_s_1            act  0.01288190000 -0.000003739670000        F
F_fleet_2_YR_2004_s_1            act  0.01201720000 -0.000005830410000        F
F_fleet_2_YR_2005_s_1            act  0.01086250000 -0.000006299120000        F
F_fleet_2_YR_2006_s_1            act  0.00713475000  0.000003192420000        F
F_fleet_2_YR_2007_s_1            act  0.01257660000 -0.000002707420000        F
F_fleet_2_YR_2008_s_1            act  0.00847673000  0.000003611880000        F
F_fleet_2_YR_2009_s_1            act  0.00799161000  0.000011102000000        F
F_fleet_2_YR_2010_s_1            act  0.00618905000 -0.000000993194000        F
F_fleet_2_YR_2011_s_1            act  0.00560087000 -0.000007997060000        F
F_fleet_2_YR_2012_s_1            act  0.00703212000 -0.000002026380000        F
F_fleet_2_YR_2013_s_1            act  0.00425565000  0.000003857460000        F
F_fleet_2_YR_2014_s_1            act  0.00557120000 -0.000000850178000        F
F_fleet_2_YR_2015_s_1            act  0.00547367000 -0.000000547830000        F
F_fleet_2_YR_2016_s_1            act  0.00542418000  0.000002776280000        F
F_fleet_2_YR_2017_s_1            act  0.00439938000  0.000004889590000        F
F_fleet_3_YR_1950_s_1            act  0.00002515620  0.000024698600000        F
F_fleet_3_YR_1951_s_1            act  0.00006822770  0.000011900700000        F
F_fleet_3_YR_1952_s_1            act  0.00011300300  0.000017504600000        F
F_fleet_3_YR_1953_s_1            act  0.00015966300 -0.000000975401000        F
F_fleet_3_YR_1954_s_1            act  0.00020802500  0.000010947000000        F
F_fleet_3_YR_1955_s_1            act  0.00025831900  0.000007316180000        F
F_fleet_3_YR_1956_s_1            act  0.00031065400  0.000000547323000        F
F_fleet_3_YR_1957_s_1            act  0.00036563000 -0.000002103470000        F
F_fleet_3_YR_1958_s_1            act  0.00042446800  0.000001894810000        F
F_fleet_3_YR_1959_s_1            act  0.00048814100 -0.000002690330000        F
F_fleet_3_YR_1960_s_1            act  0.00055630800 -0.000001440630000        F
F_fleet_3_YR_1961_s_1            act  0.00062492800  0.000002715480000        F
F_fleet_3_YR_1962_s_1            act  0.00068634300  0.000003884090000        F
F_fleet_3_YR_1963_s_1            act  0.00074003100  0.000000538149000        F
F_fleet_3_YR_1964_s_1            act  0.00079463600  0.000006990570000        F
F_fleet_3_YR_1965_s_1            act  0.00085354600 -0.000001570780000        F
F_fleet_3_YR_1966_s_1            act  0.00091709200  0.000002601650000        F
F_fleet_3_YR_1967_s_1            act  0.00098397400 -0.000003163470000        F
F_fleet_3_YR_1968_s_1            act  0.00105474000  0.000001957430000        F
F_fleet_3_YR_1969_s_1            act  0.00113005000  0.000001330370000        F
F_fleet_3_YR_1970_s_1            act  0.00121086000  0.000001756550000        F
F_fleet_3_YR_1971_s_1            act  0.00129189000  0.000000709039000        F
F_fleet_3_YR_1972_s_1            act  0.00136463000 -0.000005151830000        F
F_fleet_3_YR_1973_s_1            act  0.00143195000  0.000007230980000        F
F_fleet_3_YR_1974_s_1            act  0.00149809000 -0.000003935830000        F
F_fleet_3_YR_1975_s_1            act  0.00156689000 -0.000006355780000        F
F_fleet_3_YR_1976_s_1            act  0.00163740000  0.000001100600000        F
F_fleet_3_YR_1977_s_1            act  0.00171449000  0.000003104710000        F
F_fleet_3_YR_1978_s_1            act  0.00180376000 -0.000000312538000        F
F_fleet_3_YR_1979_s_1            act  0.00190262000  0.000000255781000        F
F_fleet_3_YR_1980_s_1            act  0.00200581000  0.000000254790000        F
F_fleet_3_YR_1981_s_1            act  0.00210857000  0.000001689850000        F
F_fleet_3_YR_1982_s_1            act  0.00474462000  0.000000419858000        F
F_fleet_3_YR_1983_s_1            act  0.00181814000  0.000001156510000        F
F_fleet_3_YR_1984_s_1            act  0.00282242000  0.000001241110000        F
F_fleet_3_YR_1985_s_1            act  0.00553070000  0.000000684596000        F
F_fleet_3_YR_1986_s_1            act  0.00792272000  0.000000754268000        F
F_fleet_3_YR_1987_s_1            act  0.01024340000  0.000000845809000        F
F_fleet_3_YR_1988_s_1            act  0.01550460000  0.000001267740000        F
F_fleet_3_YR_1989_s_1            act  0.00857998000  0.000001636250000        F
F_fleet_3_YR_1990_s_1            act  0.01170110000  0.000001331980000        F
F_fleet_3_YR_1991_s_1            act  0.01536630000  0.000000009460830        F
F_fleet_3_YR_1992_s_1            act  0.01949360000  0.000001689710000        F
F_fleet_3_YR_1993_s_1            act  0.01508100000  0.000000601972000        F
F_fleet_3_YR_1994_s_1            act  0.01343090000  0.000001165550000        F
F_fleet_3_YR_1995_s_1            act  0.02029290000  0.000000818398000        F
F_fleet_3_YR_1996_s_1            act  0.00870515000  0.000000313429000        F
F_fleet_3_YR_1997_s_1            act  0.01580520000 -0.000000250047000        F
F_fleet_3_YR_1998_s_1            act  0.00829393000 -0.000000273719000        F
F_fleet_3_YR_1999_s_1            act  0.01635630000 -0.000000137415000        F
F_fleet_3_YR_2000_s_1            act  0.00962040000 -0.000000220564000        F
F_fleet_3_YR_2001_s_1            act  0.02381600000  0.000000162209000        F
F_fleet_3_YR_2002_s_1            act  0.01910310000  0.000000319542000        F
F_fleet_3_YR_2003_s_1            act  0.01761730000 -0.000000108543000        F
F_fleet_3_YR_2004_s_1            act  0.01770390000 -0.000000578385000        F
F_fleet_3_YR_2005_s_1            act  0.02197590000 -0.000000909932000        F
F_fleet_3_YR_2006_s_1            act  0.02082250000 -0.000000922150000        F
F_fleet_3_YR_2007_s_1            act  0.02006080000 -0.000000665369000        F
F_fleet_3_YR_2008_s_1            act  0.00955349000 -0.000000653766000        F
F_fleet_3_YR_2009_s_1            act  0.01327870000 -0.000001141040000        F
F_fleet_3_YR_2010_s_1            act  0.00970287000 -0.000000293206000        F
F_fleet_3_YR_2011_s_1            act  0.02262980000 -0.000000351309000        F
F_fleet_3_YR_2012_s_1            act  0.01760300000 -0.000000046979700        F
F_fleet_3_YR_2013_s_1            act  0.02786150000  0.000000456784000        F
F_fleet_3_YR_2014_s_1            act  0.02423160000 -0.000000873690000        F
F_fleet_3_YR_2015_s_1            act  0.01939390000 -0.000002245860000        F
F_fleet_3_YR_2016_s_1            act  0.01917480000 -0.000001968020000        F
F_fleet_3_YR_2017_s_1            act  0.02557080000  0.000000641492000        F
F_fleet_4_YR_1950_s_1            act  0.01101140000  0.000001042940000        F
F_fleet_4_YR_1951_s_1            act  0.01501540000 -0.000001912320000        F
F_fleet_4_YR_1952_s_1            act  0.01773550000  0.000000961812000        F
F_fleet_4_YR_1953_s_1            act  0.01865060000 -0.000000332039000        F
F_fleet_4_YR_1954_s_1            act  0.02418210000 -0.000001363850000        F
F_fleet_4_YR_1955_s_1            act  0.02521010000 -0.000002099070000        F
F_fleet_4_YR_1956_s_1            act  0.03223950000 -0.000001430890000        F
F_fleet_4_YR_1957_s_1            act  0.03692300000  0.000001367800000        F
F_fleet_4_YR_1958_s_1            act  0.04523970000  0.000000006987510        F
F_fleet_4_YR_1959_s_1            act  0.04879010000  0.000000771163000        F
F_fleet_4_YR_1960_s_1            act  0.04879610000 -0.000000455553000        F
F_fleet_4_YR_1961_s_1            act  0.03695540000 -0.000000265575000        F
F_fleet_4_YR_1962_s_1            act  0.03559900000  0.000000478290000        F
F_fleet_4_YR_1963_s_1            act  0.04061940000  0.000001077170000        F
F_fleet_4_YR_1964_s_1            act  0.04294220000  0.000000751094000        F
F_fleet_4_YR_1965_s_1            act  0.04772480000  0.000000065380200        F
F_fleet_4_YR_1966_s_1            act  0.04701180000 -0.000000262055000        F
F_fleet_4_YR_1967_s_1            act  0.05130380000 -0.000000079989700        F
F_fleet_4_YR_1968_s_1            act  0.05221130000  0.000000445918000        F
F_fleet_4_YR_1969_s_1            act  0.05950780000  0.000000509098000        F
F_fleet_4_YR_1970_s_1            act  0.05616180000  0.000000149733000        F
F_fleet_4_YR_1971_s_1            act  0.05377330000  0.000000824803000        F
F_fleet_4_YR_1972_s_1            act  0.05079010000  0.000000249666000        F
F_fleet_4_YR_1973_s_1            act  0.05269450000 -0.000000348820000        F
F_fleet_4_YR_1974_s_1            act  0.05262810000  0.000000038777600        F
F_fleet_4_YR_1975_s_1            act  0.05314620000  0.000000557336000        F
F_fleet_4_YR_1976_s_1            act  0.05535190000  0.000000670438000        F
F_fleet_4_YR_1977_s_1            act  0.06088030000 -0.000000326972000        F
F_fleet_4_YR_1978_s_1            act  0.06451500000  0.000000005509730        F
F_fleet_4_YR_1979_s_1            act  0.06760120000  0.000000096417900        F
F_fleet_4_YR_1980_s_1            act  0.06897770000 -0.000000283334000        F
F_fleet_4_YR_1981_s_1            act  0.06234510000  0.000000263501000        F
F_fleet_4_YR_1982_s_1            act  0.05883640000 -0.000000104605000        F
F_fleet_4_YR_1983_s_1            act  0.05856880000  0.000000214026000        F
F_fleet_4_YR_1984_s_1            act  0.06480710000  0.000000129195000        F
F_fleet_4_YR_1985_s_1            act  0.06287660000  0.000000797977000        F
F_fleet_4_YR_1986_s_1            act  0.06765980000  0.000001592240000        F
F_fleet_4_YR_1987_s_1            act  0.05485660000  0.000000384895000        F
F_fleet_4_YR_1988_s_1            act  0.05034460000  0.000000919699000        F
F_fleet_4_YR_1989_s_1            act  0.05505200000  0.000000832617000        F
F_fleet_4_YR_1990_s_1            act  0.04741680000  0.000001258300000        F
F_fleet_4_YR_1991_s_1            act  0.04856850000  0.000001420350000        F
F_fleet_4_YR_1992_s_1            act  0.05977060000  0.000000645205000        F
F_fleet_4_YR_1993_s_1            act  0.07381360000 -0.000000012069200        F
F_fleet_4_YR_1994_s_1            act  0.10355100000  0.000000506249000        F
F_fleet_4_YR_1995_s_1            act  0.10226600000 -0.000000118826000        F
F_fleet_4_YR_1996_s_1            act  0.08600790000 -0.000000297606000        F
F_fleet_4_YR_1997_s_1            act  0.08857200000 -0.000000136402000        F
F_fleet_4_YR_1998_s_1            act  0.10534700000 -0.000000197305000        F
F_fleet_4_YR_1999_s_1            act  0.07171590000  0.000000663262000        F
F_fleet_4_YR_2000_s_1            act  0.05480750000  0.000000615911000        F
F_fleet_4_YR_2001_s_1            act  0.05963560000 -0.000000585925000        F
F_fleet_4_YR_2002_s_1            act  0.07518230000 -0.000000689674000        F
F_fleet_4_YR_2003_s_1            act  0.06586580000 -0.000000207549000        F
F_fleet_4_YR_2004_s_1            act  0.05800070000 -0.000000312797000        F
F_fleet_4_YR_2005_s_1            act  0.05023040000 -0.000000228593000        F
F_fleet_4_YR_2006_s_1            act  0.03340810000 -0.000000292651000        F
F_fleet_4_YR_2007_s_1            act  0.02255030000 -0.000000051083600        F
F_fleet_4_YR_2008_s_1            act  0.01624890000 -0.000000010384300        F
F_fleet_4_YR_2009_s_1            act  0.02672850000  0.000000209419000        F
F_fleet_4_YR_2010_s_1            act  0.02038140000 -0.000000692559000        F
F_fleet_4_YR_2011_s_1            act  0.02428180000 -0.000000027286400        F
F_fleet_4_YR_2012_s_1            act  0.02146800000  0.000000868408000        F
F_fleet_4_YR_2013_s_1            act  0.02382870000 -0.000000526304000        F
F_fleet_4_YR_2014_s_1            act  0.01883830000  0.000000480796000        F
F_fleet_4_YR_2015_s_1            act  0.01594110000  0.000000094271500        F
F_fleet_4_YR_2016_s_1            act  0.00029933000 -0.000000130388000        F
F_fleet_4_YR_2017_s_1            act  0.00042631200  0.000000142034000        F
LnQ_base_SMP_BYC(4)               OK  0.08841590000  0.000002525490000 No_prior
Size_DblN_top_logit_VIDEO(8)      OK  0.59731700000  0.000000076588500 No_prior
Size_DblN_ascend_se_VIDEO(8)      OK  0.20349900000  0.000001129160000 No_prior
Size_DblN_end_logit_VIDEO(8)      OK  0.33472000000  0.000000463532000 No_prior
Size_DblN_top_logit_SEAMAP(9)     OK  0.83832200000 -0.000000623606000 No_prior
Size_DblN_ascend_se_SEAMAP(9)     OK  0.23559600000 -0.000000135951000 No_prior
Size_DblN_end_logit_SEAMAP(9)     OK  2.22163000000 -0.000000022591000 No_prior
Age_inflection_CM_E(1)            OK  0.06490470000 -0.000003592450000 No_prior
Age_95%width_CM_E(1)              OK  0.14735400000  0.000000274326000 No_prior
Age_inflection_CM_W(2)            OK  0.16099600000 -0.000001678550000 No_prior
Age_95%width_CM_W(2)              OK  0.22040400000  0.000001737710000 No_prior
Age_DblN_peak_REC(3)              OK  0.19994400000 -0.000007019100000 No_prior
Age_DblN_top_logit_REC(3)         OK 22.70710000000  0.000000005288310 No_prior
Age_DblN_ascend_se_REC(3)         OK  0.26216500000  0.000009556330000 No_prior
Age_DblN_descend_se_REC(3)        OK  0.36041300000  0.000000647443000 No_prior
Age_DblN_start_logit_REC(3)       OK 51.43390000000 -0.000000000836075 No_prior
Age_DblN_end_logit_REC(3)         OK  0.71611300000  0.000000288798000 No_prior
                              Prior Pr_SD Pr_Like Afterbound
SR_LN(R0)                        NA    NA      NA         OK
SR_BH_steep                      NA    NA      NA         OK
F_fleet_1_YR_1950_s_1            NA    NA      NA      CHECK
F_fleet_1_YR_1951_s_1            NA    NA      NA      CHECK
F_fleet_1_YR_1952_s_1            NA    NA      NA      CHECK
F_fleet_1_YR_1953_s_1            NA    NA      NA      CHECK
F_fleet_1_YR_1954_s_1            NA    NA      NA      CHECK
F_fleet_1_YR_1955_s_1            NA    NA      NA      CHECK
F_fleet_1_YR_1956_s_1            NA    NA      NA      CHECK
F_fleet_1_YR_1957_s_1            NA    NA      NA      CHECK
F_fleet_1_YR_1958_s_1            NA    NA      NA      CHECK
F_fleet_1_YR_1959_s_1            NA    NA      NA      CHECK
F_fleet_1_YR_1960_s_1            NA    NA      NA      CHECK
F_fleet_1_YR_1961_s_1            NA    NA      NA      CHECK
F_fleet_1_YR_1962_s_1            NA    NA      NA      CHECK
F_fleet_1_YR_1963_s_1            NA    NA      NA      CHECK
F_fleet_1_YR_1964_s_1            NA    NA      NA      CHECK
F_fleet_1_YR_1965_s_1            NA    NA      NA      CHECK
F_fleet_1_YR_1966_s_1            NA    NA      NA      CHECK
F_fleet_1_YR_1967_s_1            NA    NA      NA      CHECK
F_fleet_1_YR_1968_s_1            NA    NA      NA         OK
F_fleet_1_YR_1969_s_1            NA    NA      NA         OK
F_fleet_1_YR_1970_s_1            NA    NA      NA         OK
F_fleet_1_YR_1971_s_1            NA    NA      NA         OK
F_fleet_1_YR_1972_s_1            NA    NA      NA         OK
F_fleet_1_YR_1973_s_1            NA    NA      NA         OK
F_fleet_1_YR_1974_s_1            NA    NA      NA         OK
F_fleet_1_YR_1975_s_1            NA    NA      NA         OK
F_fleet_1_YR_1976_s_1            NA    NA      NA         OK
F_fleet_1_YR_1977_s_1            NA    NA      NA         OK
F_fleet_1_YR_1978_s_1            NA    NA      NA         OK
F_fleet_1_YR_1979_s_1            NA    NA      NA         OK
F_fleet_1_YR_1980_s_1            NA    NA      NA         OK
F_fleet_1_YR_1981_s_1            NA    NA      NA         OK
F_fleet_1_YR_1982_s_1            NA    NA      NA         OK
F_fleet_1_YR_1983_s_1            NA    NA      NA         OK
F_fleet_1_YR_1984_s_1            NA    NA      NA         OK
F_fleet_1_YR_1985_s_1            NA    NA      NA         OK
F_fleet_1_YR_1986_s_1            NA    NA      NA         OK
F_fleet_1_YR_1987_s_1            NA    NA      NA         OK
F_fleet_1_YR_1988_s_1            NA    NA      NA         OK
F_fleet_1_YR_1989_s_1            NA    NA      NA         OK
F_fleet_1_YR_1990_s_1            NA    NA      NA         OK
F_fleet_1_YR_1991_s_1            NA    NA      NA         OK
F_fleet_1_YR_1992_s_1            NA    NA      NA         OK
F_fleet_1_YR_1993_s_1            NA    NA      NA         OK
F_fleet_1_YR_1994_s_1            NA    NA      NA         OK
F_fleet_1_YR_1995_s_1            NA    NA      NA         OK
F_fleet_1_YR_1996_s_1            NA    NA      NA         OK
F_fleet_1_YR_1997_s_1            NA    NA      NA         OK
F_fleet_1_YR_1998_s_1            NA    NA      NA         OK
F_fleet_1_YR_1999_s_1            NA    NA      NA         OK
F_fleet_1_YR_2000_s_1            NA    NA      NA         OK
F_fleet_1_YR_2001_s_1            NA    NA      NA         OK
F_fleet_1_YR_2002_s_1            NA    NA      NA         OK
F_fleet_1_YR_2003_s_1            NA    NA      NA         OK
F_fleet_1_YR_2004_s_1            NA    NA      NA         OK
F_fleet_1_YR_2005_s_1            NA    NA      NA         OK
F_fleet_1_YR_2006_s_1            NA    NA      NA         OK
F_fleet_1_YR_2007_s_1            NA    NA      NA         OK
F_fleet_1_YR_2008_s_1            NA    NA      NA         OK
F_fleet_1_YR_2009_s_1            NA    NA      NA         OK
F_fleet_1_YR_2010_s_1            NA    NA      NA         OK
F_fleet_1_YR_2011_s_1            NA    NA      NA         OK
F_fleet_1_YR_2012_s_1            NA    NA      NA         OK
F_fleet_1_YR_2013_s_1            NA    NA      NA         OK
F_fleet_1_YR_2014_s_1            NA    NA      NA         OK
F_fleet_1_YR_2015_s_1            NA    NA      NA         OK
F_fleet_1_YR_2016_s_1            NA    NA      NA         OK
F_fleet_1_YR_2017_s_1            NA    NA      NA         OK
F_fleet_2_YR_1950_s_1            NA    NA      NA      CHECK
F_fleet_2_YR_1951_s_1            NA    NA      NA      CHECK
F_fleet_2_YR_1952_s_1            NA    NA      NA      CHECK
F_fleet_2_YR_1953_s_1            NA    NA      NA      CHECK
F_fleet_2_YR_1954_s_1            NA    NA      NA      CHECK
F_fleet_2_YR_1955_s_1            NA    NA      NA      CHECK
F_fleet_2_YR_1956_s_1            NA    NA      NA      CHECK
F_fleet_2_YR_1957_s_1            NA    NA      NA      CHECK
F_fleet_2_YR_1958_s_1            NA    NA      NA      CHECK
F_fleet_2_YR_1959_s_1            NA    NA      NA      CHECK
F_fleet_2_YR_1960_s_1            NA    NA      NA      CHECK
F_fleet_2_YR_1961_s_1            NA    NA      NA      CHECK
F_fleet_2_YR_1962_s_1            NA    NA      NA      CHECK
F_fleet_2_YR_1963_s_1            NA    NA      NA      CHECK
F_fleet_2_YR_1964_s_1            NA    NA      NA      CHECK
F_fleet_2_YR_1965_s_1            NA    NA      NA      CHECK
F_fleet_2_YR_1966_s_1            NA    NA      NA      CHECK
F_fleet_2_YR_1967_s_1            NA    NA      NA      CHECK
F_fleet_2_YR_1968_s_1            NA    NA      NA         OK
F_fleet_2_YR_1969_s_1            NA    NA      NA      CHECK
F_fleet_2_YR_1970_s_1            NA    NA      NA         OK
F_fleet_2_YR_1971_s_1            NA    NA      NA         OK
F_fleet_2_YR_1972_s_1            NA    NA      NA         OK
F_fleet_2_YR_1973_s_1            NA    NA      NA         OK
F_fleet_2_YR_1974_s_1            NA    NA      NA         OK
F_fleet_2_YR_1975_s_1            NA    NA      NA         OK
F_fleet_2_YR_1976_s_1            NA    NA      NA         OK
F_fleet_2_YR_1977_s_1            NA    NA      NA         OK
F_fleet_2_YR_1978_s_1            NA    NA      NA         OK
F_fleet_2_YR_1979_s_1            NA    NA      NA         OK
F_fleet_2_YR_1980_s_1            NA    NA      NA         OK
F_fleet_2_YR_1981_s_1            NA    NA      NA         OK
F_fleet_2_YR_1982_s_1            NA    NA      NA         OK
F_fleet_2_YR_1983_s_1            NA    NA      NA         OK
F_fleet_2_YR_1984_s_1            NA    NA      NA         OK
F_fleet_2_YR_1985_s_1            NA    NA      NA         OK
F_fleet_2_YR_1986_s_1            NA    NA      NA         OK
F_fleet_2_YR_1987_s_1            NA    NA      NA         OK
F_fleet_2_YR_1988_s_1            NA    NA      NA         OK
F_fleet_2_YR_1989_s_1            NA    NA      NA         OK
F_fleet_2_YR_1990_s_1            NA    NA      NA         OK
F_fleet_2_YR_1991_s_1            NA    NA      NA         OK
F_fleet_2_YR_1992_s_1            NA    NA      NA         OK
F_fleet_2_YR_1993_s_1            NA    NA      NA         OK
F_fleet_2_YR_1994_s_1            NA    NA      NA         OK
F_fleet_2_YR_1995_s_1            NA    NA      NA         OK
F_fleet_2_YR_1996_s_1            NA    NA      NA         OK
F_fleet_2_YR_1997_s_1            NA    NA      NA         OK
F_fleet_2_YR_1998_s_1            NA    NA      NA         OK
F_fleet_2_YR_1999_s_1            NA    NA      NA         OK
F_fleet_2_YR_2000_s_1            NA    NA      NA         OK
F_fleet_2_YR_2001_s_1            NA    NA      NA         OK
F_fleet_2_YR_2002_s_1            NA    NA      NA         OK
F_fleet_2_YR_2003_s_1            NA    NA      NA         OK
F_fleet_2_YR_2004_s_1            NA    NA      NA         OK
F_fleet_2_YR_2005_s_1            NA    NA      NA         OK
F_fleet_2_YR_2006_s_1            NA    NA      NA         OK
F_fleet_2_YR_2007_s_1            NA    NA      NA         OK
F_fleet_2_YR_2008_s_1            NA    NA      NA         OK
F_fleet_2_YR_2009_s_1            NA    NA      NA         OK
F_fleet_2_YR_2010_s_1            NA    NA      NA         OK
F_fleet_2_YR_2011_s_1            NA    NA      NA         OK
F_fleet_2_YR_2012_s_1            NA    NA      NA         OK
F_fleet_2_YR_2013_s_1            NA    NA      NA         OK
F_fleet_2_YR_2014_s_1            NA    NA      NA         OK
F_fleet_2_YR_2015_s_1            NA    NA      NA         OK
F_fleet_2_YR_2016_s_1            NA    NA      NA         OK
F_fleet_2_YR_2017_s_1            NA    NA      NA         OK
F_fleet_3_YR_1950_s_1            NA    NA      NA      CHECK
F_fleet_3_YR_1951_s_1            NA    NA      NA      CHECK
F_fleet_3_YR_1952_s_1            NA    NA      NA      CHECK
F_fleet_3_YR_1953_s_1            NA    NA      NA      CHECK
F_fleet_3_YR_1954_s_1            NA    NA      NA         OK
F_fleet_3_YR_1955_s_1            NA    NA      NA         OK
F_fleet_3_YR_1956_s_1            NA    NA      NA         OK
F_fleet_3_YR_1957_s_1            NA    NA      NA         OK
F_fleet_3_YR_1958_s_1            NA    NA      NA         OK
F_fleet_3_YR_1959_s_1            NA    NA      NA         OK
F_fleet_3_YR_1960_s_1            NA    NA      NA         OK
F_fleet_3_YR_1961_s_1            NA    NA      NA         OK
F_fleet_3_YR_1962_s_1            NA    NA      NA         OK
F_fleet_3_YR_1963_s_1            NA    NA      NA         OK
F_fleet_3_YR_1964_s_1            NA    NA      NA         OK
F_fleet_3_YR_1965_s_1            NA    NA      NA         OK
F_fleet_3_YR_1966_s_1            NA    NA      NA         OK
F_fleet_3_YR_1967_s_1            NA    NA      NA         OK
F_fleet_3_YR_1968_s_1            NA    NA      NA         OK
F_fleet_3_YR_1969_s_1            NA    NA      NA         OK
F_fleet_3_YR_1970_s_1            NA    NA      NA         OK
F_fleet_3_YR_1971_s_1            NA    NA      NA         OK
F_fleet_3_YR_1972_s_1            NA    NA      NA         OK
F_fleet_3_YR_1973_s_1            NA    NA      NA         OK
F_fleet_3_YR_1974_s_1            NA    NA      NA         OK
F_fleet_3_YR_1975_s_1            NA    NA      NA         OK
F_fleet_3_YR_1976_s_1            NA    NA      NA         OK
F_fleet_3_YR_1977_s_1            NA    NA      NA         OK
F_fleet_3_YR_1978_s_1            NA    NA      NA         OK
F_fleet_3_YR_1979_s_1            NA    NA      NA         OK
F_fleet_3_YR_1980_s_1            NA    NA      NA         OK
F_fleet_3_YR_1981_s_1            NA    NA      NA         OK
F_fleet_3_YR_1982_s_1            NA    NA      NA         OK
F_fleet_3_YR_1983_s_1            NA    NA      NA         OK
F_fleet_3_YR_1984_s_1            NA    NA      NA         OK
F_fleet_3_YR_1985_s_1            NA    NA      NA         OK
F_fleet_3_YR_1986_s_1            NA    NA      NA         OK
F_fleet_3_YR_1987_s_1            NA    NA      NA         OK
F_fleet_3_YR_1988_s_1            NA    NA      NA         OK
F_fleet_3_YR_1989_s_1            NA    NA      NA         OK
F_fleet_3_YR_1990_s_1            NA    NA      NA         OK
F_fleet_3_YR_1991_s_1            NA    NA      NA         OK
F_fleet_3_YR_1992_s_1            NA    NA      NA         OK
F_fleet_3_YR_1993_s_1            NA    NA      NA         OK
F_fleet_3_YR_1994_s_1            NA    NA      NA         OK
F_fleet_3_YR_1995_s_1            NA    NA      NA         OK
F_fleet_3_YR_1996_s_1            NA    NA      NA         OK
F_fleet_3_YR_1997_s_1            NA    NA      NA         OK
F_fleet_3_YR_1998_s_1            NA    NA      NA         OK
F_fleet_3_YR_1999_s_1            NA    NA      NA         OK
F_fleet_3_YR_2000_s_1            NA    NA      NA         OK
F_fleet_3_YR_2001_s_1            NA    NA      NA         OK
F_fleet_3_YR_2002_s_1            NA    NA      NA         OK
F_fleet_3_YR_2003_s_1            NA    NA      NA         OK
F_fleet_3_YR_2004_s_1            NA    NA      NA         OK
F_fleet_3_YR_2005_s_1            NA    NA      NA         OK
F_fleet_3_YR_2006_s_1            NA    NA      NA         OK
F_fleet_3_YR_2007_s_1            NA    NA      NA         OK
F_fleet_3_YR_2008_s_1            NA    NA      NA         OK
F_fleet_3_YR_2009_s_1            NA    NA      NA         OK
F_fleet_3_YR_2010_s_1            NA    NA      NA         OK
F_fleet_3_YR_2011_s_1            NA    NA      NA         OK
F_fleet_3_YR_2012_s_1            NA    NA      NA         OK
F_fleet_3_YR_2013_s_1            NA    NA      NA         OK
F_fleet_3_YR_2014_s_1            NA    NA      NA         OK
F_fleet_3_YR_2015_s_1            NA    NA      NA         OK
F_fleet_3_YR_2016_s_1            NA    NA      NA         OK
F_fleet_3_YR_2017_s_1            NA    NA      NA         OK
F_fleet_4_YR_1950_s_1            NA    NA      NA         OK
F_fleet_4_YR_1951_s_1            NA    NA      NA         OK
F_fleet_4_YR_1952_s_1            NA    NA      NA         OK
F_fleet_4_YR_1953_s_1            NA    NA      NA         OK
F_fleet_4_YR_1954_s_1            NA    NA      NA         OK
F_fleet_4_YR_1955_s_1            NA    NA      NA         OK
F_fleet_4_YR_1956_s_1            NA    NA      NA         OK
F_fleet_4_YR_1957_s_1            NA    NA      NA         OK
F_fleet_4_YR_1958_s_1            NA    NA      NA         OK
F_fleet_4_YR_1959_s_1            NA    NA      NA         OK
F_fleet_4_YR_1960_s_1            NA    NA      NA         OK
F_fleet_4_YR_1961_s_1            NA    NA      NA         OK
F_fleet_4_YR_1962_s_1            NA    NA      NA         OK
F_fleet_4_YR_1963_s_1            NA    NA      NA         OK
F_fleet_4_YR_1964_s_1            NA    NA      NA         OK
F_fleet_4_YR_1965_s_1            NA    NA      NA         OK
F_fleet_4_YR_1966_s_1            NA    NA      NA         OK
F_fleet_4_YR_1967_s_1            NA    NA      NA         OK
F_fleet_4_YR_1968_s_1            NA    NA      NA         OK
F_fleet_4_YR_1969_s_1            NA    NA      NA         OK
F_fleet_4_YR_1970_s_1            NA    NA      NA         OK
F_fleet_4_YR_1971_s_1            NA    NA      NA         OK
F_fleet_4_YR_1972_s_1            NA    NA      NA         OK
F_fleet_4_YR_1973_s_1            NA    NA      NA         OK
F_fleet_4_YR_1974_s_1            NA    NA      NA         OK
F_fleet_4_YR_1975_s_1            NA    NA      NA         OK
F_fleet_4_YR_1976_s_1            NA    NA      NA         OK
F_fleet_4_YR_1977_s_1            NA    NA      NA         OK
F_fleet_4_YR_1978_s_1            NA    NA      NA         OK
F_fleet_4_YR_1979_s_1            NA    NA      NA         OK
F_fleet_4_YR_1980_s_1            NA    NA      NA         OK
F_fleet_4_YR_1981_s_1            NA    NA      NA         OK
F_fleet_4_YR_1982_s_1            NA    NA      NA         OK
F_fleet_4_YR_1983_s_1            NA    NA      NA         OK
F_fleet_4_YR_1984_s_1            NA    NA      NA         OK
F_fleet_4_YR_1985_s_1            NA    NA      NA         OK
F_fleet_4_YR_1986_s_1            NA    NA      NA         OK
F_fleet_4_YR_1987_s_1            NA    NA      NA         OK
F_fleet_4_YR_1988_s_1            NA    NA      NA         OK
F_fleet_4_YR_1989_s_1            NA    NA      NA         OK
F_fleet_4_YR_1990_s_1            NA    NA      NA         OK
F_fleet_4_YR_1991_s_1            NA    NA      NA         OK
F_fleet_4_YR_1992_s_1            NA    NA      NA         OK
F_fleet_4_YR_1993_s_1            NA    NA      NA         OK
F_fleet_4_YR_1994_s_1            NA    NA      NA         OK
F_fleet_4_YR_1995_s_1            NA    NA      NA         OK
F_fleet_4_YR_1996_s_1            NA    NA      NA         OK
F_fleet_4_YR_1997_s_1            NA    NA      NA         OK
F_fleet_4_YR_1998_s_1            NA    NA      NA         OK
F_fleet_4_YR_1999_s_1            NA    NA      NA         OK
F_fleet_4_YR_2000_s_1            NA    NA      NA         OK
F_fleet_4_YR_2001_s_1            NA    NA      NA         OK
F_fleet_4_YR_2002_s_1            NA    NA      NA         OK
F_fleet_4_YR_2003_s_1            NA    NA      NA         OK
F_fleet_4_YR_2004_s_1            NA    NA      NA         OK
F_fleet_4_YR_2005_s_1            NA    NA      NA         OK
F_fleet_4_YR_2006_s_1            NA    NA      NA         OK
F_fleet_4_YR_2007_s_1            NA    NA      NA         OK
F_fleet_4_YR_2008_s_1            NA    NA      NA         OK
F_fleet_4_YR_2009_s_1            NA    NA      NA         OK
F_fleet_4_YR_2010_s_1            NA    NA      NA         OK
F_fleet_4_YR_2011_s_1            NA    NA      NA         OK
F_fleet_4_YR_2012_s_1            NA    NA      NA         OK
F_fleet_4_YR_2013_s_1            NA    NA      NA         OK
F_fleet_4_YR_2014_s_1            NA    NA      NA         OK
F_fleet_4_YR_2015_s_1            NA    NA      NA         OK
F_fleet_4_YR_2016_s_1            NA    NA      NA      CHECK
F_fleet_4_YR_2017_s_1            NA    NA      NA      CHECK
LnQ_base_SMP_BYC(4)              NA    NA      NA         OK
Size_DblN_top_logit_VIDEO(8)     NA    NA      NA         OK
Size_DblN_ascend_se_VIDEO(8)     NA    NA      NA         OK
Size_DblN_end_logit_VIDEO(8)     NA    NA      NA         OK
Size_DblN_top_logit_SEAMAP(9)    NA    NA      NA         OK
Size_DblN_ascend_se_SEAMAP(9)    NA    NA      NA         OK
Size_DblN_end_logit_SEAMAP(9)    NA    NA      NA         OK
Age_inflection_CM_E(1)           NA    NA      NA         OK
Age_95%width_CM_E(1)             NA    NA      NA         OK
Age_inflection_CM_W(2)           NA    NA      NA         OK
Age_95%width_CM_W(2)             NA    NA      NA         OK
Age_DblN_peak_REC(3)             NA    NA      NA         OK
Age_DblN_top_logit_REC(3)        NA    NA      NA         OK
Age_DblN_ascend_se_REC(3)        NA    NA      NA         OK
Age_DblN_descend_se_REC(3)       NA    NA      NA         OK
Age_DblN_start_logit_REC(3)      NA    NA      NA         OK
Age_DblN_end_logit_REC(3)        NA    NA      NA         OK

$maximum_gradient_component
[1] 0.000182614

$parameters_with_highest_gradients
                            Value     Gradient
F_fleet_1_YR_1950_s_1 3.31312e-05  1.82614e-04
F_fleet_1_YR_1952_s_1 1.00406e-04  1.82301e-04
F_fleet_2_YR_1950_s_1 2.97262e-05  1.29346e-04
F_fleet_1_YR_1955_s_1 2.08842e-04 -9.66627e-05
F_fleet_1_YR_1959_s_1 3.75454e-04  7.62296e-05

$Length_Comp_Fit_Summary
     Data_type Fleet Recommend_var_adj #  N Npos min_Nsamp max_Nsamp
3268         4     8          0.473252 # 15   13   6.56797       100
3269         4     9          0.640694 #  9    7  11.08360       100
     mean_Nsamp_in mean_Nsamp_adj mean_Nsamp_DM err_method err_index
3268       40.0053        40.0053            NA          0        NA
3269       44.1120        44.1120            NA          0        NA
            par1 val1 par2 val2 mean_effN HarMean Curr_Var_Adj Fleet_name
3268 multinomial   NA   NA   NA   66.5267 18.9326            1      VIDEO
3269 multinomial   NA   NA   NA   85.2948 28.2623            1     SEAMAP

$Age_Comp_Fit_Summary
     Data_type Fleet Recommend_var_adj # Nsamp_adj Npos min_Nsamp max_Nsamp
3340         5     1          0.374789 #        20   18   3.63217       100
3341         5     2          0.503620 #        20   18   7.31632       100
3342         5     3          0.407534 #        24   22   4.26588       100
     mean_Nsamp_in mean_Nsamp_adj mean_Nsamp_DM err_method err_index
3340       59.1944        59.1944            NA          0        NA
3341       55.5668        55.5668            NA          0        NA
3342       49.8229        49.8229            NA          0        NA
            par1 val1 par2 val2 mean_effN HarMean Curr_Var_Adj Fleet_name
3340 multinomial   NA   NA   NA   81.1137 22.1854            1       CM_E
3341 multinomial   NA   NA   NA   70.8766 27.9846            1       CM_W
3342 multinomial   NA   NA   NA   65.5478 20.3045            1        REC

$SBzero
[1] 3.41991e+11

$current_depletion
[1] 0.5585147

$SPRratioLabel
[1] "1-SPR"

$sigma_R_in
[1] 0.3

$sigma_R_info
           period N_devs SD_of_devs Var_of_devs   mean_SE mean_SEsquared
1            Main     24  0.2531159  0.06406768 0.1237603     0.01901509
2      Early+Main     24  0.2531159  0.06406768 0.1237603     0.01901509
3 Early+Main+Late     24  0.2531159  0.06406768 0.1237603     0.01901509
  sqrt_sum_of_components SD_of_devs_over_sigma_R sqrt_sum_over_sigma_R
1              0.2882408               0.8437198             0.9608028
2              0.2882408               0.8437198             0.9608028
3              0.2882408               0.8437198             0.9608028
  alternative_sigma_R
1   0.288240825522793
2   0.288240825522793
3   0.288240825522793

$rmse_table
    ERA  N     RMSE RMSE_over_sigmaR mean_BiasAdj
1  main 24 0.247787         0.682202     0.863952
2 early  0 0.000000         0.000000     0.000000

$RecDev_method
[1] 1

105
