/srv
total 492452
-rw-r--r-- 1 slot1_3 slot1_3         0 Nov  4 18:38 _condor_stderr
-rw-r--r-- 1 slot1_3 slot1_3         5 Nov  4 18:38 _condor_stdout
-rw-r--r-- 1 slot1_3 slot1_3 503570432 Nov  4 18:38 linux-r4ss-v4.sif
-rw-r--r-- 1 slot1_3 slot1_3       819 Nov  4 18:38 osg-ss3-example-calcs.r
-rwxr-xr-x 1 slot1_3 slot1_3      1059 Nov  4 18:38 osg-wrapper-r.sh
drwxr-x--- 4 slot1_3 slot1_3      4096 Nov  4 18:38 scratch
drwxrwxrwt 2 slot1_3 slot1_3      4096 Nov  4 18:38 tmp
-rw-r--r-- 1 slot1_3 slot1_3    669783 Nov  4 18:38 upload.example-ss3-models.tar.gz
drwxrwxrwt 2 slot1_3 slot1_3      4096 Nov  4 18:38 var_tmp
/ss_exe:/usr/local/sbin:/usr/local/bin:/usr/sbin:/usr/bin:/sbin:/bin
output/51-three_area_nomove-2/
[1] "/srv/working"
[1] "output/51-three_area_nomove-2/"
[1] TRUE TRUE TRUE TRUE TRUE TRUE TRUE TRUE
[1] "ran model"
$SS_version
[1] "3.30.22.1;_safe;_compile_date:_Jan 30 2024;_Stock_Synthesis_by_Richard_Methot_(NOAA)_using_ADMB_13.1"

$SS_versionshort
[1] "3.30"

$SS_versionNumeric
[1] 3.3

$StartTime
[1] "StartTime: Mon Nov 4 18:38:21 2024"

$RunTime
[1] "0 hours, 1 minutes, 39 seconds."

$Files_used
[1] "Data_File: three_area_nomove_dat.ss Control_File: three_area_nomove_ctl.ss"

$log_det_hessian
[1] 154.404

$Final_phase
[1] 5

$N_iterations
[1] 414

$Nwarnings
[1] 8

$warnings
[1] "Note 1 Suggestion:  recr_dist_method 3 is simpler and takes 1 parm for each settlement"                           
[2] "Warning 1 : bias adjustment ramp extends into forecast; biasadj set to 0.0 internally for forecast years"         
[3] "Warning 2 Adjustment:  recdev_end: 2007 > retro_yr: 2005 reset "                                                  
[4] "Warning 3 : 1st iteration warning: catch logL > 50% total logL; check configuration; suggest start with larger R0"
[5] "Warning 4 : Forecast F capped by max possible F from control file1.5"                                             
[6] "Warning 5 : Forecast F capped by max possible F from control file1.5"                                             
[7] "Note 2 Information: A revised protocol for the Fcast_yr specification is available and recommended."              
[8] " 5 warnings  and 2 notes "                                                                                        

$likelihoods_used
                                     values lambdas
TOTAL                7446.02000000000043656      NA
Catch                   0.00000000000401334      NA
Equil_catch             0.00000000000000000      NA
Survey                  9.03092000000000006      NA
Length_comp          1576.29999999999995453      NA
Age_comp             5806.05000000000018190      NA
Recruitment            54.09159999999999968       1
InitEQ_Regime           0.00000000000000000       1
Forecast_Recruitment    0.00000000000000000       1
Parm_priors             0.53951400000000005       1
Parm_softbounds         0.00394272000000000      NA
Parm_devs               0.00000000000000000       1
Crash_Pen               0.00000000000000000       1

$likelihoods_laplace
                                      values lambdas
NoBias_corr_Recruitment(info_only)   55.4779       1
Laplace_obj_fun(info_only)         7447.4000      NA

$likelihoods_by_fleet
              Label         ALL Shallow_Fishery Middle_Fishery Shallow_Survey
183    Catch_lambda          NA     1.00000e+00    1.00000e+00       1.000000
184      Catch_like 4.01334e-12     7.37211e-13    3.27613e-12       0.000000
185 Init_equ_lambda          NA     1.00000e+00    1.00000e+00       1.000000
186   Init_equ_like 0.00000e+00     0.00000e+00    0.00000e+00       0.000000
187     Surv_lambda          NA     0.00000e+00    0.00000e+00       1.000000
188       Surv_like 9.03092e+00     0.00000e+00    0.00000e+00      -0.450652
189      Surv_N_use          NA     0.00000e+00    0.00000e+00       9.000000
190     Surv_N_skip          NA     0.00000e+00    0.00000e+00       0.000000
191   Length_lambda          NA     1.00000e+00    1.00000e+00       1.000000
192     Length_like 1.57630e+03     4.88069e+02    3.76251e+02     322.391000
193    Length_N_use          NA     2.00000e+01    2.00000e+01       9.000000
194   Length_N_skip          NA     1.00000e+00    1.00000e+00       0.000000
195      Age_lambda          NA     1.00000e+00    1.00000e+00       1.000000
196        Age_like 5.80605e+03     1.36617e+03    7.28157e+02    1166.030000
197       Age_N_use          NA     2.00000e+01    2.00000e+01       9.000000
198      Age_N_skip          NA     1.00000e+00    1.00000e+00       0.000000
    Middle_Survey Deep_Survey
183        1.0000     1.00000
184        0.0000     0.00000
185        1.0000     1.00000
186        0.0000     0.00000
187        1.0000     1.00000
188       16.0931    -6.61153
189        9.0000     8.00000
190        0.0000     0.00000
191        1.0000     1.00000
192      224.5070   165.07800
193        9.0000     8.00000
194        0.0000     1.00000
195        1.0000     1.00000
196      528.6790  2017.02000
197        9.0000     8.00000
198        0.0000     1.00000

$N_estimated_parameters
[1] 55

$table_of_phases

-99  -6  -5  -4  -3  -2  -1   1   3   4   5 
  1   3   1   4   9  13   5   1   5  41   8 

$estimated_non_dev_parameters
                                      Value Phase Min Max     Init Status
SR_LN(R0)                           9.32001     1   8  12  9.33212     OK
Impl_err_2008                       0.00000     5  -1   1  0.00000    act
Impl_err_2009                       0.00000     5  -1   1  0.00000    act
Impl_err_2010                       0.00000     5  -1   1  0.00000    act
Size_inflection_Shallow_Fishery(1) 45.05690     3   1  80 44.70560     OK
Size_95%width_Shallow_Fishery(1)    7.65671     4   0  60  7.61734     OK
Size_inflection_Middle_Fishery(2)  59.96650     3   1  80 59.68410     OK
Size_95%width_Middle_Fishery(2)    10.89510     4   0  60 10.82910     OK
Size_inflection_Shallow_Survey(3)  46.00540     3   1  80 45.73540     OK
Size_95%width_Shallow_Survey(3)     9.84576     4   0  60  9.81098     OK
Size_inflection_Middle_Survey(4)   57.83080     3   1  80 57.76040     OK
Size_95%width_Middle_Survey(4)      9.62912     4   0  60  9.60716     OK
Size_inflection_Deep_Survey(5)     57.28230     3   1  80 57.25180     OK
Size_95%width_Deep_Survey(5)        9.02432     4   0  60  9.38233     OK
                                   Parm_StDev      Gradient Pr_type Prior Pr_SD
SR_LN(R0)                           0.0330436  0.0004976320  Normal   9.2    99
Impl_err_2008                       0.1000000  0.0000000000     dev    NA    NA
Impl_err_2009                       0.1000000  0.0000000000     dev    NA    NA
Impl_err_2010                       0.1000000  0.0000000000     dev    NA    NA
Size_inflection_Shallow_Fishery(1)  0.3937920  0.0003012300  Normal  55.0    99
Size_95%width_Shallow_Fishery(1)    0.7111810  0.0000310498  Normal  10.0    99
Size_inflection_Middle_Fishery(2)   0.4705910  0.0002323750  Normal  55.0    99
Size_95%width_Middle_Fishery(2)     0.4483770 -0.0000672646  Normal  10.0    99
Size_inflection_Shallow_Survey(3)   0.4373300  0.0001502500  Normal  55.0    99
Size_95%width_Shallow_Survey(3)     0.7349800 -0.0000350824  Normal  10.0    99
Size_inflection_Middle_Survey(4)    0.4190300  0.0004000850  Normal  55.0    99
Size_95%width_Middle_Survey(4)      0.4699550 -0.0001694510  Normal  10.0    99
Size_inflection_Deep_Survey(5)      0.3916850  0.0000951660  Normal  55.0    99
Size_95%width_Deep_Survey(5)        0.5823090 -0.0000132047  Normal  10.0    99
                                          Pr_Like Afterbound
SR_LN(R0)                          0.000000734765         OK
Impl_err_2008                                  NA         OK
Impl_err_2009                                  NA         OK
Impl_err_2010                                  NA         OK
Size_inflection_Shallow_Fishery(1) 0.005043590000         OK
Size_95%width_Shallow_Fishery(1)   0.000280126000         OK
Size_inflection_Middle_Fishery(2)  0.001258370000         OK
Size_95%width_Middle_Fishery(2)    0.000040875900         OK
Size_inflection_Shallow_Survey(3)  0.004127280000         OK
Size_95%width_Shallow_Survey(3)    0.000001213720         OK
Size_inflection_Middle_Survey(4)   0.000408806000         OK
Size_95%width_Middle_Survey(4)     0.000007017140         OK
Size_inflection_Deep_Survey(5)     0.000265743000         OK
Size_95%width_Deep_Survey(5)       0.000048564200         OK

$maximum_gradient_component
[1] 0.000721996

$parameters_with_highest_gradients
                     Value     Gradient
Main_RecrDev_1974 1.610870  0.000721996
Main_RecrDev_1971 1.745780  0.000661538
Main_RecrDev_1992 0.557935 -0.000551339
Main_RecrDev_1991 0.491264 -0.000527355
SR_LN(R0)         9.320010  0.000497632

$Length_Comp_Fit_Summary
     Data_type Fleet Recommend_var_adj #  N Npos min_Nsamp max_Nsamp
2052         4     1          0.602919 # 21   20       100       100
2053         4     2          0.806578 # 21   20       100       100
2054         4     3          0.421702 #  9    9       200       200
2055         4     4          0.625110 #  9    9       200       200
2056         4     5          0.681513 #  9    8       200       200
     mean_Nsamp_in mean_Nsamp_adj mean_Nsamp_DM err_method err_index
2052           100            100            NA          0        NA
2053           100            100            NA          0        NA
2054           200            200            NA          0        NA
2055           200            200            NA          0        NA
2056           200            200            NA          0        NA
            par1 val1 par2 val2 mean_effN  HarMean Curr_Var_Adj      Fleet_name
2052 multinomial   NA   NA   NA   65.1575  60.2919            1 Shallow_Fishery
2053 multinomial   NA   NA   NA   87.1580  80.6578            1  Middle_Fishery
2054 multinomial   NA   NA   NA   90.9003  84.3405            1  Shallow_Survey
2055 multinomial   NA   NA   NA  150.5580 125.0220            1   Middle_Survey
2056 multinomial   NA   NA   NA  142.4130 136.3030            1     Deep_Survey

$Age_Comp_Fit_Summary
     Data_type Fleet Recommend_var_adj # Nsamp_adj Npos min_Nsamp max_Nsamp
2132         5     1         0.0723582 #        21   20       100       100
2133         5     2         0.3705600 #        21   20       100       100
2134         5     3         0.0523959 #         9    9       200       200
2135         5     4         0.1945430 #         9    9       200       200
2136         5     5         0.0117199 #         9    8       200       200
     mean_Nsamp_in mean_Nsamp_adj mean_Nsamp_DM err_method err_index
2132           100            100            NA          0        NA
2133           100            100            NA          0        NA
2134           200            200            NA          0        NA
2135           200            200            NA          0        NA
2136           200            200            NA          0        NA
            par1 val1 par2 val2 mean_effN  HarMean Curr_Var_Adj      Fleet_name
2132 multinomial   NA   NA   NA   7.65575  7.23582            1 Shallow_Fishery
2133 multinomial   NA   NA   NA  38.56890 37.05600            1  Middle_Fishery
2134 multinomial   NA   NA   NA  11.78840 10.47920            1  Shallow_Survey
2135 multinomial   NA   NA   NA  44.47390 38.90860            1   Middle_Survey
2136 multinomial   NA   NA   NA   2.50697  2.34398            1     Deep_Survey

$SBzero
[1] 154889.4

$current_depletion
[1] 0.8607645

$SPRratioLabel
[1] "1-SPR"

$sigma_R_in
[1] 0.5

$sigma_R_info
           period N_devs SD_of_devs Var_of_devs   mean_SE mean_SEsquared
1            Main     36   1.071923    1.149018 0.4147661      0.2313509
2      Early+Main     36   1.071923    1.149018 0.4147661      0.2313509
3 Early+Main+Late     38   1.042549    1.086909 0.4192521      0.2323324
  sqrt_sum_of_components SD_of_devs_over_sigma_R sqrt_sum_over_sigma_R
1               1.174891                2.143845              2.349782
2               1.174891                2.143845              2.349782
3               1.148582                2.085098              2.297165
  alternative_sigma_R
1    1.17489097337083
2    1.17489097337083
3     1.1485822805797

$rmse_table
    ERA  N    RMSE RMSE_over_sigmaR mean_BiasAdj
1  main 36 1.05693           4.4684            1
2 early  0 0.00000           0.0000            0

$RecDev_method
[1] 1

104
