/srv
total 492452
-rw-r--r-- 1 slot1_51 slot1_51         0 Nov  4 18:38 _condor_stderr
-rw-r--r-- 1 slot1_51 slot1_51         5 Nov  4 18:38 _condor_stdout
-rw-r--r-- 1 slot1_51 slot1_51 503570432 Nov  4 18:38 linux-r4ss-v4.sif
-rw-r--r-- 1 slot1_51 slot1_51       819 Nov  4 18:38 osg-ss3-example-calcs.r
-rwxr-xr-x 1 slot1_51 slot1_51      1059 Nov  4 18:38 osg-wrapper-r.sh
drwxr-x--- 4 slot1_51 slot1_51      4096 Nov  4 18:38 scratch
drwxrwxrwt 2 slot1_51 slot1_51      4096 Nov  4 18:38 tmp
-rw-r--r-- 1 slot1_51 slot1_51    669783 Nov  4 18:38 upload.example-ss3-models.tar.gz
drwxrwxrwt 2 slot1_51 slot1_51      4096 Nov  4 18:38 var_tmp
/ss_exe:/usr/local/sbin:/usr/local/bin:/usr/sbin:/usr/bin:/sbin:/bin
output/22-Hake_2018-1/
[1] "/srv/working"
[1] "output/22-Hake_2018-1/"
[1] TRUE TRUE TRUE TRUE TRUE TRUE TRUE TRUE
[1] "ran model"
$SS_version
[1] "3.30.22.1;_safe;_compile_date:_Jan 30 2024;_Stock_Synthesis_by_Richard_Methot_(NOAA)_using_ADMB_13.1"

$SS_versionshort
[1] "3.30"

$SS_versionNumeric
[1] 3.3

$StartTime
[1] "StartTime: Mon Nov 4 18:38:32 2024"

$RunTime
[1] "0 hours, 0 minutes, 37 seconds."

$Files_used
[1] "Data_File: 2018hake_data.SS Control_File: 2018hake_control.SS"

$log_det_hessian
[1] 495.188

$Final_phase
[1] 5

$N_iterations
[1] 1599

$Nwarnings
[1] 5

$warnings
[1] "Warning 1 : Minimum pop size bin:_10; is > L at Amin for sex: 1; Gpat: 1; L= 5"                                   
[2] "Warning 2 : 1st iteration warning: catch logL > 50% total logL; check configuration; suggest start with larger R0"
[3] "Warning 3 : Final gradient: 0.000126393 is larger than final_conv: 0.0001"                                        
[4] "Note 1 Information: A revised protocol for the Fcast_yr specification is available and recommended."              
[5] " 3 warnings  and 1 note "                                                                                         

$likelihoods_used
                                       values lambdas
TOTAL                1815.8499999999999090505      NA
Catch                   0.0000000000000931617      NA
Equil_catch             0.0000000000000000000      NA
Survey                 -6.2742599999999999483      NA
Age_comp             1762.0799999999999272404      NA
Recruitment            46.8192999999999983629       1
InitEQ_Regime           0.0000000000000000000       1
Forecast_Recruitment    0.0000000000000000000       1
Parm_priors             0.2123889999999999945       1
Parm_devs              13.0106999999999999318       1
Crash_Pen               0.0000000000000000000       1

$likelihoods_laplace
                                      values lambdas
NoBias_corr_Recruitment(info_only)   56.5114       1
Laplace_obj_fun(info_only)         1825.5400      NA

$likelihoods_by_fleet
              Label          ALL     Fishery Acoustic_Survey
175    Catch_lambda           NA 1.00000e+00         1.00000
176      Catch_like  9.31617e-14 9.31617e-14         0.00000
177 Init_equ_lambda           NA 1.00000e+00         1.00000
178   Init_equ_like  0.00000e+00 0.00000e+00         0.00000
179     Surv_lambda           NA 0.00000e+00         1.00000
180       Surv_like -6.27426e+00 0.00000e+00        -6.27426
181      Surv_N_use           NA 0.00000e+00        11.00000
182     Surv_N_skip           NA 0.00000e+00        12.00000
183      Age_lambda           NA 1.00000e+00         1.00000
184        Age_like  1.76208e+03 1.51712e+03       244.96300
185       Age_N_use           NA 4.20000e+01        11.00000
186      Age_N_skip           NA 1.00000e+00         1.00000

$Parm_devs_detail
    Index Phase MinYr MaxYr  N stddev Rho Like_devs Like_se       mean     rmse
190     1     5  1991  2017 27    1.4   0   2.55923       0  0.2160060 0.435400
191     2     5  1991  2017 27    1.4   0   5.46621       0  0.3833540 0.636321
192     3     5  1991  2017 27    1.4   0   2.40138       0  0.0240362 0.421758
193     4     5  1991  2017 27    1.4   0   1.34252       0 -0.0468812 0.315350
194     5     5  1991  2017 27    1.4   0   1.24138       0 -0.1757120 0.303240
          var sqrt(var)    est_rho     D-W
190 0.1429140  0.378040  0.0175619 1.92331
191 0.2579440  0.507882 -0.0394958 2.05379
192 0.1773020  0.421073  0.2735540 1.31850
193 0.0972479  0.311846 -0.3067640 2.58993
194 0.0610796  0.247143  0.0141962 1.95367

$N_estimated_parameters
[1] 224

$table_of_phases

-99 -50  -6  -5  -3  -2  -1   1   2   3   4   5 
  1   8   6   8   2  34   2  48  10  24   3 139 

$estimated_non_dev_parameters
                                 Value Phase   Min  Max      Init Status
NatM_uniform_Fem_GP_1         0.214271     4  0.05  0.4  0.213686     OK
SR_LN(R0)                    14.601100     1 13.00 17.0 14.561400     OK
SR_BH_steep                   0.863100     4  0.20  1.0  0.861909     OK
Q_extraSD_Acoustic_Survey(2)  0.255689     4  0.05  1.2  0.257245     OK
AgeSel_P3_Fishery(1)          2.621720     2 -5.00  9.0  2.486490     OK
AgeSel_P4_Fishery(1)          0.919941     2 -5.00  9.0  0.928256     OK
AgeSel_P5_Fishery(1)          0.392976     2 -5.00  9.0  0.392144     OK
AgeSel_P6_Fishery(1)          0.211599     2 -5.00  9.0  0.214365     OK
AgeSel_P7_Fishery(1)          0.476529     2 -5.00  9.0  0.475473     OK
AgeSel_P4_Acoustic_Survey(2)  0.557120     2 -5.00  9.0  0.568619     OK
AgeSel_P5_Acoustic_Survey(2) -0.182598     2 -5.00  9.0 -0.216172     OK
AgeSel_P6_Acoustic_Survey(2)  0.292192     2 -5.00  9.0  0.305286     OK
AgeSel_P7_Acoustic_Survey(2)  0.385930     2 -5.00  9.0  0.373829     OK
ln(DM_theta)_Age_P1          -0.234459     2 -5.00 20.0 -0.189215     OK
                             Parm_StDev        Gradient   Pr_type    Prior
NatM_uniform_Fem_GP_1         0.0199737  0.000108626000  Log_Norm -1.60944
SR_LN(R0)                     0.2266150 -0.000124553000  No_prior       NA
SR_BH_steep                   0.0988923 -0.000000105548 Full_Beta  0.77700
Q_extraSD_Acoustic_Survey(2)  0.0780866 -0.000000731568  No_prior       NA
AgeSel_P3_Fishery(1)          0.4030500 -0.000001309340  No_prior       NA
AgeSel_P4_Fishery(1)          0.1771020  0.000004153140  No_prior       NA
AgeSel_P5_Fishery(1)          0.1528960 -0.000031243200  No_prior       NA
AgeSel_P6_Fishery(1)          0.1506090 -0.000056738900  No_prior       NA
AgeSel_P7_Fishery(1)          0.1240510 -0.000060182800  No_prior       NA
AgeSel_P4_Acoustic_Survey(2)  0.1834320 -0.000004229360  No_prior       NA
AgeSel_P5_Acoustic_Survey(2)  0.2122230  0.000001205160  No_prior       NA
AgeSel_P6_Acoustic_Survey(2)  0.2189150 -0.000001419390  No_prior       NA
AgeSel_P7_Acoustic_Survey(2)  0.1717070  0.000000580023  No_prior       NA
ln(DM_theta)_Age_P1           0.1167190  0.000022182500  No_prior       NA
                             Pr_SD    Pr_Like Afterbound
NatM_uniform_Fem_GP_1        0.100  0.2375450         OK
SR_LN(R0)                       NA         NA         OK
SR_BH_steep                  0.113 -0.0251567         OK
Q_extraSD_Acoustic_Survey(2)    NA         NA         OK
AgeSel_P3_Fishery(1)            NA         NA         OK
AgeSel_P4_Fishery(1)            NA         NA         OK
AgeSel_P5_Fishery(1)            NA         NA         OK
AgeSel_P6_Fishery(1)            NA         NA         OK
AgeSel_P7_Fishery(1)            NA         NA         OK
AgeSel_P4_Acoustic_Survey(2)    NA         NA         OK
AgeSel_P5_Acoustic_Survey(2)    NA         NA         OK
AgeSel_P6_Acoustic_Survey(2)    NA         NA         OK
AgeSel_P7_Acoustic_Survey(2)    NA         NA         OK
ln(DM_theta)_Age_P1             NA         NA         OK

$maximum_gradient_component
[1] 0.000126393

$parameters_with_highest_gradients
                          Value     Gradient
SR_LN(R0)             14.601100 -1.24553e-04
NatM_uniform_Fem_GP_1  0.214271  1.08626e-04
Main_RecrDev_2010      2.617340  6.86741e-05
AgeSel_P7_Fishery(1)   0.476529 -6.01828e-05
AgeSel_P6_Fishery(1)   0.211599 -5.67389e-05

$Age_Comp_Fit_Summary
     Data_type Fleet Recommend_var_adj # Nsamp_adj Npos min_Nsamp max_Nsamp
1686         5     1                 1 #        43   42        13      1426
1687         5     2                 1 #        12   11        46       105
     mean_Nsamp_in mean_Nsamp_adj mean_Nsamp_DM err_method err_index
1686      418.1900       418.1900      185.2530          1         1
1687       70.4545        70.4545       64.8193          1         2
                    par1      val1 par2 val2 mean_effN HarMean Curr_Var_Adj
1686 ln(DM_theta)_Age_P1  0.790998   NA   NA   598.569 64.1291            1
1687 ln(DM_theta)_Age_P2 11.325100   NA   NA   276.663 27.9743            1
          Fleet_name
1686         Fishery
1687 Acoustic_Survey

$SBzero
[1] 1812055

$current_depletion
[1] 0.7527531

$SPRratioLabel
[1] "(1-SPR)/(1-SPR_40%)"

$sigma_R_in
[1] 1.4

$sigma_R_info
           period N_devs SD_of_devs Var_of_devs   mean_SE mean_SEsquared
1            Main     47   1.585949    2.515235 0.4081590      0.2574707
2      Early+Main     71   1.338985    1.792880 0.6032898      0.5118908
3 Early+Main+Late     72   1.329697    1.768093 0.6143553      0.5320034
  sqrt_sum_of_components SD_of_devs_over_sigma_R sqrt_sum_over_sigma_R
1               1.665144               1.1328209              1.189389
2               1.518147               0.9564177              1.084391
3               1.516607               0.9497833              1.083291
  alternative_sigma_R
1    1.66514438958757
2    1.51814716996647
3    1.51660687387045

$rmse_table
    ERA  N     RMSE RMSE_over_sigmaR mean_BiasAdj
1  main 47 1.568990          1.25598    0.8669150
2 early 24 0.712295          0.25886    0.0604167

$RecDev_method
[1] 1

42
