/srv
total 492933
-rw-r--r--. 1 osg osg         0 Nov  4 19:45 _condor_stderr
-rw-r--r--. 1 osg osg         5 Nov  4 19:45 _condor_stdout
-rw-r--r--. 1 osg osg 503570432 Nov  4 19:45 linux-r4ss-v4.sif
-rw-r--r--. 1 osg osg       819 Nov  4 19:38 osg-ss3-example-calcs.r
-rwxr-xr-x. 1 osg osg      1059 Nov  4 19:38 osg-wrapper-r.sh
drwxr-x---. 4 osg osg         4 Nov  4 19:45 scratch
drwxrwxrwt. 2 osg osg         2 Nov  4 19:45 tmp
-rw-r--r--. 1 osg osg    669783 Nov  4 19:38 upload.example-ss3-models.tar.gz
drwxrwxrwt. 2 osg osg         2 Nov  4 19:45 var_tmp
/ss_exe:/usr/local/sbin:/usr/local/bin:/usr/sbin:/usr/bin:/sbin:/bin
output/33-three_area_nomove-1/
[1] "/srv/working"
[1] "output/33-three_area_nomove-1/"
[1] TRUE TRUE TRUE TRUE TRUE TRUE TRUE TRUE
[1] "ran model"
$SS_version
[1] "3.30.22.1;_safe;_compile_date:_Jan 30 2024;_Stock_Synthesis_by_Richard_Methot_(NOAA)_using_ADMB_13.1"

$SS_versionshort
[1] "3.30"

$SS_versionNumeric
[1] 3.3

$StartTime
[1] "StartTime: Mon Nov 4 19:45:30 2024"

$RunTime
[1] "0 hours, 0 minutes, 58 seconds."

$Files_used
[1] "Data_File: three_area_nomove_dat.ss Control_File: three_area_nomove_ctl.ss"

$log_det_hessian
[1] 154.626

$Final_phase
[1] 5

$N_iterations
[1] 415

$Nwarnings
[1] 8

$warnings
[1] "Note 1 Suggestion:  recr_dist_method 3 is simpler and takes 1 parm for each settlement"                           
[2] "Warning 1 : bias adjustment ramp extends into forecast; biasadj set to 0.0 internally for forecast years"         
[3] "Warning 2 Adjustment:  recdev_end: 2007 > retro_yr: 2006 reset "                                                  
[4] "Warning 3 : 1st iteration warning: catch logL > 50% total logL; check configuration; suggest start with larger R0"
[5] "Warning 4 : Forecast F capped by max possible F from control file1.5"                                             
[6] "Warning 5 : Forecast F capped by max possible F from control file1.5"                                             
[7] "Note 2 Information: A revised protocol for the Fcast_yr specification is available and recommended."              
[8] " 5 warnings  and 2 notes "                                                                                        

$likelihoods_used
                                     values lambdas
TOTAL                7836.31000000000040018      NA
Catch                   0.00000000000369301      NA
Equil_catch             0.00000000000000000      NA
Survey                  4.68379999999999974      NA
Length_comp          1653.82999999999992724      NA
Age_comp             6133.72000000000025466      NA
Recruitment            43.53000000000000114       1
InitEQ_Regime           0.00000000000000000       1
Forecast_Recruitment    0.00000000000000000       1
Parm_priors             0.53994900000000001       1
Parm_softbounds         0.00390567000000000      NA
Parm_devs               0.00000000000000000       1
Crash_Pen               0.00000000000000000       1

$likelihoods_laplace
                                      values lambdas
NoBias_corr_Recruitment(info_only)   44.2232       1
Laplace_obj_fun(info_only)         7837.0100      NA

$likelihoods_by_fleet
              Label         ALL Shallow_Fishery Middle_Fishery Shallow_Survey
183    Catch_lambda          NA     1.00000e+00    1.00000e+00         1.0000
184      Catch_like 3.69301e-12     7.16457e-13    2.97655e-12         0.0000
185 Init_equ_lambda          NA     1.00000e+00    1.00000e+00         1.0000
186   Init_equ_like 0.00000e+00     0.00000e+00    0.00000e+00         0.0000
187     Surv_lambda          NA     0.00000e+00    0.00000e+00         1.0000
188       Surv_like 4.68380e+00     0.00000e+00    0.00000e+00        -1.0637
189      Surv_N_use          NA     0.00000e+00    0.00000e+00         9.0000
190     Surv_N_skip          NA     0.00000e+00    0.00000e+00         0.0000
191   Length_lambda          NA     1.00000e+00    1.00000e+00         1.0000
192     Length_like 1.65383e+03     5.20827e+02    3.94730e+02       327.2010
193    Length_N_use          NA     2.10000e+01    2.10000e+01         9.0000
194   Length_N_skip          NA     0.00000e+00    0.00000e+00         0.0000
195      Age_lambda          NA     1.00000e+00    1.00000e+00         1.0000
196        Age_like 6.13372e+03     1.48254e+03    7.52988e+02      1197.5900
197       Age_N_use          NA     2.10000e+01    2.10000e+01         9.0000
198      Age_N_skip          NA     0.00000e+00    0.00000e+00         0.0000
    Middle_Survey Deep_Survey
183        1.0000     1.00000
184        0.0000     0.00000
185        1.0000     1.00000
186        0.0000     0.00000
187        1.0000     1.00000
188       12.6079    -6.86037
189        9.0000     8.00000
190        0.0000     0.00000
191        1.0000     1.00000
192      222.0100   189.06400
193        9.0000     9.00000
194        0.0000     0.00000
195        1.0000     1.00000
196      528.4130  2172.20000
197        9.0000     9.00000
198        0.0000     0.00000

$N_estimated_parameters
[1] 55

$table_of_phases

-99  -6  -5  -4  -3  -2  -1   1   3   4   5 
  1   3   1   4   9  13   5   1   5  42   7 

$estimated_non_dev_parameters
                                      Value Phase Min Max     Init Status
SR_LN(R0)                           9.33733     1   8  12  9.33212     OK
Impl_err_2008                       0.00000     5  -1   1  0.00000    act
Impl_err_2009                       0.00000     5  -1   1  0.00000    act
Impl_err_2010                       0.00000     5  -1   1  0.00000    act
Size_inflection_Shallow_Fishery(1) 44.69730     3   1  80 44.70560     OK
Size_95%width_Shallow_Fishery(1)    7.62727     4   0  60  7.61734     OK
Size_inflection_Middle_Fishery(2)  59.68020     3   1  80 59.68410     OK
Size_95%width_Middle_Fishery(2)    10.82810     4   0  60 10.82910     OK
Size_inflection_Shallow_Survey(3)  45.72620     3   1  80 45.73540     OK
Size_95%width_Shallow_Survey(3)     9.83369     4   0  60  9.81098     OK
Size_inflection_Middle_Survey(4)   57.75380     3   1  80 57.76040     OK
Size_95%width_Middle_Survey(4)      9.60263     4   0  60  9.60716     OK
Size_inflection_Deep_Survey(5)     57.24990     3   1  80 57.25180     OK
Size_95%width_Deep_Survey(5)        9.38487     4   0  60  9.38233     OK
                                   Parm_StDev      Gradient Pr_type Prior Pr_SD
SR_LN(R0)                           0.0329987  0.0008927280  Normal   9.2    99
Impl_err_2008                       0.1000000  0.0000000000     dev    NA    NA
Impl_err_2009                       0.1000000  0.0000000000     dev    NA    NA
Impl_err_2010                       0.1000000  0.0000000000     dev    NA    NA
Size_inflection_Shallow_Fishery(1)  0.4021710  0.0001461370  Normal  55.0    99
Size_95%width_Shallow_Fishery(1)    0.7240130 -0.0000146871  Normal  10.0    99
Size_inflection_Middle_Fishery(2)   0.4509960  0.0000208274  Normal  55.0    99
Size_95%width_Middle_Fishery(2)     0.4397680  0.0000198030  Normal  10.0    99
Size_inflection_Shallow_Survey(3)   0.4455830  0.0000308170  Normal  55.0    99
Size_95%width_Shallow_Survey(3)     0.7521440 -0.0000180001  Normal  10.0    99
Size_inflection_Middle_Survey(4)    0.4153180  0.0000495633  Normal  55.0    99
Size_95%width_Middle_Survey(4)      0.4701820 -0.0000526633  Normal  10.0    99
Size_inflection_Deep_Survey(5)      0.3896910  0.0005807500  Normal  55.0    99
Size_95%width_Deep_Survey(5)        0.5905660 -0.0001904390  Normal  10.0    99
                                          Pr_Like Afterbound
SR_LN(R0)                          0.000000962163         OK
Impl_err_2008                                  NA         OK
Impl_err_2009                                  NA         OK
Impl_err_2010                                  NA         OK
Size_inflection_Shallow_Fishery(1) 0.005415040000         OK
Size_95%width_Shallow_Fishery(1)   0.000287208000         OK
Size_inflection_Middle_Fishery(2)  0.001117430000         OK
Size_95%width_Middle_Fishery(2)    0.000034981100         OK
Size_inflection_Shallow_Survey(3)  0.004387450000         OK
Size_95%width_Shallow_Survey(3)    0.000001411030         OK
Size_inflection_Middle_Survey(4)   0.000386875000         OK
Size_95%width_Middle_Survey(4)     0.000008055640         OK
Size_inflection_Deep_Survey(5)     0.000258240000         OK
Size_95%width_Deep_Survey(5)       0.000019303200         OK

$maximum_gradient_component
[1] 0.000988392

$parameters_with_highest_gradients
                                   Value     Gradient
Main_RecrDev_1994               0.664233 -0.000988392
SR_LN(R0)                       9.337330  0.000892728
Main_RecrDev_1990               1.114820  0.000683630
Size_inflection_Deep_Survey(5) 57.249900  0.000580750
Main_RecrDev_1995               0.175437 -0.000512292

$Length_Comp_Fit_Summary
     Data_type Fleet Recommend_var_adj #  N Npos min_Nsamp max_Nsamp
2052         4     1          0.594621 # 21   21       100       100
2053         4     2          0.823541 # 21   21       100       100
2054         4     3          0.415762 #  9    9       200       200
2055         4     4          0.635458 #  9    9       200       200
2056         4     5          0.689789 #  9    9       200       200
     mean_Nsamp_in mean_Nsamp_adj mean_Nsamp_DM err_method err_index
2052           100            100            NA          0        NA
2053           100            100            NA          0        NA
2054           200            200            NA          0        NA
2055           200            200            NA          0        NA
2056           200            200            NA          0        NA
            par1 val1 par2 val2 mean_effN  HarMean Curr_Var_Adj      Fleet_name
2052 multinomial   NA   NA   NA   64.0004  59.4621            1 Shallow_Fishery
2053 multinomial   NA   NA   NA   88.5393  82.3541            1  Middle_Fishery
2054 multinomial   NA   NA   NA   89.4144  83.1524            1  Shallow_Survey
2055 multinomial   NA   NA   NA  152.4970 127.0920            1   Middle_Survey
2056 multinomial   NA   NA   NA  143.7470 137.9580            1     Deep_Survey

$Age_Comp_Fit_Summary
     Data_type Fleet Recommend_var_adj # Nsamp_adj Npos min_Nsamp max_Nsamp
2132         5     1         0.0691009 #        21   21       100       100
2133         5     2         0.3759340 #        21   21       100       100
2134         5     3         0.0503009 #         9    9       200       200
2135         5     4         0.1979410 #         9    9       200       200
2136         5     5         0.0123753 #         9    9       200       200
     mean_Nsamp_in mean_Nsamp_adj mean_Nsamp_DM err_method err_index
2132           100            100            NA          0        NA
2133           100            100            NA          0        NA
2134           200            200            NA          0        NA
2135           200            200            NA          0        NA
2136           200            200            NA          0        NA
            par1 val1 par2 val2 mean_effN  HarMean Curr_Var_Adj      Fleet_name
2132 multinomial   NA   NA   NA   7.29807  6.91009            1 Shallow_Fishery
2133 multinomial   NA   NA   NA  39.24050 37.59340            1  Middle_Fishery
2134 multinomial   NA   NA   NA  11.46490 10.06020            1  Shallow_Survey
2135 multinomial   NA   NA   NA  44.67000 39.58820            1   Middle_Survey
2136 multinomial   NA   NA   NA   2.62932  2.47506            1     Deep_Survey

$SBzero
[1] 157595.4

$current_depletion
[1] 0.7983805

$SPRratioLabel
[1] "1-SPR"

$sigma_R_in
[1] 0.5

$sigma_R_info
           period N_devs SD_of_devs Var_of_devs   mean_SE mean_SEsquared
1            Main     37  0.9850940   0.9704102 0.4232510      0.2370972
2      Early+Main     37  0.9850940   0.9704102 0.4232510      0.2370972
3 Early+Main+Late     38  0.9716907   0.9441829 0.4252707      0.2374368
  sqrt_sum_of_components SD_of_devs_over_sigma_R sqrt_sum_over_sigma_R
1               1.098866                1.970188              2.197733
2               1.098866                1.970188              2.197733
3               1.087023                1.943381              2.174047
  alternative_sigma_R
1    1.09886643410747
2    1.09886643410747
3    1.08702331328294

$rmse_table
    ERA  N     RMSE RMSE_over_sigmaR mean_BiasAdj
1  main 37 0.971691          3.77674            1
2 early  0 0.000000          0.00000            0

$RecDev_method
[1] 1

64
