/srv
total 492436
-rw-r--r-- 1 osg001 cuuser         0 Nov  4 19:38 _condor_stderr
-rw-r--r-- 1 osg001 cuuser         5 Nov  4 19:38 _condor_stdout
-rw-r--r-- 1 osg001 cuuser 503570432 Nov  4 19:38 linux-r4ss-v4.sif
-rw-r--r-- 1 osg001 cuuser       819 Nov  4 19:38 osg-ss3-example-calcs.r
-rwxr-xr-x 1 osg001 cuuser      1059 Nov  4 19:38 osg-wrapper-r.sh
drwxr-x--- 4 osg001 cuuser        28 Nov  4 19:38 scratch
drwxrwxrwt 2 osg001 cuuser         6 Nov  4 19:38 tmp
-rw-r--r-- 1 osg001 cuuser    669783 Nov  4 19:38 upload.example-ss3-models.tar.gz
drwxrwxrwt 2 osg001 cuuser         6 Nov  4 19:38 var_tmp
/ss_exe:/usr/local/sbin:/usr/local/bin:/usr/sbin:/usr/bin:/sbin:/bin
output/81-Simple_Lorenzen_tv_trend-4/
[1] "/srv/working"
[1] "output/81-Simple_Lorenzen_tv_trend-4/"
[1] TRUE TRUE TRUE TRUE TRUE TRUE TRUE
[1] "ran model"
$SS_version
[1] "3.30.22.1;_safe;_compile_date:_Jan 30 2024;_Stock_Synthesis_by_Richard_Methot_(NOAA)_using_ADMB_13.1"

$SS_versionshort
[1] "3.30"

$SS_versionNumeric
[1] 3.3

$StartTime
[1] "StartTime: Mon Nov 4 19:38:46 2024"

$RunTime
[1] "0 hours, 1 minutes, 48 seconds."

$Files_used
[1] "Data_File: data.ss Control_File: control.ss"

$log_det_hessian
[1] 141.678

$Final_phase
[1] 5

$N_iterations
[1] 468

$Nwarnings
[1] 7

$warnings
[1] "Note 1 Information: Max data length bin: 90  < max pop len bins: 94; so will accumulate larger pop len bins"                                      
[2] "Warning 1 Adjustment:  recdev_end: 2001 > retro_yr: 1997 reset "                                                                                  
[3] "Warning 2 : 1st iteration warning: ssb(endyr)/ssb(styr)= 5.31255e-05; suggest start with larger R0 to get near 0.4; or use depletion fleet option"
[4] "Warning 3 : 1st iteration warning: catch logL > 50% total logL; check configuration; suggest start with larger R0"                                
[5] "Note 2 Information: A revised protocol for the Fcast_yr specification is available and recommended."                                              
[6] "Warning 4 : Reminder: Number of lamdas !=0.0 and !=1.0:  3"                                                                                       
[7] " 4 warnings  and 2 notes "                                                                                                                        

$likelihoods_used
                                  values lambdas
TOTAL                664.469000000000051      NA
Catch                  0.000000000813782      NA
Equil_catch            0.000000000000000      NA
Survey                -2.418970000000000      NA
Length_comp          151.939999999999998      NA
Age_comp             518.436000000000035      NA
Size_at_age            0.000000000000000      NA
Recruitment           -5.118500000000000       1
InitEQ_Regime          0.000000000000000       1
Forecast_Recruitment   0.000000000000000       1
Parm_priors            1.624910000000000       1
Parm_softbounds        0.005340860000000      NA
Parm_devs              0.000000000000000       1
Crash_Pen              0.000000000000000       1

$likelihoods_laplace
                                      values lambdas
NoBias_corr_Recruitment(info_only)  -3.07519       1
Laplace_obj_fun(info_only)         666.51200      NA

$likelihoods_by_fleet
               Label          ALL     FISHERY   SURVEY1 SURVEY2
182     Catch_lambda           NA 1.00000e+00   1.00000 1.00000
183       Catch_like  8.13782e-10 8.13782e-10   0.00000 0.00000
184  Init_equ_lambda           NA 1.00000e+00   1.00000 1.00000
185    Init_equ_like  0.00000e+00 0.00000e+00   0.00000 0.00000
186      Surv_lambda           NA 0.00000e+00   1.00000 1.00000
187        Surv_like -2.41897e+00 0.00000e+00  -4.49405 2.07507
188       Surv_N_use           NA 0.00000e+00   7.00000 8.00000
189      Surv_N_skip           NA 0.00000e+00   2.00000 4.00000
190    Length_lambda           NA 1.00000e-01   1.00000 0.00000
191      Length_like  1.51940e+02 4.49525e+02 106.98800 0.00000
192     Length_N_use           NA 2.70000e+01   7.00000 0.00000
193    Length_N_skip           NA 4.00000e+00   2.00000 0.00000
194       Age_lambda           NA 1.00000e+00   1.00000 0.00000
195         Age_like  5.18436e+02 4.11845e+02 106.59100 0.00000
196        Age_N_use           NA 2.70000e+01   7.00000 0.00000
197       Age_N_skip           NA 4.00000e+00   2.00000 0.00000
198 Sizeatage_lambda           NA 0.00000e+00   0.00000 0.00000
199   sizeatage_like  0.00000e+00 5.16059e+01  67.91750 0.00000
200  sizeatage_N_use           NA 2.00000e+00   2.00000 0.00000
201 sizeatage_N_skip           NA 0.00000e+00   0.00000 0.00000

$N_estimated_parameters
[1] 60

$table_of_phases

-99  -4  -3  -1   1   2   3   4   5 
  8   6  15   1   3  31   2  10  14 

$estimated_non_dev_parameters
                                                       Value Phase      Min
L_at_Amin_Fem_GP_1                                18.5858000     2 -10.0000
L_at_Amax_Fem_GP_1                                69.2430000     4  40.0000
VonBert_K_Fem_GP_1                                 0.1810500     4   0.0500
L_at_Amax_Mal_GP_1                                67.8087000     4  40.0000
VonBert_K_Mal_GP_1                                 0.2016260     4   0.0500
SR_LN(R0)                                          8.7124000     1   3.0000
SR_BH_steep                                        0.9406720     4   0.2000
LnQ_base_SURVEY1(2)                                0.6521940     1  -7.0000
LnQ_base_SURVEY2(3)                               -6.4537100     1  -7.0000
Size_inflection_FISHERY(1)                        53.6014000     2  19.0000
Size_95%width_FISHERY(1)                          20.1769000     3   0.0100
Size_inflection_SURVEY1(2)                        34.8942000     2  19.0000
Size_95%width_SURVEY1(2)                           5.1778600     3   0.0100
Size_inflection_FISHERY(1)_TrendFinal_LogstOffset  0.0763231     4  -4.0000
Size_inflection_FISHERY(1)_TrendInfl_LogstOffset  -0.2550150     4  -4.0000
Size_inflection_SURVEY1(2)_TrendFinal_direct_     37.0728000     2  19.0000
Size_inflection_SURVEY1(2)_TrendWidth_yr_         19.7070000     4   1.0000
Size_95%width_SURVEY1(2)_TrendFinal_frac_          0.1020080     4   0.0001
Size_95%width_SURVEY1(2)_TrendInfl_frac_           0.5323640     4   0.0001
                                                     Max       Init Status
L_at_Amin_Fem_GP_1                                45.000 18.6195000     OK
L_at_Amax_Fem_GP_1                                90.000 69.6313000     OK
VonBert_K_Fem_GP_1                                 0.250  0.1746970     OK
L_at_Amax_Mal_GP_1                                90.000 68.1566000     OK
VonBert_K_Mal_GP_1                                 0.250  0.1977970     OK
SR_LN(R0)                                         31.000  8.7042200     OK
SR_BH_steep                                        1.000  0.9084530     OK
LnQ_base_SURVEY1(2)                                5.000  0.6086970     OK
LnQ_base_SURVEY2(3)                                5.000 -6.7403700     OK
Size_inflection_FISHERY(1)                        80.000 52.5941000     OK
Size_95%width_FISHERY(1)                          60.000 18.9713000     OK
Size_inflection_SURVEY1(2)                        70.000 35.4808000     OK
Size_95%width_SURVEY1(2)                          60.000  5.5223600     OK
Size_inflection_FISHERY(1)_TrendFinal_LogstOffset  4.000  0.0497443     OK
Size_inflection_FISHERY(1)_TrendInfl_LogstOffset   4.000 -0.2627470     OK
Size_inflection_SURVEY1(2)_TrendFinal_direct_     70.000 36.5523000     OK
Size_inflection_SURVEY1(2)_TrendWidth_yr_         20.000 10.6023000     OK
Size_95%width_SURVEY1(2)_TrendFinal_frac_          0.999  0.1143660     OK
Size_95%width_SURVEY1(2)_TrendInfl_frac_           0.999  0.5423780     OK
                                                  Parm_StDev           Gradient
L_at_Amin_Fem_GP_1                                 1.6969300 -0.000000077114700
L_at_Amax_Fem_GP_1                                 0.7205170 -0.000000290136000
VonBert_K_Fem_GP_1                                 0.0128057  0.000000000952497
L_at_Amax_Mal_GP_1                                 0.6784050 -0.000000224673000
VonBert_K_Mal_GP_1                                 0.0132762 -0.000000005347530
SR_LN(R0)                                          0.0403959 -0.000006427490000
SR_BH_steep                                        0.1264170  0.000000012181100
LnQ_base_SURVEY1(2)                                0.1256150  0.000000140333000
LnQ_base_SURVEY2(3)                                0.3573620  0.000000006446840
Size_inflection_FISHERY(1)                         1.7310900 -0.000000205432000
Size_95%width_FISHERY(1)                           1.9309900  0.000000117094000
Size_inflection_SURVEY1(2)                         1.7208000  0.000000010894900
Size_95%width_SURVEY1(2)                           1.8239500  0.000000033923500
Size_inflection_FISHERY(1)_TrendFinal_LogstOffset  0.0657877 -0.000000341495000
Size_inflection_FISHERY(1)_TrendInfl_LogstOffset   0.1190190  0.000000030146600
Size_inflection_SURVEY1(2)_TrendFinal_direct_      1.4594200 -0.000000065462100
Size_inflection_SURVEY1(2)_TrendWidth_yr_          9.0838900 -0.000000001333470
Size_95%width_SURVEY1(2)_TrendFinal_frac_          0.0303444 -0.000000066239200
Size_95%width_SURVEY1(2)_TrendInfl_frac_           0.1213530 -0.000000015614500
                                                   Pr_type Prior Pr_SD
L_at_Amin_Fem_GP_1                                  Normal 36.00 10.00
L_at_Amax_Fem_GP_1                                  Normal 70.00 10.00
VonBert_K_Fem_GP_1                                  Normal  0.15  0.80
L_at_Amax_Mal_GP_1                                  Normal 70.00 10.00
VonBert_K_Mal_GP_1                                  Normal  0.15  0.80
SR_LN(R0)                                         No_prior    NA    NA
SR_BH_steep                                       Sym_Beta  0.70  0.05
LnQ_base_SURVEY1(2)                               No_prior    NA    NA
LnQ_base_SURVEY2(3)                               No_prior    NA    NA
Size_inflection_FISHERY(1)                        Sym_Beta 50.00  0.01
Size_95%width_FISHERY(1)                          Sym_Beta 15.00  0.01
Size_inflection_SURVEY1(2)                        Sym_Beta 30.00  0.01
Size_95%width_SURVEY1(2)                          Sym_Beta 10.00  0.01
Size_inflection_FISHERY(1)_TrendFinal_LogstOffset No_prior    NA    NA
Size_inflection_FISHERY(1)_TrendInfl_LogstOffset  No_prior    NA    NA
Size_inflection_SURVEY1(2)_TrendFinal_direct_     No_prior    NA    NA
Size_inflection_SURVEY1(2)_TrendWidth_yr_         No_prior    NA    NA
Size_95%width_SURVEY1(2)_TrendFinal_frac_         No_prior    NA    NA
Size_95%width_SURVEY1(2)_TrendInfl_frac_          No_prior    NA    NA
                                                      Pr_Like Afterbound
L_at_Amin_Fem_GP_1                                1.516270000         OK
L_at_Amax_Fem_GP_1                                0.002864990         OK
VonBert_K_Fem_GP_1                                0.000753225         OK
L_at_Amax_Mal_GP_1                                0.024009100         OK
VonBert_K_Mal_GP_1                                0.002082260         OK
SR_LN(R0)                                                  NA         OK
SR_BH_steep                                       0.064523200         OK
LnQ_base_SURVEY1(2)                                        NA         OK
LnQ_base_SURVEY2(3)                                        NA         OK
Size_inflection_FISHERY(1)                        0.000182416         OK
Size_95%width_FISHERY(1)                          0.001135650         OK
Size_inflection_SURVEY1(2)                        0.001530290         OK
Size_95%width_SURVEY1(2)                          0.011554900         OK
Size_inflection_FISHERY(1)_TrendFinal_LogstOffset          NA         OK
Size_inflection_FISHERY(1)_TrendInfl_LogstOffset           NA         OK
Size_inflection_SURVEY1(2)_TrendFinal_direct_              NA         OK
Size_inflection_SURVEY1(2)_TrendWidth_yr_                  NA         OK
Size_95%width_SURVEY1(2)_TrendFinal_frac_                  NA         OK
Size_95%width_SURVEY1(2)_TrendInfl_frac_                   NA         OK

$maximum_gradient_component
[1] 6.42749e-06

$parameters_with_highest_gradients
                                                       Value     Gradient
SR_LN(R0)                                          8.7124000 -6.42749e-06
Size_inflection_FISHERY(1)_TrendFinal_LogstOffset  0.0763231 -3.41495e-07
L_at_Amax_Fem_GP_1                                69.2430000 -2.90136e-07
Main_RecrDev_1980                                  0.3026350 -2.87640e-07
Main_RecrDev_1979                                  0.5555740 -2.30692e-07

$Length_Comp_Fit_Summary
     Data_type Fleet Recommend_var_adj #  N Npos min_Nsamp max_Nsamp
1458         4     1           1.02968 # 31   27       125       125
1459         4     2           1.22044 #  9    7       125       125
     mean_Nsamp_in mean_Nsamp_adj mean_Nsamp_DM err_method err_index
1458           125            125            NA          0        NA
1459           125            125            NA          0        NA
            par1 val1 par2 val2 mean_effN HarMean Curr_Var_Adj Fleet_name
1458 multinomial   NA   NA   NA   133.212 128.710            1    FISHERY
1459 multinomial   NA   NA   NA   157.437 152.555            1    SURVEY1

$Age_Comp_Fit_Summary
     Data_type Fleet Recommend_var_adj # Nsamp_adj Npos min_Nsamp max_Nsamp
1506         5     1           0.90099 #        31   27        75        75
1507         5     2           1.00835 #         9    7        75        75
     mean_Nsamp_in mean_Nsamp_adj mean_Nsamp_DM err_method err_index
1506            75             75            NA          0        NA
1507            75             75            NA          0        NA
            par1 val1 par2 val2 mean_effN HarMean Curr_Var_Adj Fleet_name
1506 multinomial   NA   NA   NA   74.4056 67.5743            1    FISHERY
1507 multinomial   NA   NA   NA   85.9281 75.6262            1    SURVEY1

$SBzero
[1] 45279.1

$current_depletion
[1] 0.06049259

$SPRratioLabel
[1] "1-SPR"

$sigma_R_in
[1] 0.6

$sigma_R_info
           period N_devs SD_of_devs Var_of_devs   mean_SE mean_SEsquared
1            Main     27  0.5447763   0.2967813 0.3785426      0.1500818
2      Early+Main     27  0.5447763   0.2967813 0.3785426      0.1500818
3 Early+Main+Late     31  0.5071592   0.2572104 0.4071178      0.1771680
  sqrt_sum_of_components SD_of_devs_over_sigma_R sqrt_sum_over_sigma_R
1              0.6684782               0.9079606              1.114130
2              0.6684782               0.9079606              1.114130
3              0.6590739               0.8452653              1.098457
  alternative_sigma_R
1   0.668478186206037
2   0.668478186206037
3   0.659073946412102

$rmse_table
    ERA  N     RMSE RMSE_over_sigmaR mean_BiasAdj
1  main 27 0.534593         0.793859            1
2 early  0 0.000000         0.000000            0

$RecDev_method
[1] 1

115
