/srv
total 492436
-rw-r--r-- 1 osg01 msu-users         0 Nov  4 17:38 _condor_stderr
-rw-r--r-- 1 osg01 msu-users         5 Nov  4 17:38 _condor_stdout
-rw-r--r-- 1 osg01 msu-users 503570432 Nov  4 17:38 linux-r4ss-v4.sif
-rw-r--r-- 1 osg01 msu-users       819 Nov  4 17:38 osg-ss3-example-calcs.r
-rwxr-xr-x 1 osg01 msu-users      1059 Nov  4 17:38 osg-wrapper-r.sh
drwxr-x--- 4 osg01 msu-users        28 Nov  4 17:38 scratch
drwxrwxrwt 2 osg01 msu-users         6 Nov  4 17:38 tmp
-rw-r--r-- 1 osg01 msu-users    669783 Nov  4 17:38 upload.example-ss3-models.tar.gz
drwxrwxrwt 2 osg01 msu-users         6 Nov  4 17:38 var_tmp
/ss_exe:/usr/local/sbin:/usr/local/bin:/usr/sbin:/usr/bin:/sbin:/bin
output/80-Simple-4/
[1] "/srv/working"
[1] "output/80-Simple-4/"
[1] TRUE TRUE TRUE TRUE TRUE TRUE TRUE
[1] "ran model"
$SS_version
[1] "3.30.22.1;_safe;_compile_date:_Jan 30 2024;_Stock_Synthesis_by_Richard_Methot_(NOAA)_using_ADMB_13.1"

$SS_versionshort
[1] "3.30"

$SS_versionNumeric
[1] 3.3

$StartTime
[1] "StartTime: Mon Nov 4 17:38:32 2024"

$RunTime
[1] "0 hours, 0 minutes, 41 seconds."

$Files_used
[1] "Data_File: data.ss Control_File: control.ss"

$log_det_hessian
[1] 143.073

$Final_phase
[1] 5

$N_iterations
[1] 428

$Nwarnings
[1] 6

$warnings
[1] "Note 1 Information: Max data length bin: 90  < max pop len bins: 94; so will accumulate larger pop len bins"                                     
[2] "Warning 1 Adjustment:  recdev_end: 2001 > retro_yr: 1997 reset "                                                                                 
[3] "Warning 2 : 1st iteration warning: ssb(endyr)/ssb(styr)= 0.00316507; suggest start with larger R0 to get near 0.4; or use depletion fleet option"
[4] "Warning 3 : 1st iteration warning: catch logL > 50% total logL; check configuration; suggest start with larger R0"                               
[5] "Note 2 Information: A revised protocol for the Fcast_yr specification is available and recommended."                                             
[6] " 3 warnings  and 2 notes "                                                                                                                       

$likelihoods_used
                                    values lambdas
TOTAL                1106.1600000000000819      NA
Catch                   0.0000000000859077      NA
Equil_catch             0.0000000000000000      NA
Survey                 -2.2094499999999999      NA
Length_comp           542.0410000000000537      NA
Age_comp              494.6290000000000191      NA
Size_at_age            79.0330000000000013      NA
Recruitment            -8.3713999999999995       1
InitEQ_Regime           0.0000000000000000       1
Forecast_Recruitment    0.0000000000000000       1
Parm_priors             1.0395399999999999       1
Parm_softbounds         0.0012005200000000      NA
Parm_devs               0.0000000000000000       1
Crash_Pen               0.0000000000000000       1

$likelihoods_laplace
                                      values lambdas
NoBias_corr_Recruitment(info_only)   -6.3281       1
Laplace_obj_fun(info_only)         1108.2100      NA

$likelihoods_by_fleet
               Label          ALL     FISHERY   SURVEY1 SURVEY2
182     Catch_lambda           NA 1.00000e+00   1.00000 1.00000
183       Catch_like  8.59077e-11 8.59077e-11   0.00000 0.00000
184  Init_equ_lambda           NA 1.00000e+00   1.00000 1.00000
185    Init_equ_like  0.00000e+00 0.00000e+00   0.00000 0.00000
186      Surv_lambda           NA 0.00000e+00   1.00000 1.00000
187        Surv_like -2.20945e+00 0.00000e+00  -4.39997 2.19052
188       Surv_N_use           NA 0.00000e+00   7.00000 8.00000
189      Surv_N_skip           NA 0.00000e+00   2.00000 4.00000
190    Length_lambda           NA 1.00000e+00   1.00000 0.00000
191      Length_like  5.42041e+02 4.35615e+02 106.42700 0.00000
192     Length_N_use           NA 2.70000e+01   7.00000 0.00000
193    Length_N_skip           NA 4.00000e+00   2.00000 0.00000
194       Age_lambda           NA 1.00000e+00   1.00000 0.00000
195         Age_like  4.94629e+02 3.90468e+02 104.16100 0.00000
196        Age_N_use           NA 2.70000e+01   7.00000 0.00000
197       Age_N_skip           NA 4.00000e+00   2.00000 0.00000
198 Sizeatage_lambda           NA 1.00000e+00   1.00000 0.00000
199   sizeatage_like  7.90330e+01 3.79495e+01  41.08350 0.00000
200  sizeatage_N_use           NA 2.00000e+00   2.00000 0.00000
201 sizeatage_N_skip           NA 0.00000e+00   0.00000 0.00000

$N_estimated_parameters
[1] 54

$table_of_phases

-99  -4  -3  -1   1   2   3   4   5 
  8   3  15   1   3  30   2   5  14 

$estimated_non_dev_parameters
                               Value Phase    Min   Max      Init Status
L_at_Amin_Fem_GP_1         21.769200     2 -10.00 45.00 21.659100     OK
L_at_Amax_Fem_GP_1         71.623000     4  40.00 90.00 71.654000     OK
VonBert_K_Fem_GP_1          0.146657     4   0.05  0.25  0.147240     OK
L_at_Amax_Mal_GP_1         69.447500     4  40.00 90.00 69.539900     OK
VonBert_K_Mal_GP_1          0.163203     4   0.05  0.25  0.163476     OK
SR_LN(R0)                   8.807970     1   3.00 31.00  8.812060     OK
SR_BH_steep                 0.579095     4   0.20  1.00  0.573835     OK
LnQ_base_SURVEY1(2)         0.567122     1  -7.00  5.00  0.516916     OK
LnQ_base_SURVEY2(3)        -6.334450     1  -7.00  5.00 -6.625470     OK
Size_inflection_FISHERY(1) 53.871600     2  19.00 80.00 53.662900     OK
Size_95%width_FISHERY(1)   19.196400     3   0.01 60.00 18.933200     OK
Size_inflection_SURVEY1(2) 36.758400     2  19.00 70.00 36.658500     OK
Size_95%width_SURVEY1(2)    6.560150     3   0.01 60.00  6.599660     OK
                           Parm_StDev        Gradient  Pr_type Prior Pr_SD
L_at_Amin_Fem_GP_1         0.50402900 -0.000000247503   Normal 36.00 10.00
L_at_Amax_Fem_GP_1         0.31513300  0.000001285840   Normal 70.00 10.00
VonBert_K_Fem_GP_1         0.00378276  0.000000208005   Normal  0.15  0.80
L_at_Amax_Mal_GP_1         0.29803400  0.000000364177   Normal 70.00 10.00
VonBert_K_Mal_GP_1         0.00419863  0.000000160575   Normal  0.15  0.80
SR_LN(R0)                  0.02846910  0.000027266000 No_prior    NA    NA
SR_BH_steep                0.12745700 -0.000000164848 Sym_Beta  0.70  0.05
LnQ_base_SURVEY1(2)        0.13003300  0.000000333444 No_prior    NA    NA
LnQ_base_SURVEY2(3)        0.36825800 -0.000000138836 No_prior    NA    NA
Size_inflection_FISHERY(1) 0.80472300  0.000001775900 Sym_Beta 50.00  0.01
Size_95%width_FISHERY(1)   0.85428200 -0.000000573901 Sym_Beta 15.00  0.01
Size_inflection_SURVEY1(2) 0.54775200 -0.000000076426 Sym_Beta 30.00  0.01
Size_95%width_SURVEY1(2)   0.79126500  0.000000103320 Sym_Beta 10.00  0.01
                                 Pr_Like Afterbound
L_at_Amin_Fem_GP_1         1.01258000000         OK
L_at_Amax_Fem_GP_1         0.01317020000         OK
VonBert_K_Fem_GP_1         0.00000873061         OK
L_at_Amax_Mal_GP_1         0.00152642000         OK
VonBert_K_Mal_GP_1         0.00013619500         OK
SR_LN(R0)                             NA         OK
SR_BH_steep                0.00011169000         OK
LnQ_base_SURVEY1(2)                   NA         OK
LnQ_base_SURVEY2(3)                   NA         OK
Size_inflection_FISHERY(1) 0.00020751500         OK
Size_95%width_FISHERY(1)   0.00139081000         OK
Size_inflection_SURVEY1(2) 0.00096687700         OK
Size_95%width_SURVEY1(2)   0.00944000000         OK

$maximum_gradient_component
[1] 2.7266e-05

$parameters_with_highest_gradients
                               Value    Gradient
SR_LN(R0)                   8.807970 2.72660e-05
Size_inflection_FISHERY(1) 53.871600 1.77590e-06
L_at_Amax_Fem_GP_1         71.623000 1.28584e-06
Main_RecrDev_1979           0.262313 1.20799e-06
Main_RecrDev_1976           0.709714 1.19422e-06

$Length_Comp_Fit_Summary
     Data_type Fleet Recommend_var_adj #  N Npos min_Nsamp max_Nsamp
1410         4     1           1.06100 # 31   27       125       125
1411         4     2           1.23669 #  9    7       125       125
     mean_Nsamp_in mean_Nsamp_adj mean_Nsamp_DM err_method err_index
1410           125            125            NA          0        NA
1411           125            125            NA          0        NA
            par1 val1 par2 val2 mean_effN HarMean Curr_Var_Adj Fleet_name
1410 multinomial   NA   NA   NA   137.585 132.625            1    FISHERY
1411 multinomial   NA   NA   NA   160.863 154.587            1    SURVEY1

$Age_Comp_Fit_Summary
     Data_type Fleet Recommend_var_adj # Nsamp_adj Npos min_Nsamp max_Nsamp
1458         5     1           1.04360 #        31   27        75        75
1459         5     2           1.03221 #         9    7        75        75
     mean_Nsamp_in mean_Nsamp_adj mean_Nsamp_DM err_method err_index
1458            75             75            NA          0        NA
1459            75             75            NA          0        NA
            par1 val1 par2 val2 mean_effN HarMean Curr_Var_Adj Fleet_name
1458 multinomial   NA   NA   NA   84.4546 78.2698            1    FISHERY
1459 multinomial   NA   NA   NA   88.4863 77.4159            1    SURVEY1

$SBzero
[1] 49409.7

$current_depletion
[1] 0.08326118

$SPRratioLabel
[1] "1-SPR"

$sigma_R_in
[1] 0.6

$sigma_R_info
           period N_devs SD_of_devs Var_of_devs   mean_SE mean_SEsquared
1            Main     27  0.4529506   0.2051643 0.3501233      0.1260478
2      Early+Main     27  0.4529506   0.2051643 0.3501233      0.1260478
3 Early+Main+Late     31  0.4218778   0.1779808 0.3823655      0.1562351
  sqrt_sum_of_components SD_of_devs_over_sigma_R sqrt_sum_over_sigma_R
1              0.5755102               0.7549177             0.9591837
2              0.5755102               0.7549177             0.9591837
3              0.5781142               0.7031296             0.9635236
  alternative_sigma_R
1   0.575510227710765
2   0.575510227710765
3   0.578114169900196

$rmse_table
    ERA  N     RMSE RMSE_over_sigmaR mean_BiasAdj
1  main 27 0.446145         0.552903            1
2 early  0 0.000000         0.000000            0

$RecDev_method
[1] 2

45
