/srv
total 492452
-rw-r--r-- 1 slot1_7 slot1_7         0 Nov  4 18:38 _condor_stderr
-rw-r--r-- 1 slot1_7 slot1_7         5 Nov  4 18:38 _condor_stdout
-rw-r--r-- 1 slot1_7 slot1_7 503570432 Nov  4 18:38 linux-r4ss-v4.sif
-rw-r--r-- 1 slot1_7 slot1_7       819 Nov  4 18:38 osg-ss3-example-calcs.r
-rwxr-xr-x 1 slot1_7 slot1_7      1059 Nov  4 18:38 osg-wrapper-r.sh
drwxr-x--- 4 slot1_7 slot1_7      4096 Nov  4 18:38 scratch
drwxrwxrwt 2 slot1_7 slot1_7      4096 Nov  4 18:38 tmp
-rw-r--r-- 1 slot1_7 slot1_7    669783 Nov  4 18:38 upload.example-ss3-models.tar.gz
drwxrwxrwt 2 slot1_7 slot1_7      4096 Nov  4 18:38 var_tmp
/ss_exe:/usr/local/sbin:/usr/local/bin:/usr/sbin:/usr/bin:/sbin:/bin
output/54-vermillion_snapper_F4-2/
[1] "/srv/working"
[1] "output/54-vermillion_snapper_F4-2/"
[1] TRUE TRUE TRUE TRUE TRUE TRUE TRUE
[1] "ran model"
$SS_version
[1] "3.30.22.1;_safe;_compile_date:_Jan 30 2024;_Stock_Synthesis_by_Richard_Methot_(NOAA)_using_ADMB_13.1"

$SS_versionshort
[1] "3.30"

$SS_versionNumeric
[1] 3.3

$StartTime
[1] "StartTime: Mon Nov 4 18:38:21 2024"

$RunTime
[1] "0 hours, 1 minutes, 19 seconds."

$Files_used
[1] "Data_File: vermilion.dat Control_File: vermilion.ctl"

$log_det_hessian
[1] 3576.32

$Final_phase
[1] 5

$N_iterations
[1] 2222

$Nwarnings
[1] 14

$warnings
 [1] "Warning 1 : Block:1 3 ends in: 2017 after retroyr+1:  2016"                                                                                                
 [2] "Warning 2 : Block:2 4 ends in: 2017 after retroyr+1:  2016"                                                                                                
 [3] "Warning 3 : At least one block pattern ends in endyr. Check the output parameter value time series to see if the values in forecast years are as intended."
 [4] "Warning 4 : bias adjustment ramp extends into forecast; biasadj set to 0.0 internally for forecast years"                                                  
 [5] "Note 1 Information: Forecast devs will be applied to mean base recruitment over range of historical years in forecast.ss"                                  
 [6] "Warning 5 Adjustment:  recdev_end: 2017 > retro_yr: 2015 reset "                                                                                           
 [7] "Warning 6 Adjustment: Fcast recr option is 3 or 4 and recdev_end: 2015 < endyr: 2017 reset "                                                               
 [8] "Warning 7 Adjustment: setting positive forecast relF for bycatch fleet: 4"                                                                                 
 [9] "Warning 8 Adjustment: setting positive forecast relF for bycatch fleet: 4"                                                                                 
[10] "Warning 9 : Final gradient: 0.000209823 is larger than final_conv: 0.0001"                                                                                 
[11] "Warning 10 Adjustment: setting positive forecast relF for bycatch fleet: 4"                                                                                
[12] "Note 2 Information: A revised protocol for the Fcast_yr specification is available and recommended."                                                       
[13] "Warning 11 Adjustment: setting positive forecast relF for bycatch fleet: 4"                                                                                
[14] " 11 warnings  and 2 notes "                                                                                                                                

$likelihoods_used
                           values lambdas
TOTAL                308.75400000      NA
Catch                  1.97555000      NA
Equil_catch            0.00000000      NA
Survey                 8.24750000      NA
Discard               -1.60564000      NA
Length_comp           77.70710000      NA
Age_comp             239.19000000      NA
Recruitment          -16.76760000       1
InitEQ_Regime          0.00000000       1
Forecast_Recruitment   0.00000000       1
Parm_priors            0.00000000       1
Parm_softbounds        0.00713009      NA
Parm_devs              0.00000000       1
Crash_Pen              0.00000000       1

$likelihoods_laplace
                                     values lambdas
NoBias_corr_Recruitment(info_only) -20.6987       1
Laplace_obj_fun(info_only)         304.8230      NA

$likelihoods_by_fleet
              Label       ALL      CM_E        CM_W       REC   SMP_BYC    HB_E
184    Catch_lambda        NA   1.00000    1.000000   1.00000   1.00000  1.0000
185      Catch_like   1.97555   0.29118    0.114283   1.57009   0.00000  0.0000
186 Init_equ_lambda        NA   1.00000    1.000000   1.00000   1.00000  1.0000
187   Init_equ_like   0.00000   0.00000    0.000000   0.00000   0.00000  0.0000
188     Surv_lambda        NA   1.00000    1.000000   1.00000   1.00000  1.0000
189       Surv_like   8.24750 -10.13210   -8.647210   2.49620 -98.25390 35.9041
190      Surv_N_use        NA  14.00000   14.000000  30.00000  66.00000 30.0000
191     Surv_N_skip        NA   0.00000    0.000000   2.00000   2.00000  2.0000
192     Disc_lambda        NA   0.00000    0.000000   0.00000   1.00000  0.0000
193       Disc_like  -1.60564 716.67300 1487.710000 470.33900  -1.60564  0.0000
194      Disc_N_use        NA  23.00000   23.000000  34.00000   1.00000  0.0000
195     Disc_N_skip        NA   2.00000    2.000000   2.00000  45.00000  0.0000
196   Length_lambda        NA   0.00000    0.000000   0.00000   0.00000  0.0000
197     Length_like  77.70710   0.00000    0.000000   0.00000   0.00000  0.0000
198    Length_N_use        NA   0.00000    0.000000   0.00000   0.00000  0.0000
199   Length_N_skip        NA   0.00000    0.000000   0.00000   0.00000  0.0000
200      Age_lambda        NA   1.00000    1.000000   1.00000   0.00000  0.0000
201        Age_like 239.19000  77.65310   92.641600  68.89510   0.00000  0.0000
202       Age_N_use        NA  18.00000   18.000000  22.00000   0.00000  0.0000
203      Age_N_skip        NA   2.00000    2.000000   2.00000   0.00000  0.0000
        HB_W   LARVAL   VIDEO   SEAMAP
184  1.00000  1.00000  1.0000  1.00000
185  0.00000  0.00000  0.0000  0.00000
186  1.00000  1.00000  1.0000  1.00000
187  0.00000  0.00000  0.0000  0.00000
188  1.00000  1.00000  1.0000  1.00000
189 -4.06067  9.19891 84.3153 -2.57319
190 30.00000 21.00000 18.0000  7.00000
191  2.00000  1.00000  2.0000  2.00000
192  0.00000  0.00000  0.0000  0.00000
193  0.00000  0.00000  0.0000  0.00000
194  0.00000  0.00000  0.0000  0.00000
195  0.00000  0.00000  0.0000  0.00000
196  0.00000  0.00000  1.0000  1.00000
197  0.00000  0.00000 45.1063 32.60070
198  0.00000  0.00000 13.0000  7.00000
199  0.00000  0.00000  2.0000  2.00000
200  0.00000  0.00000  0.0000  0.00000
201  0.00000  0.00000  0.0000  0.00000
202  0.00000  0.00000  0.0000  0.00000
203  0.00000  0.00000  0.0000  0.00000

$N_estimated_parameters
[1] 325

$table_of_phases

 -4  -3  -2  -1   1   2   3   5 
 38  10  14  21  71 211  33  10 

$estimated_non_dev_parameters
                                         Value Phase    Min   Max       Init
SR_LN(R0)                      10.231900000000     1   0.00 13.82  10.210900
SR_BH_steep                     0.726413000000     2   0.22  0.96   0.729779
F_fleet_1_YR_1950_s_1           0.000033134400     2   0.00  3.00   0.010000
F_fleet_1_YR_1951_s_1           0.000066218300     2   0.00  3.00   0.010000
F_fleet_1_YR_1952_s_1           0.000100416000     2   0.00  3.00   0.010000
F_fleet_1_YR_1953_s_1           0.000135252000     2   0.00  3.00   0.010000
F_fleet_1_YR_1954_s_1           0.000171450000     2   0.00  3.00   0.010000
F_fleet_1_YR_1955_s_1           0.000208867000     2   0.00  3.00   0.010000
F_fleet_1_YR_1956_s_1           0.000247322000     2   0.00  3.00   0.010000
F_fleet_1_YR_1957_s_1           0.000287801000     2   0.00  3.00   0.010000
F_fleet_1_YR_1958_s_1           0.000330495000     2   0.00  3.00   0.010000
F_fleet_1_YR_1959_s_1           0.000375510000     2   0.00  3.00   0.010000
F_fleet_1_YR_1960_s_1           0.000423748000     2   0.00  3.00   0.010000
F_fleet_1_YR_1961_s_1           0.000473468000     2   0.00  3.00   0.010000
F_fleet_1_YR_1962_s_1           0.000522988000     2   0.00  3.00   0.010000
F_fleet_1_YR_1963_s_1           0.000570136000     2   0.00  3.00   0.010000
F_fleet_1_YR_1964_s_1           0.000630905000     2   0.00  3.00   0.010000
F_fleet_1_YR_1965_s_1           0.000634464000     2   0.00  3.00   0.010000
F_fleet_1_YR_1966_s_1           0.000335223000     2   0.00  3.00   0.010000
F_fleet_1_YR_1967_s_1           0.000688138000     2   0.00  3.00   0.010000
F_fleet_1_YR_1968_s_1           0.001387530000     2   0.00  3.00   0.010000
F_fleet_1_YR_1969_s_1           0.001795380000     2   0.00  3.00   0.010000
F_fleet_1_YR_1970_s_1           0.001703720000     2   0.00  3.00   0.010000
F_fleet_1_YR_1971_s_1           0.001892250000     2   0.00  3.00   0.010000
F_fleet_1_YR_1972_s_1           0.001694370000     2   0.00  3.00   0.010000
F_fleet_1_YR_1973_s_1           0.002891300000     2   0.00  3.00   0.010000
F_fleet_1_YR_1974_s_1           0.002774090000     2   0.00  3.00   0.010000
F_fleet_1_YR_1975_s_1           0.006107450000     2   0.00  3.00   0.010000
F_fleet_1_YR_1976_s_1           0.005429230000     2   0.00  3.00   0.010000
F_fleet_1_YR_1977_s_1           0.007454840000     2   0.00  3.00   0.010000
F_fleet_1_YR_1978_s_1           0.006510230000     2   0.00  3.00   0.010000
F_fleet_1_YR_1979_s_1           0.005047150000     2   0.00  3.00   0.010000
F_fleet_1_YR_1980_s_1           0.003750920000     2   0.00  3.00   0.010000
F_fleet_1_YR_1981_s_1           0.005527990000     2   0.00  3.00   0.010000
F_fleet_1_YR_1982_s_1           0.005822380000     2   0.00  3.00   0.010000
F_fleet_1_YR_1983_s_1           0.009332340000     2   0.00  3.00   0.010000
F_fleet_1_YR_1984_s_1           0.013420400000     2   0.00  3.00   0.010000
F_fleet_1_YR_1985_s_1           0.017594900000     2   0.00  3.00   0.010000
F_fleet_1_YR_1986_s_1           0.018930700000     2   0.00  3.00   0.010000
F_fleet_1_YR_1987_s_1           0.015503200000     2   0.00  3.00   0.010000
F_fleet_1_YR_1988_s_1           0.015104000000     2   0.00  3.00   0.010000
F_fleet_1_YR_1989_s_1           0.015352200000     2   0.00  3.00   0.010000
F_fleet_1_YR_1990_s_1           0.038679200000     2   0.00  3.00   0.010000
F_fleet_1_YR_1991_s_1           0.032815300000     2   0.00  3.00   0.010000
F_fleet_1_YR_1992_s_1           0.044222500000     2   0.00  3.00   0.010000
F_fleet_1_YR_1993_s_1           0.065311500000     2   0.00  3.00   0.010000
F_fleet_1_YR_1994_s_1           0.067444200000     2   0.00  3.00   0.010000
F_fleet_1_YR_1995_s_1           0.070703600000     2   0.00  3.00   0.010000
F_fleet_1_YR_1996_s_1           0.060038200000     2   0.00  3.00   0.010000
F_fleet_1_YR_1997_s_1           0.059562100000     2   0.00  3.00   0.010000
F_fleet_1_YR_1998_s_1           0.049918900000     2   0.00  3.00   0.010000
F_fleet_1_YR_1999_s_1           0.061065600000     2   0.00  3.00   0.010000
F_fleet_1_YR_2000_s_1           0.048492500000     2   0.00  3.00   0.010000
F_fleet_1_YR_2001_s_1           0.054668900000     2   0.00  3.00   0.010000
F_fleet_1_YR_2002_s_1           0.063687700000     2   0.00  3.00   0.010000
F_fleet_1_YR_2003_s_1           0.071424200000     2   0.00  3.00   0.010000
F_fleet_1_YR_2004_s_1           0.056425500000     2   0.00  3.00   0.010000
F_fleet_1_YR_2005_s_1           0.082908100000     2   0.00  3.00   0.010000
F_fleet_1_YR_2006_s_1           0.088294200000     2   0.00  3.00   0.010000
F_fleet_1_YR_2007_s_1           0.088815600000     2   0.00  3.00   0.010000
F_fleet_1_YR_2008_s_1           0.099187100000     2   0.00  3.00   0.010000
F_fleet_1_YR_2009_s_1           0.146157000000     2   0.00  3.00   0.010000
F_fleet_1_YR_2010_s_1           0.069538300000     2   0.00  3.00   0.010000
F_fleet_1_YR_2011_s_1           0.132595000000     2   0.00  3.00   0.010000
F_fleet_1_YR_2012_s_1           0.092407800000     2   0.00  3.00   0.010000
F_fleet_1_YR_2013_s_1           0.050759300000     2   0.00  3.00   0.010000
F_fleet_1_YR_2014_s_1           0.055641600000     2   0.00  3.00   0.010000
F_fleet_1_YR_2015_s_1           0.029957900000     2   0.00  3.00   0.010000
F_fleet_1_YR_2016_s_1           0.032753400000     2   0.00  3.00   0.010000
F_fleet_1_YR_2017_s_1           0.034816400000     2   0.00  3.00   0.010000
F_fleet_2_YR_1950_s_1           0.000029730100     2   0.00  3.00   0.010000
F_fleet_2_YR_1951_s_1           0.000059550900     2   0.00  3.00   0.010000
F_fleet_2_YR_1952_s_1           0.000089699700     2   0.00  3.00   0.010000
F_fleet_2_YR_1953_s_1           0.000120569000     2   0.00  3.00   0.010000
F_fleet_2_YR_1954_s_1           0.000152450000     2   0.00  3.00   0.010000
F_fleet_2_YR_1955_s_1           0.000185444000     2   0.00  3.00   0.010000
F_fleet_2_YR_1956_s_1           0.000219596000     2   0.00  3.00   0.010000
F_fleet_2_YR_1957_s_1           0.000255098000     2   0.00  3.00   0.010000
F_fleet_2_YR_1958_s_1           0.000292204000     2   0.00  3.00   0.010000
F_fleet_2_YR_1959_s_1           0.000331344000     2   0.00  3.00   0.010000
F_fleet_2_YR_1960_s_1           0.000372908000     2   0.00  3.00   0.010000
F_fleet_2_YR_1961_s_1           0.000416963000     2   0.00  3.00   0.010000
F_fleet_2_YR_1962_s_1           0.000462703000     2   0.00  3.00   0.010000
F_fleet_2_YR_1963_s_1           0.000508301000     2   0.00  3.00   0.010000
F_fleet_2_YR_1964_s_1           0.000539319000     2   0.00  3.00   0.010000
F_fleet_2_YR_1965_s_1           0.000481729000     2   0.00  3.00   0.010000
F_fleet_2_YR_1966_s_1           0.000156347000     2   0.00  3.00   0.010000
F_fleet_2_YR_1967_s_1           0.000374714000     2   0.00  3.00   0.010000
F_fleet_2_YR_1968_s_1           0.001212580000     2   0.00  3.00   0.010000
F_fleet_2_YR_1969_s_1           0.000663356000     2   0.00  3.00   0.010000
F_fleet_2_YR_1970_s_1           0.001105350000     2   0.00  3.00   0.010000
F_fleet_2_YR_1971_s_1           0.001217090000     2   0.00  3.00   0.010000
F_fleet_2_YR_1972_s_1           0.001197720000     2   0.00  3.00   0.010000
F_fleet_2_YR_1973_s_1           0.001437170000     2   0.00  3.00   0.010000
F_fleet_2_YR_1974_s_1           0.001771960000     2   0.00  3.00   0.010000
F_fleet_2_YR_1975_s_1           0.002938930000     2   0.00  3.00   0.010000
F_fleet_2_YR_1976_s_1           0.001647780000     2   0.00  3.00   0.010000
F_fleet_2_YR_1977_s_1           0.005389820000     2   0.00  3.00   0.010000
F_fleet_2_YR_1978_s_1           0.004579950000     2   0.00  3.00   0.010000
F_fleet_2_YR_1979_s_1           0.006279900000     2   0.00  3.00   0.010000
F_fleet_2_YR_1980_s_1           0.004293960000     2   0.00  3.00   0.010000
F_fleet_2_YR_1981_s_1           0.003397790000     2   0.00  3.00   0.010000
F_fleet_2_YR_1982_s_1           0.004393240000     2   0.00  3.00   0.010000
F_fleet_2_YR_1983_s_1           0.004956050000     2   0.00  3.00   0.010000
F_fleet_2_YR_1984_s_1           0.026728100000     2   0.00  3.00   0.010000
F_fleet_2_YR_1985_s_1           0.024195900000     2   0.00  3.00   0.010000
F_fleet_2_YR_1986_s_1           0.032389700000     2   0.00  3.00   0.010000
F_fleet_2_YR_1987_s_1           0.036790900000     2   0.00  3.00   0.010000
F_fleet_2_YR_1988_s_1           0.038915400000     2   0.00  3.00   0.010000
F_fleet_2_YR_1989_s_1           0.041796800000     2   0.00  3.00   0.010000
F_fleet_2_YR_1990_s_1           0.042678100000     2   0.00  3.00   0.010000
F_fleet_2_YR_1991_s_1           0.037723000000     2   0.00  3.00   0.010000
F_fleet_2_YR_1992_s_1           0.052220000000     2   0.00  3.00   0.010000
F_fleet_2_YR_1993_s_1           0.054712300000     2   0.00  3.00   0.010000
F_fleet_2_YR_1994_s_1           0.060016900000     2   0.00  3.00   0.010000
F_fleet_2_YR_1995_s_1           0.040896000000     2   0.00  3.00   0.010000
F_fleet_2_YR_1996_s_1           0.043923100000     2   0.00  3.00   0.010000
F_fleet_2_YR_1997_s_1           0.078971600000     2   0.00  3.00   0.010000
F_fleet_2_YR_1998_s_1           0.072428400000     2   0.00  3.00   0.010000
F_fleet_2_YR_1999_s_1           0.097245300000     2   0.00  3.00   0.010000
F_fleet_2_YR_2000_s_1           0.072040000000     2   0.00  3.00   0.010000
F_fleet_2_YR_2001_s_1           0.089411600000     2   0.00  3.00   0.010000
F_fleet_2_YR_2002_s_1           0.100910000000     2   0.00  3.00   0.010000
F_fleet_2_YR_2003_s_1           0.123763000000     2   0.00  3.00   0.010000
F_fleet_2_YR_2004_s_1           0.115283000000     2   0.00  3.00   0.010000
F_fleet_2_YR_2005_s_1           0.104745000000     2   0.00  3.00   0.010000
F_fleet_2_YR_2006_s_1           0.069656400000     2   0.00  3.00   0.010000
F_fleet_2_YR_2007_s_1           0.124408000000     2   0.00  3.00   0.010000
F_fleet_2_YR_2008_s_1           0.084242900000     2   0.00  3.00   0.010000
F_fleet_2_YR_2009_s_1           0.077955800000     2   0.00  3.00   0.010000
F_fleet_2_YR_2010_s_1           0.059747700000     2   0.00  3.00   0.010000
F_fleet_2_YR_2011_s_1           0.054816200000     2   0.00  3.00   0.010000
F_fleet_2_YR_2012_s_1           0.067587200000     2   0.00  3.00   0.010000
F_fleet_2_YR_2013_s_1           0.039904500000     2   0.00  3.00   0.010000
F_fleet_2_YR_2014_s_1           0.050267800000     2   0.00  3.00   0.010000
F_fleet_2_YR_2015_s_1           0.048176800000     2   0.00  3.00   0.010000
F_fleet_2_YR_2016_s_1           0.047547900000     2   0.00  3.00   0.010000
F_fleet_2_YR_2017_s_1           0.038052300000     2   0.00  3.00   0.010000
F_fleet_3_YR_1950_s_1           0.000141955000     2   0.00  3.00   0.010000
F_fleet_3_YR_1951_s_1           0.000385306000     2   0.00  3.00   0.010000
F_fleet_3_YR_1952_s_1           0.000638734000     2   0.00  3.00   0.010000
F_fleet_3_YR_1953_s_1           0.000902890000     2   0.00  3.00   0.010000
F_fleet_3_YR_1954_s_1           0.001176730000     2   0.00  3.00   0.010000
F_fleet_3_YR_1955_s_1           0.001461900000     2   0.00  3.00   0.010000
F_fleet_3_YR_1956_s_1           0.001758910000     2   0.00  3.00   0.010000
F_fleet_3_YR_1957_s_1           0.002071400000     2   0.00  3.00   0.010000
F_fleet_3_YR_1958_s_1           0.002405790000     2   0.00  3.00   0.010000
F_fleet_3_YR_1959_s_1           0.002766990000     2   0.00  3.00   0.010000
F_fleet_3_YR_1960_s_1           0.003151950000     2   0.00  3.00   0.010000
F_fleet_3_YR_1961_s_1           0.003538150000     2   0.00  3.00   0.010000
F_fleet_3_YR_1962_s_1           0.003885020000     2   0.00  3.00   0.010000
F_fleet_3_YR_1963_s_1           0.004194240000     2   0.00  3.00   0.010000
F_fleet_3_YR_1964_s_1           0.004511740000     2   0.00  3.00   0.010000
F_fleet_3_YR_1965_s_1           0.004852130000     2   0.00  3.00   0.010000
F_fleet_3_YR_1966_s_1           0.005216360000     2   0.00  3.00   0.010000
F_fleet_3_YR_1967_s_1           0.005596520000     2   0.00  3.00   0.010000
F_fleet_3_YR_1968_s_1           0.005997460000     2   0.00  3.00   0.010000
F_fleet_3_YR_1969_s_1           0.006422560000     2   0.00  3.00   0.010000
F_fleet_3_YR_1970_s_1           0.006877470000     2   0.00  3.00   0.010000
F_fleet_3_YR_1971_s_1           0.007330980000     2   0.00  3.00   0.010000
F_fleet_3_YR_1972_s_1           0.007741940000     2   0.00  3.00   0.010000
F_fleet_3_YR_1973_s_1           0.008126600000     2   0.00  3.00   0.010000
F_fleet_3_YR_1974_s_1           0.008507210000     2   0.00  3.00   0.010000
F_fleet_3_YR_1975_s_1           0.008902240000     2   0.00  3.00   0.010000
F_fleet_3_YR_1976_s_1           0.009306300000     2   0.00  3.00   0.010000
F_fleet_3_YR_1977_s_1           0.009745920000     2   0.00  3.00   0.010000
F_fleet_3_YR_1978_s_1           0.010250500000     2   0.00  3.00   0.010000
F_fleet_3_YR_1979_s_1           0.010804100000     2   0.00  3.00   0.010000
F_fleet_3_YR_1980_s_1           0.011380500000     2   0.00  3.00   0.010000
F_fleet_3_YR_1981_s_1           0.011956300000     2   0.00  3.00   0.010000
F_fleet_3_YR_1982_s_1           0.026779800000     2   0.00  3.00   0.010000
F_fleet_3_YR_1983_s_1           0.010331900000     2   0.00  3.00   0.010000
F_fleet_3_YR_1984_s_1           0.016070000000     2   0.00  3.00   0.010000
F_fleet_3_YR_1985_s_1           0.031536000000     2   0.00  3.00   0.010000
F_fleet_3_YR_1986_s_1           0.045266500000     2   0.00  3.00   0.010000
F_fleet_3_YR_1987_s_1           0.058326700000     2   0.00  3.00   0.010000
F_fleet_3_YR_1988_s_1           0.088678500000     2   0.00  3.00   0.010000
F_fleet_3_YR_1989_s_1           0.049238500000     2   0.00  3.00   0.010000
F_fleet_3_YR_1990_s_1           0.067674500000     2   0.00  3.00   0.010000
F_fleet_3_YR_1991_s_1           0.088748600000     2   0.00  3.00   0.010000
F_fleet_3_YR_1992_s_1           0.113339000000     2   0.00  3.00   0.010000
F_fleet_3_YR_1993_s_1           0.088131000000     2   0.00  3.00   0.010000
F_fleet_3_YR_1994_s_1           0.077807400000     2   0.00  3.00   0.010000
F_fleet_3_YR_1995_s_1           0.115421000000     2   0.00  3.00   0.010000
F_fleet_3_YR_1996_s_1           0.049139300000     2   0.00  3.00   0.010000
F_fleet_3_YR_1997_s_1           0.088769700000     2   0.00  3.00   0.010000
F_fleet_3_YR_1998_s_1           0.047230800000     2   0.00  3.00   0.010000
F_fleet_3_YR_1999_s_1           0.095396000000     2   0.00  3.00   0.010000
F_fleet_3_YR_2000_s_1           0.056087800000     2   0.00  3.00   0.010000
F_fleet_3_YR_2001_s_1           0.146398000000     2   0.00  3.00   0.010000
F_fleet_3_YR_2002_s_1           0.116761000000     2   0.00  3.00   0.010000
F_fleet_3_YR_2003_s_1           0.107078000000     2   0.00  3.00   0.010000
F_fleet_3_YR_2004_s_1           0.107207000000     2   0.00  3.00   0.010000
F_fleet_3_YR_2005_s_1           0.131306000000     2   0.00  3.00   0.010000
F_fleet_3_YR_2006_s_1           0.122457000000     2   0.00  3.00   0.010000
F_fleet_3_YR_2007_s_1           0.118118000000     2   0.00  3.00   0.010000
F_fleet_3_YR_2008_s_1           0.056008800000     2   0.00  3.00   0.010000
F_fleet_3_YR_2009_s_1           0.080211700000     2   0.00  3.00   0.010000
F_fleet_3_YR_2010_s_1           0.057913500000     2   0.00  3.00   0.010000
F_fleet_3_YR_2011_s_1           0.135361000000     2   0.00  3.00   0.010000
F_fleet_3_YR_2012_s_1           0.098420000000     2   0.00  3.00   0.010000
F_fleet_3_YR_2013_s_1           0.151573000000     2   0.00  3.00   0.010000
F_fleet_3_YR_2014_s_1           0.129468000000     2   0.00  3.00   0.010000
F_fleet_3_YR_2015_s_1           0.104239000000     2   0.00  3.00   0.010000
F_fleet_3_YR_2016_s_1           0.102258000000     2   0.00  3.00   0.010000
F_fleet_3_YR_2017_s_1           0.132003000000     2   0.00  3.00   0.010000
F_fleet_4_YR_1950_s_1           0.050376700000     1   0.00  3.00   0.010000
F_fleet_4_YR_1951_s_1           0.068692800000     1   0.00  3.00   0.010000
F_fleet_4_YR_1952_s_1           0.081134400000     1   0.00  3.00   0.010000
F_fleet_4_YR_1953_s_1           0.085318200000     1   0.00  3.00   0.010000
F_fleet_4_YR_1954_s_1           0.110614000000     1   0.00  3.00   0.010000
F_fleet_4_YR_1955_s_1           0.115311000000     1   0.00  3.00   0.010000
F_fleet_4_YR_1956_s_1           0.147447000000     1   0.00  3.00   0.010000
F_fleet_4_YR_1957_s_1           0.168848000000     1   0.00  3.00   0.010000
F_fleet_4_YR_1958_s_1           0.206844000000     1   0.00  3.00   0.010000
F_fleet_4_YR_1959_s_1           0.223043000000     1   0.00  3.00   0.010000
F_fleet_4_YR_1960_s_1           0.223034000000     1   0.00  3.00   0.010000
F_fleet_4_YR_1961_s_1           0.168916000000     1   0.00  3.00   0.010000
F_fleet_4_YR_1962_s_1           0.162692000000     1   0.00  3.00   0.010000
F_fleet_4_YR_1963_s_1           0.185574000000     1   0.00  3.00   0.010000
F_fleet_4_YR_1964_s_1           0.196127000000     1   0.00  3.00   0.010000
F_fleet_4_YR_1965_s_1           0.217873000000     1   0.00  3.00   0.010000
F_fleet_4_YR_1966_s_1           0.214548000000     1   0.00  3.00   0.010000
F_fleet_4_YR_1967_s_1           0.233999000000     1   0.00  3.00   0.010000
F_fleet_4_YR_1968_s_1           0.238021000000     1   0.00  3.00   0.010000
F_fleet_4_YR_1969_s_1           0.271041000000     1   0.00  3.00   0.010000
F_fleet_4_YR_1970_s_1           0.255649000000     1   0.00  3.00   0.010000
F_fleet_4_YR_1971_s_1           0.244285000000     1   0.00  3.00   0.010000
F_fleet_4_YR_1972_s_1           0.238824000000     1   0.00  3.00   0.010000
F_fleet_4_YR_1973_s_1           0.243342000000     1   0.00  3.00   0.010000
F_fleet_4_YR_1974_s_1           0.242792000000     1   0.00  3.00   0.010000
F_fleet_4_YR_1975_s_1           0.244938000000     1   0.00  3.00   0.010000
F_fleet_4_YR_1976_s_1           0.254911000000     1   0.00  3.00   0.010000
F_fleet_4_YR_1977_s_1           0.280334000000     1   0.00  3.00   0.010000
F_fleet_4_YR_1978_s_1           0.297140000000     1   0.00  3.00   0.010000
F_fleet_4_YR_1979_s_1           0.311773000000     1   0.00  3.00   0.010000
F_fleet_4_YR_1980_s_1           0.319120000000     1   0.00  3.00   0.010000
F_fleet_4_YR_1981_s_1           0.289697000000     1   0.00  3.00   0.010000
F_fleet_4_YR_1982_s_1           0.275846000000     1   0.00  3.00   0.010000
F_fleet_4_YR_1983_s_1           0.278641000000     1   0.00  3.00   0.010000
F_fleet_4_YR_1984_s_1           0.315823000000     1   0.00  3.00   0.010000
F_fleet_4_YR_1985_s_1           0.304669000000     1   0.00  3.00   0.010000
F_fleet_4_YR_1986_s_1           0.332880000000     1   0.00  3.00   0.010000
F_fleet_4_YR_1987_s_1           0.276980000000     1   0.00  3.00   0.010000
F_fleet_4_YR_1988_s_1           0.254419000000     1   0.00  3.00   0.010000
F_fleet_4_YR_1989_s_1           0.279953000000     1   0.00  3.00   0.010000
F_fleet_4_YR_1990_s_1           0.246370000000     1   0.00  3.00   0.010000
F_fleet_4_YR_1991_s_1           0.257512000000     1   0.00  3.00   0.010000
F_fleet_4_YR_1992_s_1           0.324423000000     1   0.00  3.00   0.010000
F_fleet_4_YR_1993_s_1           0.368990000000     1   0.00  3.00   0.010000
F_fleet_4_YR_1994_s_1           0.561334000000     1   0.00  3.00   0.010000
F_fleet_4_YR_1995_s_1           0.436582000000     1   0.00  3.00   0.010000
F_fleet_4_YR_1996_s_1           0.409038000000     1   0.00  3.00   0.010000
F_fleet_4_YR_1997_s_1           0.423107000000     1   0.00  3.00   0.010000
F_fleet_4_YR_1998_s_1           0.514575000000     1   0.00  3.00   0.010000
F_fleet_4_YR_1999_s_1           0.332949000000     1   0.00  3.00   0.010000
F_fleet_4_YR_2000_s_1           0.265879000000     1   0.00  3.00   0.010000
F_fleet_4_YR_2001_s_1           0.293908000000     1   0.00  3.00   0.010000
F_fleet_4_YR_2002_s_1           0.365750000000     1   0.00  3.00   0.010000
F_fleet_4_YR_2003_s_1           0.313182000000     1   0.00  3.00   0.010000
F_fleet_4_YR_2004_s_1           0.287842000000     1   0.00  3.00   0.010000
F_fleet_4_YR_2005_s_1           0.240944000000     1   0.00  3.00   0.010000
F_fleet_4_YR_2006_s_1           0.156711000000     1   0.00  3.00   0.010000
F_fleet_4_YR_2007_s_1           0.108205000000     1   0.00  3.00   0.010000
F_fleet_4_YR_2008_s_1           0.077192300000     1   0.00  3.00   0.010000
F_fleet_4_YR_2009_s_1           0.123462000000     1   0.00  3.00   0.010000
F_fleet_4_YR_2010_s_1           0.091825500000     1   0.00  3.00   0.010000
F_fleet_4_YR_2011_s_1           0.108690000000     1   0.00  3.00   0.010000
F_fleet_4_YR_2012_s_1           0.096782300000     1   0.00  3.00   0.010000
F_fleet_4_YR_2013_s_1           0.108621000000     1   0.00  3.00   0.010000
F_fleet_4_YR_2014_s_1           0.086863800000     1   0.00  3.00   0.010000
F_fleet_4_YR_2015_s_1           0.073489000000     1   0.00  3.00   0.010000
F_fleet_4_YR_2016_s_1           0.000000172077     1   0.00  3.00   0.010000
F_fleet_4_YR_2017_s_1           0.000000245191     1   0.00  3.00   0.010000
LnQ_base_SMP_BYC(4)             1.373350000000     2 -10.00 20.00   1.384810
Size_DblN_top_logit_VIDEO(8)   -2.134340000000     3 -10.00  3.00  -1.574750
Size_DblN_ascend_se_VIDEO(8)    1.169460000000     3  -6.00 12.00   1.100060
Size_DblN_end_logit_VIDEO(8)    0.374783000000     2  -8.00  5.00   0.597499
Size_DblN_top_logit_SEAMAP(9)  -4.076330000000     3 -10.00  3.00  -4.089010
Size_DblN_ascend_se_SEAMAP(9)   1.038760000000     3  -6.00 12.00   1.262730
Size_DblN_end_logit_SEAMAP(9)  -5.345500000000     2  -8.00  5.00  -5.306050
Age_inflection_CM_E(1)          2.144140000000     3   0.50 14.00   2.119950
Age_95%width_CM_E(1)            0.947921000000     1   0.50 14.00   0.916154
Age_inflection_CM_W(2)          3.786860000000     3   0.50 14.00   3.680750
Age_95%width_CM_W(2)            2.174480000000     1   0.50 14.00   2.096610
Age_DblN_peak_REC(3)            3.389570000000     2   1.00 10.00   3.332760
Age_DblN_top_logit_REC(3)      -9.004850000000     3 -10.00  3.00  -9.165070
Age_DblN_ascend_se_REC(3)       0.649088000000     3  -6.00 12.00   0.549862
Age_DblN_descend_se_REC(3)      3.057340000000     3  -4.00  6.00   2.952730
Age_DblN_start_logit_REC(3)   -11.940700000000     2 -15.00  5.00 -12.103500
Age_DblN_end_logit_REC(3)      -1.873910000000     2  -8.00  5.00  -1.829480
                              Status     Parm_StDev          Gradient  Pr_type
SR_LN(R0)                         OK  0.05828620000  0.00009785950000 No_prior
SR_BH_steep                       OK  0.06809510000  0.00000423884000 No_prior
F_fleet_1_YR_1950_s_1            act  0.00000267756 -0.00020982300000        F
F_fleet_1_YR_1951_s_1            act  0.00000534321  0.00004362180000        F
F_fleet_1_YR_1952_s_1            act  0.00000808178 -0.00000683080000        F
F_fleet_1_YR_1953_s_1            act  0.00001085510  0.00000750127000        F
F_fleet_1_YR_1954_s_1            act  0.00001372120  0.00000415727000        F
F_fleet_1_YR_1955_s_1            act  0.00001666230  0.00000498131000        F
F_fleet_1_YR_1956_s_1            act  0.00001966520  0.00000297059000        F
F_fleet_1_YR_1957_s_1            act  0.00002280130 -0.00000349007000        F
F_fleet_1_YR_1958_s_1            act  0.00002608560 -0.00000446500000        F
F_fleet_1_YR_1959_s_1            act  0.00002952750 -0.00000396802000        F
F_fleet_1_YR_1960_s_1            act  0.00003321440 -0.00001019650000        F
F_fleet_1_YR_1961_s_1            act  0.00003702220 -0.00001029110000        F
F_fleet_1_YR_1962_s_1            act  0.00004082160 -0.00000948035000        F
F_fleet_1_YR_1963_s_1            act  0.00004437550 -0.00001162690000        F
F_fleet_1_YR_1964_s_1            act  0.00004891770 -0.00000947527000        F
F_fleet_1_YR_1965_s_1            act  0.00004901020 -0.00000929271000        F
F_fleet_1_YR_1966_s_1            act  0.00002580180 -0.00001121330000        F
F_fleet_1_YR_1967_s_1            act  0.00005281830 -0.00000537187000        F
F_fleet_1_YR_1968_s_1            act  0.00010627700 -0.00000682087000        F
F_fleet_1_YR_1969_s_1            act  0.00013731600 -0.00000657154000        F
F_fleet_1_YR_1970_s_1            act  0.00013014000 -0.00000244506000        F
F_fleet_1_YR_1971_s_1            act  0.00014450500 -0.00000841482000        F
F_fleet_1_YR_1972_s_1            act  0.00012930200 -0.00000270433000        F
F_fleet_1_YR_1973_s_1            act  0.00022052700 -0.00000571786000        F
F_fleet_1_YR_1974_s_1            act  0.00021137900 -0.00000085613100        F
F_fleet_1_YR_1975_s_1            act  0.00046541500  0.00000007248100        F
F_fleet_1_YR_1976_s_1            act  0.00041343900  0.00000102777000        F
F_fleet_1_YR_1977_s_1            act  0.00056778300  0.00000058227800        F
F_fleet_1_YR_1978_s_1            act  0.00049593500  0.00000044588600        F
F_fleet_1_YR_1979_s_1            act  0.00038452300 -0.00000165626000        F
F_fleet_1_YR_1980_s_1            act  0.00028564500  0.00000093236100        F
F_fleet_1_YR_1981_s_1            act  0.00042071500  0.00000288638000        F
F_fleet_1_YR_1982_s_1            act  0.00044338000  0.00000598861000        F
F_fleet_1_YR_1983_s_1            act  0.00071000400  0.00000366321000        F
F_fleet_1_YR_1984_s_1            act  0.00102001000  0.00000394525000        F
F_fleet_1_YR_1985_s_1            act  0.00134125000 -0.00000015975900        F
F_fleet_1_YR_1986_s_1            act  0.00145267000  0.00000375361000        F
F_fleet_1_YR_1987_s_1            act  0.00120094000 -0.00000129041000        F
F_fleet_1_YR_1988_s_1            act  0.00118406000  0.00000119769000        F
F_fleet_1_YR_1989_s_1            act  0.00121136000 -0.00000182337000        F
F_fleet_1_YR_1990_s_1            act  0.00304946000 -0.00000022138700        F
F_fleet_1_YR_1991_s_1            act  0.00259273000  0.00000054752800        F
F_fleet_1_YR_1992_s_1            act  0.00350892000  0.00000036261000        F
F_fleet_1_YR_1993_s_1            act  0.00522649000  0.00000096659100        F
F_fleet_1_YR_1994_s_1            act  0.00544396000  0.00000042346500        F
F_fleet_1_YR_1995_s_1            act  0.00575504000  0.00000146924000        F
F_fleet_1_YR_1996_s_1            act  0.00493916000  0.00000022457300        F
F_fleet_1_YR_1997_s_1            act  0.00494585000 -0.00000066074800        F
F_fleet_1_YR_1998_s_1            act  0.00414825000  0.00000105749000        F
F_fleet_1_YR_1999_s_1            act  0.00504815000  0.00000005789750        F
F_fleet_1_YR_2000_s_1            act  0.00399295000  0.00000223045000        F
F_fleet_1_YR_2001_s_1            act  0.00444063000 -0.00000283459000        F
F_fleet_1_YR_2002_s_1            act  0.00501387000 -0.00000192843000        F
F_fleet_1_YR_2003_s_1            act  0.00551338000 -0.00000302104000        F
F_fleet_1_YR_2004_s_1            act  0.00439000000 -0.00000185569000        F
F_fleet_1_YR_2005_s_1            act  0.00659103000 -0.00000301388000        F
F_fleet_1_YR_2006_s_1            act  0.00696903000  0.00000101927000        F
F_fleet_1_YR_2007_s_1            act  0.00703153000 -0.00000098900000        F
F_fleet_1_YR_2008_s_1            act  0.00778421000 -0.00000265058000        F
F_fleet_1_YR_2009_s_1            act  0.01134790000 -0.00000118068000        F
F_fleet_1_YR_2010_s_1            act  0.00554072000  0.00000532022000        F
F_fleet_1_YR_2011_s_1            act  0.01080560000 -0.00000039186300        F
F_fleet_1_YR_2012_s_1            act  0.00804837000 -0.00000169903000        F
F_fleet_1_YR_2013_s_1            act  0.00455541000 -0.00000116063000        F
F_fleet_1_YR_2014_s_1            act  0.00510530000  0.00000015492200        F
F_fleet_1_YR_2015_s_1            act  0.00278558000  0.00000508590000        F
F_fleet_1_YR_2016_s_1            act  0.00312680000  0.00000168522000        F
F_fleet_1_YR_2017_s_1            act  0.00354201000  0.00000226938000        F
F_fleet_2_YR_1950_s_1            act  0.00000255063  0.00000152411000        F
F_fleet_2_YR_1951_s_1            act  0.00000510669 -0.00002322020000        F
F_fleet_2_YR_1952_s_1            act  0.00000767763  0.00013427800000        F
F_fleet_2_YR_1953_s_1            act  0.00001028300  0.00005495910000        F
F_fleet_2_YR_1954_s_1            act  0.00001295380 -0.00000368827000        F
F_fleet_2_YR_1955_s_1            act  0.00001570830 -0.00012747500000        F
F_fleet_2_YR_1956_s_1            act  0.00001854800  0.00001320220000        F
F_fleet_2_YR_1957_s_1            act  0.00002148030  0.00014899700000        F
F_fleet_2_YR_1958_s_1            act  0.00002452280 -0.00005816700000        F
F_fleet_2_YR_1959_s_1            act  0.00002770120 -0.00011327600000        F
F_fleet_2_YR_1960_s_1            act  0.00003105250  0.00012988300000        F
F_fleet_2_YR_1961_s_1            act  0.00003460220  0.00013213000000        F
F_fleet_2_YR_1962_s_1            act  0.00003833150 -0.00000328925000        F
F_fleet_2_YR_1963_s_1            act  0.00004212590  0.00004106400000        F
F_fleet_2_YR_1964_s_1            act  0.00004474470 -0.00000965938000        F
F_fleet_2_YR_1965_s_1            act  0.00003993110 -0.00001105180000        F
F_fleet_2_YR_1966_s_1            act  0.00001291900 -0.00000547922000        F
F_fleet_2_YR_1967_s_1            act  0.00003085430  0.00000129593000        F
F_fleet_2_YR_1968_s_1            act  0.00009960500  0.00000295667000        F
F_fleet_2_YR_1969_s_1            act  0.00005440160 -0.00000199948000        F
F_fleet_2_YR_1970_s_1            act  0.00009054310  0.00000287078000        F
F_fleet_2_YR_1971_s_1            act  0.00009960760  0.00000264382000        F
F_fleet_2_YR_1972_s_1            act  0.00009799920  0.00000052505600        F
F_fleet_2_YR_1973_s_1            act  0.00011774200  0.00000180727000        F
F_fleet_2_YR_1974_s_1            act  0.00014542200  0.00000276594000        F
F_fleet_2_YR_1975_s_1            act  0.00024167200  0.00000238767000        F
F_fleet_2_YR_1976_s_1            act  0.00013564400  0.00000278699000        F
F_fleet_2_YR_1977_s_1            act  0.00044455900  0.00000068032900        F
F_fleet_2_YR_1978_s_1            act  0.00037826600  0.00000151694000        F
F_fleet_2_YR_1979_s_1            act  0.00051894600  0.00000123640000        F
F_fleet_2_YR_1980_s_1            act  0.00035442400  0.00000343451000        F
F_fleet_2_YR_1981_s_1            act  0.00028007900  0.00000280998000        F
F_fleet_2_YR_1982_s_1            act  0.00036263800  0.00000597238000        F
F_fleet_2_YR_1983_s_1            act  0.00041040700  0.00000532491000        F
F_fleet_2_YR_1984_s_1            act  0.00223395000  0.00000099426900        F
F_fleet_2_YR_1985_s_1            act  0.00204341000  0.00000436717000        F
F_fleet_2_YR_1986_s_1            act  0.00276822000  0.00000441699000        F
F_fleet_2_YR_1987_s_1            act  0.00319226000 -0.00000001343690        F
F_fleet_2_YR_1988_s_1            act  0.00343759000 -0.00000093206600        F
F_fleet_2_YR_1989_s_1            act  0.00376322000 -0.00000060432300        F
F_fleet_2_YR_1990_s_1            act  0.00390570000 -0.00000018848300        F
F_fleet_2_YR_1991_s_1            act  0.00350070000  0.00000050334100        F
F_fleet_2_YR_1992_s_1            act  0.00492234000  0.00000018122700        F
F_fleet_2_YR_1993_s_1            act  0.00527344000  0.00000096799000        F
F_fleet_2_YR_1994_s_1            act  0.00588965000  0.00000155874000        F
F_fleet_2_YR_1995_s_1            act  0.00405627000  0.00000262400000        F
F_fleet_2_YR_1996_s_1            act  0.00437451000  0.00000246332000        F
F_fleet_2_YR_1997_s_1            act  0.00786931000  0.00000258958000        F
F_fleet_2_YR_1998_s_1            act  0.00723774000  0.00000266647000        F
F_fleet_2_YR_1999_s_1            act  0.00978980000  0.00000175268000        F
F_fleet_2_YR_2000_s_1            act  0.00729384000  0.00000456183000        F
F_fleet_2_YR_2001_s_1            act  0.00895821000  0.00000008894270        F
F_fleet_2_YR_2002_s_1            act  0.01025170000  0.00000015557000        F
F_fleet_2_YR_2003_s_1            act  0.01287490000  0.00000234808000        F
F_fleet_2_YR_2004_s_1            act  0.01201030000  0.00000088259600        F
F_fleet_2_YR_2005_s_1            act  0.01085540000  0.00000105099000        F
F_fleet_2_YR_2006_s_1            act  0.00712960000 -0.00000066228600        F
F_fleet_2_YR_2007_s_1            act  0.01256700000  0.00000055196400        F
F_fleet_2_YR_2008_s_1            act  0.00847052000 -0.00000119131000        F
F_fleet_2_YR_2009_s_1            act  0.00798629000  0.00000155155000        F
F_fleet_2_YR_2010_s_1            act  0.00618558000  0.00000090401200        F
F_fleet_2_YR_2011_s_1            act  0.00559771000  0.00000148384000        F
F_fleet_2_YR_2012_s_1            act  0.00702751000  0.00000119581000        F
F_fleet_2_YR_2013_s_1            act  0.00425245000  0.00000446617000        F
F_fleet_2_YR_2014_s_1            act  0.00556688000  0.00000430156000        F
F_fleet_2_YR_2015_s_1            act  0.00547063000  0.00000317903000        F
F_fleet_2_YR_2016_s_1            act  0.00542366000  0.00000329353000        F
F_fleet_2_YR_2017_s_1            act  0.00439959000  0.00000095275300        F
F_fleet_3_YR_1950_s_1            act  0.00002515860  0.00000509552000        F
F_fleet_3_YR_1951_s_1            act  0.00006823430 -0.00000281879000        F
F_fleet_3_YR_1952_s_1            act  0.00011301400  0.00000134650000        F
F_fleet_3_YR_1953_s_1            act  0.00015968000 -0.00000161744000        F
F_fleet_3_YR_1954_s_1            act  0.00020804800 -0.00000178110000        F
F_fleet_3_YR_1955_s_1            act  0.00025834800  0.00000115426000        F
F_fleet_3_YR_1956_s_1            act  0.00031069000 -0.00000482367000        F
F_fleet_3_YR_1957_s_1            act  0.00036567500 -0.00000237460000        F
F_fleet_3_YR_1958_s_1            act  0.00042452200  0.00000243903000        F
F_fleet_3_YR_1959_s_1            act  0.00048820500 -0.00000071308800        F
F_fleet_3_YR_1960_s_1            act  0.00055638400 -0.00000057817400        F
F_fleet_3_YR_1961_s_1            act  0.00062501600 -0.00000205889000        F
F_fleet_3_YR_1962_s_1            act  0.00068644200 -0.00000230498000        F
F_fleet_3_YR_1963_s_1            act  0.00074013600  0.00000024494600        F
F_fleet_3_YR_1964_s_1            act  0.00079474700  0.00000025140200        F
F_fleet_3_YR_1965_s_1            act  0.00085366400 -0.00000272134000        F
F_fleet_3_YR_1966_s_1            act  0.00091722000 -0.00000058418900        F
F_fleet_3_YR_1967_s_1            act  0.00098411200  0.00000007063720        F
F_fleet_3_YR_1968_s_1            act  0.00105489000 -0.00000030686100        F
F_fleet_3_YR_1969_s_1            act  0.00113021000 -0.00000086917600        F
F_fleet_3_YR_1970_s_1            act  0.00121104000 -0.00000000121111        F
F_fleet_3_YR_1971_s_1            act  0.00129208000  0.00000052091700        F
F_fleet_3_YR_1972_s_1            act  0.00136484000 -0.00000342735000        F
F_fleet_3_YR_1973_s_1            act  0.00143216000  0.00000025418600        F
F_fleet_3_YR_1974_s_1            act  0.00149831000 -0.00000005011310        F
F_fleet_3_YR_1975_s_1            act  0.00156712000 -0.00000056738700        F
F_fleet_3_YR_1976_s_1            act  0.00163764000  0.00000005215640        F
F_fleet_3_YR_1977_s_1            act  0.00171474000  0.00000023603000        F
F_fleet_3_YR_1978_s_1            act  0.00180403000 -0.00000023277000        F
F_fleet_3_YR_1979_s_1            act  0.00190291000  0.00000020757600        F
F_fleet_3_YR_1980_s_1            act  0.00200612000 -0.00000000694689        F
F_fleet_3_YR_1981_s_1            act  0.00210889000 -0.00000047495800        F
F_fleet_3_YR_1982_s_1            act  0.00474538000 -0.00000130681000        F
F_fleet_3_YR_1983_s_1            act  0.00181842000  0.00000057028900        F
F_fleet_3_YR_1984_s_1            act  0.00282285000 -0.00000011659400        F
F_fleet_3_YR_1985_s_1            act  0.00553151000 -0.00000002149780        F
F_fleet_3_YR_1986_s_1            act  0.00792385000 -0.00000035415900        F
F_fleet_3_YR_1987_s_1            act  0.01024490000 -0.00000003916540        F
F_fleet_3_YR_1988_s_1            act  0.01550670000 -0.00000094110100        F
F_fleet_3_YR_1989_s_1            act  0.00858111000 -0.00000034176500        F
F_fleet_3_YR_1990_s_1            act  0.01170250000 -0.00000046523700        F
F_fleet_3_YR_1991_s_1            act  0.01536800000 -0.00000150944000        F
F_fleet_3_YR_1992_s_1            act  0.01949550000 -0.00000143851000        F
F_fleet_3_YR_1993_s_1            act  0.01508240000 -0.00000165456000        F
F_fleet_3_YR_1994_s_1            act  0.01343210000 -0.00000025020600        F
F_fleet_3_YR_1995_s_1            act  0.02029450000 -0.00000127740000        F
F_fleet_3_YR_1996_s_1            act  0.00870614000 -0.00000040948400        F
F_fleet_3_YR_1997_s_1            act  0.01580690000 -0.00000001529300        F
F_fleet_3_YR_1998_s_1            act  0.00829490000 -0.00000022112800        F
F_fleet_3_YR_1999_s_1            act  0.01635780000 -0.00000042605200        F
F_fleet_3_YR_2000_s_1            act  0.00962141000 -0.00000015148800        F
F_fleet_3_YR_2001_s_1            act  0.02381770000 -0.00000034940100        F
F_fleet_3_YR_2002_s_1            act  0.01910470000 -0.00000090812800        F
F_fleet_3_YR_2003_s_1            act  0.01761900000  0.00000012187400        F
F_fleet_3_YR_2004_s_1            act  0.01770560000  0.00000017538700        F
F_fleet_3_YR_2005_s_1            act  0.02197810000 -0.00000003621730        F
F_fleet_3_YR_2006_s_1            act  0.02082470000  0.00000082235500        F
F_fleet_3_YR_2007_s_1            act  0.02006300000 -0.00000041153000        F
F_fleet_3_YR_2008_s_1            act  0.00955459000  0.00000042223400        F
F_fleet_3_YR_2009_s_1            act  0.01328020000 -0.00000041893800        F
F_fleet_3_YR_2010_s_1            act  0.00970404000  0.00000009486730        F
F_fleet_3_YR_2011_s_1            act  0.02263230000 -0.00000049510400        F
F_fleet_3_YR_2012_s_1            act  0.01760550000 -0.00000088901400        F
F_fleet_3_YR_2013_s_1            act  0.02786490000 -0.00000023552900        F
F_fleet_3_YR_2014_s_1            act  0.02423600000 -0.00000002962780        F
F_fleet_3_YR_2015_s_1            act  0.01939720000 -0.00000066928200        F
F_fleet_3_YR_2016_s_1            act  0.01916920000 -0.00000046554900        F
F_fleet_3_YR_2017_s_1            act  0.02554130000 -0.00000008378140        F
F_fleet_4_YR_1950_s_1            act  0.01101410000  0.00000044605700        F
F_fleet_4_YR_1951_s_1            act  0.01501900000  0.00000872679000        F
F_fleet_4_YR_1952_s_1            act  0.01773980000  0.00000632966000        F
F_fleet_4_YR_1953_s_1            act  0.01865510000 -0.00000066612800        F
F_fleet_4_YR_1954_s_1            act  0.02418790000 -0.00000156290000        F
F_fleet_4_YR_1955_s_1            act  0.02521620000 -0.00000085057400        F
F_fleet_4_YR_1956_s_1            act  0.03224730000 -0.00000005566650        F
F_fleet_4_YR_1957_s_1            act  0.03693190000 -0.00000694869000        F
F_fleet_4_YR_1958_s_1            act  0.04525070000 -0.00000145216000        F
F_fleet_4_YR_1959_s_1            act  0.04880190000  0.00000102763000        F
F_fleet_4_YR_1960_s_1            act  0.04880790000  0.00000141063000        F
F_fleet_4_YR_1961_s_1            act  0.03696430000 -0.00000131552000        F
F_fleet_4_YR_1962_s_1            act  0.03560760000 -0.00000197358000        F
F_fleet_4_YR_1963_s_1            act  0.04062920000 -0.00000189002000        F
F_fleet_4_YR_1964_s_1            act  0.04295270000  0.00000025163700        F
F_fleet_4_YR_1965_s_1            act  0.04773640000  0.00000096027900        F
F_fleet_4_YR_1966_s_1            act  0.04702320000 -0.00000326581000        F
F_fleet_4_YR_1967_s_1            act  0.05131630000  0.00000140833000        F
F_fleet_4_YR_1968_s_1            act  0.05222400000 -0.00000312210000        F
F_fleet_4_YR_1969_s_1            act  0.05952240000 -0.00000050857000        F
F_fleet_4_YR_1970_s_1            act  0.05617560000 -0.00000073619400        F
F_fleet_4_YR_1971_s_1            act  0.05378670000 -0.00000198408000        F
F_fleet_4_YR_1972_s_1            act  0.05080070000  0.00000075373300        F
F_fleet_4_YR_1973_s_1            act  0.05270660000 -0.00000006734500        F
F_fleet_4_YR_1974_s_1            act  0.05264020000 -0.00000112314000        F
F_fleet_4_YR_1975_s_1            act  0.05315850000  0.00000009408790        F
F_fleet_4_YR_1976_s_1            act  0.05536480000 -0.00000034961400        F
F_fleet_4_YR_1977_s_1            act  0.06089450000  0.00000036405800        F
F_fleet_4_YR_1978_s_1            act  0.06453000000  0.00000006448660        F
F_fleet_4_YR_1979_s_1            act  0.06761690000  0.00000393155000        F
F_fleet_4_YR_1980_s_1            act  0.06899340000 -0.00000259272000        F
F_fleet_4_YR_1981_s_1            act  0.06235900000 -0.00000060270700        F
F_fleet_4_YR_1982_s_1            act  0.05884890000 -0.00000105426000        F
F_fleet_4_YR_1983_s_1            act  0.05858040000 -0.00000059165200        F
F_fleet_4_YR_1984_s_1            act  0.06481880000 -0.00000008367470        F
F_fleet_4_YR_1985_s_1            act  0.06288840000 -0.00000074757400        F
F_fleet_4_YR_1986_s_1            act  0.06767160000 -0.00000108992000        F
F_fleet_4_YR_1987_s_1            act  0.05486520000 -0.00000113517000        F
F_fleet_4_YR_1988_s_1            act  0.05035230000 -0.00000164111000        F
F_fleet_4_YR_1989_s_1            act  0.05506020000  0.00000091875300        F
F_fleet_4_YR_1990_s_1            act  0.04742300000 -0.00000064642700        F
F_fleet_4_YR_1991_s_1            act  0.04857390000 -0.00000174422000        F
F_fleet_4_YR_1992_s_1            act  0.05977500000  0.00000026060700        F
F_fleet_4_YR_1993_s_1            act  0.07381890000 -0.00000038875400        F
F_fleet_4_YR_1994_s_1            act  0.10353300000  0.00000049770700        F
F_fleet_4_YR_1995_s_1            act  0.10228500000 -0.00000028568300        F
F_fleet_4_YR_1996_s_1            act  0.08602150000 -0.00000059111200        F
F_fleet_4_YR_1997_s_1            act  0.08858870000 -0.00000133222000        F
F_fleet_4_YR_1998_s_1            act  0.10536200000 -0.00000182147000        F
F_fleet_4_YR_1999_s_1            act  0.07173040000  0.00000001104280        F
F_fleet_4_YR_2000_s_1            act  0.05481720000 -0.00000146523000        F
F_fleet_4_YR_2001_s_1            act  0.05964540000 -0.00000164592000        F
F_fleet_4_YR_2002_s_1            act  0.07519540000 -0.00000301718000        F
F_fleet_4_YR_2003_s_1            act  0.06588040000 -0.00000101845000        F
F_fleet_4_YR_2004_s_1            act  0.05801130000 -0.00000172365000        F
F_fleet_4_YR_2005_s_1            act  0.05024240000  0.00000000185070        F
F_fleet_4_YR_2006_s_1            act  0.03341750000 -0.00000132302000        F
F_fleet_4_YR_2007_s_1            act  0.02255580000  0.00000083206200        F
F_fleet_4_YR_2008_s_1            act  0.01625300000 -0.00000118122000        F
F_fleet_4_YR_2009_s_1            act  0.02673570000 -0.00000067528600        F
F_fleet_4_YR_2010_s_1            act  0.02038730000 -0.00000239282000        F
F_fleet_4_YR_2011_s_1            act  0.02428960000 -0.00000088480600        F
F_fleet_4_YR_2012_s_1            act  0.02147490000 -0.00000087558800        F
F_fleet_4_YR_2013_s_1            act  0.02383630000  0.00000064679000        F
F_fleet_4_YR_2014_s_1            act  0.01884370000 -0.00000239857000        F
F_fleet_4_YR_2015_s_1            act  0.01594490000  0.00000906269000        F
F_fleet_4_YR_2016_s_1            act  0.00029804000 -0.00000018246100        F
F_fleet_4_YR_2017_s_1            act  0.00042471100 -0.00000047297600        F
LnQ_base_SMP_BYC(4)               OK  0.08828180000 -0.00002869630000 No_prior
Size_DblN_top_logit_VIDEO(8)      OK  5.21914000000 -0.00000002994360 No_prior
Size_DblN_ascend_se_VIDEO(8)      OK  0.19444200000 -0.00000023928900 No_prior
Size_DblN_end_logit_VIDEO(8)      OK  0.32842000000  0.00000033771700 No_prior
Size_DblN_top_logit_SEAMAP(9)     OK  0.83709200000 -0.00000074757600 No_prior
Size_DblN_ascend_se_SEAMAP(9)     OK  0.23558700000  0.00000109711000 No_prior
Size_DblN_end_logit_SEAMAP(9)     OK  2.22187000000 -0.00000011961500 No_prior
Age_inflection_CM_E(1)            OK  0.06489520000  0.00000158145000 No_prior
Age_95%width_CM_E(1)              OK  0.14735900000  0.00000049832900 No_prior
Age_inflection_CM_W(2)            OK  0.16097900000 -0.00001325040000 No_prior
Age_95%width_CM_W(2)              OK  0.22041100000  0.00000046798400 No_prior
Age_DblN_peak_REC(3)              OK  0.19988900000  0.00000095293300 No_prior
Age_DblN_top_logit_REC(3)         OK 22.70870000000 -0.00000001501830 No_prior
Age_DblN_ascend_se_REC(3)         OK  0.26208200000 -0.00000360999000 No_prior
Age_DblN_descend_se_REC(3)        OK  0.36048400000 -0.00000236408000 No_prior
Age_DblN_start_logit_REC(3)       OK 51.42190000000  0.00000000757181 No_prior
Age_DblN_end_logit_REC(3)         OK  0.71605900000 -0.00000082957900 No_prior
                              Prior Pr_SD Pr_Like Afterbound
SR_LN(R0)                        NA    NA      NA         OK
SR_BH_steep                      NA    NA      NA         OK
F_fleet_1_YR_1950_s_1            NA    NA      NA      CHECK
F_fleet_1_YR_1951_s_1            NA    NA      NA      CHECK
F_fleet_1_YR_1952_s_1            NA    NA      NA      CHECK
F_fleet_1_YR_1953_s_1            NA    NA      NA      CHECK
F_fleet_1_YR_1954_s_1            NA    NA      NA      CHECK
F_fleet_1_YR_1955_s_1            NA    NA      NA      CHECK
F_fleet_1_YR_1956_s_1            NA    NA      NA      CHECK
F_fleet_1_YR_1957_s_1            NA    NA      NA      CHECK
F_fleet_1_YR_1958_s_1            NA    NA      NA      CHECK
F_fleet_1_YR_1959_s_1            NA    NA      NA      CHECK
F_fleet_1_YR_1960_s_1            NA    NA      NA      CHECK
F_fleet_1_YR_1961_s_1            NA    NA      NA      CHECK
F_fleet_1_YR_1962_s_1            NA    NA      NA      CHECK
F_fleet_1_YR_1963_s_1            NA    NA      NA      CHECK
F_fleet_1_YR_1964_s_1            NA    NA      NA      CHECK
F_fleet_1_YR_1965_s_1            NA    NA      NA      CHECK
F_fleet_1_YR_1966_s_1            NA    NA      NA      CHECK
F_fleet_1_YR_1967_s_1            NA    NA      NA      CHECK
F_fleet_1_YR_1968_s_1            NA    NA      NA         OK
F_fleet_1_YR_1969_s_1            NA    NA      NA         OK
F_fleet_1_YR_1970_s_1            NA    NA      NA         OK
F_fleet_1_YR_1971_s_1            NA    NA      NA         OK
F_fleet_1_YR_1972_s_1            NA    NA      NA         OK
F_fleet_1_YR_1973_s_1            NA    NA      NA         OK
F_fleet_1_YR_1974_s_1            NA    NA      NA         OK
F_fleet_1_YR_1975_s_1            NA    NA      NA         OK
F_fleet_1_YR_1976_s_1            NA    NA      NA         OK
F_fleet_1_YR_1977_s_1            NA    NA      NA         OK
F_fleet_1_YR_1978_s_1            NA    NA      NA         OK
F_fleet_1_YR_1979_s_1            NA    NA      NA         OK
F_fleet_1_YR_1980_s_1            NA    NA      NA         OK
F_fleet_1_YR_1981_s_1            NA    NA      NA         OK
F_fleet_1_YR_1982_s_1            NA    NA      NA         OK
F_fleet_1_YR_1983_s_1            NA    NA      NA         OK
F_fleet_1_YR_1984_s_1            NA    NA      NA         OK
F_fleet_1_YR_1985_s_1            NA    NA      NA         OK
F_fleet_1_YR_1986_s_1            NA    NA      NA         OK
F_fleet_1_YR_1987_s_1            NA    NA      NA         OK
F_fleet_1_YR_1988_s_1            NA    NA      NA         OK
F_fleet_1_YR_1989_s_1            NA    NA      NA         OK
F_fleet_1_YR_1990_s_1            NA    NA      NA         OK
F_fleet_1_YR_1991_s_1            NA    NA      NA         OK
F_fleet_1_YR_1992_s_1            NA    NA      NA         OK
F_fleet_1_YR_1993_s_1            NA    NA      NA         OK
F_fleet_1_YR_1994_s_1            NA    NA      NA         OK
F_fleet_1_YR_1995_s_1            NA    NA      NA         OK
F_fleet_1_YR_1996_s_1            NA    NA      NA         OK
F_fleet_1_YR_1997_s_1            NA    NA      NA         OK
F_fleet_1_YR_1998_s_1            NA    NA      NA         OK
F_fleet_1_YR_1999_s_1            NA    NA      NA         OK
F_fleet_1_YR_2000_s_1            NA    NA      NA         OK
F_fleet_1_YR_2001_s_1            NA    NA      NA         OK
F_fleet_1_YR_2002_s_1            NA    NA      NA         OK
F_fleet_1_YR_2003_s_1            NA    NA      NA         OK
F_fleet_1_YR_2004_s_1            NA    NA      NA         OK
F_fleet_1_YR_2005_s_1            NA    NA      NA         OK
F_fleet_1_YR_2006_s_1            NA    NA      NA         OK
F_fleet_1_YR_2007_s_1            NA    NA      NA         OK
F_fleet_1_YR_2008_s_1            NA    NA      NA         OK
F_fleet_1_YR_2009_s_1            NA    NA      NA         OK
F_fleet_1_YR_2010_s_1            NA    NA      NA         OK
F_fleet_1_YR_2011_s_1            NA    NA      NA         OK
F_fleet_1_YR_2012_s_1            NA    NA      NA         OK
F_fleet_1_YR_2013_s_1            NA    NA      NA         OK
F_fleet_1_YR_2014_s_1            NA    NA      NA         OK
F_fleet_1_YR_2015_s_1            NA    NA      NA         OK
F_fleet_1_YR_2016_s_1            NA    NA      NA         OK
F_fleet_1_YR_2017_s_1            NA    NA      NA         OK
F_fleet_2_YR_1950_s_1            NA    NA      NA      CHECK
F_fleet_2_YR_1951_s_1            NA    NA      NA      CHECK
F_fleet_2_YR_1952_s_1            NA    NA      NA      CHECK
F_fleet_2_YR_1953_s_1            NA    NA      NA      CHECK
F_fleet_2_YR_1954_s_1            NA    NA      NA      CHECK
F_fleet_2_YR_1955_s_1            NA    NA      NA      CHECK
F_fleet_2_YR_1956_s_1            NA    NA      NA      CHECK
F_fleet_2_YR_1957_s_1            NA    NA      NA      CHECK
F_fleet_2_YR_1958_s_1            NA    NA      NA      CHECK
F_fleet_2_YR_1959_s_1            NA    NA      NA      CHECK
F_fleet_2_YR_1960_s_1            NA    NA      NA      CHECK
F_fleet_2_YR_1961_s_1            NA    NA      NA      CHECK
F_fleet_2_YR_1962_s_1            NA    NA      NA      CHECK
F_fleet_2_YR_1963_s_1            NA    NA      NA      CHECK
F_fleet_2_YR_1964_s_1            NA    NA      NA      CHECK
F_fleet_2_YR_1965_s_1            NA    NA      NA      CHECK
F_fleet_2_YR_1966_s_1            NA    NA      NA      CHECK
F_fleet_2_YR_1967_s_1            NA    NA      NA      CHECK
F_fleet_2_YR_1968_s_1            NA    NA      NA         OK
F_fleet_2_YR_1969_s_1            NA    NA      NA      CHECK
F_fleet_2_YR_1970_s_1            NA    NA      NA         OK
F_fleet_2_YR_1971_s_1            NA    NA      NA         OK
F_fleet_2_YR_1972_s_1            NA    NA      NA         OK
F_fleet_2_YR_1973_s_1            NA    NA      NA         OK
F_fleet_2_YR_1974_s_1            NA    NA      NA         OK
F_fleet_2_YR_1975_s_1            NA    NA      NA         OK
F_fleet_2_YR_1976_s_1            NA    NA      NA         OK
F_fleet_2_YR_1977_s_1            NA    NA      NA         OK
F_fleet_2_YR_1978_s_1            NA    NA      NA         OK
F_fleet_2_YR_1979_s_1            NA    NA      NA         OK
F_fleet_2_YR_1980_s_1            NA    NA      NA         OK
F_fleet_2_YR_1981_s_1            NA    NA      NA         OK
F_fleet_2_YR_1982_s_1            NA    NA      NA         OK
F_fleet_2_YR_1983_s_1            NA    NA      NA         OK
F_fleet_2_YR_1984_s_1            NA    NA      NA         OK
F_fleet_2_YR_1985_s_1            NA    NA      NA         OK
F_fleet_2_YR_1986_s_1            NA    NA      NA         OK
F_fleet_2_YR_1987_s_1            NA    NA      NA         OK
F_fleet_2_YR_1988_s_1            NA    NA      NA         OK
F_fleet_2_YR_1989_s_1            NA    NA      NA         OK
F_fleet_2_YR_1990_s_1            NA    NA      NA         OK
F_fleet_2_YR_1991_s_1            NA    NA      NA         OK
F_fleet_2_YR_1992_s_1            NA    NA      NA         OK
F_fleet_2_YR_1993_s_1            NA    NA      NA         OK
F_fleet_2_YR_1994_s_1            NA    NA      NA         OK
F_fleet_2_YR_1995_s_1            NA    NA      NA         OK
F_fleet_2_YR_1996_s_1            NA    NA      NA         OK
F_fleet_2_YR_1997_s_1            NA    NA      NA         OK
F_fleet_2_YR_1998_s_1            NA    NA      NA         OK
F_fleet_2_YR_1999_s_1            NA    NA      NA         OK
F_fleet_2_YR_2000_s_1            NA    NA      NA         OK
F_fleet_2_YR_2001_s_1            NA    NA      NA         OK
F_fleet_2_YR_2002_s_1            NA    NA      NA         OK
F_fleet_2_YR_2003_s_1            NA    NA      NA         OK
F_fleet_2_YR_2004_s_1            NA    NA      NA         OK
F_fleet_2_YR_2005_s_1            NA    NA      NA         OK
F_fleet_2_YR_2006_s_1            NA    NA      NA         OK
F_fleet_2_YR_2007_s_1            NA    NA      NA         OK
F_fleet_2_YR_2008_s_1            NA    NA      NA         OK
F_fleet_2_YR_2009_s_1            NA    NA      NA         OK
F_fleet_2_YR_2010_s_1            NA    NA      NA         OK
F_fleet_2_YR_2011_s_1            NA    NA      NA         OK
F_fleet_2_YR_2012_s_1            NA    NA      NA         OK
F_fleet_2_YR_2013_s_1            NA    NA      NA         OK
F_fleet_2_YR_2014_s_1            NA    NA      NA         OK
F_fleet_2_YR_2015_s_1            NA    NA      NA         OK
F_fleet_2_YR_2016_s_1            NA    NA      NA         OK
F_fleet_2_YR_2017_s_1            NA    NA      NA         OK
F_fleet_3_YR_1950_s_1            NA    NA      NA      CHECK
F_fleet_3_YR_1951_s_1            NA    NA      NA      CHECK
F_fleet_3_YR_1952_s_1            NA    NA      NA      CHECK
F_fleet_3_YR_1953_s_1            NA    NA      NA      CHECK
F_fleet_3_YR_1954_s_1            NA    NA      NA         OK
F_fleet_3_YR_1955_s_1            NA    NA      NA         OK
F_fleet_3_YR_1956_s_1            NA    NA      NA         OK
F_fleet_3_YR_1957_s_1            NA    NA      NA         OK
F_fleet_3_YR_1958_s_1            NA    NA      NA         OK
F_fleet_3_YR_1959_s_1            NA    NA      NA         OK
F_fleet_3_YR_1960_s_1            NA    NA      NA         OK
F_fleet_3_YR_1961_s_1            NA    NA      NA         OK
F_fleet_3_YR_1962_s_1            NA    NA      NA         OK
F_fleet_3_YR_1963_s_1            NA    NA      NA         OK
F_fleet_3_YR_1964_s_1            NA    NA      NA         OK
F_fleet_3_YR_1965_s_1            NA    NA      NA         OK
F_fleet_3_YR_1966_s_1            NA    NA      NA         OK
F_fleet_3_YR_1967_s_1            NA    NA      NA         OK
F_fleet_3_YR_1968_s_1            NA    NA      NA         OK
F_fleet_3_YR_1969_s_1            NA    NA      NA         OK
F_fleet_3_YR_1970_s_1            NA    NA      NA         OK
F_fleet_3_YR_1971_s_1            NA    NA      NA         OK
F_fleet_3_YR_1972_s_1            NA    NA      NA         OK
F_fleet_3_YR_1973_s_1            NA    NA      NA         OK
F_fleet_3_YR_1974_s_1            NA    NA      NA         OK
F_fleet_3_YR_1975_s_1            NA    NA      NA         OK
F_fleet_3_YR_1976_s_1            NA    NA      NA         OK
F_fleet_3_YR_1977_s_1            NA    NA      NA         OK
F_fleet_3_YR_1978_s_1            NA    NA      NA         OK
F_fleet_3_YR_1979_s_1            NA    NA      NA         OK
F_fleet_3_YR_1980_s_1            NA    NA      NA         OK
F_fleet_3_YR_1981_s_1            NA    NA      NA         OK
F_fleet_3_YR_1982_s_1            NA    NA      NA         OK
F_fleet_3_YR_1983_s_1            NA    NA      NA         OK
F_fleet_3_YR_1984_s_1            NA    NA      NA         OK
F_fleet_3_YR_1985_s_1            NA    NA      NA         OK
F_fleet_3_YR_1986_s_1            NA    NA      NA         OK
F_fleet_3_YR_1987_s_1            NA    NA      NA         OK
F_fleet_3_YR_1988_s_1            NA    NA      NA         OK
F_fleet_3_YR_1989_s_1            NA    NA      NA         OK
F_fleet_3_YR_1990_s_1            NA    NA      NA         OK
F_fleet_3_YR_1991_s_1            NA    NA      NA         OK
F_fleet_3_YR_1992_s_1            NA    NA      NA         OK
F_fleet_3_YR_1993_s_1            NA    NA      NA         OK
F_fleet_3_YR_1994_s_1            NA    NA      NA         OK
F_fleet_3_YR_1995_s_1            NA    NA      NA         OK
F_fleet_3_YR_1996_s_1            NA    NA      NA         OK
F_fleet_3_YR_1997_s_1            NA    NA      NA         OK
F_fleet_3_YR_1998_s_1            NA    NA      NA         OK
F_fleet_3_YR_1999_s_1            NA    NA      NA         OK
F_fleet_3_YR_2000_s_1            NA    NA      NA         OK
F_fleet_3_YR_2001_s_1            NA    NA      NA         OK
F_fleet_3_YR_2002_s_1            NA    NA      NA         OK
F_fleet_3_YR_2003_s_1            NA    NA      NA         OK
F_fleet_3_YR_2004_s_1            NA    NA      NA         OK
F_fleet_3_YR_2005_s_1            NA    NA      NA         OK
F_fleet_3_YR_2006_s_1            NA    NA      NA         OK
F_fleet_3_YR_2007_s_1            NA    NA      NA         OK
F_fleet_3_YR_2008_s_1            NA    NA      NA         OK
F_fleet_3_YR_2009_s_1            NA    NA      NA         OK
F_fleet_3_YR_2010_s_1            NA    NA      NA         OK
F_fleet_3_YR_2011_s_1            NA    NA      NA         OK
F_fleet_3_YR_2012_s_1            NA    NA      NA         OK
F_fleet_3_YR_2013_s_1            NA    NA      NA         OK
F_fleet_3_YR_2014_s_1            NA    NA      NA         OK
F_fleet_3_YR_2015_s_1            NA    NA      NA         OK
F_fleet_3_YR_2016_s_1            NA    NA      NA         OK
F_fleet_3_YR_2017_s_1            NA    NA      NA         OK
F_fleet_4_YR_1950_s_1            NA    NA      NA         OK
F_fleet_4_YR_1951_s_1            NA    NA      NA         OK
F_fleet_4_YR_1952_s_1            NA    NA      NA         OK
F_fleet_4_YR_1953_s_1            NA    NA      NA         OK
F_fleet_4_YR_1954_s_1            NA    NA      NA         OK
F_fleet_4_YR_1955_s_1            NA    NA      NA         OK
F_fleet_4_YR_1956_s_1            NA    NA      NA         OK
F_fleet_4_YR_1957_s_1            NA    NA      NA         OK
F_fleet_4_YR_1958_s_1            NA    NA      NA         OK
F_fleet_4_YR_1959_s_1            NA    NA      NA         OK
F_fleet_4_YR_1960_s_1            NA    NA      NA         OK
F_fleet_4_YR_1961_s_1            NA    NA      NA         OK
F_fleet_4_YR_1962_s_1            NA    NA      NA         OK
F_fleet_4_YR_1963_s_1            NA    NA      NA         OK
F_fleet_4_YR_1964_s_1            NA    NA      NA         OK
F_fleet_4_YR_1965_s_1            NA    NA      NA         OK
F_fleet_4_YR_1966_s_1            NA    NA      NA         OK
F_fleet_4_YR_1967_s_1            NA    NA      NA         OK
F_fleet_4_YR_1968_s_1            NA    NA      NA         OK
F_fleet_4_YR_1969_s_1            NA    NA      NA         OK
F_fleet_4_YR_1970_s_1            NA    NA      NA         OK
F_fleet_4_YR_1971_s_1            NA    NA      NA         OK
F_fleet_4_YR_1972_s_1            NA    NA      NA         OK
F_fleet_4_YR_1973_s_1            NA    NA      NA         OK
F_fleet_4_YR_1974_s_1            NA    NA      NA         OK
F_fleet_4_YR_1975_s_1            NA    NA      NA         OK
F_fleet_4_YR_1976_s_1            NA    NA      NA         OK
F_fleet_4_YR_1977_s_1            NA    NA      NA         OK
F_fleet_4_YR_1978_s_1            NA    NA      NA         OK
F_fleet_4_YR_1979_s_1            NA    NA      NA         OK
F_fleet_4_YR_1980_s_1            NA    NA      NA         OK
F_fleet_4_YR_1981_s_1            NA    NA      NA         OK
F_fleet_4_YR_1982_s_1            NA    NA      NA         OK
F_fleet_4_YR_1983_s_1            NA    NA      NA         OK
F_fleet_4_YR_1984_s_1            NA    NA      NA         OK
F_fleet_4_YR_1985_s_1            NA    NA      NA         OK
F_fleet_4_YR_1986_s_1            NA    NA      NA         OK
F_fleet_4_YR_1987_s_1            NA    NA      NA         OK
F_fleet_4_YR_1988_s_1            NA    NA      NA         OK
F_fleet_4_YR_1989_s_1            NA    NA      NA         OK
F_fleet_4_YR_1990_s_1            NA    NA      NA         OK
F_fleet_4_YR_1991_s_1            NA    NA      NA         OK
F_fleet_4_YR_1992_s_1            NA    NA      NA         OK
F_fleet_4_YR_1993_s_1            NA    NA      NA         OK
F_fleet_4_YR_1994_s_1            NA    NA      NA         OK
F_fleet_4_YR_1995_s_1            NA    NA      NA         OK
F_fleet_4_YR_1996_s_1            NA    NA      NA         OK
F_fleet_4_YR_1997_s_1            NA    NA      NA         OK
F_fleet_4_YR_1998_s_1            NA    NA      NA         OK
F_fleet_4_YR_1999_s_1            NA    NA      NA         OK
F_fleet_4_YR_2000_s_1            NA    NA      NA         OK
F_fleet_4_YR_2001_s_1            NA    NA      NA         OK
F_fleet_4_YR_2002_s_1            NA    NA      NA         OK
F_fleet_4_YR_2003_s_1            NA    NA      NA         OK
F_fleet_4_YR_2004_s_1            NA    NA      NA         OK
F_fleet_4_YR_2005_s_1            NA    NA      NA         OK
F_fleet_4_YR_2006_s_1            NA    NA      NA         OK
F_fleet_4_YR_2007_s_1            NA    NA      NA         OK
F_fleet_4_YR_2008_s_1            NA    NA      NA         OK
F_fleet_4_YR_2009_s_1            NA    NA      NA         OK
F_fleet_4_YR_2010_s_1            NA    NA      NA         OK
F_fleet_4_YR_2011_s_1            NA    NA      NA         OK
F_fleet_4_YR_2012_s_1            NA    NA      NA         OK
F_fleet_4_YR_2013_s_1            NA    NA      NA         OK
F_fleet_4_YR_2014_s_1            NA    NA      NA         OK
F_fleet_4_YR_2015_s_1            NA    NA      NA         OK
F_fleet_4_YR_2016_s_1            NA    NA      NA      CHECK
F_fleet_4_YR_2017_s_1            NA    NA      NA      CHECK
LnQ_base_SMP_BYC(4)              NA    NA      NA         OK
Size_DblN_top_logit_VIDEO(8)     NA    NA      NA         OK
Size_DblN_ascend_se_VIDEO(8)     NA    NA      NA         OK
Size_DblN_end_logit_VIDEO(8)     NA    NA      NA         OK
Size_DblN_top_logit_SEAMAP(9)    NA    NA      NA         OK
Size_DblN_ascend_se_SEAMAP(9)    NA    NA      NA         OK
Size_DblN_end_logit_SEAMAP(9)    NA    NA      NA         OK
Age_inflection_CM_E(1)           NA    NA      NA         OK
Age_95%width_CM_E(1)             NA    NA      NA         OK
Age_inflection_CM_W(2)           NA    NA      NA         OK
Age_95%width_CM_W(2)             NA    NA      NA         OK
Age_DblN_peak_REC(3)             NA    NA      NA         OK
Age_DblN_top_logit_REC(3)        NA    NA      NA         OK
Age_DblN_ascend_se_REC(3)        NA    NA      NA         OK
Age_DblN_descend_se_REC(3)       NA    NA      NA         OK
Age_DblN_start_logit_REC(3)      NA    NA      NA         OK
Age_DblN_end_logit_REC(3)        NA    NA      NA         OK

$maximum_gradient_component
[1] 0.000209823

$parameters_with_highest_gradients
                            Value     Gradient
F_fleet_1_YR_1950_s_1 3.31344e-05 -0.000209823
F_fleet_2_YR_1957_s_1 2.55098e-04  0.000148997
F_fleet_2_YR_1952_s_1 8.96997e-05  0.000134278
F_fleet_2_YR_1961_s_1 4.16963e-04  0.000132130
F_fleet_2_YR_1960_s_1 3.72908e-04  0.000129883

$Length_Comp_Fit_Summary
     Data_type Fleet Recommend_var_adj #  N Npos min_Nsamp max_Nsamp
3268         4     8          0.475766 # 15   13   6.56797       100
3269         4     9          0.640901 #  9    7  11.08360       100
     mean_Nsamp_in mean_Nsamp_adj mean_Nsamp_DM err_method err_index
3268       40.0053        40.0053            NA          0        NA
3269       44.1120        44.1120            NA          0        NA
            par1 val1 par2 val2 mean_effN HarMean Curr_Var_Adj Fleet_name
3268 multinomial   NA   NA   NA   64.5950 19.0332            1      VIDEO
3269 multinomial   NA   NA   NA   85.2913 28.2714            1     SEAMAP

$Age_Comp_Fit_Summary
     Data_type Fleet Recommend_var_adj # Nsamp_adj Npos min_Nsamp max_Nsamp
3340         5     1          0.374810 #        20   18   3.63217       100
3341         5     2          0.503636 #        20   18   7.31632       100
3342         5     3          0.407566 #        24   22   4.26588       100
     mean_Nsamp_in mean_Nsamp_adj mean_Nsamp_DM err_method err_index
3340       59.1944        59.1944            NA          0        NA
3341       55.5668        55.5668            NA          0        NA
3342       49.8229        49.8229            NA          0        NA
            par1 val1 par2 val2 mean_effN HarMean Curr_Var_Adj Fleet_name
3340 multinomial   NA   NA   NA   81.1257 22.1867            1       CM_E
3341 multinomial   NA   NA   NA   70.8726 27.9854            1       CM_W
3342 multinomial   NA   NA   NA   65.5505 20.3061            1        REC

$SBzero
[1] 3.41964e+11

$current_depletion
[1] 0.5588892

$SPRratioLabel
[1] "1-SPR"

$sigma_R_in
[1] 0.3

$sigma_R_info
           period N_devs SD_of_devs Var_of_devs   mean_SE mean_SEsquared
1            Main     24  0.2532738  0.06414763 0.1237099     0.01899987
2      Early+Main     24  0.2532738  0.06414763 0.1237099     0.01899987
3 Early+Main+Late     24  0.2532738  0.06414763 0.1237099     0.01899987
  sqrt_sum_of_components SD_of_devs_over_sigma_R sqrt_sum_over_sigma_R
1              0.2883531               0.8442461             0.9611769
2              0.2883531               0.8442461             0.9611769
3              0.2883531               0.8442461             0.9611769
  alternative_sigma_R
1   0.288353074390413
2   0.288353074390413
3   0.288353074390413

$rmse_table
    ERA  N     RMSE RMSE_over_sigmaR mean_BiasAdj
1  main 24 0.247941         0.683053     0.863952
2 early  0 0.000000         0.000000     0.000000

$RecDev_method
[1] 1

84
