/srv
total 492452
-rw-r--r-- 1 slot1_15 slot1_15         0 Nov  4 18:38 _condor_stderr
-rw-r--r-- 1 slot1_15 slot1_15         5 Nov  4 18:38 _condor_stdout
-rw-r--r-- 1 slot1_15 slot1_15 503570432 Nov  4 18:38 linux-r4ss-v4.sif
-rw-r--r-- 1 slot1_15 slot1_15       819 Nov  4 18:38 osg-ss3-example-calcs.r
-rwxr-xr-x 1 slot1_15 slot1_15      1059 Nov  4 18:38 osg-wrapper-r.sh
drwxr-x--- 4 slot1_15 slot1_15      4096 Nov  4 18:38 scratch
drwxrwxrwt 2 slot1_15 slot1_15      4096 Nov  4 18:38 tmp
-rw-r--r-- 1 slot1_15 slot1_15    669783 Nov  4 18:38 upload.example-ss3-models.tar.gz
drwxrwxrwt 2 slot1_15 slot1_15      4096 Nov  4 18:38 var_tmp
/ss_exe:/usr/local/sbin:/usr/local/bin:/usr/sbin:/usr/bin:/sbin:/bin
output/41-Hake_2019_semi_parametric_selex-2/
[1] "/srv/working"
[1] "output/41-Hake_2019_semi_parametric_selex-2/"
[1] TRUE TRUE TRUE TRUE TRUE TRUE TRUE TRUE
[1] "ran model"
$SS_version
[1] "3.30.22.1;_safe;_compile_date:_Jan 30 2024;_Stock_Synthesis_by_Richard_Methot_(NOAA)_using_ADMB_13.1"

$SS_versionshort
[1] "3.30"

$SS_versionNumeric
[1] 3.3

$StartTime
[1] "StartTime: Mon Nov 4 18:38:28 2024"

$RunTime
[1] "0 hours, 0 minutes, 23 seconds."

$Files_used
[1] "Data_File: hake_data.ss Control_File: hake_control.ss"

$log_det_hessian
[1] 423.457

$Final_phase
[1] 5

$N_iterations
[1] 1641

$Nwarnings
[1] 7

$warnings
[1] "Warning 1 Adjustment:  recdev_end: 2017 > retro_yr: 2016 reset "                                                  
[2] "Warning 2 : 2D_AR selectivity deviations option is selected!"                                                     
[3] "Warning 3 : Minimum pop size bin:_10; is > L at Amin for sex: 1; Gpat: 1; L= 5"                                   
[4] "Warning 4 : 1st iteration warning: catch logL > 50% total logL; check configuration; suggest start with larger R0"
[5] "Warning 5 : Final gradient: 0.000101872 is larger than final_conv: 0.0001"                                        
[6] "Note 1 Information: A revised protocol for the Fcast_yr specification is available and recommended."              
[7] " 5 warnings  and 1 note "                                                                                         

$likelihoods_used
                                      values lambdas
TOTAL                1949.779999999999972715      NA
Catch                   0.000000000000474834      NA
Equil_catch             0.000000000000000000      NA
Survey                 -6.196030000000000371      NA
Age_comp             1765.210000000000036380      NA
Recruitment            47.118899999999996453       1
InitEQ_Regime           0.000000000000000000       1
Forecast_Recruitment    0.000000000000000000       1
Parm_priors             0.304599000000000009       1
Parm_devs             143.344999999999998863       1
Crash_Pen               0.000000000000000000       1

$likelihoods_laplace
                                      values lambdas
NoBias_corr_Recruitment(info_only)   56.5182       1
Laplace_obj_fun(info_only)         1959.1800      NA

$likelihoods_by_fleet
              Label          ALL     Fishery Acoustic_Survey
175    Catch_lambda           NA 1.00000e+00         1.00000
176      Catch_like  4.74834e-13 4.74834e-13         0.00000
177 Init_equ_lambda           NA 1.00000e+00         1.00000
178   Init_equ_like  0.00000e+00 0.00000e+00         0.00000
179     Surv_lambda           NA 0.00000e+00         1.00000
180       Surv_like -6.19603e+00 0.00000e+00        -6.19603
181      Surv_N_use           NA 0.00000e+00        11.00000
182     Surv_N_skip           NA 0.00000e+00        13.00000
183      Age_lambda           NA 1.00000e+00         1.00000
184        Age_like  1.76521e+03 1.52054e+03       244.67000
185       Age_N_use           NA 4.20000e+01        11.00000
186      Age_N_skip           NA 2.00000e+00         1.00000

$Parm_devs_detail
    Index Phase MinYr MaxYr   N stddev Rho Like_devs Like_se      mean     rmse
190     1     5     1   135 135      1   0   143.345       0 0.0499416 0.534556
         var sqrt(var)   est_rho     D-W
190 0.283255  0.532217 0.0592718 1.88158

$N_estimated_parameters
[1] 226

$table_of_phases

-99 -50  -6  -5  -3  -2  -1   1   2   3   4   5 
  1   8   1   4   4  33   2  48  11  24   3 140 

$estimated_non_dev_parameters
                                 Value Phase   Min  Max      Init Status
NatM_uniform_Fem_GP_1         0.216551     4  0.05  0.4  0.217970     OK
SR_LN(R0)                    14.652200     1 13.00 17.0 14.666100     OK
SR_BH_steep                   0.867623     4  0.20  1.0  0.869251     OK
Q_extraSD_Acoustic_Survey(2)  0.258024     4  0.05  1.2  0.254247     OK
AgeSel_P3_Fishery(1)          2.855000     2 -5.00  9.0  2.588230     OK
AgeSel_P4_Fishery(1)          0.966429     2 -5.00  9.0  0.938065     OK
AgeSel_P5_Fishery(1)          0.440062     2 -5.00  9.0  0.391785     OK
AgeSel_P6_Fishery(1)          0.182831     2 -5.00  9.0  0.218713     OK
AgeSel_P7_Fishery(1)          0.439633     2 -5.00  9.0  0.447989     OK
AgeSel_P4_Acoustic_Survey(2)  0.568887     2 -5.00  9.0  0.639003     OK
AgeSel_P5_Acoustic_Survey(2) -0.173511     2 -5.00  9.0 -0.274895     OK
AgeSel_P6_Acoustic_Survey(2)  0.294503     2 -5.00  9.0  0.288126     OK
AgeSel_P7_Acoustic_Survey(2)  0.389217     2 -5.00  9.0  0.370801     OK
ln(DM_theta)_Age_P1          -0.267123     2 -5.00 20.0 -0.205575     OK
ln(DM_theta)_Age_P2           1.849990     2 -5.00 20.0  2.397450     OK
                             Parm_StDev       Gradient   Pr_type    Prior Pr_SD
NatM_uniform_Fem_GP_1         0.0201585  0.00006653430  Log_Norm -1.60944 0.100
SR_LN(R0)                     0.2292760 -0.00005140120  No_prior       NA    NA
SR_BH_steep                   0.0959003 -0.00000337254 Full_Beta  0.77700 0.113
Q_extraSD_Acoustic_Survey(2)  0.0794249  0.00000681826  No_prior       NA    NA
AgeSel_P3_Fishery(1)          0.3763820  0.00001890100  No_prior       NA    NA
AgeSel_P4_Fishery(1)          0.1795620  0.00004607150  No_prior       NA    NA
AgeSel_P5_Fishery(1)          0.1566500  0.00004133010  No_prior       NA    NA
AgeSel_P6_Fishery(1)          0.1550700 -0.00001371530  No_prior       NA    NA
AgeSel_P7_Fishery(1)          0.1184850 -0.00007079880  No_prior       NA    NA
AgeSel_P4_Acoustic_Survey(2)  0.1880770  0.00000952071  No_prior       NA    NA
AgeSel_P5_Acoustic_Survey(2)  0.2182820  0.00001266000  No_prior       NA    NA
AgeSel_P6_Acoustic_Survey(2)  0.2247230  0.00001255210  No_prior       NA    NA
AgeSel_P7_Acoustic_Survey(2)  0.1756170  0.00000191428  No_prior       NA    NA
ln(DM_theta)_Age_P1           0.1149780 -0.00003413000  No_prior       NA    NA
ln(DM_theta)_Age_P2           0.7181460 -0.00000543633  No_prior       NA    NA
                                Pr_Like Afterbound
NatM_uniform_Fem_GP_1         0.3160830         OK
SR_LN(R0)                            NA         OK
SR_BH_steep                  -0.0114842         OK
Q_extraSD_Acoustic_Survey(2)         NA         OK
AgeSel_P3_Fishery(1)                 NA         OK
AgeSel_P4_Fishery(1)                 NA         OK
AgeSel_P5_Fishery(1)                 NA         OK
AgeSel_P6_Fishery(1)                 NA         OK
AgeSel_P7_Fishery(1)                 NA         OK
AgeSel_P4_Acoustic_Survey(2)         NA         OK
AgeSel_P5_Acoustic_Survey(2)         NA         OK
AgeSel_P6_Acoustic_Survey(2)         NA         OK
AgeSel_P7_Acoustic_Survey(2)         NA         OK
ln(DM_theta)_Age_P1                  NA         OK
ln(DM_theta)_Age_P2                  NA         OK

$maximum_gradient_component
[1] 0.000101872

$parameters_with_highest_gradients
                          Value     Gradient
Main_RecrDev_2010      2.573950  1.01872e-04
Main_RecrDev_1999      2.489840  8.63338e-05
Fishery_ARDEV_y2016_A2 0.907380 -7.65422e-05
Main_RecrDev_2008      1.560720 -7.33053e-05
AgeSel_P7_Fishery(1)   0.439633 -7.07988e-05

$Age_Comp_Fit_Summary
     Data_type Fleet Recommend_var_adj # Nsamp_adj Npos min_Nsamp max_Nsamp
1688         5     1                 1 #        44   42        13      1440
1689         5     2                 1 #        12   11        46       105
     mean_Nsamp_in mean_Nsamp_adj mean_Nsamp_DM err_method err_index
1688      419.0480       419.0480      182.2710          1         1
1689       70.4545        70.4545       61.0175          1         2
                    par1     val1 par2 val2 mean_effN HarMean Curr_Var_Adj
1688 ln(DM_theta)_Age_P1 0.765579   NA   NA   610.073 62.7861            1
1689 ln(DM_theta)_Age_P2 6.359770   NA   NA   268.476 27.9676            1
          Fleet_name
1688         Fishery
1689 Acoustic_Survey

$SBzero
[1] 1868140

$current_depletion
[1] 0.8422468

$SPRratioLabel
[1] "(1-SPR)/(1-SPR_40%)"

$sigma_R_in
[1] 1.4

$sigma_R_info
           period N_devs SD_of_devs Var_of_devs   mean_SE mean_SEsquared
1            Main     47   1.585800    2.514762 0.4072179      0.2601465
2      Early+Main     71   1.339001    1.792922 0.6029808      0.5142899
3 Early+Main+Late     73   1.320618    1.744032 0.6248170      0.5538984
  sqrt_sum_of_components SD_of_devs_over_sigma_R sqrt_sum_over_sigma_R
1               1.665806               1.1327143              1.189861
2               1.518951               0.9564290              1.084965
3               1.515893               0.9432987              1.082780
  alternative_sigma_R
1    1.66580554925852
2    1.51895107260715
3    1.51589268453569

$rmse_table
    ERA  N     RMSE RMSE_over_sigmaR mean_BiasAdj
1  main 47 1.568840         1.255740    0.8669150
2 early 24 0.713716         0.259893    0.0604167

$RecDev_method
[1] 1

27
