/srv
total 492436
-rw-r--r-- 1 nobody nogroup         0 Nov  5 00:38 _condor_stderr
-rw-r--r-- 1 nobody nogroup         5 Nov  5 00:38 _condor_stdout
-rw-r--r-- 1 nobody nogroup 503570432 Nov  5 00:38 linux-r4ss-v4.sif
-rw-r--r-- 1 nobody nogroup       819 Nov  5 00:38 osg-ss3-example-calcs.r
-rwxr-xr-x 1 nobody nogroup      1059 Nov  5 00:38 osg-wrapper-r.sh
drwxr-x--- 4 nobody nogroup        40 Nov  5 00:38 scratch
drwxrwxrwt 2 nobody nogroup        10 Nov  5 00:38 tmp
-rw-r--r-- 1 nobody nogroup    669783 Nov  5 00:38 upload.example-ss3-models.tar.gz
drwxrwxrwt 2 nobody nogroup        10 Nov  5 00:38 var_tmp
/ss_exe:/usr/local/sbin:/usr/local/bin:/usr/sbin:/usr/bin:/sbin:/bin
output/06-platoons-0/
[1] "/srv/working"
[1] "output/06-platoons-0/"
[1] TRUE TRUE TRUE TRUE TRUE TRUE TRUE TRUE
[1] "ran model"
$SS_version
[1] "3.30.22.1;_safe;_compile_date:_Jan 30 2024;_Stock_Synthesis_by_Richard_Methot_(NOAA)_using_ADMB_13.1"

$SS_versionshort
[1] "3.30"

$SS_versionNumeric
[1] 3.3

$StartTime
[1] "StartTime: Tue Nov 5 00:38:31 2024"

$RunTime
[1] "0 hours, 1 minutes, 13 seconds."

$Files_used
[1] "Data_File: platoons_dat.ss Control_File: platoons_ctl.ss"

$log_det_hessian
[1] 131.473

$Final_phase
[1] 6

$N_iterations
[1] 489

$Nwarnings
[1] 4

$warnings
[1] "Note 1 Information: sd_ratio read is < 0, so expecting sd parameter after movement params.; search for <now check> in echoinput.sso for parm_type"         
[2] "Warning 1 : At least one block pattern ends in endyr. Check the output parameter value time series to see if the values in forecast years are as intended."
[3] "Note 2 Information: A revised protocol for the Fcast_yr specification is available and recommended."                                                       
[4] " 1 warning  and 2 notes "                                                                                                                                  

$likelihoods_used
                                      values lambdas
TOTAL                1223.369999999999890861      NA
Catch                   0.000000000000577833      NA
Equil_catch             0.000000000000000000      NA
Survey                 -5.798799999999999955      NA
Length_comp           760.701000000000021828      NA
Age_comp              365.110000000000013642      NA
Recruitment             1.512969999999999926       1
InitEQ_Regime           0.000000000000000000       1
Forecast_Recruitment    0.000000000000000000       1
Parm_priors           101.846999999999994202       1
Parm_softbounds         0.001288330000000000      NA
Parm_devs               0.000000000000000000       1
Crash_Pen               0.000000000000000000       1

$likelihoods_laplace
                                      values lambdas
NoBias_corr_Recruitment(info_only)  -26.7238       1
Laplace_obj_fun(info_only)         1195.1400      NA

$likelihoods_by_fleet
              Label          ALL    fishery1  survey1
181    Catch_lambda           NA 1.00000e+00   1.0000
182      Catch_like  5.77833e-13 5.77833e-13   0.0000
183 Init_equ_lambda           NA 1.00000e+00   1.0000
184   Init_equ_like  0.00000e+00 0.00000e+00   0.0000
185     Surv_lambda           NA 0.00000e+00   1.0000
186       Surv_like -5.79880e+00 0.00000e+00  -5.7988
187      Surv_N_use           NA 0.00000e+00   9.0000
188     Surv_N_skip           NA 0.00000e+00   0.0000
189   Length_lambda           NA 1.00000e+00   1.0000
190     Length_like  7.60701e+02 5.38068e+02 222.6330
191    Length_N_use           NA 2.10000e+01   9.0000
192   Length_N_skip           NA 0.00000e+00   0.0000
193      Age_lambda           NA 1.00000e+00   1.0000
194        Age_like  3.65110e+02 1.97842e+02 167.2680
195       Age_N_use           NA 1.00000e+01   9.0000
196      Age_N_skip           NA 0.00000e+00   0.0000

$N_estimated_parameters
[1] 69

$table_of_phases

-99 -50  -5  -3  -2  -1   1   2   3   5   6 
  1   1   1  25   1   2   2  53   7   1   6 

$estimated_non_dev_parameters
                                       Value Phase    Min   Max       Init
L_at_Amin_Fem_GP_1                 34.674400     2  10.00 45.00  34.674400
L_at_Amax_Fem_GP_1                 71.302300     2  40.00 90.00  71.302300
VonBert_K_Fem_GP_1                  0.152714     3   0.05  0.25   0.152714
Platoon_SD_Ratio                    0.356863     1   0.10  3.00   0.356863
SR_LN(R0)                          10.590700     1   3.00 31.00  10.590700
SR_BH_steep                         0.785574     5   0.20  1.00   0.785575
Impl_err_2002                       0.000000     6  -1.00  1.00   0.000000
Impl_err_2003                       0.000000     6  -1.00  1.00   0.000000
Impl_err_2004                       0.000000     6  -1.00  1.00   0.000000
Size_DblN_peak_fishery1(1)         60.523100     3  22.00 89.00  60.523100
Size_DblN_ascend_se_fishery1(1)     5.036040     3  -4.00 12.00   5.036040
Size_DblN_start_logit_fishery1(1) -12.888200     3 -15.00  0.00 -12.888200
Size_DblN_peak_survey1(2)          56.088600     3  22.00 89.00  56.088600
Size_DblN_ascend_se_survey1(2)      5.133310     3  -4.00 12.00   5.133310
Size_DblN_start_logit_survey1(2)  -12.213000     3 -15.00  0.00 -12.213000
                                  Status Parm_StDev        Gradient  Pr_type
L_at_Amin_Fem_GP_1                    OK  1.2219400 -0.000026814900   Normal
L_at_Amax_Fem_GP_1                    OK  1.0407900 -0.000008480290   Normal
VonBert_K_Fem_GP_1                    OK  0.0221018 -0.000005107060   Normal
Platoon_SD_Ratio                      OK  0.1290410 -0.000009144970 No_prior
SR_LN(R0)                             OK  0.0938878 -0.000032836900   Normal
SR_BH_steep                           OK  0.3461390 -0.000004785570 Sym_Beta
Impl_err_2002                        act  0.1000000  0.000000000000      dev
Impl_err_2003                        act  0.1000000  0.000000000000      dev
Impl_err_2004                        act  0.1000000  0.000000000000      dev
Size_DblN_peak_fishery1(1)            OK  1.8286800  0.000030748300   Normal
Size_DblN_ascend_se_fishery1(1)       OK  0.1883460 -0.000080785600   Normal
Size_DblN_start_logit_fishery1(1)     OK 44.1654000 -0.000000526888   Normal
Size_DblN_peak_survey1(2)             OK  2.2698200 -0.000001127400   Normal
Size_DblN_ascend_se_survey1(2)        OK  0.2952080 -0.000049546200   Normal
Size_DblN_start_logit_survey1(2)      OK 65.9423000 -0.000000563301   Normal
                                   Prior Pr_SD         Pr_Like Afterbound
L_at_Amin_Fem_GP_1                 36.00 10.00 0.0087856400000         OK
L_at_Amax_Fem_GP_1                 70.00 10.00 0.0084793900000         OK
VonBert_K_Fem_GP_1                  0.15  0.80 0.0000057554500         OK
Platoon_SD_Ratio                      NA    NA              NA         OK
SR_LN(R0)                          10.55 10.00 0.0000082757500         OK
SR_BH_steep                         0.60  0.01 0.0024173400000         OK
Impl_err_2002                         NA    NA              NA         OK
Impl_err_2003                         NA    NA              NA         OK
Impl_err_2004                         NA    NA              NA         OK
Size_DblN_peak_fishery1(1)         60.00 99.00 0.0000139591000         OK
Size_DblN_ascend_se_fishery1(1)     5.00 99.00 0.0000000662665         OK
Size_DblN_start_logit_fishery1(1) -15.00 99.00 0.0002275220000         OK
Size_DblN_peak_survey1(2)          55.00 99.00 0.0000604530000         OK
Size_DblN_ascend_se_survey1(2)      5.00 99.00 0.0000009066680         OK
Size_DblN_start_logit_survey1(2)  -15.00 99.00 0.0003962680000         OK

$maximum_gradient_component
[1] 8.07856e-05

$parameters_with_highest_gradients
                                    Value     Gradient
Size_DblN_ascend_se_fishery1(1)  5.036040 -8.07856e-05
Main_RecrDev_1984                0.696262  6.26244e-05
Main_RecrDev_1986               -0.162109  6.14274e-05
Size_DblN_ascend_se_survey1(2)   5.133310 -4.95462e-05
Main_InitAge_15                 -0.127964  3.96274e-05

$Length_Comp_Fit_Summary
     Data_type Fleet Recommend_var_adj #  N Npos min_Nsamp max_Nsamp
1157         4     1          0.894212 # 21   21        50        50
1158         4     2          1.052080 #  9    9        50        50
     mean_Nsamp_in mean_Nsamp_adj mean_Nsamp_DM err_method err_index
1157            50             50            NA          0        NA
1158            50             50            NA          0        NA
            par1 val1 par2 val2 mean_effN HarMean Curr_Var_Adj Fleet_name
1157 multinomial   NA   NA   NA   47.5212 44.7106            1   fishery1
1158 multinomial   NA   NA   NA   52.9991 52.6041            1    survey1

$Age_Comp_Fit_Summary
     Data_type Fleet Recommend_var_adj # Nsamp_adj Npos min_Nsamp max_Nsamp
1184         5     1           1.00737 #        10   10        25        25
1185         5     2           1.03513 #         9    9        25        25
     mean_Nsamp_in mean_Nsamp_adj mean_Nsamp_DM err_method err_index
1184            25             25            NA          0        NA
1185            25             25            NA          0        NA
            par1 val1 par2 val2 mean_effN HarMean Curr_Var_Adj Fleet_name
1184 multinomial   NA   NA   NA   25.9771 25.1842            1   fishery1
1185 multinomial   NA   NA   NA   27.1605 25.8782            1    survey1

$SBzero
[1] 60860.5

$current_depletion
[1] 0.3212363

$SPRratioLabel
[1] "1-SPR"

$sigma_R_in
[1] 0.5

$sigma_R_info
           period N_devs SD_of_devs Var_of_devs   mean_SE mean_SEsquared
1            Main     51  0.2937129  0.08626727 0.4331554      0.1914177
2      Early+Main     51  0.2937129  0.08626727 0.4331554      0.1914177
3 Early+Main+Late     51  0.2937129  0.08626727 0.4331554      0.1914177
  sqrt_sum_of_components SD_of_devs_over_sigma_R sqrt_sum_over_sigma_R
1              0.5269582               0.5874258              1.053916
2              0.5269582               0.5874258              1.053916
3              0.5269582               0.5874258              1.053916
  alternative_sigma_R
1   0.526958214468245
2   0.526958214468245
3   0.526958214468245

$rmse_table
    ERA  N     RMSE RMSE_over_sigmaR mean_BiasAdj
1  main 51 0.290819         0.338303     0.201235
2 early  0 0.000000         0.000000     0.000000

$RecDev_method
[1] 1

78
