/srv
total 492452
-rw-r--r--. 1 osg osg         0 Nov  4 19:45 _condor_stderr
-rw-r--r--. 1 osg osg         5 Nov  4 19:45 _condor_stdout
-rw-r--r--. 1 osg osg 503570432 Nov  4 19:45 linux-r4ss-v4.sif
-rw-r--r--. 1 osg osg       819 Nov  4 19:38 osg-ss3-example-calcs.r
-rwxr-xr-x. 1 osg osg      1059 Nov  4 19:38 osg-wrapper-r.sh
drwxr-x---. 4 osg osg      4096 Nov  4 19:45 scratch
drwxrwxrwt. 2 osg osg      4096 Nov  4 19:45 tmp
-rw-r--r--. 1 osg osg    669783 Nov  4 19:38 upload.example-ss3-models.tar.gz
drwxrwxrwt. 2 osg osg      4096 Nov  4 19:45 var_tmp
/ss_exe:/usr/local/sbin:/usr/local/bin:/usr/sbin:/usr/bin:/sbin:/bin
output/18-vermillion_snapper_F4-0/
[1] "/srv/working"
[1] "output/18-vermillion_snapper_F4-0/"
[1] TRUE TRUE TRUE TRUE TRUE TRUE TRUE
[1] "ran model"
$SS_version
[1] "3.30.22.1;_safe;_compile_date:_Jan 30 2024;_Stock_Synthesis_by_Richard_Methot_(NOAA)_using_ADMB_13.1"

$SS_versionshort
[1] "3.30"

$SS_versionNumeric
[1] 3.3

$StartTime
[1] "StartTime: Mon Nov 4 19:45:14 2024"

$RunTime
[1] "0 hours, 0 minutes, 54 seconds."

$Files_used
[1] "Data_File: vermilion.dat Control_File: vermilion.ctl"

$log_det_hessian
[1] 3565.54

$Final_phase
[1] 5

$N_iterations
[1] 2119

$Nwarnings
[1] 9

$warnings
[1] "Warning 1 : At least one block pattern ends in endyr. Check the output parameter value time series to see if the values in forecast years are as intended."
[2] "Warning 2 : bias adjustment ramp extends into forecast; biasadj set to 0.0 internally for forecast years"                                                  
[3] "Note 1 Information: Forecast devs will be applied to mean base recruitment over range of historical years in forecast.ss"                                  
[4] "Warning 3 Adjustment: setting positive forecast relF for bycatch fleet: 4"                                                                                 
[5] "Warning 4 Adjustment: setting positive forecast relF for bycatch fleet: 4"                                                                                 
[6] "Warning 5 Adjustment: setting positive forecast relF for bycatch fleet: 4"                                                                                 
[7] "Note 2 Information: A revised protocol for the Fcast_yr specification is available and recommended."                                                       
[8] "Warning 6 Adjustment: setting positive forecast relF for bycatch fleet: 4"                                                                                 
[9] " 6 warnings  and 2 notes "                                                                                                                                 

$likelihoods_used
                           values lambdas
TOTAL                359.68700000      NA
Catch                  3.73949000      NA
Equil_catch            0.00000000      NA
Survey                21.41500000      NA
Discard               -1.70754000      NA
Length_comp           88.44980000      NA
Age_comp             260.69000000      NA
Recruitment          -12.90670000       1
InitEQ_Regime          0.00000000       1
Forecast_Recruitment   0.00000000       1
Parm_priors            0.00000000       1
Parm_softbounds        0.00753781      NA
Parm_devs              0.00000000       1
Crash_Pen              0.00000000       1

$likelihoods_laplace
                                     values lambdas
NoBias_corr_Recruitment(info_only) -16.8378       1
Laplace_obj_fun(info_only)         355.7560      NA

$likelihoods_by_fleet
              Label       ALL      CM_E        CM_W       REC    SMP_BYC
184    Catch_lambda        NA   1.00000    1.000000   1.00000    1.00000
185      Catch_like   3.73949   0.36706    0.145434   3.22699    0.00000
186 Init_equ_lambda        NA   1.00000    1.000000   1.00000    1.00000
187   Init_equ_like   0.00000   0.00000    0.000000   0.00000    0.00000
188     Surv_lambda        NA   1.00000    1.000000   1.00000    1.00000
189       Surv_like  21.41500  -9.91305   -8.974720   6.42907 -101.49300
190      Surv_N_use        NA  14.00000   14.000000  32.00000   68.00000
191     Surv_N_skip        NA   0.00000    0.000000   0.00000    0.00000
192     Disc_lambda        NA   0.00000    0.000000   0.00000    1.00000
193       Disc_like  -1.70754 750.55600 1605.390000 489.72000   -1.70754
194      Disc_N_use        NA  25.00000   25.000000  36.00000    1.00000
195     Disc_N_skip        NA   0.00000    0.000000   0.00000   45.00000
196   Length_lambda        NA   0.00000    0.000000   0.00000    0.00000
197     Length_like  88.44980   0.00000    0.000000   0.00000    0.00000
198    Length_N_use        NA   0.00000    0.000000   0.00000    0.00000
199   Length_N_skip        NA   0.00000    0.000000   0.00000    0.00000
200      Age_lambda        NA   1.00000    1.000000   1.00000    0.00000
201        Age_like 260.69000  84.86690  101.185000  74.63820    0.00000
202       Age_N_use        NA  20.00000   20.000000  24.00000    0.00000
203      Age_N_skip        NA   0.00000    0.000000   0.00000    0.00000
       HB_E    HB_W  LARVAL   VIDEO   SEAMAP
184  1.0000  1.0000  1.0000  1.0000  1.00000
185  0.0000  0.0000  0.0000  0.0000  0.00000
186  1.0000  1.0000  1.0000  1.0000  1.00000
187  0.0000  0.0000  0.0000  0.0000  0.00000
188  1.0000  1.0000  1.0000  1.0000  1.00000
189 30.7249 -5.7584 11.1612 95.9523  3.28681
190 32.0000 32.0000 22.0000 20.0000  9.00000
191  0.0000  0.0000  0.0000  0.0000  0.00000
192  0.0000  0.0000  0.0000  0.0000  0.00000
193  0.0000  0.0000  0.0000  0.0000  0.00000
194  0.0000  0.0000  0.0000  0.0000  0.00000
195  0.0000  0.0000  0.0000  0.0000  0.00000
196  0.0000  0.0000  0.0000  1.0000  1.00000
197  0.0000  0.0000  0.0000 49.2035 39.24640
198  0.0000  0.0000  0.0000 15.0000  9.00000
199  0.0000  0.0000  0.0000  0.0000  0.00000
200  0.0000  0.0000  0.0000  0.0000  0.00000
201  0.0000  0.0000  0.0000  0.0000  0.00000
202  0.0000  0.0000  0.0000  0.0000  0.00000
203  0.0000  0.0000  0.0000  0.0000  0.00000

$N_estimated_parameters
[1] 325

$table_of_phases

 -4  -3  -2  -1   1   2   3   5 
 38  10  14  21  71 211  33  10 

$estimated_non_dev_parameters
                                       Value Phase    Min   Max       Init
SR_LN(R0)                      10.2109000000     1   0.00 13.82  10.210900
SR_BH_steep                     0.7297790000     2   0.22  0.96   0.729779
F_fleet_1_YR_1950_s_1           0.0000337475     2   0.00  3.00   0.010000
F_fleet_1_YR_1951_s_1           0.0000674468     2   0.00  3.00   0.010000
F_fleet_1_YR_1952_s_1           0.0001022760     2   0.00  3.00   0.010000
F_fleet_1_YR_1953_s_1           0.0001377450     2   0.00  3.00   0.010000
F_fleet_1_YR_1954_s_1           0.0001745880     2   0.00  3.00   0.010000
F_fleet_1_YR_1955_s_1           0.0002126650     2   0.00  3.00   0.010000
F_fleet_1_YR_1956_s_1           0.0002517830     2   0.00  3.00   0.010000
F_fleet_1_YR_1957_s_1           0.0002929510     2   0.00  3.00   0.010000
F_fleet_1_YR_1958_s_1           0.0003363550     2   0.00  3.00   0.010000
F_fleet_1_YR_1959_s_1           0.0003820990     2   0.00  3.00   0.010000
F_fleet_1_YR_1960_s_1           0.0004310830     2   0.00  3.00   0.010000
F_fleet_1_YR_1961_s_1           0.0004815280     2   0.00  3.00   0.010000
F_fleet_1_YR_1962_s_1           0.0005317170     2   0.00  3.00   0.010000
F_fleet_1_YR_1963_s_1           0.0005795230     2   0.00  3.00   0.010000
F_fleet_1_YR_1964_s_1           0.0006412240     2   0.00  3.00   0.010000
F_fleet_1_YR_1965_s_1           0.0006447760     2   0.00  3.00   0.010000
F_fleet_1_YR_1966_s_1           0.0003406320     2   0.00  3.00   0.010000
F_fleet_1_YR_1967_s_1           0.0006991340     2   0.00  3.00   0.010000
F_fleet_1_YR_1968_s_1           0.0014095200     2   0.00  3.00   0.010000
F_fleet_1_YR_1969_s_1           0.0018236000     2   0.00  3.00   0.010000
F_fleet_1_YR_1970_s_1           0.0017303000     2   0.00  3.00   0.010000
F_fleet_1_YR_1971_s_1           0.0019214400     2   0.00  3.00   0.010000
F_fleet_1_YR_1972_s_1           0.0017201900     2   0.00  3.00   0.010000
F_fleet_1_YR_1973_s_1           0.0029350700     2   0.00  3.00   0.010000
F_fleet_1_YR_1974_s_1           0.0028159900     2   0.00  3.00   0.010000
F_fleet_1_YR_1975_s_1           0.0061997100     2   0.00  3.00   0.010000
F_fleet_1_YR_1976_s_1           0.0055113600     2   0.00  3.00   0.010000
F_fleet_1_YR_1977_s_1           0.0075680100     2   0.00  3.00   0.010000
F_fleet_1_YR_1978_s_1           0.0066096600     2   0.00  3.00   0.010000
F_fleet_1_YR_1979_s_1           0.0051244900     2   0.00  3.00   0.010000
F_fleet_1_YR_1980_s_1           0.0038084100     2   0.00  3.00   0.010000
F_fleet_1_YR_1981_s_1           0.0056125600     2   0.00  3.00   0.010000
F_fleet_1_YR_1982_s_1           0.0059115800     2   0.00  3.00   0.010000
F_fleet_1_YR_1983_s_1           0.0094761200     2   0.00  3.00   0.010000
F_fleet_1_YR_1984_s_1           0.0136313000     2   0.00  3.00   0.010000
F_fleet_1_YR_1985_s_1           0.0178835000     2   0.00  3.00   0.010000
F_fleet_1_YR_1986_s_1           0.0192576000     2   0.00  3.00   0.010000
F_fleet_1_YR_1987_s_1           0.0157872000     2   0.00  3.00   0.010000
F_fleet_1_YR_1988_s_1           0.0153961000     2   0.00  3.00   0.010000
F_fleet_1_YR_1989_s_1           0.0156593000     2   0.00  3.00   0.010000
F_fleet_1_YR_1990_s_1           0.0394761000     2   0.00  3.00   0.010000
F_fleet_1_YR_1991_s_1           0.0335012000     2   0.00  3.00   0.010000
F_fleet_1_YR_1992_s_1           0.0451572000     2   0.00  3.00   0.010000
F_fleet_1_YR_1993_s_1           0.0667086000     2   0.00  3.00   0.010000
F_fleet_1_YR_1994_s_1           0.0688994000     2   0.00  3.00   0.010000
F_fleet_1_YR_1995_s_1           0.0722381000     2   0.00  3.00   0.010000
F_fleet_1_YR_1996_s_1           0.0613844000     2   0.00  3.00   0.010000
F_fleet_1_YR_1997_s_1           0.0609124000     2   0.00  3.00   0.010000
F_fleet_1_YR_1998_s_1           0.0510699000     2   0.00  3.00   0.010000
F_fleet_1_YR_1999_s_1           0.0625273000     2   0.00  3.00   0.010000
F_fleet_1_YR_2000_s_1           0.0496802000     2   0.00  3.00   0.010000
F_fleet_1_YR_2001_s_1           0.0557823000     2   0.00  3.00   0.010000
F_fleet_1_YR_2002_s_1           0.0648573000     2   0.00  3.00   0.010000
F_fleet_1_YR_2003_s_1           0.0728401000     2   0.00  3.00   0.010000
F_fleet_1_YR_2004_s_1           0.0576948000     2   0.00  3.00   0.010000
F_fleet_1_YR_2005_s_1           0.0852313000     2   0.00  3.00   0.010000
F_fleet_1_YR_2006_s_1           0.0910478000     2   0.00  3.00   0.010000
F_fleet_1_YR_2007_s_1           0.0919464000     2   0.00  3.00   0.010000
F_fleet_1_YR_2008_s_1           0.1027810000     2   0.00  3.00   0.010000
F_fleet_1_YR_2009_s_1           0.1522370000     2   0.00  3.00   0.010000
F_fleet_1_YR_2010_s_1           0.0732149000     2   0.00  3.00   0.010000
F_fleet_1_YR_2011_s_1           0.1420000000     2   0.00  3.00   0.010000
F_fleet_1_YR_2012_s_1           0.1024950000     2   0.00  3.00   0.010000
F_fleet_1_YR_2013_s_1           0.0588205000     2   0.00  3.00   0.010000
F_fleet_1_YR_2014_s_1           0.0657597000     2   0.00  3.00   0.010000
F_fleet_1_YR_2015_s_1           0.0352964000     2   0.00  3.00   0.010000
F_fleet_1_YR_2016_s_1           0.0381924000     2   0.00  3.00   0.010000
F_fleet_1_YR_2017_s_1           0.0381870000     2   0.00  3.00   0.010000
F_fleet_2_YR_1950_s_1           0.0000299223     2   0.00  3.00   0.010000
F_fleet_2_YR_1951_s_1           0.0000599393     2   0.00  3.00   0.010000
F_fleet_2_YR_1952_s_1           0.0000903009     2   0.00  3.00   0.010000
F_fleet_2_YR_1953_s_1           0.0001214070     2   0.00  3.00   0.010000
F_fleet_2_YR_1954_s_1           0.0001535290     2   0.00  3.00   0.010000
F_fleet_2_YR_1955_s_1           0.0001867520     2   0.00  3.00   0.010000
F_fleet_2_YR_1956_s_1           0.0002211280     2   0.00  3.00   0.010000
F_fleet_2_YR_1957_s_1           0.0002568580     2   0.00  3.00   0.010000
F_fleet_2_YR_1958_s_1           0.0002942010     2   0.00  3.00   0.010000
F_fleet_2_YR_1959_s_1           0.0003335980     2   0.00  3.00   0.010000
F_fleet_2_YR_1960_s_1           0.0003754310     2   0.00  3.00   0.010000
F_fleet_2_YR_1961_s_1           0.0004197370     2   0.00  3.00   0.010000
F_fleet_2_YR_1962_s_1           0.0004656340     2   0.00  3.00   0.010000
F_fleet_2_YR_1963_s_1           0.0005112360     2   0.00  3.00   0.010000
F_fleet_2_YR_1964_s_1           0.0005421030     2   0.00  3.00   0.010000
F_fleet_2_YR_1965_s_1           0.0004840450     2   0.00  3.00   0.010000
F_fleet_2_YR_1966_s_1           0.0001570820     2   0.00  3.00   0.010000
F_fleet_2_YR_1967_s_1           0.0003764570     2   0.00  3.00   0.010000
F_fleet_2_YR_1968_s_1           0.0012181400     2   0.00  3.00   0.010000
F_fleet_2_YR_1969_s_1           0.0006663280     2   0.00  3.00   0.010000
F_fleet_2_YR_1970_s_1           0.0011102000     2   0.00  3.00   0.010000
F_fleet_2_YR_1971_s_1           0.0012223100     2   0.00  3.00   0.010000
F_fleet_2_YR_1972_s_1           0.0012026600     2   0.00  3.00   0.010000
F_fleet_2_YR_1973_s_1           0.0014426700     2   0.00  3.00   0.010000
F_fleet_2_YR_1974_s_1           0.0017782100     2   0.00  3.00   0.010000
F_fleet_2_YR_1975_s_1           0.0029488100     2   0.00  3.00   0.010000
F_fleet_2_YR_1976_s_1           0.0016532000     2   0.00  3.00   0.010000
F_fleet_2_YR_1977_s_1           0.0054074100     2   0.00  3.00   0.010000
F_fleet_2_YR_1978_s_1           0.0045951100     2   0.00  3.00   0.010000
F_fleet_2_YR_1979_s_1           0.0063013800     2   0.00  3.00   0.010000
F_fleet_2_YR_1980_s_1           0.0043091900     2   0.00  3.00   0.010000
F_fleet_2_YR_1981_s_1           0.0034101200     2   0.00  3.00   0.010000
F_fleet_2_YR_1982_s_1           0.0044094900     2   0.00  3.00   0.010000
F_fleet_2_YR_1983_s_1           0.0049741500     2   0.00  3.00   0.010000
F_fleet_2_YR_1984_s_1           0.0268228000     2   0.00  3.00   0.010000
F_fleet_2_YR_1985_s_1           0.0242879000     2   0.00  3.00   0.010000
F_fleet_2_YR_1986_s_1           0.0325368000     2   0.00  3.00   0.010000
F_fleet_2_YR_1987_s_1           0.0369959000     2   0.00  3.00   0.010000
F_fleet_2_YR_1988_s_1           0.0391729000     2   0.00  3.00   0.010000
F_fleet_2_YR_1989_s_1           0.0420968000     2   0.00  3.00   0.010000
F_fleet_2_YR_1990_s_1           0.0429874000     2   0.00  3.00   0.010000
F_fleet_2_YR_1991_s_1           0.0379924000     2   0.00  3.00   0.010000
F_fleet_2_YR_1992_s_1           0.0525910000     2   0.00  3.00   0.010000
F_fleet_2_YR_1993_s_1           0.0551027000     2   0.00  3.00   0.010000
F_fleet_2_YR_1994_s_1           0.0604511000     2   0.00  3.00   0.010000
F_fleet_2_YR_1995_s_1           0.0412180000     2   0.00  3.00   0.010000
F_fleet_2_YR_1996_s_1           0.0442978000     2   0.00  3.00   0.010000
F_fleet_2_YR_1997_s_1           0.0797198000     2   0.00  3.00   0.010000
F_fleet_2_YR_1998_s_1           0.0732012000     2   0.00  3.00   0.010000
F_fleet_2_YR_1999_s_1           0.0981861000     2   0.00  3.00   0.010000
F_fleet_2_YR_2000_s_1           0.0727526000     2   0.00  3.00   0.010000
F_fleet_2_YR_2001_s_1           0.0900966000     2   0.00  3.00   0.010000
F_fleet_2_YR_2002_s_1           0.1010840000     2   0.00  3.00   0.010000
F_fleet_2_YR_2003_s_1           0.1232840000     2   0.00  3.00   0.010000
F_fleet_2_YR_2004_s_1           0.1149680000     2   0.00  3.00   0.010000
F_fleet_2_YR_2005_s_1           0.1052990000     2   0.00  3.00   0.010000
F_fleet_2_YR_2006_s_1           0.0702682000     2   0.00  3.00   0.010000
F_fleet_2_YR_2007_s_1           0.1259930000     2   0.00  3.00   0.010000
F_fleet_2_YR_2008_s_1           0.0855903000     2   0.00  3.00   0.010000
F_fleet_2_YR_2009_s_1           0.0795672000     2   0.00  3.00   0.010000
F_fleet_2_YR_2010_s_1           0.0614050000     2   0.00  3.00   0.010000
F_fleet_2_YR_2011_s_1           0.0572300000     2   0.00  3.00   0.010000
F_fleet_2_YR_2012_s_1           0.0725610000     2   0.00  3.00   0.010000
F_fleet_2_YR_2013_s_1           0.0445692000     2   0.00  3.00   0.010000
F_fleet_2_YR_2014_s_1           0.0585831000     2   0.00  3.00   0.010000
F_fleet_2_YR_2015_s_1           0.0571557000     2   0.00  3.00   0.010000
F_fleet_2_YR_2016_s_1           0.0558789000     2   0.00  3.00   0.010000
F_fleet_2_YR_2017_s_1           0.0433953000     2   0.00  3.00   0.010000
F_fleet_3_YR_1950_s_1           0.0001468690     2   0.00  3.00   0.010000
F_fleet_3_YR_1951_s_1           0.0003986340     2   0.00  3.00   0.010000
F_fleet_3_YR_1952_s_1           0.0006609540     2   0.00  3.00   0.010000
F_fleet_3_YR_1953_s_1           0.0009343800     2   0.00  3.00   0.010000
F_fleet_3_YR_1954_s_1           0.0012177400     2   0.00  3.00   0.010000
F_fleet_3_YR_1955_s_1           0.0015126500     2   0.00  3.00   0.010000
F_fleet_3_YR_1956_s_1           0.0018196300     2   0.00  3.00   0.010000
F_fleet_3_YR_1957_s_1           0.0021422800     2   0.00  3.00   0.010000
F_fleet_3_YR_1958_s_1           0.0024875800     2   0.00  3.00   0.010000
F_fleet_3_YR_1959_s_1           0.0028604700     2   0.00  3.00   0.010000
F_fleet_3_YR_1960_s_1           0.0032580700     2   0.00  3.00   0.010000
F_fleet_3_YR_1961_s_1           0.0036567700     2   0.00  3.00   0.010000
F_fleet_3_YR_1962_s_1           0.0040139700     2   0.00  3.00   0.010000
F_fleet_3_YR_1963_s_1           0.0043306200     2   0.00  3.00   0.010000
F_fleet_3_YR_1964_s_1           0.0046563400     2   0.00  3.00   0.010000
F_fleet_3_YR_1965_s_1           0.0050065100     2   0.00  3.00   0.010000
F_fleet_3_YR_1966_s_1           0.0053820000     2   0.00  3.00   0.010000
F_fleet_3_YR_1967_s_1           0.0057746600     2   0.00  3.00   0.010000
F_fleet_3_YR_1968_s_1           0.0061885800     2   0.00  3.00   0.010000
F_fleet_3_YR_1969_s_1           0.0066274300     2   0.00  3.00   0.010000
F_fleet_3_YR_1970_s_1           0.0070965700     2   0.00  3.00   0.010000
F_fleet_3_YR_1971_s_1           0.0075646500     2   0.00  3.00   0.010000
F_fleet_3_YR_1972_s_1           0.0079869700     2   0.00  3.00   0.010000
F_fleet_3_YR_1973_s_1           0.0083822100     2   0.00  3.00   0.010000
F_fleet_3_YR_1974_s_1           0.0087735200     2   0.00  3.00   0.010000
F_fleet_3_YR_1975_s_1           0.0091803500     2   0.00  3.00   0.010000
F_fleet_3_YR_1976_s_1           0.0095967800     2   0.00  3.00   0.010000
F_fleet_3_YR_1977_s_1           0.0100504000     2   0.00  3.00   0.010000
F_fleet_3_YR_1978_s_1           0.0105720000     2   0.00  3.00   0.010000
F_fleet_3_YR_1979_s_1           0.0111451000     2   0.00  3.00   0.010000
F_fleet_3_YR_1980_s_1           0.0117417000     2   0.00  3.00   0.010000
F_fleet_3_YR_1981_s_1           0.0123383000     2   0.00  3.00   0.010000
F_fleet_3_YR_1982_s_1           0.0276482000     2   0.00  3.00   0.010000
F_fleet_3_YR_1983_s_1           0.0106644000     2   0.00  3.00   0.010000
F_fleet_3_YR_1984_s_1           0.0165882000     2   0.00  3.00   0.010000
F_fleet_3_YR_1985_s_1           0.0325787000     2   0.00  3.00   0.010000
F_fleet_3_YR_1986_s_1           0.0468192000     2   0.00  3.00   0.010000
F_fleet_3_YR_1987_s_1           0.0604066000     2   0.00  3.00   0.010000
F_fleet_3_YR_1988_s_1           0.0919002000     2   0.00  3.00   0.010000
F_fleet_3_YR_1989_s_1           0.0509585000     2   0.00  3.00   0.010000
F_fleet_3_YR_1990_s_1           0.0698210000     2   0.00  3.00   0.010000
F_fleet_3_YR_1991_s_1           0.0913921000     2   0.00  3.00   0.010000
F_fleet_3_YR_1992_s_1           0.1162750000     2   0.00  3.00   0.010000
F_fleet_3_YR_1993_s_1           0.0903120000     2   0.00  3.00   0.010000
F_fleet_3_YR_1994_s_1           0.0796309000     2   0.00  3.00   0.010000
F_fleet_3_YR_1995_s_1           0.1175460000     2   0.00  3.00   0.010000
F_fleet_3_YR_1996_s_1           0.0504767000     2   0.00  3.00   0.010000
F_fleet_3_YR_1997_s_1           0.0910966000     2   0.00  3.00   0.010000
F_fleet_3_YR_1998_s_1           0.0486661000     2   0.00  3.00   0.010000
F_fleet_3_YR_1999_s_1           0.0978382000     2   0.00  3.00   0.010000
F_fleet_3_YR_2000_s_1           0.0578225000     2   0.00  3.00   0.010000
F_fleet_3_YR_2001_s_1           0.1491320000     2   0.00  3.00   0.010000
F_fleet_3_YR_2002_s_1           0.1186090000     2   0.00  3.00   0.010000
F_fleet_3_YR_2003_s_1           0.1089100000     2   0.00  3.00   0.010000
F_fleet_3_YR_2004_s_1           0.1092140000     2   0.00  3.00   0.010000
F_fleet_3_YR_2005_s_1           0.1343810000     2   0.00  3.00   0.010000
F_fleet_3_YR_2006_s_1           0.1259360000     2   0.00  3.00   0.010000
F_fleet_3_YR_2007_s_1           0.1222810000     2   0.00  3.00   0.010000
F_fleet_3_YR_2008_s_1           0.0582520000     2   0.00  3.00   0.010000
F_fleet_3_YR_2009_s_1           0.0832546000     2   0.00  3.00   0.010000
F_fleet_3_YR_2010_s_1           0.0611133000     2   0.00  3.00   0.010000
F_fleet_3_YR_2011_s_1           0.1470310000     2   0.00  3.00   0.010000
F_fleet_3_YR_2012_s_1           0.1145650000     2   0.00  3.00   0.010000
F_fleet_3_YR_2013_s_1           0.1983490000     2   0.00  3.00   0.010000
F_fleet_3_YR_2014_s_1           0.1756800000     2   0.00  3.00   0.010000
F_fleet_3_YR_2015_s_1           0.1363780000     2   0.00  3.00   0.010000
F_fleet_3_YR_2016_s_1           0.1231860000     2   0.00  3.00   0.010000
F_fleet_3_YR_2017_s_1           0.1406890000     2   0.00  3.00   0.010000
F_fleet_4_YR_1950_s_1           0.0498025000     1   0.00  3.00   0.010000
F_fleet_4_YR_1951_s_1           0.0679097000     1   0.00  3.00   0.010000
F_fleet_4_YR_1952_s_1           0.0802092000     1   0.00  3.00   0.010000
F_fleet_4_YR_1953_s_1           0.0843452000     1   0.00  3.00   0.010000
F_fleet_4_YR_1954_s_1           0.1093520000     1   0.00  3.00   0.010000
F_fleet_4_YR_1955_s_1           0.1139950000     1   0.00  3.00   0.010000
F_fleet_4_YR_1956_s_1           0.1457630000     1   0.00  3.00   0.010000
F_fleet_4_YR_1957_s_1           0.1669190000     1   0.00  3.00   0.010000
F_fleet_4_YR_1958_s_1           0.2044790000     1   0.00  3.00   0.010000
F_fleet_4_YR_1959_s_1           0.2204900000     1   0.00  3.00   0.010000
F_fleet_4_YR_1960_s_1           0.2204790000     1   0.00  3.00   0.010000
F_fleet_4_YR_1961_s_1           0.1669820000     1   0.00  3.00   0.010000
F_fleet_4_YR_1962_s_1           0.1608280000     1   0.00  3.00   0.010000
F_fleet_4_YR_1963_s_1           0.1834450000     1   0.00  3.00   0.010000
F_fleet_4_YR_1964_s_1           0.1938740000     1   0.00  3.00   0.010000
F_fleet_4_YR_1965_s_1           0.2153640000     1   0.00  3.00   0.010000
F_fleet_4_YR_1966_s_1           0.2120750000     1   0.00  3.00   0.010000
F_fleet_4_YR_1967_s_1           0.2312950000     1   0.00  3.00   0.010000
F_fleet_4_YR_1968_s_1           0.2352660000     1   0.00  3.00   0.010000
F_fleet_4_YR_1969_s_1           0.2678910000     1   0.00  3.00   0.010000
F_fleet_4_YR_1970_s_1           0.2526730000     1   0.00  3.00   0.010000
F_fleet_4_YR_1971_s_1           0.2414160000     1   0.00  3.00   0.010000
F_fleet_4_YR_1972_s_1           0.2364630000     1   0.00  3.00   0.010000
F_fleet_4_YR_1973_s_1           0.2407080000     1   0.00  3.00   0.010000
F_fleet_4_YR_1974_s_1           0.2401630000     1   0.00  3.00   0.010000
F_fleet_4_YR_1975_s_1           0.2422930000     1   0.00  3.00   0.010000
F_fleet_4_YR_1976_s_1           0.2521880000     1   0.00  3.00   0.010000
F_fleet_4_YR_1977_s_1           0.2774130000     1   0.00  3.00   0.010000
F_fleet_4_YR_1978_s_1           0.2941560000     1   0.00  3.00   0.010000
F_fleet_4_YR_1979_s_1           0.3087940000     1   0.00  3.00   0.010000
F_fleet_4_YR_1980_s_1           0.3162410000     1   0.00  3.00   0.010000
F_fleet_4_YR_1981_s_1           0.2871710000     1   0.00  3.00   0.010000
F_fleet_4_YR_1982_s_1           0.2735570000     1   0.00  3.00   0.010000
F_fleet_4_YR_1983_s_1           0.2765590000     1   0.00  3.00   0.010000
F_fleet_4_YR_1984_s_1           0.3134990000     1   0.00  3.00   0.010000
F_fleet_4_YR_1985_s_1           0.3031180000     1   0.00  3.00   0.010000
F_fleet_4_YR_1986_s_1           0.3308690000     1   0.00  3.00   0.010000
F_fleet_4_YR_1987_s_1           0.2746740000     1   0.00  3.00   0.010000
F_fleet_4_YR_1988_s_1           0.2515120000     1   0.00  3.00   0.010000
F_fleet_4_YR_1989_s_1           0.2761540000     1   0.00  3.00   0.010000
F_fleet_4_YR_1990_s_1           0.2427060000     1   0.00  3.00   0.010000
F_fleet_4_YR_1991_s_1           0.2534430000     1   0.00  3.00   0.010000
F_fleet_4_YR_1992_s_1           0.3196170000     1   0.00  3.00   0.010000
F_fleet_4_YR_1993_s_1           0.3623490000     1   0.00  3.00   0.010000
F_fleet_4_YR_1994_s_1           0.5544560000     1   0.00  3.00   0.010000
F_fleet_4_YR_1995_s_1           0.4271430000     1   0.00  3.00   0.010000
F_fleet_4_YR_1996_s_1           0.4026560000     1   0.00  3.00   0.010000
F_fleet_4_YR_1997_s_1           0.4145990000     1   0.00  3.00   0.010000
F_fleet_4_YR_1998_s_1           0.5033020000     1   0.00  3.00   0.010000
F_fleet_4_YR_1999_s_1           0.3286670000     1   0.00  3.00   0.010000
F_fleet_4_YR_2000_s_1           0.2631390000     1   0.00  3.00   0.010000
F_fleet_4_YR_2001_s_1           0.2911880000     1   0.00  3.00   0.010000
F_fleet_4_YR_2002_s_1           0.3604720000     1   0.00  3.00   0.010000
F_fleet_4_YR_2003_s_1           0.3086450000     1   0.00  3.00   0.010000
F_fleet_4_YR_2004_s_1           0.2845300000     1   0.00  3.00   0.010000
F_fleet_4_YR_2005_s_1           0.2372460000     1   0.00  3.00   0.010000
F_fleet_4_YR_2006_s_1           0.1546090000     1   0.00  3.00   0.010000
F_fleet_4_YR_2007_s_1           0.1070100000     1   0.00  3.00   0.010000
F_fleet_4_YR_2008_s_1           0.0763106000     1   0.00  3.00   0.010000
F_fleet_4_YR_2009_s_1           0.1225990000     1   0.00  3.00   0.010000
F_fleet_4_YR_2010_s_1           0.0915460000     1   0.00  3.00   0.010000
F_fleet_4_YR_2011_s_1           0.1095800000     1   0.00  3.00   0.010000
F_fleet_4_YR_2012_s_1           0.0976433000     1   0.00  3.00   0.010000
F_fleet_4_YR_2013_s_1           0.1089390000     1   0.00  3.00   0.010000
F_fleet_4_YR_2014_s_1           0.0869571000     1   0.00  3.00   0.010000
F_fleet_4_YR_2015_s_1           0.0714355000     1   0.00  3.00   0.010000
F_fleet_4_YR_2016_s_1           0.0734890000     1   0.00  3.00   0.010000
F_fleet_4_YR_2017_s_1           0.0796822000     1   0.00  3.00   0.010000
LnQ_base_SMP_BYC(4)             1.3848100000     2 -10.00 20.00   1.384810
Size_DblN_top_logit_VIDEO(8)   -1.5747500000     3 -10.00  3.00  -1.574750
Size_DblN_ascend_se_VIDEO(8)    1.1000600000     3  -6.00 12.00   1.100060
Size_DblN_end_logit_VIDEO(8)    0.5974990000     2  -8.00  5.00   0.597499
Size_DblN_top_logit_SEAMAP(9)  -4.0890100000     3 -10.00  3.00  -4.089010
Size_DblN_ascend_se_SEAMAP(9)   1.2627300000     3  -6.00 12.00   1.262730
Size_DblN_end_logit_SEAMAP(9)  -5.3060500000     2  -8.00  5.00  -5.306050
Age_inflection_CM_E(1)          2.1199500000     3   0.50 14.00   2.119950
Age_95%width_CM_E(1)            0.9161540000     1   0.50 14.00   0.916154
Age_inflection_CM_W(2)          3.6807500000     3   0.50 14.00   3.680750
Age_95%width_CM_W(2)            2.0966100000     1   0.50 14.00   2.096610
Age_DblN_peak_REC(3)            3.3327600000     2   1.00 10.00   3.332760
Age_DblN_top_logit_REC(3)      -9.1650500000     3 -10.00  3.00  -9.165070
Age_DblN_ascend_se_REC(3)       0.5498620000     3  -6.00 12.00   0.549862
Age_DblN_descend_se_REC(3)      2.9527300000     3  -4.00  6.00   2.952730
Age_DblN_start_logit_REC(3)   -12.1034000000     2 -15.00  5.00 -12.103500
Age_DblN_end_logit_REC(3)      -1.8294800000     2  -8.00  5.00  -1.829480
                              Status     Parm_StDev           Gradient  Pr_type
SR_LN(R0)                         OK  0.05637540000  0.000040260700000 No_prior
SR_BH_steep                       OK  0.05761600000  0.000001812520000 No_prior
F_fleet_1_YR_1950_s_1            act  0.00000267498 -0.000001110360000        F
F_fleet_1_YR_1951_s_1            act  0.00000533784  0.000008076640000        F
F_fleet_1_YR_1952_s_1            act  0.00000807172  0.000006324890000        F
F_fleet_1_YR_1953_s_1            act  0.00001083690  0.000002331130000        F
F_fleet_1_YR_1954_s_1            act  0.00001369110  0.000002212390000        F
F_fleet_1_YR_1955_s_1            act  0.00001661720  0.000000765798000        F
F_fleet_1_YR_1956_s_1            act  0.00001960130  0.000001816440000        F
F_fleet_1_YR_1957_s_1            act  0.00002271450 -0.000000531556000        F
F_fleet_1_YR_1958_s_1            act  0.00002597100  0.000002259290000        F
F_fleet_1_YR_1959_s_1            act  0.00002937850  0.000000282543000        F
F_fleet_1_YR_1960_s_1            act  0.00003302290  0.000000075764500        F
F_fleet_1_YR_1961_s_1            act  0.00003678130 -0.000000728027000        F
F_fleet_1_YR_1962_s_1            act  0.00004052920  0.000000487560000        F
F_fleet_1_YR_1963_s_1            act  0.00004404370 -0.000000537328000        F
F_fleet_1_YR_1964_s_1            act  0.00004855350  0.000000550562000        F
F_fleet_1_YR_1965_s_1            act  0.00004864970  0.000000087855100        F
F_fleet_1_YR_1966_s_1            act  0.00002561330 -0.000000233056000        F
F_fleet_1_YR_1967_s_1            act  0.00005243200  0.000000814991000        F
F_fleet_1_YR_1968_s_1            act  0.00010549900 -0.000000166674000        F
F_fleet_1_YR_1969_s_1            act  0.00013630800  0.000000648339000        F
F_fleet_1_YR_1970_s_1            act  0.00012918000  0.000001000790000        F
F_fleet_1_YR_1971_s_1            act  0.00014342300  0.000000998270000        F
F_fleet_1_YR_1972_s_1            act  0.00012831700  0.000001869200000        F
F_fleet_1_YR_1973_s_1            act  0.00021887400  0.000000941516000        F
F_fleet_1_YR_1974_s_1            act  0.00020984900  0.000000796254000        F
F_fleet_1_YR_1975_s_1            act  0.00046218900  0.000000701474000        F
F_fleet_1_YR_1976_s_1            act  0.00041067800  0.000000567193000        F
F_fleet_1_YR_1977_s_1            act  0.00056415400  0.000000633347000        F
F_fleet_1_YR_1978_s_1            act  0.00049288700  0.000000840547000        F
F_fleet_1_YR_1979_s_1            act  0.00038221500  0.000000347028000        F
F_fleet_1_YR_1980_s_1            act  0.00028394100  0.000000570710000        F
F_fleet_1_YR_1981_s_1            act  0.00041820600 -0.000000075371700        F
F_fleet_1_YR_1982_s_1            act  0.00044069800 -0.000000019652300        F
F_fleet_1_YR_1983_s_1            act  0.00070572300  0.000000329164000        F
F_fleet_1_YR_1984_s_1            act  0.00101403000  0.000000201693000        F
F_fleet_1_YR_1985_s_1            act  0.00133374000  0.000000190137000        F
F_fleet_1_YR_1986_s_1            act  0.00144466000  0.000000029267100        F
F_fleet_1_YR_1987_s_1            act  0.00119441000  0.000000086201800        F
F_fleet_1_YR_1988_s_1            act  0.00117748000  0.000000448751000        F
F_fleet_1_YR_1989_s_1            act  0.00120446000  0.000000104136000        F
F_fleet_1_YR_1990_s_1            act  0.00303191000  0.000000453355000        F
F_fleet_1_YR_1991_s_1            act  0.00257623000  0.000000275050000        F
F_fleet_1_YR_1992_s_1            act  0.00348207000  0.000001077960000        F
F_fleet_1_YR_1993_s_1            act  0.00517946000  0.000000590842000        F
F_fleet_1_YR_1994_s_1            act  0.00538879000 -0.000000861050000        F
F_fleet_1_YR_1995_s_1            act  0.00568341000  0.000000035972600        F
F_fleet_1_YR_1996_s_1            act  0.00487581000 -0.000000652459000        F
F_fleet_1_YR_1997_s_1            act  0.00487781000  0.000000294199000        F
F_fleet_1_YR_1998_s_1            act  0.00408987000 -0.000000191600000        F
F_fleet_1_YR_1999_s_1            act  0.00498457000  0.000000067670400        F
F_fleet_1_YR_2000_s_1            act  0.00394957000 -0.000000391885000        F
F_fleet_1_YR_2001_s_1            act  0.00436186000  0.000000840209000        F
F_fleet_1_YR_2002_s_1            act  0.00490135000 -0.000000185652000        F
F_fleet_1_YR_2003_s_1            act  0.00539670000  0.000000680003000        F
F_fleet_1_YR_2004_s_1            act  0.00429708000 -0.000000078627900        F
F_fleet_1_YR_2005_s_1            act  0.00647531000  0.000000668526000        F
F_fleet_1_YR_2006_s_1            act  0.00685313000  0.000000638584000        F
F_fleet_1_YR_2007_s_1            act  0.00692793000  0.000000487256000        F
F_fleet_1_YR_2008_s_1            act  0.00762601000  0.000000445187000        F
F_fleet_1_YR_2009_s_1            act  0.01110170000  0.000000063578600        F
F_fleet_1_YR_2010_s_1            act  0.00549007000  0.000000594988000        F
F_fleet_1_YR_2011_s_1            act  0.01080530000  0.000000002700490        F
F_fleet_1_YR_2012_s_1            act  0.00833755000  0.000000473252000        F
F_fleet_1_YR_2013_s_1            act  0.00496329000  0.000000680448000        F
F_fleet_1_YR_2014_s_1            act  0.00572508000  0.000000246139000        F
F_fleet_1_YR_2015_s_1            act  0.00312864000  0.000001074510000        F
F_fleet_1_YR_2016_s_1            act  0.00343914000  0.000001141080000        F
F_fleet_1_YR_2017_s_1            act  0.00349866000  0.000001280190000        F
F_fleet_2_YR_1950_s_1            act  0.00000247857  0.000061158800000        F
F_fleet_2_YR_1951_s_1            act  0.00000496237  0.000006139950000        F
F_fleet_2_YR_1952_s_1            act  0.00000746167  0.000003062050000        F
F_fleet_2_YR_1953_s_1            act  0.00000999708  0.000006071350000        F
F_fleet_2_YR_1954_s_1            act  0.00001259530  0.000000651617000        F
F_fleet_2_YR_1955_s_1            act  0.00001526940  0.000003150860000        F
F_fleet_2_YR_1956_s_1            act  0.00001802060  0.000001491010000        F
F_fleet_2_YR_1957_s_1            act  0.00002085820  0.000001532620000        F
F_fleet_2_YR_1958_s_1            act  0.00002379980  0.000004752680000        F
F_fleet_2_YR_1959_s_1            act  0.00002687220  0.000000105187000        F
F_fleet_2_YR_1960_s_1            act  0.00003011160  0.000001014300000        F
F_fleet_2_YR_1961_s_1            act  0.00003354000  0.000001055780000        F
F_fleet_2_YR_1962_s_1            act  0.00003712960  0.000000302343000        F
F_fleet_2_YR_1963_s_1            act  0.00004075500 -0.000000646957000        F
F_fleet_2_YR_1964_s_1            act  0.00004321910  0.000000950257000        F
F_fleet_2_YR_1965_s_1            act  0.00003852570 -0.000000778792000        F
F_fleet_2_YR_1966_s_1            act  0.00001246060 -0.000000377092000        F
F_fleet_2_YR_1967_s_1            act  0.00002976280 -0.000000819234000        F
F_fleet_2_YR_1968_s_1            act  0.00009609490 -0.000000014831600        F
F_fleet_2_YR_1969_s_1            act  0.00005248240  0.000000883000000        F
F_fleet_2_YR_1970_s_1            act  0.00008734470  0.000000504337000        F
F_fleet_2_YR_1971_s_1            act  0.00009608830  0.000000808830000        F
F_fleet_2_YR_1972_s_1            act  0.00009453220  0.000002296540000        F
F_fleet_2_YR_1973_s_1            act  0.00011353000  0.000001214620000        F
F_fleet_2_YR_1974_s_1            act  0.00014013400  0.000001439520000        F
F_fleet_2_YR_1975_s_1            act  0.00023278900  0.000000858871000        F
F_fleet_2_YR_1976_s_1            act  0.00013063400  0.000001614210000        F
F_fleet_2_YR_1977_s_1            act  0.00042812900  0.000000671082000        F
F_fleet_2_YR_1978_s_1            act  0.00036427800  0.000000599794000        F
F_fleet_2_YR_1979_s_1            act  0.00049985100  0.000000237744000        F
F_fleet_2_YR_1980_s_1            act  0.00034149200  0.000000448641000        F
F_fleet_2_YR_1981_s_1            act  0.00026994200  0.000000708416000        F
F_fleet_2_YR_1982_s_1            act  0.00034956900  0.000000156671000        F
F_fleet_2_YR_1983_s_1            act  0.00039550700  0.000000108405000        F
F_fleet_2_YR_1984_s_1            act  0.00215067000  0.000000245654000        F
F_fleet_2_YR_1985_s_1            act  0.00196466000  0.000000257708000        F
F_fleet_2_YR_1986_s_1            act  0.00266013000  0.000000051563800        F
F_fleet_2_YR_1987_s_1            act  0.00306742000  0.000000104791000        F
F_fleet_2_YR_1988_s_1            act  0.00330161000  0.000000206083000        F
F_fleet_2_YR_1989_s_1            act  0.00361053000  0.000000301364000        F
F_fleet_2_YR_1990_s_1            act  0.00373654000  0.000000748590000        F
F_fleet_2_YR_1991_s_1            act  0.00333901000  0.000000305752000        F
F_fleet_2_YR_1992_s_1            act  0.00468207000 -0.000000384506000        F
F_fleet_2_YR_1993_s_1            act  0.00500262000  0.000000579366000        F
F_fleet_2_YR_1994_s_1            act  0.00557302000  0.000000352617000        F
F_fleet_2_YR_1995_s_1            act  0.00383094000  0.000000274343000        F
F_fleet_2_YR_1996_s_1            act  0.00412876000  0.000000461868000        F
F_fleet_2_YR_1997_s_1            act  0.00743135000 -0.000000170245000        F
F_fleet_2_YR_1998_s_1            act  0.00685089000 -0.000000070581000        F
F_fleet_2_YR_1999_s_1            act  0.00924452000 -0.000000004271130        F
F_fleet_2_YR_2000_s_1            act  0.00688487000 -0.000000536179000        F
F_fleet_2_YR_2001_s_1            act  0.00842953000  0.000000029804600        F
F_fleet_2_YR_2002_s_1            act  0.00954658000 -0.000000138813000        F
F_fleet_2_YR_2003_s_1            act  0.01178890000  0.000000128725000        F
F_fleet_2_YR_2004_s_1            act  0.01093100000  0.000000308359000        F
F_fleet_2_YR_2005_s_1            act  0.00996032000  0.000000388145000        F
F_fleet_2_YR_2006_s_1            act  0.00656285000  0.000000999488000        F
F_fleet_2_YR_2007_s_1            act  0.01158710000  0.000000467219000        F
F_fleet_2_YR_2008_s_1            act  0.00784438000  0.000000530279000        F
F_fleet_2_YR_2009_s_1            act  0.00742101000  0.000000365708000        F
F_fleet_2_YR_2010_s_1            act  0.00576597000  0.000000419492000        F
F_fleet_2_YR_2011_s_1            act  0.00530479000  0.000000314848000        F
F_fleet_2_YR_2012_s_1            act  0.00689071000 -0.000000662000000        F
F_fleet_2_YR_2013_s_1            act  0.00438099000  0.000001770620000        F
F_fleet_2_YR_2014_s_1            act  0.00607933000  0.000000705212000        F
F_fleet_2_YR_2015_s_1            act  0.00618793000  0.000000515554000        F
F_fleet_2_YR_2016_s_1            act  0.00607637000  0.000001193870000        F
F_fleet_2_YR_2017_s_1            act  0.00469043000  0.000000975171000        F
F_fleet_3_YR_1950_s_1            act  0.00002590340  0.000000524825000        F
F_fleet_3_YR_1951_s_1            act  0.00007025230  0.000000093571800        F
F_fleet_3_YR_1952_s_1            act  0.00011636800 -0.000000138170000        F
F_fleet_3_YR_1953_s_1            act  0.00016441100  0.000000080801200        F
F_fleet_3_YR_1954_s_1            act  0.00021418000  0.000000297592000        F
F_fleet_3_YR_1955_s_1            act  0.00026589700 -0.000000153854000        F
F_fleet_3_YR_1956_s_1            act  0.00031968000 -0.000000116899000        F
F_fleet_3_YR_1957_s_1            act  0.00037611900  0.000000009805930        F
F_fleet_3_YR_1958_s_1            act  0.00043652800 -0.000000083980900        F
F_fleet_3_YR_1959_s_1            act  0.00050187400  0.000000055063600        F
F_fleet_3_YR_1960_s_1            act  0.00057185100  0.000000042565000        F
F_fleet_3_YR_1961_s_1            act  0.00064224400  0.000000042042800        F
F_fleet_3_YR_1962_s_1            act  0.00070511200  0.000000155296000        F
F_fleet_3_YR_1963_s_1            act  0.00075983800  0.000000169871000        F
F_fleet_3_YR_1964_s_1            act  0.00081569000  0.000000044594200        F
F_fleet_3_YR_1965_s_1            act  0.00087612800  0.000000440340000        F
F_fleet_3_YR_1966_s_1            act  0.00094143600  0.000000012210800        F
F_fleet_3_YR_1967_s_1            act  0.00101028000 -0.000000520047000        F
F_fleet_3_YR_1968_s_1            act  0.00108305000  0.000000372183000        F
F_fleet_3_YR_1969_s_1            act  0.00116047000 -0.000000740704000        F
F_fleet_3_YR_1970_s_1            act  0.00124340000 -0.000000748638000        F
F_fleet_3_YR_1971_s_1            act  0.00132661000  0.000000763573000        F
F_fleet_3_YR_1972_s_1            act  0.00140098000 -0.000000081398400        F
F_fleet_3_YR_1973_s_1            act  0.00146990000 -0.000000080623900        F
F_fleet_3_YR_1974_s_1            act  0.00153774000 -0.000000201677000        F
F_fleet_3_YR_1975_s_1            act  0.00160841000  0.000000165289000        F
F_fleet_3_YR_1976_s_1            act  0.00168089000 -0.000000083294000        F
F_fleet_3_YR_1977_s_1            act  0.00176024000 -0.000000030466000        F
F_fleet_3_YR_1978_s_1            act  0.00185224000 -0.000000276066000        F
F_fleet_3_YR_1979_s_1            act  0.00195422000 -0.000000153371000        F
F_fleet_3_YR_1980_s_1            act  0.00206059000  0.000000064920800        F
F_fleet_3_YR_1981_s_1            act  0.00216662000 -0.000000020102700        F
F_fleet_3_YR_1982_s_1            act  0.00487826000 -0.000000005030080        F
F_fleet_3_YR_1983_s_1            act  0.00186853000  0.000000005278200        F
F_fleet_3_YR_1984_s_1            act  0.00290135000 -0.000000231415000        F
F_fleet_3_YR_1985_s_1            act  0.00569100000 -0.000000058179800        F
F_fleet_3_YR_1986_s_1            act  0.00816279000  0.000000000612517        F
F_fleet_3_YR_1987_s_1            act  0.01056910000 -0.000000109931000        F
F_fleet_3_YR_1988_s_1            act  0.01600600000 -0.000000488398000        F
F_fleet_3_YR_1989_s_1            act  0.00884137000 -0.000000148916000        F
F_fleet_3_YR_1990_s_1            act  0.01202850000 -0.000000079415300        F
F_fleet_3_YR_1991_s_1            act  0.01575780000  0.000000294577000        F
F_fleet_3_YR_1992_s_1            act  0.01988400000 -0.000000401872000        F
F_fleet_3_YR_1993_s_1            act  0.01535930000 -0.000000115664000        F
F_fleet_3_YR_1994_s_1            act  0.01365280000  0.000000019506700        F
F_fleet_3_YR_1995_s_1            act  0.02047900000 -0.000001518950000        F
F_fleet_3_YR_1996_s_1            act  0.00888646000 -0.000000016944900        F
F_fleet_3_YR_1997_s_1            act  0.01608840000 -0.000000283214000        F
F_fleet_3_YR_1998_s_1            act  0.00849181000 -0.000000164737000        F
F_fleet_3_YR_1999_s_1            act  0.01664520000 -0.000000332658000        F
F_fleet_3_YR_2000_s_1            act  0.00986489000 -0.000000148635000        F
F_fleet_3_YR_2001_s_1            act  0.02407870000  0.000000041978500        F
F_fleet_3_YR_2002_s_1            act  0.01925820000 -0.000000121420000        F
F_fleet_3_YR_2003_s_1            act  0.01777030000  0.000000275511000        F
F_fleet_3_YR_2004_s_1            act  0.01784600000 -0.000000277399000        F
F_fleet_3_YR_2005_s_1            act  0.02223650000  0.000000494901000        F
F_fleet_3_YR_2006_s_1            act  0.02115500000 -0.000000297298000        F
F_fleet_3_YR_2007_s_1            act  0.02051390000  0.000000184189000        F
F_fleet_3_YR_2008_s_1            act  0.00980993000 -0.000000086383000        F
F_fleet_3_YR_2009_s_1            act  0.01356430000 -0.000000158957000        F
F_fleet_3_YR_2010_s_1            act  0.01009110000 -0.000000087503700        F
F_fleet_3_YR_2011_s_1            act  0.02402340000 -0.000000226181000        F
F_fleet_3_YR_2012_s_1            act  0.02016720000  0.000000209186000        F
F_fleet_3_YR_2013_s_1            act  0.03628030000 -0.000000198251000        F
F_fleet_3_YR_2014_s_1            act  0.03371520000  0.000000109814000        F
F_fleet_3_YR_2015_s_1            act  0.02589450000 -0.000001009000000        F
F_fleet_3_YR_2016_s_1            act  0.02270260000 -0.000000772990000        F
F_fleet_3_YR_2017_s_1            act  0.02595080000  0.000000339552000        F
F_fleet_4_YR_1950_s_1            act  0.01087360000 -0.000000056117200        F
F_fleet_4_YR_1951_s_1            act  0.01482740000  0.000000119103000        F
F_fleet_4_YR_1952_s_1            act  0.01751340000  0.000000259157000        F
F_fleet_4_YR_1953_s_1            act  0.01841700000  0.000000275558000        F
F_fleet_4_YR_1954_s_1            act  0.02387910000 -0.000000114768000        F
F_fleet_4_YR_1955_s_1            act  0.02489420000 -0.000000069589200        F
F_fleet_4_YR_1956_s_1            act  0.03183530000  0.000000331797000        F
F_fleet_4_YR_1957_s_1            act  0.03645980000  0.000000437598000        F
F_fleet_4_YR_1958_s_1            act  0.04467180000 -0.000001161180000        F
F_fleet_4_YR_1959_s_1            act  0.04817720000  0.000000797869000        F
F_fleet_4_YR_1960_s_1            act  0.04818270000  0.000000606853000        F
F_fleet_4_YR_1961_s_1            act  0.03649080000 -0.000000180000000        F
F_fleet_4_YR_1962_s_1            act  0.03515110000 -0.000000555570000        F
F_fleet_4_YR_1963_s_1            act  0.04010750000  0.000000227688000        F
F_fleet_4_YR_1964_s_1            act  0.04240030000 -0.000000045597700        F
F_fleet_4_YR_1965_s_1            act  0.04712130000 -0.000000739419000        F
F_fleet_4_YR_1966_s_1            act  0.04641630000 -0.000000349159000        F
F_fleet_4_YR_1967_s_1            act  0.05065220000 -0.000000943106000        F
F_fleet_4_YR_1968_s_1            act  0.05154660000 -0.000000965836000        F
F_fleet_4_YR_1969_s_1            act  0.05874700000 -0.000000702966000        F
F_fleet_4_YR_1970_s_1            act  0.05544150000 -0.000000139672000        F
F_fleet_4_YR_1971_s_1            act  0.05307370000 -0.000000560809000        F
F_fleet_4_YR_1972_s_1            act  0.05028430000 -0.000000481505000        F
F_fleet_4_YR_1973_s_1            act  0.05208990000  0.000000165626000        F
F_fleet_4_YR_1974_s_1            act  0.05202320000 -0.000000308394000        F
F_fleet_4_YR_1975_s_1            act  0.05253750000 -0.000000247182000        F
F_fleet_4_YR_1976_s_1            act  0.05472730000  0.000001018700000        F
F_fleet_4_YR_1977_s_1            act  0.06021620000 -0.000000112083000        F
F_fleet_4_YR_1978_s_1            act  0.06384640000  0.000000259878000        F
F_fleet_4_YR_1979_s_1            act  0.06694810000 -0.000000152305000        F
F_fleet_4_YR_1980_s_1            act  0.06836430000  0.000000286595000        F
F_fleet_4_YR_1981_s_1            act  0.06181740000 -0.000001026150000        F
F_fleet_4_YR_1982_s_1            act  0.05836960000  0.000000386647000        F
F_fleet_4_YR_1983_s_1            act  0.05816330000  0.000001060410000        F
F_fleet_4_YR_1984_s_1            act  0.06432230000 -0.000000624425000        F
F_fleet_4_YR_1985_s_1            act  0.06262300000 -0.000000788924000        F
F_fleet_4_YR_1986_s_1            act  0.06729030000 -0.000000258353000        F
F_fleet_4_YR_1987_s_1            act  0.05440110000 -0.000000713812000        F
F_fleet_4_YR_1988_s_1            act  0.04971480000 -0.000000079762400        F
F_fleet_4_YR_1989_s_1            act  0.05420860000 -0.000000125938000        F
F_fleet_4_YR_1990_s_1            act  0.04662190000 -0.000000712523000        F
F_fleet_4_YR_1991_s_1            act  0.04770890000  0.000001383430000        F
F_fleet_4_YR_1992_s_1            act  0.05880630000 -0.000000249229000        F
F_fleet_4_YR_1993_s_1            act  0.07230000000 -0.000000247821000        F
F_fleet_4_YR_1994_s_1            act  0.10197000000 -0.000000588662000        F
F_fleet_4_YR_1995_s_1            act  0.09940100000 -0.000000522443000        F
F_fleet_4_YR_1996_s_1            act  0.08446930000  0.000000507876000        F
F_fleet_4_YR_1997_s_1            act  0.08639870000 -0.000000031542200        F
F_fleet_4_YR_1998_s_1            act  0.10249000000 -0.000000389629000        F
F_fleet_4_YR_1999_s_1            act  0.07066410000 -0.000000369581000        F
F_fleet_4_YR_2000_s_1            act  0.05421070000 -0.000001717310000        F
F_fleet_4_YR_2001_s_1            act  0.05908510000  0.000002273980000        F
F_fleet_4_YR_2002_s_1            act  0.07393400000 -0.000000080310800        F
F_fleet_4_YR_2003_s_1            act  0.06473330000  0.000000020477800        F
F_fleet_4_YR_2004_s_1            act  0.05728120000 -0.000000132014000        F
F_fleet_4_YR_2005_s_1            act  0.04929980000 -0.000000894139000        F
F_fleet_4_YR_2006_s_1            act  0.03288210000 -0.000000656265000        F
F_fleet_4_YR_2007_s_1            act  0.02228030000 -0.000000213680000        F
F_fleet_4_YR_2008_s_1            act  0.01604460000 -0.000001409930000        F
F_fleet_4_YR_2009_s_1            act  0.02657890000  0.000000147674000        F
F_fleet_4_YR_2010_s_1            act  0.02040040000 -0.000000336362000        F
F_fleet_4_YR_2011_s_1            act  0.02476270000 -0.000001009010000        F
F_fleet_4_YR_2012_s_1            act  0.02190650000 -0.000000194315000        F
F_fleet_4_YR_2013_s_1            act  0.02405650000  0.000000186309000        F
F_fleet_4_YR_2014_s_1            act  0.01897810000  0.000000519850000        F
F_fleet_4_YR_2015_s_1            act  0.01531250000 -0.000001437860000        F
F_fleet_4_YR_2016_s_1            act  0.01561400000  0.000000106129000        F
F_fleet_4_YR_2017_s_1            act  0.01725390000 -0.000000243296000        F
LnQ_base_SMP_BYC(4)               OK  0.08753420000 -0.000004133980000 No_prior
Size_DblN_top_logit_VIDEO(8)      OK  0.35641700000  0.000000187396000 No_prior
Size_DblN_ascend_se_VIDEO(8)      OK  0.16864700000  0.000000019859500 No_prior
Size_DblN_end_logit_VIDEO(8)      OK  0.45766000000  0.000000254611000 No_prior
Size_DblN_top_logit_SEAMAP(9)     OK  0.73343100000  0.000000083753100 No_prior
Size_DblN_ascend_se_SEAMAP(9)     OK  0.19379800000  0.000000101793000 No_prior
Size_DblN_end_logit_SEAMAP(9)     OK  2.16336000000 -0.000000004300930 No_prior
Age_inflection_CM_E(1)            OK  0.05561370000 -0.000001417630000 No_prior
Age_95%width_CM_E(1)              OK  0.12848200000 -0.000001126670000 No_prior
Age_inflection_CM_W(2)            OK  0.13481300000 -0.000002289870000 No_prior
Age_95%width_CM_W(2)              OK  0.18582600000  0.000000158420000 No_prior
Age_DblN_peak_REC(3)              OK  0.18474100000  0.000000651803000 No_prior
Age_DblN_top_logit_REC(3)         OK 19.77400000000  0.000000355569000 No_prior
Age_DblN_ascend_se_REC(3)         OK  0.24526000000 -0.000000532218000 No_prior
Age_DblN_descend_se_REC(3)        OK  0.33666900000 -0.000000640443000 No_prior
Age_DblN_start_logit_REC(3)       OK 49.42060000000  0.000000453980000 No_prior
Age_DblN_end_logit_REC(3)         OK  0.62103800000 -0.000000431303000 No_prior
                              Prior Pr_SD Pr_Like Afterbound
SR_LN(R0)                        NA    NA      NA         OK
SR_BH_steep                      NA    NA      NA         OK
F_fleet_1_YR_1950_s_1            NA    NA      NA      CHECK
F_fleet_1_YR_1951_s_1            NA    NA      NA      CHECK
F_fleet_1_YR_1952_s_1            NA    NA      NA      CHECK
F_fleet_1_YR_1953_s_1            NA    NA      NA      CHECK
F_fleet_1_YR_1954_s_1            NA    NA      NA      CHECK
F_fleet_1_YR_1955_s_1            NA    NA      NA      CHECK
F_fleet_1_YR_1956_s_1            NA    NA      NA      CHECK
F_fleet_1_YR_1957_s_1            NA    NA      NA      CHECK
F_fleet_1_YR_1958_s_1            NA    NA      NA      CHECK
F_fleet_1_YR_1959_s_1            NA    NA      NA      CHECK
F_fleet_1_YR_1960_s_1            NA    NA      NA      CHECK
F_fleet_1_YR_1961_s_1            NA    NA      NA      CHECK
F_fleet_1_YR_1962_s_1            NA    NA      NA      CHECK
F_fleet_1_YR_1963_s_1            NA    NA      NA      CHECK
F_fleet_1_YR_1964_s_1            NA    NA      NA      CHECK
F_fleet_1_YR_1965_s_1            NA    NA      NA      CHECK
F_fleet_1_YR_1966_s_1            NA    NA      NA      CHECK
F_fleet_1_YR_1967_s_1            NA    NA      NA      CHECK
F_fleet_1_YR_1968_s_1            NA    NA      NA         OK
F_fleet_1_YR_1969_s_1            NA    NA      NA         OK
F_fleet_1_YR_1970_s_1            NA    NA      NA         OK
F_fleet_1_YR_1971_s_1            NA    NA      NA         OK
F_fleet_1_YR_1972_s_1            NA    NA      NA         OK
F_fleet_1_YR_1973_s_1            NA    NA      NA         OK
F_fleet_1_YR_1974_s_1            NA    NA      NA         OK
F_fleet_1_YR_1975_s_1            NA    NA      NA         OK
F_fleet_1_YR_1976_s_1            NA    NA      NA         OK
F_fleet_1_YR_1977_s_1            NA    NA      NA         OK
F_fleet_1_YR_1978_s_1            NA    NA      NA         OK
F_fleet_1_YR_1979_s_1            NA    NA      NA         OK
F_fleet_1_YR_1980_s_1            NA    NA      NA         OK
F_fleet_1_YR_1981_s_1            NA    NA      NA         OK
F_fleet_1_YR_1982_s_1            NA    NA      NA         OK
F_fleet_1_YR_1983_s_1            NA    NA      NA         OK
F_fleet_1_YR_1984_s_1            NA    NA      NA         OK
F_fleet_1_YR_1985_s_1            NA    NA      NA         OK
F_fleet_1_YR_1986_s_1            NA    NA      NA         OK
F_fleet_1_YR_1987_s_1            NA    NA      NA         OK
F_fleet_1_YR_1988_s_1            NA    NA      NA         OK
F_fleet_1_YR_1989_s_1            NA    NA      NA         OK
F_fleet_1_YR_1990_s_1            NA    NA      NA         OK
F_fleet_1_YR_1991_s_1            NA    NA      NA         OK
F_fleet_1_YR_1992_s_1            NA    NA      NA         OK
F_fleet_1_YR_1993_s_1            NA    NA      NA         OK
F_fleet_1_YR_1994_s_1            NA    NA      NA         OK
F_fleet_1_YR_1995_s_1            NA    NA      NA         OK
F_fleet_1_YR_1996_s_1            NA    NA      NA         OK
F_fleet_1_YR_1997_s_1            NA    NA      NA         OK
F_fleet_1_YR_1998_s_1            NA    NA      NA         OK
F_fleet_1_YR_1999_s_1            NA    NA      NA         OK
F_fleet_1_YR_2000_s_1            NA    NA      NA         OK
F_fleet_1_YR_2001_s_1            NA    NA      NA         OK
F_fleet_1_YR_2002_s_1            NA    NA      NA         OK
F_fleet_1_YR_2003_s_1            NA    NA      NA         OK
F_fleet_1_YR_2004_s_1            NA    NA      NA         OK
F_fleet_1_YR_2005_s_1            NA    NA      NA         OK
F_fleet_1_YR_2006_s_1            NA    NA      NA         OK
F_fleet_1_YR_2007_s_1            NA    NA      NA         OK
F_fleet_1_YR_2008_s_1            NA    NA      NA         OK
F_fleet_1_YR_2009_s_1            NA    NA      NA         OK
F_fleet_1_YR_2010_s_1            NA    NA      NA         OK
F_fleet_1_YR_2011_s_1            NA    NA      NA         OK
F_fleet_1_YR_2012_s_1            NA    NA      NA         OK
F_fleet_1_YR_2013_s_1            NA    NA      NA         OK
F_fleet_1_YR_2014_s_1            NA    NA      NA         OK
F_fleet_1_YR_2015_s_1            NA    NA      NA         OK
F_fleet_1_YR_2016_s_1            NA    NA      NA         OK
F_fleet_1_YR_2017_s_1            NA    NA      NA         OK
F_fleet_2_YR_1950_s_1            NA    NA      NA      CHECK
F_fleet_2_YR_1951_s_1            NA    NA      NA      CHECK
F_fleet_2_YR_1952_s_1            NA    NA      NA      CHECK
F_fleet_2_YR_1953_s_1            NA    NA      NA      CHECK
F_fleet_2_YR_1954_s_1            NA    NA      NA      CHECK
F_fleet_2_YR_1955_s_1            NA    NA      NA      CHECK
F_fleet_2_YR_1956_s_1            NA    NA      NA      CHECK
F_fleet_2_YR_1957_s_1            NA    NA      NA      CHECK
F_fleet_2_YR_1958_s_1            NA    NA      NA      CHECK
F_fleet_2_YR_1959_s_1            NA    NA      NA      CHECK
F_fleet_2_YR_1960_s_1            NA    NA      NA      CHECK
F_fleet_2_YR_1961_s_1            NA    NA      NA      CHECK
F_fleet_2_YR_1962_s_1            NA    NA      NA      CHECK
F_fleet_2_YR_1963_s_1            NA    NA      NA      CHECK
F_fleet_2_YR_1964_s_1            NA    NA      NA      CHECK
F_fleet_2_YR_1965_s_1            NA    NA      NA      CHECK
F_fleet_2_YR_1966_s_1            NA    NA      NA      CHECK
F_fleet_2_YR_1967_s_1            NA    NA      NA      CHECK
F_fleet_2_YR_1968_s_1            NA    NA      NA         OK
F_fleet_2_YR_1969_s_1            NA    NA      NA      CHECK
F_fleet_2_YR_1970_s_1            NA    NA      NA         OK
F_fleet_2_YR_1971_s_1            NA    NA      NA         OK
F_fleet_2_YR_1972_s_1            NA    NA      NA         OK
F_fleet_2_YR_1973_s_1            NA    NA      NA         OK
F_fleet_2_YR_1974_s_1            NA    NA      NA         OK
F_fleet_2_YR_1975_s_1            NA    NA      NA         OK
F_fleet_2_YR_1976_s_1            NA    NA      NA         OK
F_fleet_2_YR_1977_s_1            NA    NA      NA         OK
F_fleet_2_YR_1978_s_1            NA    NA      NA         OK
F_fleet_2_YR_1979_s_1            NA    NA      NA         OK
F_fleet_2_YR_1980_s_1            NA    NA      NA         OK
F_fleet_2_YR_1981_s_1            NA    NA      NA         OK
F_fleet_2_YR_1982_s_1            NA    NA      NA         OK
F_fleet_2_YR_1983_s_1            NA    NA      NA         OK
F_fleet_2_YR_1984_s_1            NA    NA      NA         OK
F_fleet_2_YR_1985_s_1            NA    NA      NA         OK
F_fleet_2_YR_1986_s_1            NA    NA      NA         OK
F_fleet_2_YR_1987_s_1            NA    NA      NA         OK
F_fleet_2_YR_1988_s_1            NA    NA      NA         OK
F_fleet_2_YR_1989_s_1            NA    NA      NA         OK
F_fleet_2_YR_1990_s_1            NA    NA      NA         OK
F_fleet_2_YR_1991_s_1            NA    NA      NA         OK
F_fleet_2_YR_1992_s_1            NA    NA      NA         OK
F_fleet_2_YR_1993_s_1            NA    NA      NA         OK
F_fleet_2_YR_1994_s_1            NA    NA      NA         OK
F_fleet_2_YR_1995_s_1            NA    NA      NA         OK
F_fleet_2_YR_1996_s_1            NA    NA      NA         OK
F_fleet_2_YR_1997_s_1            NA    NA      NA         OK
F_fleet_2_YR_1998_s_1            NA    NA      NA         OK
F_fleet_2_YR_1999_s_1            NA    NA      NA         OK
F_fleet_2_YR_2000_s_1            NA    NA      NA         OK
F_fleet_2_YR_2001_s_1            NA    NA      NA         OK
F_fleet_2_YR_2002_s_1            NA    NA      NA         OK
F_fleet_2_YR_2003_s_1            NA    NA      NA         OK
F_fleet_2_YR_2004_s_1            NA    NA      NA         OK
F_fleet_2_YR_2005_s_1            NA    NA      NA         OK
F_fleet_2_YR_2006_s_1            NA    NA      NA         OK
F_fleet_2_YR_2007_s_1            NA    NA      NA         OK
F_fleet_2_YR_2008_s_1            NA    NA      NA         OK
F_fleet_2_YR_2009_s_1            NA    NA      NA         OK
F_fleet_2_YR_2010_s_1            NA    NA      NA         OK
F_fleet_2_YR_2011_s_1            NA    NA      NA         OK
F_fleet_2_YR_2012_s_1            NA    NA      NA         OK
F_fleet_2_YR_2013_s_1            NA    NA      NA         OK
F_fleet_2_YR_2014_s_1            NA    NA      NA         OK
F_fleet_2_YR_2015_s_1            NA    NA      NA         OK
F_fleet_2_YR_2016_s_1            NA    NA      NA         OK
F_fleet_2_YR_2017_s_1            NA    NA      NA         OK
F_fleet_3_YR_1950_s_1            NA    NA      NA      CHECK
F_fleet_3_YR_1951_s_1            NA    NA      NA      CHECK
F_fleet_3_YR_1952_s_1            NA    NA      NA      CHECK
F_fleet_3_YR_1953_s_1            NA    NA      NA      CHECK
F_fleet_3_YR_1954_s_1            NA    NA      NA         OK
F_fleet_3_YR_1955_s_1            NA    NA      NA         OK
F_fleet_3_YR_1956_s_1            NA    NA      NA         OK
F_fleet_3_YR_1957_s_1            NA    NA      NA         OK
F_fleet_3_YR_1958_s_1            NA    NA      NA         OK
F_fleet_3_YR_1959_s_1            NA    NA      NA         OK
F_fleet_3_YR_1960_s_1            NA    NA      NA         OK
F_fleet_3_YR_1961_s_1            NA    NA      NA         OK
F_fleet_3_YR_1962_s_1            NA    NA      NA         OK
F_fleet_3_YR_1963_s_1            NA    NA      NA         OK
F_fleet_3_YR_1964_s_1            NA    NA      NA         OK
F_fleet_3_YR_1965_s_1            NA    NA      NA         OK
F_fleet_3_YR_1966_s_1            NA    NA      NA         OK
F_fleet_3_YR_1967_s_1            NA    NA      NA         OK
F_fleet_3_YR_1968_s_1            NA    NA      NA         OK
F_fleet_3_YR_1969_s_1            NA    NA      NA         OK
F_fleet_3_YR_1970_s_1            NA    NA      NA         OK
F_fleet_3_YR_1971_s_1            NA    NA      NA         OK
F_fleet_3_YR_1972_s_1            NA    NA      NA         OK
F_fleet_3_YR_1973_s_1            NA    NA      NA         OK
F_fleet_3_YR_1974_s_1            NA    NA      NA         OK
F_fleet_3_YR_1975_s_1            NA    NA      NA         OK
F_fleet_3_YR_1976_s_1            NA    NA      NA         OK
F_fleet_3_YR_1977_s_1            NA    NA      NA         OK
F_fleet_3_YR_1978_s_1            NA    NA      NA         OK
F_fleet_3_YR_1979_s_1            NA    NA      NA         OK
F_fleet_3_YR_1980_s_1            NA    NA      NA         OK
F_fleet_3_YR_1981_s_1            NA    NA      NA         OK
F_fleet_3_YR_1982_s_1            NA    NA      NA         OK
F_fleet_3_YR_1983_s_1            NA    NA      NA         OK
F_fleet_3_YR_1984_s_1            NA    NA      NA         OK
F_fleet_3_YR_1985_s_1            NA    NA      NA         OK
F_fleet_3_YR_1986_s_1            NA    NA      NA         OK
F_fleet_3_YR_1987_s_1            NA    NA      NA         OK
F_fleet_3_YR_1988_s_1            NA    NA      NA         OK
F_fleet_3_YR_1989_s_1            NA    NA      NA         OK
F_fleet_3_YR_1990_s_1            NA    NA      NA         OK
F_fleet_3_YR_1991_s_1            NA    NA      NA         OK
F_fleet_3_YR_1992_s_1            NA    NA      NA         OK
F_fleet_3_YR_1993_s_1            NA    NA      NA         OK
F_fleet_3_YR_1994_s_1            NA    NA      NA         OK
F_fleet_3_YR_1995_s_1            NA    NA      NA         OK
F_fleet_3_YR_1996_s_1            NA    NA      NA         OK
F_fleet_3_YR_1997_s_1            NA    NA      NA         OK
F_fleet_3_YR_1998_s_1            NA    NA      NA         OK
F_fleet_3_YR_1999_s_1            NA    NA      NA         OK
F_fleet_3_YR_2000_s_1            NA    NA      NA         OK
F_fleet_3_YR_2001_s_1            NA    NA      NA         OK
F_fleet_3_YR_2002_s_1            NA    NA      NA         OK
F_fleet_3_YR_2003_s_1            NA    NA      NA         OK
F_fleet_3_YR_2004_s_1            NA    NA      NA         OK
F_fleet_3_YR_2005_s_1            NA    NA      NA         OK
F_fleet_3_YR_2006_s_1            NA    NA      NA         OK
F_fleet_3_YR_2007_s_1            NA    NA      NA         OK
F_fleet_3_YR_2008_s_1            NA    NA      NA         OK
F_fleet_3_YR_2009_s_1            NA    NA      NA         OK
F_fleet_3_YR_2010_s_1            NA    NA      NA         OK
F_fleet_3_YR_2011_s_1            NA    NA      NA         OK
F_fleet_3_YR_2012_s_1            NA    NA      NA         OK
F_fleet_3_YR_2013_s_1            NA    NA      NA         OK
F_fleet_3_YR_2014_s_1            NA    NA      NA         OK
F_fleet_3_YR_2015_s_1            NA    NA      NA         OK
F_fleet_3_YR_2016_s_1            NA    NA      NA         OK
F_fleet_3_YR_2017_s_1            NA    NA      NA         OK
F_fleet_4_YR_1950_s_1            NA    NA      NA         OK
F_fleet_4_YR_1951_s_1            NA    NA      NA         OK
F_fleet_4_YR_1952_s_1            NA    NA      NA         OK
F_fleet_4_YR_1953_s_1            NA    NA      NA         OK
F_fleet_4_YR_1954_s_1            NA    NA      NA         OK
F_fleet_4_YR_1955_s_1            NA    NA      NA         OK
F_fleet_4_YR_1956_s_1            NA    NA      NA         OK
F_fleet_4_YR_1957_s_1            NA    NA      NA         OK
F_fleet_4_YR_1958_s_1            NA    NA      NA         OK
F_fleet_4_YR_1959_s_1            NA    NA      NA         OK
F_fleet_4_YR_1960_s_1            NA    NA      NA         OK
F_fleet_4_YR_1961_s_1            NA    NA      NA         OK
F_fleet_4_YR_1962_s_1            NA    NA      NA         OK
F_fleet_4_YR_1963_s_1            NA    NA      NA         OK
F_fleet_4_YR_1964_s_1            NA    NA      NA         OK
F_fleet_4_YR_1965_s_1            NA    NA      NA         OK
F_fleet_4_YR_1966_s_1            NA    NA      NA         OK
F_fleet_4_YR_1967_s_1            NA    NA      NA         OK
F_fleet_4_YR_1968_s_1            NA    NA      NA         OK
F_fleet_4_YR_1969_s_1            NA    NA      NA         OK
F_fleet_4_YR_1970_s_1            NA    NA      NA         OK
F_fleet_4_YR_1971_s_1            NA    NA      NA         OK
F_fleet_4_YR_1972_s_1            NA    NA      NA         OK
F_fleet_4_YR_1973_s_1            NA    NA      NA         OK
F_fleet_4_YR_1974_s_1            NA    NA      NA         OK
F_fleet_4_YR_1975_s_1            NA    NA      NA         OK
F_fleet_4_YR_1976_s_1            NA    NA      NA         OK
F_fleet_4_YR_1977_s_1            NA    NA      NA         OK
F_fleet_4_YR_1978_s_1            NA    NA      NA         OK
F_fleet_4_YR_1979_s_1            NA    NA      NA         OK
F_fleet_4_YR_1980_s_1            NA    NA      NA         OK
F_fleet_4_YR_1981_s_1            NA    NA      NA         OK
F_fleet_4_YR_1982_s_1            NA    NA      NA         OK
F_fleet_4_YR_1983_s_1            NA    NA      NA         OK
F_fleet_4_YR_1984_s_1            NA    NA      NA         OK
F_fleet_4_YR_1985_s_1            NA    NA      NA         OK
F_fleet_4_YR_1986_s_1            NA    NA      NA         OK
F_fleet_4_YR_1987_s_1            NA    NA      NA         OK
F_fleet_4_YR_1988_s_1            NA    NA      NA         OK
F_fleet_4_YR_1989_s_1            NA    NA      NA         OK
F_fleet_4_YR_1990_s_1            NA    NA      NA         OK
F_fleet_4_YR_1991_s_1            NA    NA      NA         OK
F_fleet_4_YR_1992_s_1            NA    NA      NA         OK
F_fleet_4_YR_1993_s_1            NA    NA      NA         OK
F_fleet_4_YR_1994_s_1            NA    NA      NA         OK
F_fleet_4_YR_1995_s_1            NA    NA      NA         OK
F_fleet_4_YR_1996_s_1            NA    NA      NA         OK
F_fleet_4_YR_1997_s_1            NA    NA      NA         OK
F_fleet_4_YR_1998_s_1            NA    NA      NA         OK
F_fleet_4_YR_1999_s_1            NA    NA      NA         OK
F_fleet_4_YR_2000_s_1            NA    NA      NA         OK
F_fleet_4_YR_2001_s_1            NA    NA      NA         OK
F_fleet_4_YR_2002_s_1            NA    NA      NA         OK
F_fleet_4_YR_2003_s_1            NA    NA      NA         OK
F_fleet_4_YR_2004_s_1            NA    NA      NA         OK
F_fleet_4_YR_2005_s_1            NA    NA      NA         OK
F_fleet_4_YR_2006_s_1            NA    NA      NA         OK
F_fleet_4_YR_2007_s_1            NA    NA      NA         OK
F_fleet_4_YR_2008_s_1            NA    NA      NA         OK
F_fleet_4_YR_2009_s_1            NA    NA      NA         OK
F_fleet_4_YR_2010_s_1            NA    NA      NA         OK
F_fleet_4_YR_2011_s_1            NA    NA      NA         OK
F_fleet_4_YR_2012_s_1            NA    NA      NA         OK
F_fleet_4_YR_2013_s_1            NA    NA      NA         OK
F_fleet_4_YR_2014_s_1            NA    NA      NA         OK
F_fleet_4_YR_2015_s_1            NA    NA      NA         OK
F_fleet_4_YR_2016_s_1            NA    NA      NA         OK
F_fleet_4_YR_2017_s_1            NA    NA      NA         OK
LnQ_base_SMP_BYC(4)              NA    NA      NA         OK
Size_DblN_top_logit_VIDEO(8)     NA    NA      NA         OK
Size_DblN_ascend_se_VIDEO(8)     NA    NA      NA         OK
Size_DblN_end_logit_VIDEO(8)     NA    NA      NA         OK
Size_DblN_top_logit_SEAMAP(9)    NA    NA      NA         OK
Size_DblN_ascend_se_SEAMAP(9)    NA    NA      NA         OK
Size_DblN_end_logit_SEAMAP(9)    NA    NA      NA         OK
Age_inflection_CM_E(1)           NA    NA      NA         OK
Age_95%width_CM_E(1)             NA    NA      NA         OK
Age_inflection_CM_W(2)           NA    NA      NA         OK
Age_95%width_CM_W(2)             NA    NA      NA         OK
Age_DblN_peak_REC(3)             NA    NA      NA         OK
Age_DblN_top_logit_REC(3)        NA    NA      NA         OK
Age_DblN_ascend_se_REC(3)        NA    NA      NA         OK
Age_DblN_descend_se_REC(3)       NA    NA      NA         OK
Age_DblN_start_logit_REC(3)      NA    NA      NA         OK
Age_DblN_end_logit_REC(3)        NA    NA      NA         OK

$maximum_gradient_component
[1] 6.11588e-05

$parameters_with_highest_gradients
                            Value    Gradient
F_fleet_2_YR_1950_s_1 2.99223e-05 6.11588e-05
SR_LN(R0)             1.02109e+01 4.02607e-05
F_fleet_1_YR_1951_s_1 6.74468e-05 8.07664e-06
F_fleet_1_YR_1952_s_1 1.02276e-04 6.32489e-06
F_fleet_2_YR_1951_s_1 5.99393e-05 6.13995e-06

$Length_Comp_Fit_Summary
     Data_type Fleet Recommend_var_adj #  N Npos min_Nsamp max_Nsamp
3268         4     8          0.507354 # 15   15   6.56797       100
3269         4     9          0.647115 #  9    9  11.08360       100
     mean_Nsamp_in mean_Nsamp_adj mean_Nsamp_DM err_method err_index
3268       43.5052        43.5052            NA          0        NA
3269       49.7079        49.7079            NA          0        NA
            par1 val1 par2 val2 mean_effN HarMean Curr_Var_Adj Fleet_name
3268 multinomial   NA   NA   NA   63.0402 22.0725            1      VIDEO
3269 multinomial   NA   NA   NA   80.8685 32.1667            1     SEAMAP

$Age_Comp_Fit_Summary
     Data_type Fleet Recommend_var_adj # Nsamp_adj Npos min_Nsamp max_Nsamp
3340         5     1          0.376778 #        20   20   3.63217       100
3341         5     2          0.539776 #        20   20   7.31632       100
3342         5     3          0.403624 #        24   24   4.26588       100
     mean_Nsamp_in mean_Nsamp_adj mean_Nsamp_DM err_method err_index
3340       63.2750        63.2750            NA          0        NA
3341       58.5938        58.5938            NA          0        NA
3342       54.0043        54.0043            NA          0        NA
            par1 val1 par2 val2 mean_effN HarMean Curr_Var_Adj Fleet_name
3340 multinomial   NA   NA   NA   89.1175 23.8406            1       CM_E
3341 multinomial   NA   NA   NA   73.9278 31.6276            1       CM_W
3342 multinomial   NA   NA   NA   79.7940 21.7974            1        REC

$SBzero
[1] 334851500000

$current_depletion
[1] 0.5661853

$SPRratioLabel
[1] "1-SPR"

$sigma_R_in
[1] 0.3

$sigma_R_info
           period N_devs SD_of_devs Var_of_devs   mean_SE mean_SEsquared
1            Main     24  0.3071863  0.09436344 0.1019769     0.01186896
2      Early+Main     24  0.3071863  0.09436344 0.1019769     0.01186896
3 Early+Main+Late     24  0.3071863  0.09436344 0.1019769     0.01186896
  sqrt_sum_of_components SD_of_devs_over_sigma_R sqrt_sum_over_sigma_R
1              0.3259331                1.023954              1.086444
2              0.3259331                1.023954              1.086444
3              0.3259331                1.023954              1.086444
  alternative_sigma_R
1   0.325933125363437
2   0.325933125363437
3   0.325933125363437

$rmse_table
    ERA  N     RMSE RMSE_over_sigmaR mean_BiasAdj
1  main 24 0.300718           1.0048     0.863952
2 early  0 0.000000           0.0000     0.000000

$RecDev_method
[1] 1

56
