/srv
total 492452
-rw-r--r-- 1 slot1_49 slot1_49         0 Nov  4 18:38 _condor_stderr
-rw-r--r-- 1 slot1_49 slot1_49         5 Nov  4 18:38 _condor_stdout
-rw-r--r-- 1 slot1_49 slot1_49 503570432 Nov  4 18:38 linux-r4ss-v4.sif
-rw-r--r-- 1 slot1_49 slot1_49       819 Nov  4 18:38 osg-ss3-example-calcs.r
-rwxr-xr-x 1 slot1_49 slot1_49      1059 Nov  4 18:38 osg-wrapper-r.sh
drwxr-x--- 4 slot1_49 slot1_49      4096 Nov  4 18:38 scratch
drwxrwxrwt 2 slot1_49 slot1_49      4096 Nov  4 18:38 tmp
-rw-r--r-- 1 slot1_49 slot1_49    669783 Nov  4 18:38 upload.example-ss3-models.tar.gz
drwxrwxrwt 2 slot1_49 slot1_49      4096 Nov  4 18:38 var_tmp
/ss_exe:/usr/local/sbin:/usr/local/bin:/usr/sbin:/usr/bin:/sbin:/bin
output/45-Simple_Lorenzen_tv_trend-2/
[1] "/srv/working"
[1] "output/45-Simple_Lorenzen_tv_trend-2/"
[1] TRUE TRUE TRUE TRUE TRUE TRUE TRUE
[1] "ran model"
$SS_version
[1] "3.30.22.1;_safe;_compile_date:_Jan 30 2024;_Stock_Synthesis_by_Richard_Methot_(NOAA)_using_ADMB_13.1"

$SS_versionshort
[1] "3.30"

$SS_versionNumeric
[1] 3.3

$StartTime
[1] "StartTime: Mon Nov 4 18:38:31 2024"

$RunTime
[1] "0 hours, 1 minutes, 15 seconds."

$Files_used
[1] "Data_File: data.ss Control_File: control.ss"

$log_det_hessian
[1] 146.074

$Final_phase
[1] 5

$N_iterations
[1] 462

$Nwarnings
[1] 7

$warnings
[1] "Note 1 Information: Max data length bin: 90  < max pop len bins: 94; so will accumulate larger pop len bins"                                      
[2] "Warning 1 Adjustment:  recdev_end: 2001 > retro_yr: 1999 reset "                                                                                  
[3] "Warning 2 : 1st iteration warning: ssb(endyr)/ssb(styr)= 5.31255e-05; suggest start with larger R0 to get near 0.4; or use depletion fleet option"
[4] "Warning 3 : 1st iteration warning: catch logL > 50% total logL; check configuration; suggest start with larger R0"                                
[5] "Note 2 Information: A revised protocol for the Fcast_yr specification is available and recommended."                                              
[6] "Warning 4 : Reminder: Number of lamdas !=0.0 and !=1.0:  3"                                                                                       
[7] " 4 warnings  and 2 notes "                                                                                                                        

$likelihoods_used
                           values lambdas
TOTAL                 7.29652e+02      NA
Catch                 4.64639e-10      NA
Equil_catch           0.00000e+00      NA
Survey               -3.15002e+00      NA
Length_comp           1.72310e+02      NA
Age_comp              5.63111e+02      NA
Size_at_age           0.00000e+00      NA
Recruitment          -4.18263e+00       1
InitEQ_Regime         2.73267e-30       1
Forecast_Recruitment  0.00000e+00       1
Parm_priors           1.56037e+00       1
Parm_softbounds       2.58885e-03      NA
Parm_devs             0.00000e+00       1
Crash_Pen             0.00000e+00       1

$likelihoods_laplace
                                      values lambdas
NoBias_corr_Recruitment(info_only)  -3.16098       1
Laplace_obj_fun(info_only)         730.67400      NA

$likelihoods_by_fleet
               Label          ALL     FISHERY   SURVEY1  SURVEY2
182     Catch_lambda           NA 1.00000e+00   1.00000  1.00000
183       Catch_like  4.64639e-10 4.64639e-10   0.00000  0.00000
184  Init_equ_lambda           NA 1.00000e+00   1.00000  1.00000
185    Init_equ_like  0.00000e+00 0.00000e+00   0.00000  0.00000
186      Surv_lambda           NA 0.00000e+00   1.00000  1.00000
187        Surv_like -3.15002e+00 0.00000e+00  -5.62847  2.47845
188       Surv_N_use           NA 0.00000e+00   8.00000 10.00000
189      Surv_N_skip           NA 0.00000e+00   1.00000  2.00000
190    Length_lambda           NA 1.00000e-01   1.00000  0.00000
191      Length_like  1.72310e+02 4.85728e+02 123.73800  0.00000
192     Length_N_use           NA 2.90000e+01   8.00000  0.00000
193    Length_N_skip           NA 2.00000e+00   1.00000  0.00000
194       Age_lambda           NA 1.00000e+00   1.00000  0.00000
195         Age_like  5.63111e+02 4.44232e+02 118.88000  0.00000
196        Age_N_use           NA 2.90000e+01   8.00000  0.00000
197       Age_N_skip           NA 2.00000e+00   1.00000  0.00000
198 Sizeatage_lambda           NA 0.00000e+00   0.00000  0.00000
199   sizeatage_like  0.00000e+00 5.46712e+01  69.02070  0.00000
200  sizeatage_N_use           NA 2.00000e+00   2.00000  0.00000
201 sizeatage_N_skip           NA 0.00000e+00   0.00000  0.00000

$N_estimated_parameters
[1] 60

$table_of_phases

-99  -4  -3  -1   1   2   3   4   5 
  8   6  15   1   3  33   2  10  12 

$estimated_non_dev_parameters
                                                       Value Phase      Min
L_at_Amin_Fem_GP_1                                18.6862000     2 -10.0000
L_at_Amax_Fem_GP_1                                69.3613000     4  40.0000
VonBert_K_Fem_GP_1                                 0.1784160     4   0.0500
L_at_Amax_Mal_GP_1                                67.9828000     4  40.0000
VonBert_K_Mal_GP_1                                 0.2038460     4   0.0500
SR_LN(R0)                                          8.7066300     1   3.0000
SR_BH_steep                                        0.8405890     4   0.2000
LnQ_base_SURVEY1(2)                                0.6501720     1  -7.0000
LnQ_base_SURVEY2(3)                               -6.5433600     1  -7.0000
Size_inflection_FISHERY(1)                        53.2919000     2  19.0000
Size_95%width_FISHERY(1)                          19.5721000     3   0.0100
Size_inflection_SURVEY1(2)                        35.5264000     2  19.0000
Size_95%width_SURVEY1(2)                           5.4560200     3   0.0100
Size_inflection_FISHERY(1)_TrendFinal_LogstOffset  0.0455241     4  -4.0000
Size_inflection_FISHERY(1)_TrendInfl_LogstOffset  -0.2631230     4  -4.0000
Size_inflection_SURVEY1(2)_TrendFinal_direct_     36.4675000     2  19.0000
Size_inflection_SURVEY1(2)_TrendWidth_yr_         14.3542000     4   1.0000
Size_95%width_SURVEY1(2)_TrendFinal_frac_          0.1136340     4   0.0001
Size_95%width_SURVEY1(2)_TrendInfl_frac_           0.5436000     4   0.0001
                                                     Max       Init Status
L_at_Amin_Fem_GP_1                                45.000 18.6195000     OK
L_at_Amax_Fem_GP_1                                90.000 69.6313000     OK
VonBert_K_Fem_GP_1                                 0.250  0.1746970     OK
L_at_Amax_Mal_GP_1                                90.000 68.1566000     OK
VonBert_K_Mal_GP_1                                 0.250  0.1977970     OK
SR_LN(R0)                                         31.000  8.7042200     OK
SR_BH_steep                                        1.000  0.9084530     OK
LnQ_base_SURVEY1(2)                                5.000  0.6086970     OK
LnQ_base_SURVEY2(3)                                5.000 -6.7403700     OK
Size_inflection_FISHERY(1)                        80.000 52.5941000     OK
Size_95%width_FISHERY(1)                          60.000 18.9713000     OK
Size_inflection_SURVEY1(2)                        70.000 35.4808000     OK
Size_95%width_SURVEY1(2)                          60.000  5.5223600     OK
Size_inflection_FISHERY(1)_TrendFinal_LogstOffset  4.000  0.0497443     OK
Size_inflection_FISHERY(1)_TrendInfl_LogstOffset   4.000 -0.2627470     OK
Size_inflection_SURVEY1(2)_TrendFinal_direct_     70.000 36.5523000     OK
Size_inflection_SURVEY1(2)_TrendWidth_yr_         20.000 10.6023000     OK
Size_95%width_SURVEY1(2)_TrendFinal_frac_          0.999  0.1143660     OK
Size_95%width_SURVEY1(2)_TrendInfl_frac_           0.999  0.5423780     OK
                                                  Parm_StDev         Gradient
L_at_Amin_Fem_GP_1                                 1.4399200  0.0000018757400
L_at_Amax_Fem_GP_1                                 0.7080130  0.0000018224100
VonBert_K_Fem_GP_1                                 0.0114588  0.0000001250440
L_at_Amax_Mal_GP_1                                 0.6686560  0.0000032916000
VonBert_K_Mal_GP_1                                 0.0128365  0.0000009095530
SR_LN(R0)                                          0.0396291  0.0000524242000
SR_BH_steep                                        0.1067080  0.0000001029060
LnQ_base_SURVEY1(2)                                0.1238200  0.0000010854100
LnQ_base_SURVEY2(3)                                0.3307920 -0.0000000864731
Size_inflection_FISHERY(1)                         1.5912700  0.0000004265540
Size_95%width_FISHERY(1)                           1.7348600  0.0000000178891
Size_inflection_SURVEY1(2)                         1.4930700 -0.0000000042724
Size_95%width_SURVEY1(2)                           1.7198700 -0.0000000493636
Size_inflection_FISHERY(1)_TrendFinal_LogstOffset  0.0542173  0.0000015807000
Size_inflection_FISHERY(1)_TrendInfl_LogstOffset   0.1630420  0.0000025925500
Size_inflection_SURVEY1(2)_TrendFinal_direct_      1.4045600  0.0000011209600
Size_inflection_SURVEY1(2)_TrendWidth_yr_         78.0885000 -0.0000000135399
Size_95%width_SURVEY1(2)_TrendFinal_frac_          0.0276295 -0.0000000523845
Size_95%width_SURVEY1(2)_TrendInfl_frac_           0.1042690  0.0000001367350
                                                   Pr_type Prior Pr_SD
L_at_Amin_Fem_GP_1                                  Normal 36.00 10.00
L_at_Amax_Fem_GP_1                                  Normal 70.00 10.00
VonBert_K_Fem_GP_1                                  Normal  0.15  0.80
L_at_Amax_Mal_GP_1                                  Normal 70.00 10.00
VonBert_K_Mal_GP_1                                  Normal  0.15  0.80
SR_LN(R0)                                         No_prior    NA    NA
SR_BH_steep                                       Sym_Beta  0.70  0.05
LnQ_base_SURVEY1(2)                               No_prior    NA    NA
LnQ_base_SURVEY2(3)                               No_prior    NA    NA
Size_inflection_FISHERY(1)                        Sym_Beta 50.00  0.01
Size_95%width_FISHERY(1)                          Sym_Beta 15.00  0.01
Size_inflection_SURVEY1(2)                        Sym_Beta 30.00  0.01
Size_95%width_SURVEY1(2)                          Sym_Beta 10.00  0.01
Size_inflection_FISHERY(1)_TrendFinal_LogstOffset No_prior    NA    NA
Size_inflection_FISHERY(1)_TrendInfl_LogstOffset  No_prior    NA    NA
Size_inflection_SURVEY1(2)_TrendFinal_direct_     No_prior    NA    NA
Size_inflection_SURVEY1(2)_TrendWidth_yr_         No_prior    NA    NA
Size_95%width_SURVEY1(2)_TrendFinal_frac_         No_prior    NA    NA
Size_95%width_SURVEY1(2)_TrendInfl_frac_          No_prior    NA    NA
                                                     Pr_Like Afterbound
L_at_Amin_Fem_GP_1                                1.49883000         OK
L_at_Amax_Fem_GP_1                                0.00203997         OK
VonBert_K_Fem_GP_1                                0.00063085         OK
L_at_Amax_Mal_GP_1                                0.02034480         OK
VonBert_K_Mal_GP_1                                0.00226511         OK
SR_LN(R0)                                                 NA         OK
SR_BH_steep                                       0.02241350         OK
LnQ_base_SURVEY1(2)                                       NA         OK
LnQ_base_SURVEY2(3)                                       NA         OK
Size_inflection_FISHERY(1)                        0.00015571         OK
Size_95%width_FISHERY(1)                          0.00128940         OK
Size_inflection_SURVEY1(2)                        0.00132194         OK
Size_95%width_SURVEY1(2)                          0.01108150         OK
Size_inflection_FISHERY(1)_TrendFinal_LogstOffset         NA         OK
Size_inflection_FISHERY(1)_TrendInfl_LogstOffset          NA         OK
Size_inflection_SURVEY1(2)_TrendFinal_direct_             NA         OK
Size_inflection_SURVEY1(2)_TrendWidth_yr_                 NA         OK
Size_95%width_SURVEY1(2)_TrendFinal_frac_                 NA         OK
Size_95%width_SURVEY1(2)_TrendInfl_frac_                  NA         OK

$maximum_gradient_component
[1] 5.24242e-05

$parameters_with_highest_gradients
                                                     Value    Gradient
SR_LN(R0)                                         8.706630 5.24242e-05
L_at_Amax_Mal_GP_1                               67.982800 3.29160e-06
Size_inflection_FISHERY(1)_TrendInfl_LogstOffset -0.263123 2.59255e-06
L_at_Amin_Fem_GP_1                               18.686200 1.87574e-06
L_at_Amax_Fem_GP_1                               69.361300 1.82241e-06

$Length_Comp_Fit_Summary
     Data_type Fleet Recommend_var_adj #  N Npos min_Nsamp max_Nsamp
1458         4     1           1.02678 # 31   29       125       125
1459         4     2           1.19313 #  9    8       125       125
     mean_Nsamp_in mean_Nsamp_adj mean_Nsamp_DM err_method err_index
1458           125            125            NA          0        NA
1459           125            125            NA          0        NA
            par1 val1 par2 val2 mean_effN HarMean Curr_Var_Adj Fleet_name
1458 multinomial   NA   NA   NA   132.692 128.347            1    FISHERY
1459 multinomial   NA   NA   NA   153.139 149.142            1    SURVEY1

$Age_Comp_Fit_Summary
     Data_type Fleet Recommend_var_adj # Nsamp_adj Npos min_Nsamp max_Nsamp
1506         5     1          0.906178 #        31   29        75        75
1507         5     2          1.018810 #         9    8        75        75
     mean_Nsamp_in mean_Nsamp_adj mean_Nsamp_DM err_method err_index
1506            75             75            NA          0        NA
1507            75             75            NA          0        NA
            par1 val1 par2 val2 mean_effN HarMean Curr_Var_Adj Fleet_name
1506 multinomial   NA   NA   NA   74.1404 67.9633            1    FISHERY
1507 multinomial   NA   NA   NA   86.0281 76.4110            1    SURVEY1

$SBzero
[1] 45326.4

$current_depletion
[1] 0.053952

$SPRratioLabel
[1] "1-SPR"

$sigma_R_in
[1] 0.6

$sigma_R_info
           period N_devs SD_of_devs Var_of_devs   mean_SE mean_SEsquared
1            Main     29  0.5474008   0.2996477 0.3664119      0.1419016
2      Early+Main     29  0.5474008   0.2996477 0.3664119      0.1419016
3 Early+Main+Late     31  0.5288394   0.2796711 0.3814821      0.1559725
  sqrt_sum_of_components SD_of_devs_over_sigma_R sqrt_sum_over_sigma_R
1              0.6644918               0.9123347              1.107486
2              0.6644918               0.9123347              1.107486
3              0.6600331               0.8813991              1.100055
  alternative_sigma_R
1   0.664491757235711
2   0.664491757235711
3   0.660033065088783

$rmse_table
    ERA  N    RMSE RMSE_over_sigmaR mean_BiasAdj
1  main 29 0.53788         0.803652            1
2 early  0 0.00000         0.000000            0

$RecDev_method
[1] 1

80
