/srv
total 492436
-rw-r--r-- 1 osg01 users         0 Nov  4 18:38 _condor_stderr
-rw-r--r-- 1 osg01 users         5 Nov  4 18:38 _condor_stdout
-rw-r--r-- 1 osg01 users 503570432 Nov  4 18:38 linux-r4ss-v4.sif
-rw-r--r-- 1 osg01 users       819 Nov  4 18:38 osg-ss3-example-calcs.r
-rwxr-xr-x 1 osg01 users      1059 Nov  4 18:38 osg-wrapper-r.sh
drwxr-x--- 4 osg01 users        40 Nov  4 18:38 scratch
drwxrwxrwt 2 osg01 users        10 Nov  4 18:38 tmp
-rw-r--r-- 1 osg01 users    669783 Nov  4 18:38 upload.example-ss3-models.tar.gz
drwxrwxrwt 2 osg01 users        10 Nov  4 18:38 var_tmp
/ss_exe:/usr/local/sbin:/usr/local/bin:/usr/sbin:/usr/bin:/sbin:/bin
output/76-Hake_2018-4/
[1] "/srv/working"
[1] "output/76-Hake_2018-4/"
[1] TRUE TRUE TRUE TRUE TRUE TRUE TRUE TRUE
[1] "ran model"
$SS_version
[1] "3.30.22.1;_safe;_compile_date:_Jan 30 2024;_Stock_Synthesis_by_Richard_Methot_(NOAA)_using_ADMB_13.1"

$SS_versionshort
[1] "3.30"

$SS_versionNumeric
[1] 3.3

$StartTime
[1] "StartTime: Mon Nov 4 18:38:27 2024"

$RunTime
[1] "0 hours, 0 minutes, 25 seconds."

$Files_used
[1] "Data_File: 2018hake_data.SS Control_File: 2018hake_control.SS"

$log_det_hessian
[1] 433.062

$Final_phase
[1] 5

$N_iterations
[1] 1534

$Nwarnings
[1] 5

$warnings
[1] "Warning 1 Adjustment:  recdev_end: 2016 > retro_yr: 2013 reset "                                                  
[2] "Warning 2 : Minimum pop size bin:_10; is > L at Amin for sex: 1; Gpat: 1; L= 5"                                   
[3] "Warning 3 : 1st iteration warning: catch logL > 50% total logL; check configuration; suggest start with larger R0"
[4] "Note 1 Information: A revised protocol for the Fcast_yr specification is available and recommended."              
[5] " 3 warnings  and 1 note "                                                                                         

$likelihoods_used
                                      values lambdas
TOTAL                1678.690000000000054570      NA
Catch                   0.000000000004033640      NA
Equil_catch             0.000000000000000000      NA
Survey                 -4.724479999999999791      NA
Age_comp             1626.700000000000045475      NA
Recruitment            45.062199999999997146       1
InitEQ_Regime           0.000000000000000000       1
Forecast_Recruitment    0.000000000000191893       1
Parm_priors             0.149786000000000002       1
Parm_devs              11.506999999999999673       1
Crash_Pen               0.000000000000000000       1

$likelihoods_laplace
                                      values lambdas
NoBias_corr_Recruitment(info_only)   53.7449       1
Laplace_obj_fun(info_only)         1687.3700      NA

$likelihoods_by_fleet
              Label          ALL     Fishery Acoustic_Survey
175    Catch_lambda           NA 1.00000e+00         1.00000
176      Catch_like  4.03364e-12 4.03364e-12         0.00000
177 Init_equ_lambda           NA 1.00000e+00         1.00000
178   Init_equ_like  0.00000e+00 0.00000e+00         0.00000
179     Surv_lambda           NA 0.00000e+00         1.00000
180       Surv_like -4.72448e+00 0.00000e+00        -4.72448
181      Surv_N_use           NA 0.00000e+00        10.00000
182     Surv_N_skip           NA 0.00000e+00        13.00000
183      Age_lambda           NA 1.00000e+00         1.00000
184        Age_like  1.62670e+03 1.40332e+03       223.37900
185       Age_N_use           NA 3.90000e+01        10.00000
186      Age_N_skip           NA 4.00000e+00         2.00000

$Parm_devs_detail
    Index Phase MinYr MaxYr  N stddev Rho Like_devs Like_se       mean     rmse
190     1     5  1991  2017 27    1.4   0   2.20018       0  0.2043220 0.403703
191     2     5  1991  2017 27    1.4   0   4.54871       0  0.3781300 0.580467
192     3     5  1991  2017 27    1.4   0   2.26682       0  0.0310095 0.409771
193     4     5  1991  2017 27    1.4   0   1.17369       0 -0.0343044 0.294856
194     5     5  1991  2017 27    1.4   0   1.31766       0 -0.1367410 0.312417
          var sqrt(var)    est_rho     D-W
190 0.1212290  0.348179  0.1267330 1.70637
191 0.1939600  0.440408 -0.0902377 2.14500
192 0.1669510  0.408596  0.2803470 1.29535
193 0.0857630  0.292853 -0.3710050 2.71402
194 0.0789062  0.280902  0.1284910 1.74353

$N_estimated_parameters
[1] 224

$table_of_phases

-99 -50  -6  -5  -3  -2  -1   1   2   3   4   5 
  1   8   6   8   2  34   2  45  10  24   3 142 

$estimated_non_dev_parameters
                                 Value Phase   Min  Max      Init Status
NatM_uniform_Fem_GP_1         0.212176     4  0.05  0.4  0.213686     OK
SR_LN(R0)                    14.524800     1 13.00 17.0 14.561400     OK
SR_BH_steep                   0.863203     4  0.20  1.0  0.861909     OK
Q_extraSD_Acoustic_Survey(2)  0.290728     4  0.05  1.2  0.257245     OK
AgeSel_P3_Fishery(1)          2.607200     2 -5.00  9.0  2.486490     OK
AgeSel_P4_Fishery(1)          0.925144     2 -5.00  9.0  0.928256     OK
AgeSel_P5_Fishery(1)          0.388950     2 -5.00  9.0  0.392144     OK
AgeSel_P6_Fishery(1)          0.199828     2 -5.00  9.0  0.214365     OK
AgeSel_P7_Fishery(1)          0.492981     2 -5.00  9.0  0.475473     OK
AgeSel_P4_Acoustic_Survey(2)  0.483483     2 -5.00  9.0  0.568619     OK
AgeSel_P5_Acoustic_Survey(2) -0.169988     2 -5.00  9.0 -0.216172     OK
AgeSel_P6_Acoustic_Survey(2)  0.270237     2 -5.00  9.0  0.305286     OK
AgeSel_P7_Acoustic_Survey(2)  0.504310     2 -5.00  9.0  0.373829     OK
ln(DM_theta)_Age_P1          -0.337920     2 -5.00 20.0 -0.189215     OK
                             Parm_StDev        Gradient   Pr_type    Prior
NatM_uniform_Fem_GP_1         0.0196283  0.000021000500  Log_Norm -1.60944
SR_LN(R0)                     0.2202990 -0.000020409900  No_prior       NA
SR_BH_steep                   0.0990305 -0.000001959480 Full_Beta  0.77700
Q_extraSD_Acoustic_Survey(2)  0.0881676  0.000000740754  No_prior       NA
AgeSel_P3_Fishery(1)          0.4377340 -0.000004231970  No_prior       NA
AgeSel_P4_Fishery(1)          0.1856330  0.000008046870  No_prior       NA
AgeSel_P5_Fishery(1)          0.1594040  0.000047392900  No_prior       NA
AgeSel_P6_Fishery(1)          0.1574050  0.000058776800  No_prior       NA
AgeSel_P7_Fishery(1)          0.1287080  0.000074404100  No_prior       NA
AgeSel_P4_Acoustic_Survey(2)  0.1900370  0.000003665650  No_prior       NA
AgeSel_P5_Acoustic_Survey(2)  0.2242100  0.000006087160  No_prior       NA
AgeSel_P6_Acoustic_Survey(2)  0.2420380  0.000002607260  No_prior       NA
AgeSel_P7_Acoustic_Survey(2)  0.2108800  0.000006875320  No_prior       NA
ln(DM_theta)_Age_P1           0.1160600  0.000003394700  No_prior       NA
                             Pr_SD    Pr_Like Afterbound
NatM_uniform_Fem_GP_1        0.100  0.1746530         OK
SR_LN(R0)                       NA         NA         OK
SR_BH_steep                  0.113 -0.0248669         OK
Q_extraSD_Acoustic_Survey(2)    NA         NA         OK
AgeSel_P3_Fishery(1)            NA         NA         OK
AgeSel_P4_Fishery(1)            NA         NA         OK
AgeSel_P5_Fishery(1)            NA         NA         OK
AgeSel_P6_Fishery(1)            NA         NA         OK
AgeSel_P7_Fishery(1)            NA         NA         OK
AgeSel_P4_Acoustic_Survey(2)    NA         NA         OK
AgeSel_P5_Acoustic_Survey(2)    NA         NA         OK
AgeSel_P6_Acoustic_Survey(2)    NA         NA         OK
AgeSel_P7_Acoustic_Survey(2)    NA         NA         OK
ln(DM_theta)_Age_P1             NA         NA         OK

$maximum_gradient_component
[1] 7.89638e-05

$parameters_with_highest_gradients
                                      Value    Gradient
AgeSel_P7_Fishery(1)_DEVadd_2013  0.6180700 7.89638e-05
AgeSel_P7_Fishery(1)              0.4929810 7.44041e-05
AgeSel_P6_Fishery(1)_DEVadd_2013 -0.0937632 7.25104e-05
AgeSel_P5_Fishery(1)_DEVadd_2013 -0.3907240 6.91856e-05
Main_RecrDev_2005                 0.8585680 6.32699e-05

$Age_Comp_Fit_Summary
     Data_type Fleet Recommend_var_adj # Nsamp_adj Npos min_Nsamp max_Nsamp
1686         5     1                 1 #        43   39        13      1094
1687         5     2                 1 #        12   10        46       105
     mean_Nsamp_in mean_Nsamp_adj mean_Nsamp_DM err_method err_index
1686       364.359        364.359       152.272          1         1
1687        69.700         69.700        64.126          1         2
                    par1      val1 par2 val2 mean_effN HarMean Curr_Var_Adj
1686 ln(DM_theta)_Age_P1  0.713253   NA   NA   312.868 59.2966            1
1687 ln(DM_theta)_Age_P2 11.325100   NA   NA   131.404 27.6299            1
          Fleet_name
1686         Fishery
1687 Acoustic_Survey

$SBzero
[1] 1709230

$current_depletion
[1] 0.3153262

$SPRratioLabel
[1] "(1-SPR)/(1-SPR_40%)"

$sigma_R_in
[1] 1.4

$sigma_R_info
           period N_devs SD_of_devs Var_of_devs   mean_SE mean_SEsquared
1            Main     44   1.598871    2.556388 0.4135876      0.2687969
2      Early+Main     68   1.331902    1.773962 0.6191066      0.5375808
3 Early+Main+Late     72   1.294485    1.675691 0.6624895      0.6166041
  sqrt_sum_of_components SD_of_devs_over_sigma_R sqrt_sum_over_sigma_R
1               1.680829               1.1420506              1.200592
2               1.520376               0.9513583              1.085983
3               1.514033               0.9246319              1.081452
  alternative_sigma_R
1    1.68082857440867
2     1.5203758114435
3    1.51403257755465

$rmse_table
    ERA  N     RMSE RMSE_over_sigmaR mean_BiasAdj
1  main 44 1.580600         1.274640    0.8667050
2 early 24 0.679011         0.235233    0.0604167

$RecDev_method
[1] 1

28
