/srv
total 492436
-rw-r--r-- 1 osg gridusers         0 Nov  4 17:38 _condor_stderr
-rw-r--r-- 1 osg gridusers         5 Nov  4 17:38 _condor_stdout
-rw-r--r-- 1 osg gridusers 503570432 Nov  4 17:38 linux-r4ss-v4.sif
-rw-r--r-- 1 osg gridusers       819 Nov  4 17:38 osg-ss3-example-calcs.r
-rwxr-xr-x 1 osg gridusers      1059 Nov  4 17:38 osg-wrapper-r.sh
drwxr-x--- 4 osg gridusers        28 Nov  4 17:38 scratch
drwxrwxrwt 2 osg gridusers         6 Nov  4 17:38 tmp
-rw-r--r-- 1 osg gridusers    669783 Nov  4 17:38 upload.example-ss3-models.tar.gz
drwxrwxrwt 2 osg gridusers         6 Nov  4 17:38 var_tmp
/ss_exe:/usr/local/sbin:/usr/local/bin:/usr/sbin:/usr/bin:/sbin:/bin
output/71-vermillion_snapper-3/
[1] "/srv/working"
[1] "output/71-vermillion_snapper-3/"
[1] TRUE TRUE TRUE TRUE TRUE TRUE TRUE
[1] "ran model"
$SS_version
[1] "3.30.22.1;_safe;_compile_date:_Jan 30 2024;_Stock_Synthesis_by_Richard_Methot_(NOAA)_using_ADMB_13.1"

$SS_versionshort
[1] "3.30"

$SS_versionNumeric
[1] 3.3

$StartTime
[1] "StartTime: Mon Nov 4 17:38:59 2024"

$RunTime
[1] "0 hours, 2 minutes, 24 seconds."

$Files_used
[1] "Data_File: vermilion.dat Control_File: vermilion.ctl"

$log_det_hessian
[1] 3586.3

$Final_phase
[1] 5

$N_iterations
[1] 2520

$Nwarnings
[1] 15

$warnings
 [1] "Warning 1 : Block:1 3 ends in: 2017 after retroyr+1:  2015"                                                                                                
 [2] "Warning 2 : Block:2 4 ends in: 2017 after retroyr+1:  2015"                                                                                                
 [3] "Warning 3 : Block:3 1 ends in: 2016 after retroyr+1:  2015"                                                                                                
 [4] "Warning 4 : At least one block pattern ends in endyr. Check the output parameter value time series to see if the values in forecast years are as intended."
 [5] "Warning 5 : bias adjustment ramp extends into forecast; biasadj set to 0.0 internally for forecast years"                                                  
 [6] "Note 1 Information: Forecast devs will be applied to mean base recruitment over range of historical years in forecast.ss"                                  
 [7] "Warning 6 Adjustment:  recdev_end: 2017 > retro_yr: 2014 reset "                                                                                           
 [8] "Warning 7 Adjustment: Fcast recr option is 3 or 4 and recdev_end: 2014 < endyr: 2017 reset "                                                               
 [9] "Warning 8 Adjustment: setting positive forecast relF for bycatch fleet: 4"                                                                                 
[10] "Warning 9 Adjustment: setting positive forecast relF for bycatch fleet: 4"                                                                                 
[11] "Warning 10 : Final gradient: 0.000166164 is larger than final_conv: 0.0001"                                                                                
[12] "Warning 11 Adjustment: setting positive forecast relF for bycatch fleet: 4"                                                                                
[13] "Note 2 Information: A revised protocol for the Fcast_yr specification is available and recommended."                                                       
[14] "Warning 12 Adjustment: setting positive forecast relF for bycatch fleet: 4"                                                                                
[15] " 12 warnings  and 2 notes "                                                                                                                                

$likelihoods_used
                          values lambdas
TOTAL                280.4390000      NA
Catch                  1.7248100      NA
Equil_catch            0.0000000      NA
Survey                 7.6034500      NA
Discard               -1.6900200      NA
Length_comp           66.0785000      NA
Age_comp             225.6080000      NA
Recruitment          -18.8925000       1
InitEQ_Regime          0.0000000       1
Forecast_Recruitment   0.0000000       1
Parm_priors            0.0000000       1
Parm_softbounds        0.0070385      NA
Parm_devs              0.0000000       1
Crash_Pen              0.0000000       1

$likelihoods_laplace
                                     values lambdas
NoBias_corr_Recruitment(info_only) -22.8236       1
Laplace_obj_fun(info_only)         276.5080      NA

$likelihoods_by_fleet
              Label       ALL       CM_E        CM_W       REC   SMP_BYC
184    Catch_lambda        NA   1.000000    1.000000   1.00000   1.00000
185      Catch_like   1.72481   0.269975    0.110286   1.34455   0.00000
186 Init_equ_lambda        NA   1.000000    1.000000   1.00000   1.00000
187   Init_equ_like   0.00000   0.000000    0.000000   0.00000   0.00000
188     Surv_lambda        NA   1.000000    1.000000   1.00000   1.00000
189       Surv_like   7.60345 -10.280500   -8.490690   2.94788 -96.70320
190      Surv_N_use        NA  14.000000   14.000000  29.00000  65.00000
191     Surv_N_skip        NA   0.000000    0.000000   3.00000   3.00000
192     Disc_lambda        NA   0.000000    0.000000   0.00000   1.00000
193       Disc_like  -1.69002 705.912000 1428.750000 460.39800  -1.69002
194      Disc_N_use        NA  22.000000   22.000000  33.00000   1.00000
195     Disc_N_skip        NA   3.000000    3.000000   3.00000  45.00000
196   Length_lambda        NA   0.000000    0.000000   0.00000   0.00000
197     Length_like  66.07850   0.000000    0.000000   0.00000   0.00000
198    Length_N_use        NA   0.000000    0.000000   0.00000   0.00000
199   Length_N_skip        NA   0.000000    0.000000   0.00000   0.00000
200      Age_lambda        NA   1.000000    1.000000   1.00000   0.00000
201        Age_like 225.60800  73.834300   89.005700  62.76780   0.00000
202       Age_N_use        NA  17.000000   17.000000  21.00000   0.00000
203      Age_N_skip        NA   3.000000    3.000000   3.00000   0.00000
       HB_E     HB_W   LARVAL   VIDEO   SEAMAP
184  1.0000  1.00000  1.00000  1.0000  1.00000
185  0.0000  0.00000  0.00000  0.0000  0.00000
186  1.0000  1.00000  1.00000  1.0000  1.00000
187  0.0000  0.00000  0.00000  0.0000  0.00000
188  1.0000  1.00000  1.00000  1.0000  1.00000
189 37.2433 -2.58452  8.89324 80.8352 -4.25732
190 29.0000 29.00000 21.00000 17.0000  6.00000
191  3.0000  3.00000  1.00000  3.0000  3.00000
192  0.0000  0.00000  0.00000  0.0000  0.00000
193  0.0000  0.00000  0.00000  0.0000  0.00000
194  0.0000  0.00000  0.00000  0.0000  0.00000
195  0.0000  0.00000  0.00000  0.0000  0.00000
196  0.0000  0.00000  0.00000  1.0000  1.00000
197  0.0000  0.00000  0.00000 39.6888 26.38970
198  0.0000  0.00000  0.00000 12.0000  6.00000
199  0.0000  0.00000  0.00000  3.0000  3.00000
200  0.0000  0.00000  0.00000  0.0000  0.00000
201  0.0000  0.00000  0.00000  0.0000  0.00000
202  0.0000  0.00000  0.00000  0.0000  0.00000
203  0.0000  0.00000  0.00000  0.0000  0.00000

$N_estimated_parameters
[1] 325

$table_of_phases

 -4  -3  -2  -1   1   2   3   5 
 38  10  14  21 275   7  33  10 

$estimated_non_dev_parameters
                                         Value Phase    Min   Max       Init
SR_LN(R0)                      10.242400000000     1   0.00 13.82  10.210900
SR_BH_steep                     0.700512000000     2   0.22  0.96   0.729779
F_fleet_1_YR_1950_s_1           0.000032780300     1   0.00  3.00   0.050000
F_fleet_1_YR_1951_s_1           0.000065508700     1   0.00  3.00   0.050000
F_fleet_1_YR_1952_s_1           0.000099334300     1   0.00  3.00   0.050000
F_fleet_1_YR_1953_s_1           0.000133784000     1   0.00  3.00   0.050000
F_fleet_1_YR_1954_s_1           0.000169575000     1   0.00  3.00   0.050000
F_fleet_1_YR_1955_s_1           0.000206565000     1   0.00  3.00   0.050000
F_fleet_1_YR_1956_s_1           0.000244577000     1   0.00  3.00   0.050000
F_fleet_1_YR_1957_s_1           0.000284585000     1   0.00  3.00   0.050000
F_fleet_1_YR_1958_s_1           0.000326778000     1   0.00  3.00   0.050000
F_fleet_1_YR_1959_s_1           0.000371257000     1   0.00  3.00   0.050000
F_fleet_1_YR_1960_s_1           0.000418918000     1   0.00  3.00   0.050000
F_fleet_1_YR_1961_s_1           0.000468049000     1   0.00  3.00   0.050000
F_fleet_1_YR_1962_s_1           0.000517007000     1   0.00  3.00   0.050000
F_fleet_1_YR_1963_s_1           0.000563656000     1   0.00  3.00   0.050000
F_fleet_1_YR_1964_s_1           0.000623809000     1   0.00  3.00   0.050000
F_fleet_1_YR_1965_s_1           0.000627412000     1   0.00  3.00   0.050000
F_fleet_1_YR_1966_s_1           0.000331538000     1   0.00  3.00   0.050000
F_fleet_1_YR_1967_s_1           0.000680659000     1   0.00  3.00   0.050000
F_fleet_1_YR_1968_s_1           0.001372600000     1   0.00  3.00   0.050000
F_fleet_1_YR_1969_s_1           0.001776230000     1   0.00  3.00   0.050000
F_fleet_1_YR_1970_s_1           0.001685680000     1   0.00  3.00   0.050000
F_fleet_1_YR_1971_s_1           0.001872390000     1   0.00  3.00   0.050000
F_fleet_1_YR_1972_s_1           0.001676760000     1   0.00  3.00   0.050000
F_fleet_1_YR_1973_s_1           0.002861680000     1   0.00  3.00   0.050000
F_fleet_1_YR_1974_s_1           0.002746130000     1   0.00  3.00   0.050000
F_fleet_1_YR_1975_s_1           0.006046800000     1   0.00  3.00   0.050000
F_fleet_1_YR_1976_s_1           0.005376040000     1   0.00  3.00   0.050000
F_fleet_1_YR_1977_s_1           0.007382560000     1   0.00  3.00   0.050000
F_fleet_1_YR_1978_s_1           0.006447500000     1   0.00  3.00   0.050000
F_fleet_1_YR_1979_s_1           0.004998690000     1   0.00  3.00   0.050000
F_fleet_1_YR_1980_s_1           0.003714950000     1   0.00  3.00   0.050000
F_fleet_1_YR_1981_s_1           0.005474960000     1   0.00  3.00   0.050000
F_fleet_1_YR_1982_s_1           0.005766690000     1   0.00  3.00   0.050000
F_fleet_1_YR_1983_s_1           0.009243190000     1   0.00  3.00   0.050000
F_fleet_1_YR_1984_s_1           0.013292000000     1   0.00  3.00   0.050000
F_fleet_1_YR_1985_s_1           0.017425700000     1   0.00  3.00   0.050000
F_fleet_1_YR_1986_s_1           0.018748700000     1   0.00  3.00   0.050000
F_fleet_1_YR_1987_s_1           0.015353500000     1   0.00  3.00   0.050000
F_fleet_1_YR_1988_s_1           0.014959300000     1   0.00  3.00   0.050000
F_fleet_1_YR_1989_s_1           0.015208700000     1   0.00  3.00   0.050000
F_fleet_1_YR_1990_s_1           0.038329400000     1   0.00  3.00   0.050000
F_fleet_1_YR_1991_s_1           0.032543000000     1   0.00  3.00   0.050000
F_fleet_1_YR_1992_s_1           0.043896600000     1   0.00  3.00   0.050000
F_fleet_1_YR_1993_s_1           0.064890100000     1   0.00  3.00   0.050000
F_fleet_1_YR_1994_s_1           0.067081700000     1   0.00  3.00   0.050000
F_fleet_1_YR_1995_s_1           0.070395300000     1   0.00  3.00   0.050000
F_fleet_1_YR_1996_s_1           0.059796300000     1   0.00  3.00   0.050000
F_fleet_1_YR_1997_s_1           0.059316600000     1   0.00  3.00   0.050000
F_fleet_1_YR_1998_s_1           0.049668800000     1   0.00  3.00   0.050000
F_fleet_1_YR_1999_s_1           0.060679900000     1   0.00  3.00   0.050000
F_fleet_1_YR_2000_s_1           0.048106100000     1   0.00  3.00   0.050000
F_fleet_1_YR_2001_s_1           0.054232900000     1   0.00  3.00   0.050000
F_fleet_1_YR_2002_s_1           0.063190100000     1   0.00  3.00   0.050000
F_fleet_1_YR_2003_s_1           0.070858900000     1   0.00  3.00   0.050000
F_fleet_1_YR_2004_s_1           0.055941200000     1   0.00  3.00   0.050000
F_fleet_1_YR_2005_s_1           0.082140900000     1   0.00  3.00   0.050000
F_fleet_1_YR_2006_s_1           0.087381400000     1   0.00  3.00   0.050000
F_fleet_1_YR_2007_s_1           0.087706200000     1   0.00  3.00   0.050000
F_fleet_1_YR_2008_s_1           0.097714700000     1   0.00  3.00   0.050000
F_fleet_1_YR_2009_s_1           0.143803000000     1   0.00  3.00   0.050000
F_fleet_1_YR_2010_s_1           0.068191200000     1   0.00  3.00   0.050000
F_fleet_1_YR_2011_s_1           0.129191000000     1   0.00  3.00   0.050000
F_fleet_1_YR_2012_s_1           0.088369300000     1   0.00  3.00   0.050000
F_fleet_1_YR_2013_s_1           0.047398600000     1   0.00  3.00   0.050000
F_fleet_1_YR_2014_s_1           0.051518700000     1   0.00  3.00   0.050000
F_fleet_1_YR_2015_s_1           0.027761300000     1   0.00  3.00   0.050000
F_fleet_1_YR_2016_s_1           0.030363400000     1   0.00  3.00   0.050000
F_fleet_1_YR_2017_s_1           0.034048200000     1   0.00  3.00   0.050000
F_fleet_2_YR_1950_s_1           0.000029657800     1   0.00  3.00   0.050000
F_fleet_2_YR_1951_s_1           0.000059402600     1   0.00  3.00   0.050000
F_fleet_2_YR_1952_s_1           0.000089461900     1   0.00  3.00   0.050000
F_fleet_2_YR_1953_s_1           0.000120221000     1   0.00  3.00   0.050000
F_fleet_2_YR_1954_s_1           0.000151981000     1   0.00  3.00   0.050000
F_fleet_2_YR_1955_s_1           0.000184846000     1   0.00  3.00   0.050000
F_fleet_2_YR_1956_s_1           0.000218861000     1   0.00  3.00   0.050000
F_fleet_2_YR_1957_s_1           0.000254212000     1   0.00  3.00   0.050000
F_fleet_2_YR_1958_s_1           0.000291148000     1   0.00  3.00   0.050000
F_fleet_2_YR_1959_s_1           0.000330089000     1   0.00  3.00   0.050000
F_fleet_2_YR_1960_s_1           0.000371430000     1   0.00  3.00   0.050000
F_fleet_2_YR_1961_s_1           0.000415257000     1   0.00  3.00   0.050000
F_fleet_2_YR_1962_s_1           0.000460821000     1   0.00  3.00   0.050000
F_fleet_2_YR_1963_s_1           0.000506344000     1   0.00  3.00   0.050000
F_fleet_2_YR_1964_s_1           0.000537408000     1   0.00  3.00   0.050000
F_fleet_2_YR_1965_s_1           0.000480132000     1   0.00  3.00   0.050000
F_fleet_2_YR_1966_s_1           0.000155848000     1   0.00  3.00   0.050000
F_fleet_2_YR_1967_s_1           0.000373550000     1   0.00  3.00   0.050000
F_fleet_2_YR_1968_s_1           0.001208920000     1   0.00  3.00   0.050000
F_fleet_2_YR_1969_s_1           0.000661417000     1   0.00  3.00   0.050000
F_fleet_2_YR_1970_s_1           0.001102210000     1   0.00  3.00   0.050000
F_fleet_2_YR_1971_s_1           0.001213720000     1   0.00  3.00   0.050000
F_fleet_2_YR_1972_s_1           0.001194550000     1   0.00  3.00   0.050000
F_fleet_2_YR_1973_s_1           0.001433690000     1   0.00  3.00   0.050000
F_fleet_2_YR_1974_s_1           0.001768140000     1   0.00  3.00   0.050000
F_fleet_2_YR_1975_s_1           0.002933320000     1   0.00  3.00   0.050000
F_fleet_2_YR_1976_s_1           0.001644990000     1   0.00  3.00   0.050000
F_fleet_2_YR_1977_s_1           0.005381620000     1   0.00  3.00   0.050000
F_fleet_2_YR_1978_s_1           0.004573510000     1   0.00  3.00   0.050000
F_fleet_2_YR_1979_s_1           0.006271320000     1   0.00  3.00   0.050000
F_fleet_2_YR_1980_s_1           0.004288060000     1   0.00  3.00   0.050000
F_fleet_2_YR_1981_s_1           0.003393060000     1   0.00  3.00   0.050000
F_fleet_2_YR_1982_s_1           0.004387290000     1   0.00  3.00   0.050000
F_fleet_2_YR_1983_s_1           0.004949960000     1   0.00  3.00   0.050000
F_fleet_2_YR_1984_s_1           0.026698200000     1   0.00  3.00   0.050000
F_fleet_2_YR_1985_s_1           0.024172500000     1   0.00  3.00   0.050000
F_fleet_2_YR_1986_s_1           0.032361400000     1   0.00  3.00   0.050000
F_fleet_2_YR_1987_s_1           0.036763800000     1   0.00  3.00   0.050000
F_fleet_2_YR_1988_s_1           0.038900300000     1   0.00  3.00   0.050000
F_fleet_2_YR_1989_s_1           0.041804800000     1   0.00  3.00   0.050000
F_fleet_2_YR_1990_s_1           0.042708800000     1   0.00  3.00   0.050000
F_fleet_2_YR_1991_s_1           0.037787300000     1   0.00  3.00   0.050000
F_fleet_2_YR_1992_s_1           0.052374100000     1   0.00  3.00   0.050000
F_fleet_2_YR_1993_s_1           0.054949800000     1   0.00  3.00   0.050000
F_fleet_2_YR_1994_s_1           0.060353300000     1   0.00  3.00   0.050000
F_fleet_2_YR_1995_s_1           0.041162900000     1   0.00  3.00   0.050000
F_fleet_2_YR_1996_s_1           0.044225300000     1   0.00  3.00   0.050000
F_fleet_2_YR_1997_s_1           0.079497100000     1   0.00  3.00   0.050000
F_fleet_2_YR_1998_s_1           0.072877500000     1   0.00  3.00   0.050000
F_fleet_2_YR_1999_s_1           0.097863600000     1   0.00  3.00   0.050000
F_fleet_2_YR_2000_s_1           0.072453000000     1   0.00  3.00   0.050000
F_fleet_2_YR_2001_s_1           0.089955900000     1   0.00  3.00   0.050000
F_fleet_2_YR_2002_s_1           0.101785000000     1   0.00  3.00   0.050000
F_fleet_2_YR_2003_s_1           0.125127000000     1   0.00  3.00   0.050000
F_fleet_2_YR_2004_s_1           0.116494000000     1   0.00  3.00   0.050000
F_fleet_2_YR_2005_s_1           0.105403000000     1   0.00  3.00   0.050000
F_fleet_2_YR_2006_s_1           0.069981200000     1   0.00  3.00   0.050000
F_fleet_2_YR_2007_s_1           0.124721000000     1   0.00  3.00   0.050000
F_fleet_2_YR_2008_s_1           0.084338700000     1   0.00  3.00   0.050000
F_fleet_2_YR_2009_s_1           0.077899900000     1   0.00  3.00   0.050000
F_fleet_2_YR_2010_s_1           0.059549100000     1   0.00  3.00   0.050000
F_fleet_2_YR_2011_s_1           0.054297600000     1   0.00  3.00   0.050000
F_fleet_2_YR_2012_s_1           0.066173900000     1   0.00  3.00   0.050000
F_fleet_2_YR_2013_s_1           0.038369400000     1   0.00  3.00   0.050000
F_fleet_2_YR_2014_s_1           0.047358900000     1   0.00  3.00   0.050000
F_fleet_2_YR_2015_s_1           0.044987800000     1   0.00  3.00   0.050000
F_fleet_2_YR_2016_s_1           0.044443700000     1   0.00  3.00   0.050000
F_fleet_2_YR_2017_s_1           0.036193100000     1   0.00  3.00   0.050000
F_fleet_3_YR_1950_s_1           0.000141414000     1   0.00  3.00   0.050000
F_fleet_3_YR_1951_s_1           0.000383674000     1   0.00  3.00   0.050000
F_fleet_3_YR_1952_s_1           0.000635709000     1   0.00  3.00   0.050000
F_fleet_3_YR_1953_s_1           0.000898404000     1   0.00  3.00   0.050000
F_fleet_3_YR_1954_s_1           0.001170760000     1   0.00  3.00   0.050000
F_fleet_3_YR_1955_s_1           0.001454320000     1   0.00  3.00   0.050000
F_fleet_3_YR_1956_s_1           0.001749660000     1   0.00  3.00   0.050000
F_fleet_3_YR_1957_s_1           0.002060260000     1   0.00  3.00   0.050000
F_fleet_3_YR_1958_s_1           0.002392360000     1   0.00  3.00   0.050000
F_fleet_3_YR_1959_s_1           0.002750920000     1   0.00  3.00   0.050000
F_fleet_3_YR_1960_s_1           0.003133290000     1   0.00  3.00   0.050000
F_fleet_3_YR_1961_s_1           0.003518130000     1   0.00  3.00   0.050000
F_fleet_3_YR_1962_s_1           0.003866270000     1   0.00  3.00   0.050000
F_fleet_3_YR_1963_s_1           0.004177440000     1   0.00  3.00   0.050000
F_fleet_3_YR_1964_s_1           0.004494860000     1   0.00  3.00   0.050000
F_fleet_3_YR_1965_s_1           0.004834350000     1   0.00  3.00   0.050000
F_fleet_3_YR_1966_s_1           0.005197280000     1   0.00  3.00   0.050000
F_fleet_3_YR_1967_s_1           0.005576440000     1   0.00  3.00   0.050000
F_fleet_3_YR_1968_s_1           0.005976330000     1   0.00  3.00   0.050000
F_fleet_3_YR_1969_s_1           0.006400130000     1   0.00  3.00   0.050000
F_fleet_3_YR_1970_s_1           0.006853240000     1   0.00  3.00   0.050000
F_fleet_3_YR_1971_s_1           0.007306520000     1   0.00  3.00   0.050000
F_fleet_3_YR_1972_s_1           0.007719910000     1   0.00  3.00   0.050000
F_fleet_3_YR_1973_s_1           0.008107250000     1   0.00  3.00   0.050000
F_fleet_3_YR_1974_s_1           0.008489890000     1   0.00  3.00   0.050000
F_fleet_3_YR_1975_s_1           0.008886280000     1   0.00  3.00   0.050000
F_fleet_3_YR_1976_s_1           0.009291430000     1   0.00  3.00   0.050000
F_fleet_3_YR_1977_s_1           0.009730710000     1   0.00  3.00   0.050000
F_fleet_3_YR_1978_s_1           0.010232600000     1   0.00  3.00   0.050000
F_fleet_3_YR_1979_s_1           0.010782600000     1   0.00  3.00   0.050000
F_fleet_3_YR_1980_s_1           0.011355800000     1   0.00  3.00   0.050000
F_fleet_3_YR_1981_s_1           0.011929600000     1   0.00  3.00   0.050000
F_fleet_3_YR_1982_s_1           0.026721100000     1   0.00  3.00   0.050000
F_fleet_3_YR_1983_s_1           0.010318900000     1   0.00  3.00   0.050000
F_fleet_3_YR_1984_s_1           0.016053500000     1   0.00  3.00   0.050000
F_fleet_3_YR_1985_s_1           0.031497400000     1   0.00  3.00   0.050000
F_fleet_3_YR_1986_s_1           0.045222100000     1   0.00  3.00   0.050000
F_fleet_3_YR_1987_s_1           0.058289800000     1   0.00  3.00   0.050000
F_fleet_3_YR_1988_s_1           0.088676800000     1   0.00  3.00   0.050000
F_fleet_3_YR_1989_s_1           0.049340000000     1   0.00  3.00   0.050000
F_fleet_3_YR_1990_s_1           0.067691700000     1   0.00  3.00   0.050000
F_fleet_3_YR_1991_s_1           0.088929700000     1   0.00  3.00   0.050000
F_fleet_3_YR_1992_s_1           0.113803000000     1   0.00  3.00   0.050000
F_fleet_3_YR_1993_s_1           0.088609700000     1   0.00  3.00   0.050000
F_fleet_3_YR_1994_s_1           0.078345700000     1   0.00  3.00   0.050000
F_fleet_3_YR_1995_s_1           0.116391000000     1   0.00  3.00   0.050000
F_fleet_3_YR_1996_s_1           0.049365200000     1   0.00  3.00   0.050000
F_fleet_3_YR_1997_s_1           0.089009400000     1   0.00  3.00   0.050000
F_fleet_3_YR_1998_s_1           0.047289200000     1   0.00  3.00   0.050000
F_fleet_3_YR_1999_s_1           0.095603100000     1   0.00  3.00   0.050000
F_fleet_3_YR_2000_s_1           0.056015400000     1   0.00  3.00   0.050000
F_fleet_3_YR_2001_s_1           0.147367000000     1   0.00  3.00   0.050000
F_fleet_3_YR_2002_s_1           0.117854000000     1   0.00  3.00   0.050000
F_fleet_3_YR_2003_s_1           0.107875000000     1   0.00  3.00   0.050000
F_fleet_3_YR_2004_s_1           0.107965000000     1   0.00  3.00   0.050000
F_fleet_3_YR_2005_s_1           0.131434000000     1   0.00  3.00   0.050000
F_fleet_3_YR_2006_s_1           0.122268000000     1   0.00  3.00   0.050000
F_fleet_3_YR_2007_s_1           0.117412000000     1   0.00  3.00   0.050000
F_fleet_3_YR_2008_s_1           0.055927800000     1   0.00  3.00   0.050000
F_fleet_3_YR_2009_s_1           0.080181100000     1   0.00  3.00   0.050000
F_fleet_3_YR_2010_s_1           0.057370700000     1   0.00  3.00   0.050000
F_fleet_3_YR_2011_s_1           0.132829000000     1   0.00  3.00   0.050000
F_fleet_3_YR_2012_s_1           0.093522800000     1   0.00  3.00   0.050000
F_fleet_3_YR_2013_s_1           0.137189000000     1   0.00  3.00   0.050000
F_fleet_3_YR_2014_s_1           0.115399000000     1   0.00  3.00   0.050000
F_fleet_3_YR_2015_s_1           0.095689200000     1   0.00  3.00   0.050000
F_fleet_3_YR_2016_s_1           0.096283000000     1   0.00  3.00   0.050000
F_fleet_3_YR_2017_s_1           0.134365000000     1   0.00  3.00   0.050000
F_fleet_4_YR_1950_s_1           0.049980900000     1   0.00  3.00   0.050000
F_fleet_4_YR_1951_s_1           0.068153300000     1   0.00  3.00   0.050000
F_fleet_4_YR_1952_s_1           0.080497300000     1   0.00  3.00   0.050000
F_fleet_4_YR_1953_s_1           0.084648400000     1   0.00  3.00   0.050000
F_fleet_4_YR_1954_s_1           0.109746000000     1   0.00  3.00   0.050000
F_fleet_4_YR_1955_s_1           0.114407000000     1   0.00  3.00   0.050000
F_fleet_4_YR_1956_s_1           0.146291000000     1   0.00  3.00   0.050000
F_fleet_4_YR_1957_s_1           0.167525000000     1   0.00  3.00   0.050000
F_fleet_4_YR_1958_s_1           0.205224000000     1   0.00  3.00   0.050000
F_fleet_4_YR_1959_s_1           0.221296000000     1   0.00  3.00   0.050000
F_fleet_4_YR_1960_s_1           0.221287000000     1   0.00  3.00   0.050000
F_fleet_4_YR_1961_s_1           0.167591000000     1   0.00  3.00   0.050000
F_fleet_4_YR_1962_s_1           0.161414000000     1   0.00  3.00   0.050000
F_fleet_4_YR_1963_s_1           0.184116000000     1   0.00  3.00   0.050000
F_fleet_4_YR_1964_s_1           0.194583000000     1   0.00  3.00   0.050000
F_fleet_4_YR_1965_s_1           0.216153000000     1   0.00  3.00   0.050000
F_fleet_4_YR_1966_s_1           0.212849000000     1   0.00  3.00   0.050000
F_fleet_4_YR_1967_s_1           0.232137000000     1   0.00  3.00   0.050000
F_fleet_4_YR_1968_s_1           0.236115000000     1   0.00  3.00   0.050000
F_fleet_4_YR_1969_s_1           0.268847000000     1   0.00  3.00   0.050000
F_fleet_4_YR_1970_s_1           0.253559000000     1   0.00  3.00   0.050000
F_fleet_4_YR_1971_s_1           0.242251000000     1   0.00  3.00   0.050000
F_fleet_4_YR_1972_s_1           0.237074000000     1   0.00  3.00   0.050000
F_fleet_4_YR_1973_s_1           0.241388000000     1   0.00  3.00   0.050000
F_fleet_4_YR_1974_s_1           0.240796000000     1   0.00  3.00   0.050000
F_fleet_4_YR_1975_s_1           0.242866000000     1   0.00  3.00   0.050000
F_fleet_4_YR_1976_s_1           0.252676000000     1   0.00  3.00   0.050000
F_fleet_4_YR_1977_s_1           0.277756000000     1   0.00  3.00   0.050000
F_fleet_4_YR_1978_s_1           0.294263000000     1   0.00  3.00   0.050000
F_fleet_4_YR_1979_s_1           0.308589000000     1   0.00  3.00   0.050000
F_fleet_4_YR_1980_s_1           0.315699000000     1   0.00  3.00   0.050000
F_fleet_4_YR_1981_s_1           0.286561000000     1   0.00  3.00   0.050000
F_fleet_4_YR_1982_s_1           0.272876000000     1   0.00  3.00   0.050000
F_fleet_4_YR_1983_s_1           0.275656000000     1   0.00  3.00   0.050000
F_fleet_4_YR_1984_s_1           0.313103000000     1   0.00  3.00   0.050000
F_fleet_4_YR_1985_s_1           0.302097000000     1   0.00  3.00   0.050000
F_fleet_4_YR_1986_s_1           0.329648000000     1   0.00  3.00   0.050000
F_fleet_4_YR_1987_s_1           0.274665000000     1   0.00  3.00   0.050000
F_fleet_4_YR_1988_s_1           0.252501000000     1   0.00  3.00   0.050000
F_fleet_4_YR_1989_s_1           0.278174000000     1   0.00  3.00   0.050000
F_fleet_4_YR_1990_s_1           0.244876000000     1   0.00  3.00   0.050000
F_fleet_4_YR_1991_s_1           0.256330000000     1   0.00  3.00   0.050000
F_fleet_4_YR_1992_s_1           0.322613000000     1   0.00  3.00   0.050000
F_fleet_4_YR_1993_s_1           0.367616000000     1   0.00  3.00   0.050000
F_fleet_4_YR_1994_s_1           0.556167000000     1   0.00  3.00   0.050000
F_fleet_4_YR_1995_s_1           0.434199000000     1   0.00  3.00   0.050000
F_fleet_4_YR_1996_s_1           0.407491000000     1   0.00  3.00   0.050000
F_fleet_4_YR_1997_s_1           0.422152000000     1   0.00  3.00   0.050000
F_fleet_4_YR_1998_s_1           0.512884000000     1   0.00  3.00   0.050000
F_fleet_4_YR_1999_s_1           0.330279000000     1   0.00  3.00   0.050000
F_fleet_4_YR_2000_s_1           0.264165000000     1   0.00  3.00   0.050000
F_fleet_4_YR_2001_s_1           0.291937000000     1   0.00  3.00   0.050000
F_fleet_4_YR_2002_s_1           0.364100000000     1   0.00  3.00   0.050000
F_fleet_4_YR_2003_s_1           0.312019000000     1   0.00  3.00   0.050000
F_fleet_4_YR_2004_s_1           0.286589000000     1   0.00  3.00   0.050000
F_fleet_4_YR_2005_s_1           0.240058000000     1   0.00  3.00   0.050000
F_fleet_4_YR_2006_s_1           0.155983000000     1   0.00  3.00   0.050000
F_fleet_4_YR_2007_s_1           0.107724000000     1   0.00  3.00   0.050000
F_fleet_4_YR_2008_s_1           0.076772300000     1   0.00  3.00   0.050000
F_fleet_4_YR_2009_s_1           0.122524000000     1   0.00  3.00   0.050000
F_fleet_4_YR_2010_s_1           0.090747900000     1   0.00  3.00   0.050000
F_fleet_4_YR_2011_s_1           0.106231000000     1   0.00  3.00   0.050000
F_fleet_4_YR_2012_s_1           0.094954400000     1   0.00  3.00   0.050000
F_fleet_4_YR_2013_s_1           0.107046000000     1   0.00  3.00   0.050000
F_fleet_4_YR_2014_s_1           0.086029700000     1   0.00  3.00   0.050000
F_fleet_4_YR_2015_s_1           0.000000299148     1   0.00  3.00   0.050000
F_fleet_4_YR_2016_s_1           0.000000300567     1   0.00  3.00   0.050000
F_fleet_4_YR_2017_s_1           0.000000293759     1   0.00  3.00   0.050000
LnQ_base_SMP_BYC(4)             1.381240000000     2 -10.00 20.00   1.384810
Size_DblN_top_logit_VIDEO(8)   -1.677690000000     3 -10.00  3.00  -1.574750
Size_DblN_ascend_se_VIDEO(8)    1.118700000000     3  -6.00 12.00   1.100060
Size_DblN_end_logit_VIDEO(8)    0.412057000000     2  -8.00  5.00   0.597499
Size_DblN_top_logit_SEAMAP(9)  -3.873690000000     3 -10.00  3.00  -4.089010
Size_DblN_ascend_se_SEAMAP(9)   1.080990000000     3  -6.00 12.00   1.262730
Size_DblN_end_logit_SEAMAP(9)  -5.417080000000     2  -8.00  5.00  -5.306050
Age_inflection_CM_E(1)          2.142250000000     3   0.50 14.00   2.119950
Age_95%width_CM_E(1)            0.933164000000     1   0.50 14.00   0.916154
Age_inflection_CM_W(2)          3.845480000000     3   0.50 14.00   3.680750
Age_95%width_CM_W(2)            2.194990000000     1   0.50 14.00   2.096610
Age_DblN_peak_REC(3)            3.470690000000     2   1.00 10.00   3.332760
Age_DblN_top_logit_REC(3)      -8.859710000000     3 -10.00  3.00  -9.165080
Age_DblN_ascend_se_REC(3)       0.710838000000     3  -6.00 12.00   0.549862
Age_DblN_descend_se_REC(3)      3.060290000000     3  -4.00  6.00   2.952730
Age_DblN_start_logit_REC(3)   -11.900700000000     2 -15.00  5.00 -12.103500
Age_DblN_end_logit_REC(3)      -1.857350000000     2  -8.00  5.00  -1.829480
                              Status     Parm_StDev          Gradient  Pr_type
SR_LN(R0)                         OK  0.05932430000 -0.00003582500000 No_prior
SR_BH_steep                       OK  0.06904560000 -0.00000013275500 No_prior
F_fleet_1_YR_1950_s_1            act  0.00000267463 -0.00003478250000        F
F_fleet_1_YR_1951_s_1            act  0.00000533757 -0.00005760560000        F
F_fleet_1_YR_1952_s_1            act  0.00000807419 -0.00001095870000        F
F_fleet_1_YR_1953_s_1            act  0.00001084640 -0.00003382720000        F
F_fleet_1_YR_1954_s_1            act  0.00001371200 -0.00000946544000        F
F_fleet_1_YR_1955_s_1            act  0.00001665340  0.00000909383000        F
F_fleet_1_YR_1956_s_1            act  0.00001965750 -0.00002198820000        F
F_fleet_1_YR_1957_s_1            act  0.00002279540  0.00002003390000        F
F_fleet_1_YR_1958_s_1            act  0.00002608260 -0.00001380300000        F
F_fleet_1_YR_1959_s_1            act  0.00002952800  0.00001946340000        F
F_fleet_1_YR_1960_s_1            act  0.00003321890  0.00000509775000        F
F_fleet_1_YR_1961_s_1            act  0.00003703020  0.00000311995000        F
F_fleet_1_YR_1962_s_1            act  0.00004083140  0.00000066507900        F
F_fleet_1_YR_1963_s_1            act  0.00004438450 -0.00000008004330        F
F_fleet_1_YR_1964_s_1            act  0.00004892610 -0.00002090970000        F
F_fleet_1_YR_1965_s_1            act  0.00004901720 -0.00000275541000        F
F_fleet_1_YR_1966_s_1            act  0.00002580420 -0.00000251602000        F
F_fleet_1_YR_1967_s_1            act  0.00005281900  0.00000433028000        F
F_fleet_1_YR_1968_s_1            act  0.00010626600 -0.00000683065000        F
F_fleet_1_YR_1969_s_1            act  0.00013728400  0.00001342480000        F
F_fleet_1_YR_1970_s_1            act  0.00013009000 -0.00000746275000        F
F_fleet_1_YR_1971_s_1            act  0.00014442700 -0.00000116774000        F
F_fleet_1_YR_1972_s_1            act  0.00012920900  0.00001259350000        F
F_fleet_1_YR_1973_s_1            act  0.00022032400 -0.00002357000000        F
F_fleet_1_YR_1974_s_1            act  0.00021114700 -0.00000490078000        F
F_fleet_1_YR_1975_s_1            act  0.00046480400 -0.00000475535000        F
F_fleet_1_YR_1976_s_1            act  0.00041281600 -0.00000275974000        F
F_fleet_1_YR_1977_s_1            act  0.00056678700 -0.00000135973000        F
F_fleet_1_YR_1978_s_1            act  0.00049493300 -0.00000504579000        F
F_fleet_1_YR_1979_s_1            act  0.00038363100  0.00000204919000        F
F_fleet_1_YR_1980_s_1            act  0.00028488300 -0.00000036116200        F
F_fleet_1_YR_1981_s_1            act  0.00041942200 -0.00000124304000        F
F_fleet_1_YR_1982_s_1            act  0.00044188100 -0.00000076280100        F
F_fleet_1_YR_1983_s_1            act  0.00070735300 -0.00000314591000        F
F_fleet_1_YR_1984_s_1            act  0.00101590000  0.00000065800500        F
F_fleet_1_YR_1985_s_1            act  0.00133565000 -0.00000424201000        F
F_fleet_1_YR_1986_s_1            act  0.00144685000  0.00000290168000        F
F_fleet_1_YR_1987_s_1            act  0.00119636000 -0.00000320947000        F
F_fleet_1_YR_1988_s_1            act  0.00117992000  0.00000285351000        F
F_fleet_1_YR_1989_s_1            act  0.00120743000  0.00000373739000        F
F_fleet_1_YR_1990_s_1            act  0.00304030000  0.00000141035000        F
F_fleet_1_YR_1991_s_1            act  0.00258784000 -0.00000538947000        F
F_fleet_1_YR_1992_s_1            act  0.00350742000 -0.00000237093000        F
F_fleet_1_YR_1993_s_1            act  0.00523246000 -0.00000172069000        F
F_fleet_1_YR_1994_s_1            act  0.00546067000 -0.00000350292000        F
F_fleet_1_YR_1995_s_1            act  0.00578622000 -0.00000414632000        F
F_fleet_1_YR_1996_s_1            act  0.00497095000 -0.00000147481000        F
F_fleet_1_YR_1997_s_1            act  0.00497996000  0.00000195795000        F
F_fleet_1_YR_1998_s_1            act  0.00417202000  0.00000179832000        F
F_fleet_1_YR_1999_s_1            act  0.00506809000  0.00000167091000        F
F_fleet_1_YR_2000_s_1            act  0.00399875000  0.00000322133000        F
F_fleet_1_YR_2001_s_1            act  0.00444995000  0.00000037155600        F
F_fleet_1_YR_2002_s_1            act  0.00502482000  0.00000039025900        F
F_fleet_1_YR_2003_s_1            act  0.00552936000  0.00000159552000        F
F_fleet_1_YR_2004_s_1            act  0.00440666000  0.00000054746300        F
F_fleet_1_YR_2005_s_1            act  0.00662021000  0.00000053180000        F
F_fleet_1_YR_2006_s_1            act  0.00700128000  0.00000126127000        F
F_fleet_1_YR_2007_s_1            act  0.00705911000  0.00000080473300        F
F_fleet_1_YR_2008_s_1            act  0.00781081000  0.00000069415800        F
F_fleet_1_YR_2009_s_1            act  0.01140200000  0.00000032430200        F
F_fleet_1_YR_2010_s_1            act  0.00555606000  0.00000123128000        F
F_fleet_1_YR_2011_s_1            act  0.01081560000  0.00000042775100        F
F_fleet_1_YR_2012_s_1            act  0.00790851000 -0.00000168727000        F
F_fleet_1_YR_2013_s_1            act  0.00434856000 -0.00000248784000        F
F_fleet_1_YR_2014_s_1            act  0.00482546000 -0.00000162862000        F
F_fleet_1_YR_2015_s_1            act  0.00267642000 -0.00000251851000        F
F_fleet_1_YR_2016_s_1            act  0.00308828000  0.00000129822000        F
F_fleet_1_YR_2017_s_1            act  0.00377330000  0.00000058143500        F
F_fleet_2_YR_1950_s_1            act  0.00000257691 -0.00001459420000        F
F_fleet_2_YR_1951_s_1            act  0.00000515924 -0.00016616400000        F
F_fleet_2_YR_1952_s_1            act  0.00000775639 -0.00004394850000        F
F_fleet_2_YR_1953_s_1            act  0.00001038780 -0.00000245796000        F
F_fleet_2_YR_1954_s_1            act  0.00001308520 -0.00004020580000        F
F_fleet_2_YR_1955_s_1            act  0.00001586830 -0.00002311620000        F
F_fleet_2_YR_1956_s_1            act  0.00001873890 -0.00004112010000        F
F_fleet_2_YR_1957_s_1            act  0.00002170380 -0.00002436010000        F
F_fleet_2_YR_1958_s_1            act  0.00002478020  0.00000061672300        F
F_fleet_2_YR_1959_s_1            act  0.00002799370  0.00003043110000        F
F_fleet_2_YR_1960_s_1            act  0.00003138110  0.00000886946000        F
F_fleet_2_YR_1961_s_1            act  0.00003496900 -0.00002040350000        F
F_fleet_2_YR_1962_s_1            act  0.00003874130  0.00000161424000        F
F_fleet_2_YR_1963_s_1            act  0.00004258570  0.00000018675400        F
F_fleet_2_YR_1964_s_1            act  0.00004524880  0.00002794670000        F
F_fleet_2_YR_1965_s_1            act  0.00004039270 -0.00003496350000        F
F_fleet_2_YR_1966_s_1            act  0.00001306940  0.00005240930000        F
F_fleet_2_YR_1967_s_1            act  0.00003121130 -0.00001486390000        F
F_fleet_2_YR_1968_s_1            act  0.00010074600 -0.00001492990000        F
F_fleet_2_YR_1969_s_1            act  0.00005502010  0.00000850340000        F
F_fleet_2_YR_1970_s_1            act  0.00009156260 -0.00001983150000        F
F_fleet_2_YR_1971_s_1            act  0.00010071700 -0.00002390630000        F
F_fleet_2_YR_1972_s_1            act  0.00009907860  0.00000981209000        F
F_fleet_2_YR_1973_s_1            act  0.00011903400 -0.00000586144000        F
F_fleet_2_YR_1974_s_1            act  0.00014702500  0.00001134900000        F
F_fleet_2_YR_1975_s_1            act  0.00024434500 -0.00000305600000        F
F_fleet_2_YR_1976_s_1            act  0.00013714600 -0.00000480805000        F
F_fleet_2_YR_1977_s_1            act  0.00044944900  0.00000420719000        F
F_fleet_2_YR_1978_s_1            act  0.00038239000 -0.00000152782000        F
F_fleet_2_YR_1979_s_1            act  0.00052449600 -0.00000458317000        F
F_fleet_2_YR_1980_s_1            act  0.00035811300  0.00000065756200        F
F_fleet_2_YR_1981_s_1            act  0.00028289500  0.00000035809800        F
F_fleet_2_YR_1982_s_1            act  0.00036618800  0.00000714114000        F
F_fleet_2_YR_1983_s_1            act  0.00041436500  0.00000067981100        F
F_fleet_2_YR_1984_s_1            act  0.00225523000 -0.00000096195400        F
F_fleet_2_YR_1985_s_1            act  0.00206363000  0.00000095141900        F
F_fleet_2_YR_1986_s_1            act  0.00279676000  0.00000542330000        F
F_fleet_2_YR_1987_s_1            act  0.00322693000 -0.00000319944000        F
F_fleet_2_YR_1988_s_1            act  0.00347820000 -0.00000060405000        F
F_fleet_2_YR_1989_s_1            act  0.00381179000  0.00000109088000        F
F_fleet_2_YR_1990_s_1            act  0.00395980000 -0.00000068821900        F
F_fleet_2_YR_1991_s_1            act  0.00355524000 -0.00000341081000        F
F_fleet_2_YR_1992_s_1            act  0.00500959000  0.00000113150000        F
F_fleet_2_YR_1993_s_1            act  0.00537999000  0.00000313870000        F
F_fleet_2_YR_1994_s_1            act  0.00602306000  0.00000205881000        F
F_fleet_2_YR_1995_s_1            act  0.00415713000  0.00000158489000        F
F_fleet_2_YR_1996_s_1            act  0.00448890000  0.00000082468000        F
F_fleet_2_YR_1997_s_1            act  0.00807970000  0.00000033112000        F
F_fleet_2_YR_1998_s_1            act  0.00742948000  0.00000034357100        F
F_fleet_2_YR_1999_s_1            act  0.01005090000 -0.00000170304000        F
F_fleet_2_YR_2000_s_1            act  0.00748508000  0.00000097908800        F
F_fleet_2_YR_2001_s_1            act  0.00919694000 -0.00000062444600        F
F_fleet_2_YR_2002_s_1            act  0.01055030000  0.00000056193400        F
F_fleet_2_YR_2003_s_1            act  0.01329820000  0.00000149969000        F
F_fleet_2_YR_2004_s_1            act  0.01242770000 -0.00000169756000        F
F_fleet_2_YR_2005_s_1            act  0.01119300000  0.00000169708000        F
F_fleet_2_YR_2006_s_1            act  0.00734000000 -0.00000125091000        F
F_fleet_2_YR_2007_s_1            act  0.01292550000 -0.00000014146100        F
F_fleet_2_YR_2008_s_1            act  0.00870705000 -0.00000236579000        F
F_fleet_2_YR_2009_s_1            act  0.00819355000  0.00000015108900        F
F_fleet_2_YR_2010_s_1            act  0.00633606000 -0.00000068989700        F
F_fleet_2_YR_2011_s_1            act  0.00571048000 -0.00000000599235        F
F_fleet_2_YR_2012_s_1            act  0.00709055000 -0.00000114031000        F
F_fleet_2_YR_2013_s_1            act  0.00420581000 -0.00000125017000        F
F_fleet_2_YR_2014_s_1            act  0.00536772000  0.00000246977000        F
F_fleet_2_YR_2015_s_1            act  0.00520483000  0.00000097389500        F
F_fleet_2_YR_2016_s_1            act  0.00521142000 -0.00000018757900        F
F_fleet_2_YR_2017_s_1            act  0.00441482000  0.00000049343200        F
F_fleet_3_YR_1950_s_1            act  0.00002513040 -0.00000089822600        F
F_fleet_3_YR_1951_s_1            act  0.00006813140 -0.00000695134000        F
F_fleet_3_YR_1952_s_1            act  0.00011279200  0.00000290599000        F
F_fleet_3_YR_1953_s_1            act  0.00015933900 -0.00000242885000        F
F_fleet_3_YR_1954_s_1            act  0.00020759500  0.00000090198700        F
F_fleet_3_YR_1955_s_1            act  0.00025777000  0.00000048735000        F
F_fleet_3_YR_1956_s_1            act  0.00030998300  0.00000431773000        F
F_fleet_3_YR_1957_s_1            act  0.00036481000 -0.00000321175000        F
F_fleet_3_YR_1958_s_1            act  0.00042342900  0.00000070794900        F
F_fleet_3_YR_1959_s_1            act  0.00048683400  0.00000324372000        F
F_fleet_3_YR_1960_s_1            act  0.00055474400 -0.00000042646700        F
F_fleet_3_YR_1961_s_1            act  0.00062334100  0.00000375225000        F
F_fleet_3_YR_1962_s_1            act  0.00068518900 -0.00000315478000        F
F_fleet_3_YR_1963_s_1            act  0.00073940200 -0.00000026557700        F
F_fleet_3_YR_1964_s_1            act  0.00079408500  0.00000009585320        F
F_fleet_3_YR_1965_s_1            act  0.00085290100 -0.00000086037000        F
F_fleet_3_YR_1966_s_1            act  0.00091629500  0.00000044089200        F
F_fleet_3_YR_1967_s_1            act  0.00098308300  0.00000002321900        F
F_fleet_3_YR_1968_s_1            act  0.00105378000 -0.00000024790900        F
F_fleet_3_YR_1969_s_1            act  0.00112898000 -0.00000102035000        F
F_fleet_3_YR_1970_s_1            act  0.00120959000 -0.00000121664000        F
F_fleet_3_YR_1971_s_1            act  0.00129069000 -0.00000111753000        F
F_fleet_3_YR_1972_s_1            act  0.00136403000  0.00000002104620        F
F_fleet_3_YR_1973_s_1            act  0.00143190000  0.00000118267000        F
F_fleet_3_YR_1974_s_1            act  0.00149845000  0.00000168376000        F
F_fleet_3_YR_1975_s_1            act  0.00156750000 -0.00000090992800        F
F_fleet_3_YR_1976_s_1            act  0.00163822000 -0.00000298606000        F
F_fleet_3_YR_1977_s_1            act  0.00171524000 -0.00000274223000        F
F_fleet_3_YR_1978_s_1            act  0.00180400000 -0.00000289488000        F
F_fleet_3_YR_1979_s_1            act  0.00190214000 -0.00000134826000        F
F_fleet_3_YR_1980_s_1            act  0.00200467000 -0.00000078274900        F
F_fleet_3_YR_1981_s_1            act  0.00210703000 -0.00000039755700        F
F_fleet_3_YR_1982_s_1            act  0.00474026000 -0.00000027598200        F
F_fleet_3_YR_1983_s_1            act  0.00181870000  0.00000022945600        F
F_fleet_3_YR_1984_s_1            act  0.00282374000  0.00000022509700        F
F_fleet_3_YR_1985_s_1            act  0.00553130000  0.00000006903530        F
F_fleet_3_YR_1986_s_1            act  0.00792557000  0.00000017730400        F
F_fleet_3_YR_1987_s_1            act  0.01025090000  0.00000024831900        F
F_fleet_3_YR_1988_s_1            act  0.01552260000  0.00000043834000        F
F_fleet_3_YR_1989_s_1            act  0.00861153000  0.00000021765500        F
F_fleet_3_YR_1990_s_1            act  0.01171720000  0.00000018700900        F
F_fleet_3_YR_1991_s_1            act  0.01541520000 -0.00000003707100        F
F_fleet_3_YR_1992_s_1            act  0.01959980000  0.00000029787500        F
F_fleet_3_YR_1993_s_1            act  0.01518850000  0.00000008072630        F
F_fleet_3_YR_1994_s_1            act  0.01355290000 -0.00000010363400        F
F_fleet_3_YR_1995_s_1            act  0.02052230000 -0.00000050415700        F
F_fleet_3_YR_1996_s_1            act  0.00876977000 -0.00000047760800        F
F_fleet_3_YR_1997_s_1            act  0.01590810000 -0.00000072249400        F
F_fleet_3_YR_1998_s_1            act  0.00833047000 -0.00000044450900        F
F_fleet_3_YR_1999_s_1            act  0.01645240000 -0.00000057437900        F
F_fleet_3_YR_2000_s_1            act  0.00963312000 -0.00000040935300        F
F_fleet_3_YR_2001_s_1            act  0.02404170000 -0.00000036991400        F
F_fleet_3_YR_2002_s_1            act  0.01934750000 -0.00000016951800        F
F_fleet_3_YR_2003_s_1            act  0.01781340000  0.00000017236900        F
F_fleet_3_YR_2004_s_1            act  0.01791140000  0.00000024520000        F
F_fleet_3_YR_2005_s_1            act  0.02211230000  0.00000019939700        F
F_fleet_3_YR_2006_s_1            act  0.02091000000  0.00000016474100        F
F_fleet_3_YR_2007_s_1            act  0.02005660000  0.00000015256200        F
F_fleet_3_YR_2008_s_1            act  0.00960083000  0.00000017439500        F
F_fleet_3_YR_2009_s_1            act  0.01338570000  0.00000012874900        F
F_fleet_3_YR_2010_s_1            act  0.00968880000  0.00000007848770        F
F_fleet_3_YR_2011_s_1            act  0.02251080000  0.00000024099500        F
F_fleet_3_YR_2012_s_1            act  0.01691220000  0.00000015971700        F
F_fleet_3_YR_2013_s_1            act  0.02532530000  0.00000036871200        F
F_fleet_3_YR_2014_s_1            act  0.02149240000  0.00000032604200        F
F_fleet_3_YR_2015_s_1            act  0.01796440000  0.00000006418220        F
F_fleet_3_YR_2016_s_1            act  0.01849690000  0.00000013256600        F
F_fleet_3_YR_2017_s_1            act  0.02694330000  0.00000063392700        F
F_fleet_4_YR_1950_s_1            act  0.01093540000 -0.00000051290200        F
F_fleet_4_YR_1951_s_1            act  0.01491170000 -0.00000068483800        F
F_fleet_4_YR_1952_s_1            act  0.01761310000  0.00000073796500        F
F_fleet_4_YR_1953_s_1            act  0.01852190000  0.00000140944000        F
F_fleet_4_YR_1954_s_1            act  0.02401530000  0.00000057226300        F
F_fleet_4_YR_1955_s_1            act  0.02503630000  0.00000007745240        F
F_fleet_4_YR_1956_s_1            act  0.03201740000  0.00000052793800        F
F_fleet_4_YR_1957_s_1            act  0.03666880000 -0.00000092923900        F
F_fleet_4_YR_1958_s_1            act  0.04492850000 -0.00000045711600        F
F_fleet_4_YR_1959_s_1            act  0.04845450000  0.00000028757200        F
F_fleet_4_YR_1960_s_1            act  0.04846030000  0.00000054158600        F
F_fleet_4_YR_1961_s_1            act  0.03670050000  0.00000076817400        F
F_fleet_4_YR_1962_s_1            act  0.03535320000  0.00000140407000        F
F_fleet_4_YR_1963_s_1            act  0.04033840000  0.00000003367140        F
F_fleet_4_YR_1964_s_1            act  0.04264440000  0.00000072882700        F
F_fleet_4_YR_1965_s_1            act  0.04739240000 -0.00000013649800        F
F_fleet_4_YR_1966_s_1            act  0.04668260000 -0.00000023551900        F
F_fleet_4_YR_1967_s_1            act  0.05094170000  0.00000008653570        F
F_fleet_4_YR_1968_s_1            act  0.05183910000  0.00000005121960        F
F_fleet_4_YR_1969_s_1            act  0.05907650000  0.00000012466500        F
F_fleet_4_YR_1970_s_1            act  0.05574790000 -0.00000016748300        F
F_fleet_4_YR_1971_s_1            act  0.05336490000 -0.00000000527864        F
F_fleet_4_YR_1972_s_1            act  0.05045310000  0.00000060531300        F
F_fleet_4_YR_1973_s_1            act  0.05230440000  0.00000014008000        F
F_fleet_4_YR_1974_s_1            act  0.05222370000  0.00000085418800        F
F_fleet_4_YR_1975_s_1            act  0.05271950000  0.00000020436500        F
F_fleet_4_YR_1976_s_1            act  0.05488260000 -0.00000035733100        F
F_fleet_4_YR_1977_s_1            act  0.06032570000 -0.00000027035000        F
F_fleet_4_YR_1978_s_1            act  0.06388250000 -0.00000040704600        F
F_fleet_4_YR_1979_s_1            act  0.06688750000 -0.00000025783000        F
F_fleet_4_YR_1980_s_1            act  0.06820010000 -0.00000016747300        F
F_fleet_4_YR_1981_s_1            act  0.06163280000  0.00000003193040        F
F_fleet_4_YR_1982_s_1            act  0.05817200000 -0.00000002292110        F
F_fleet_4_YR_1983_s_1            act  0.05791860000  0.00000012061800        F
F_fleet_4_YR_1984_s_1            act  0.06432270000  0.00000016226800        F
F_fleet_4_YR_1985_s_1            act  0.06242040000  0.00000023477400        F
F_fleet_4_YR_1986_s_1            act  0.06703880000  0.00000025683800        F
F_fleet_4_YR_1987_s_1            act  0.05444200000  0.00000011030600        F
F_fleet_4_YR_1988_s_1            act  0.05002250000  0.00000014667500        F
F_fleet_4_YR_1989_s_1            act  0.05479780000  0.00000009229480        F
F_fleet_4_YR_1990_s_1            act  0.04722000000  0.00000010173300        F
F_fleet_4_YR_1991_s_1            act  0.04847280000 -0.00000015280900        F
F_fleet_4_YR_1992_s_1            act  0.05963110000 -0.00000003332380        F
F_fleet_4_YR_1993_s_1            act  0.07394780000 -0.00000024139100        F
F_fleet_4_YR_1994_s_1            act  0.10377900000 -0.00000044400800        F
F_fleet_4_YR_1995_s_1            act  0.10210700000 -0.00000050621000        F
F_fleet_4_YR_1996_s_1            act  0.08602700000 -0.00000075822100        F
F_fleet_4_YR_1997_s_1            act  0.08882230000 -0.00000071673100        F
F_fleet_4_YR_1998_s_1            act  0.10553800000 -0.00000075946400        F
F_fleet_4_YR_1999_s_1            act  0.07127010000 -0.00000052237400        F
F_fleet_4_YR_2000_s_1            act  0.05457920000 -0.00000037468700        F
F_fleet_4_YR_2001_s_1            act  0.05936600000 -0.00000015489100        F
F_fleet_4_YR_2002_s_1            act  0.07511670000  0.00000008274760        F
F_fleet_4_YR_2003_s_1            act  0.06589870000  0.00000035260900        F
F_fleet_4_YR_2004_s_1            act  0.05793590000  0.00000036049800        F
F_fleet_4_YR_2005_s_1            act  0.05023380000  0.00000031714800        F
F_fleet_4_YR_2006_s_1            act  0.03335780000 -0.00000016940600        F
F_fleet_4_YR_2007_s_1            act  0.02251550000 -0.00000027427800        F
F_fleet_4_YR_2008_s_1            act  0.01619860000  0.00000096580900        F
F_fleet_4_YR_2009_s_1            act  0.02655950000 -0.00000004433560        F
F_fleet_4_YR_2010_s_1            act  0.02011510000  0.00000048198000        F
F_fleet_4_YR_2011_s_1            act  0.02353490000  0.00000071855200        F
F_fleet_4_YR_2012_s_1            act  0.02094230000 -0.00000008265620        F
F_fleet_4_YR_2013_s_1            act  0.02342050000 -0.00000015993800        F
F_fleet_4_YR_2014_s_1            act  0.01866710000 -0.00000010975000        F
F_fleet_4_YR_2015_s_1            act  0.00051814700 -0.00000010215300        F
F_fleet_4_YR_2016_s_1            act  0.00052059600  0.00000001915340        F
F_fleet_4_YR_2017_s_1            act  0.00050880500 -0.00000002217960        F
LnQ_base_SMP_BYC(4)               OK  0.08866650000 -0.00000788197000 No_prior
Size_DblN_top_logit_VIDEO(8)      OK  0.70631500000 -0.00000011880700 No_prior
Size_DblN_ascend_se_VIDEO(8)      OK  0.20653600000  0.00000007652830 No_prior
Size_DblN_end_logit_VIDEO(8)      OK  0.49840400000 -0.00000031491000 No_prior
Size_DblN_top_logit_SEAMAP(9)     OK  0.72215900000 -0.00000005321850 No_prior
Size_DblN_ascend_se_SEAMAP(9)     OK  0.25216600000 -0.00000029027800 No_prior
Size_DblN_end_logit_SEAMAP(9)     OK  2.28541000000 -0.00000001610240 No_prior
Age_inflection_CM_E(1)            OK  0.06663580000  0.00000225869000 No_prior
Age_95%width_CM_E(1)              OK  0.15108100000  0.00000013693800 No_prior
Age_inflection_CM_W(2)            OK  0.16436700000  0.00000196833000 No_prior
Age_95%width_CM_W(2)              OK  0.22066300000 -0.00000051822800 No_prior
Age_DblN_peak_REC(3)              OK  0.19745200000  0.00000158187000 No_prior
Age_DblN_top_logit_REC(3)         OK 25.23540000000 -0.00000000466445 No_prior
Age_DblN_ascend_se_REC(3)         OK  0.25181600000 -0.00000328236000 No_prior
Age_DblN_descend_se_REC(3)        OK  0.37066800000  0.00000071826300 No_prior
Age_DblN_start_logit_REC(3)       OK 51.91000000000  0.00000000727072 No_prior
Age_DblN_end_logit_REC(3)         OK  0.73274900000  0.00000033984800 No_prior
                              Prior Pr_SD Pr_Like Afterbound
SR_LN(R0)                        NA    NA      NA         OK
SR_BH_steep                      NA    NA      NA         OK
F_fleet_1_YR_1950_s_1            NA    NA      NA      CHECK
F_fleet_1_YR_1951_s_1            NA    NA      NA      CHECK
F_fleet_1_YR_1952_s_1            NA    NA      NA      CHECK
F_fleet_1_YR_1953_s_1            NA    NA      NA      CHECK
F_fleet_1_YR_1954_s_1            NA    NA      NA      CHECK
F_fleet_1_YR_1955_s_1            NA    NA      NA      CHECK
F_fleet_1_YR_1956_s_1            NA    NA      NA      CHECK
F_fleet_1_YR_1957_s_1            NA    NA      NA      CHECK
F_fleet_1_YR_1958_s_1            NA    NA      NA      CHECK
F_fleet_1_YR_1959_s_1            NA    NA      NA      CHECK
F_fleet_1_YR_1960_s_1            NA    NA      NA      CHECK
F_fleet_1_YR_1961_s_1            NA    NA      NA      CHECK
F_fleet_1_YR_1962_s_1            NA    NA      NA      CHECK
F_fleet_1_YR_1963_s_1            NA    NA      NA      CHECK
F_fleet_1_YR_1964_s_1            NA    NA      NA      CHECK
F_fleet_1_YR_1965_s_1            NA    NA      NA      CHECK
F_fleet_1_YR_1966_s_1            NA    NA      NA      CHECK
F_fleet_1_YR_1967_s_1            NA    NA      NA      CHECK
F_fleet_1_YR_1968_s_1            NA    NA      NA         OK
F_fleet_1_YR_1969_s_1            NA    NA      NA         OK
F_fleet_1_YR_1970_s_1            NA    NA      NA         OK
F_fleet_1_YR_1971_s_1            NA    NA      NA         OK
F_fleet_1_YR_1972_s_1            NA    NA      NA         OK
F_fleet_1_YR_1973_s_1            NA    NA      NA         OK
F_fleet_1_YR_1974_s_1            NA    NA      NA         OK
F_fleet_1_YR_1975_s_1            NA    NA      NA         OK
F_fleet_1_YR_1976_s_1            NA    NA      NA         OK
F_fleet_1_YR_1977_s_1            NA    NA      NA         OK
F_fleet_1_YR_1978_s_1            NA    NA      NA         OK
F_fleet_1_YR_1979_s_1            NA    NA      NA         OK
F_fleet_1_YR_1980_s_1            NA    NA      NA         OK
F_fleet_1_YR_1981_s_1            NA    NA      NA         OK
F_fleet_1_YR_1982_s_1            NA    NA      NA         OK
F_fleet_1_YR_1983_s_1            NA    NA      NA         OK
F_fleet_1_YR_1984_s_1            NA    NA      NA         OK
F_fleet_1_YR_1985_s_1            NA    NA      NA         OK
F_fleet_1_YR_1986_s_1            NA    NA      NA         OK
F_fleet_1_YR_1987_s_1            NA    NA      NA         OK
F_fleet_1_YR_1988_s_1            NA    NA      NA         OK
F_fleet_1_YR_1989_s_1            NA    NA      NA         OK
F_fleet_1_YR_1990_s_1            NA    NA      NA         OK
F_fleet_1_YR_1991_s_1            NA    NA      NA         OK
F_fleet_1_YR_1992_s_1            NA    NA      NA         OK
F_fleet_1_YR_1993_s_1            NA    NA      NA         OK
F_fleet_1_YR_1994_s_1            NA    NA      NA         OK
F_fleet_1_YR_1995_s_1            NA    NA      NA         OK
F_fleet_1_YR_1996_s_1            NA    NA      NA         OK
F_fleet_1_YR_1997_s_1            NA    NA      NA         OK
F_fleet_1_YR_1998_s_1            NA    NA      NA         OK
F_fleet_1_YR_1999_s_1            NA    NA      NA         OK
F_fleet_1_YR_2000_s_1            NA    NA      NA         OK
F_fleet_1_YR_2001_s_1            NA    NA      NA         OK
F_fleet_1_YR_2002_s_1            NA    NA      NA         OK
F_fleet_1_YR_2003_s_1            NA    NA      NA         OK
F_fleet_1_YR_2004_s_1            NA    NA      NA         OK
F_fleet_1_YR_2005_s_1            NA    NA      NA         OK
F_fleet_1_YR_2006_s_1            NA    NA      NA         OK
F_fleet_1_YR_2007_s_1            NA    NA      NA         OK
F_fleet_1_YR_2008_s_1            NA    NA      NA         OK
F_fleet_1_YR_2009_s_1            NA    NA      NA         OK
F_fleet_1_YR_2010_s_1            NA    NA      NA         OK
F_fleet_1_YR_2011_s_1            NA    NA      NA         OK
F_fleet_1_YR_2012_s_1            NA    NA      NA         OK
F_fleet_1_YR_2013_s_1            NA    NA      NA         OK
F_fleet_1_YR_2014_s_1            NA    NA      NA         OK
F_fleet_1_YR_2015_s_1            NA    NA      NA         OK
F_fleet_1_YR_2016_s_1            NA    NA      NA         OK
F_fleet_1_YR_2017_s_1            NA    NA      NA         OK
F_fleet_2_YR_1950_s_1            NA    NA      NA      CHECK
F_fleet_2_YR_1951_s_1            NA    NA      NA      CHECK
F_fleet_2_YR_1952_s_1            NA    NA      NA      CHECK
F_fleet_2_YR_1953_s_1            NA    NA      NA      CHECK
F_fleet_2_YR_1954_s_1            NA    NA      NA      CHECK
F_fleet_2_YR_1955_s_1            NA    NA      NA      CHECK
F_fleet_2_YR_1956_s_1            NA    NA      NA      CHECK
F_fleet_2_YR_1957_s_1            NA    NA      NA      CHECK
F_fleet_2_YR_1958_s_1            NA    NA      NA      CHECK
F_fleet_2_YR_1959_s_1            NA    NA      NA      CHECK
F_fleet_2_YR_1960_s_1            NA    NA      NA      CHECK
F_fleet_2_YR_1961_s_1            NA    NA      NA      CHECK
F_fleet_2_YR_1962_s_1            NA    NA      NA      CHECK
F_fleet_2_YR_1963_s_1            NA    NA      NA      CHECK
F_fleet_2_YR_1964_s_1            NA    NA      NA      CHECK
F_fleet_2_YR_1965_s_1            NA    NA      NA      CHECK
F_fleet_2_YR_1966_s_1            NA    NA      NA      CHECK
F_fleet_2_YR_1967_s_1            NA    NA      NA      CHECK
F_fleet_2_YR_1968_s_1            NA    NA      NA         OK
F_fleet_2_YR_1969_s_1            NA    NA      NA      CHECK
F_fleet_2_YR_1970_s_1            NA    NA      NA         OK
F_fleet_2_YR_1971_s_1            NA    NA      NA         OK
F_fleet_2_YR_1972_s_1            NA    NA      NA         OK
F_fleet_2_YR_1973_s_1            NA    NA      NA         OK
F_fleet_2_YR_1974_s_1            NA    NA      NA         OK
F_fleet_2_YR_1975_s_1            NA    NA      NA         OK
F_fleet_2_YR_1976_s_1            NA    NA      NA         OK
F_fleet_2_YR_1977_s_1            NA    NA      NA         OK
F_fleet_2_YR_1978_s_1            NA    NA      NA         OK
F_fleet_2_YR_1979_s_1            NA    NA      NA         OK
F_fleet_2_YR_1980_s_1            NA    NA      NA         OK
F_fleet_2_YR_1981_s_1            NA    NA      NA         OK
F_fleet_2_YR_1982_s_1            NA    NA      NA         OK
F_fleet_2_YR_1983_s_1            NA    NA      NA         OK
F_fleet_2_YR_1984_s_1            NA    NA      NA         OK
F_fleet_2_YR_1985_s_1            NA    NA      NA         OK
F_fleet_2_YR_1986_s_1            NA    NA      NA         OK
F_fleet_2_YR_1987_s_1            NA    NA      NA         OK
F_fleet_2_YR_1988_s_1            NA    NA      NA         OK
F_fleet_2_YR_1989_s_1            NA    NA      NA         OK
F_fleet_2_YR_1990_s_1            NA    NA      NA         OK
F_fleet_2_YR_1991_s_1            NA    NA      NA         OK
F_fleet_2_YR_1992_s_1            NA    NA      NA         OK
F_fleet_2_YR_1993_s_1            NA    NA      NA         OK
F_fleet_2_YR_1994_s_1            NA    NA      NA         OK
F_fleet_2_YR_1995_s_1            NA    NA      NA         OK
F_fleet_2_YR_1996_s_1            NA    NA      NA         OK
F_fleet_2_YR_1997_s_1            NA    NA      NA         OK
F_fleet_2_YR_1998_s_1            NA    NA      NA         OK
F_fleet_2_YR_1999_s_1            NA    NA      NA         OK
F_fleet_2_YR_2000_s_1            NA    NA      NA         OK
F_fleet_2_YR_2001_s_1            NA    NA      NA         OK
F_fleet_2_YR_2002_s_1            NA    NA      NA         OK
F_fleet_2_YR_2003_s_1            NA    NA      NA         OK
F_fleet_2_YR_2004_s_1            NA    NA      NA         OK
F_fleet_2_YR_2005_s_1            NA    NA      NA         OK
F_fleet_2_YR_2006_s_1            NA    NA      NA         OK
F_fleet_2_YR_2007_s_1            NA    NA      NA         OK
F_fleet_2_YR_2008_s_1            NA    NA      NA         OK
F_fleet_2_YR_2009_s_1            NA    NA      NA         OK
F_fleet_2_YR_2010_s_1            NA    NA      NA         OK
F_fleet_2_YR_2011_s_1            NA    NA      NA         OK
F_fleet_2_YR_2012_s_1            NA    NA      NA         OK
F_fleet_2_YR_2013_s_1            NA    NA      NA         OK
F_fleet_2_YR_2014_s_1            NA    NA      NA         OK
F_fleet_2_YR_2015_s_1            NA    NA      NA         OK
F_fleet_2_YR_2016_s_1            NA    NA      NA         OK
F_fleet_2_YR_2017_s_1            NA    NA      NA         OK
F_fleet_3_YR_1950_s_1            NA    NA      NA      CHECK
F_fleet_3_YR_1951_s_1            NA    NA      NA      CHECK
F_fleet_3_YR_1952_s_1            NA    NA      NA      CHECK
F_fleet_3_YR_1953_s_1            NA    NA      NA      CHECK
F_fleet_3_YR_1954_s_1            NA    NA      NA         OK
F_fleet_3_YR_1955_s_1            NA    NA      NA         OK
F_fleet_3_YR_1956_s_1            NA    NA      NA         OK
F_fleet_3_YR_1957_s_1            NA    NA      NA         OK
F_fleet_3_YR_1958_s_1            NA    NA      NA         OK
F_fleet_3_YR_1959_s_1            NA    NA      NA         OK
F_fleet_3_YR_1960_s_1            NA    NA      NA         OK
F_fleet_3_YR_1961_s_1            NA    NA      NA         OK
F_fleet_3_YR_1962_s_1            NA    NA      NA         OK
F_fleet_3_YR_1963_s_1            NA    NA      NA         OK
F_fleet_3_YR_1964_s_1            NA    NA      NA         OK
F_fleet_3_YR_1965_s_1            NA    NA      NA         OK
F_fleet_3_YR_1966_s_1            NA    NA      NA         OK
F_fleet_3_YR_1967_s_1            NA    NA      NA         OK
F_fleet_3_YR_1968_s_1            NA    NA      NA         OK
F_fleet_3_YR_1969_s_1            NA    NA      NA         OK
F_fleet_3_YR_1970_s_1            NA    NA      NA         OK
F_fleet_3_YR_1971_s_1            NA    NA      NA         OK
F_fleet_3_YR_1972_s_1            NA    NA      NA         OK
F_fleet_3_YR_1973_s_1            NA    NA      NA         OK
F_fleet_3_YR_1974_s_1            NA    NA      NA         OK
F_fleet_3_YR_1975_s_1            NA    NA      NA         OK
F_fleet_3_YR_1976_s_1            NA    NA      NA         OK
F_fleet_3_YR_1977_s_1            NA    NA      NA         OK
F_fleet_3_YR_1978_s_1            NA    NA      NA         OK
F_fleet_3_YR_1979_s_1            NA    NA      NA         OK
F_fleet_3_YR_1980_s_1            NA    NA      NA         OK
F_fleet_3_YR_1981_s_1            NA    NA      NA         OK
F_fleet_3_YR_1982_s_1            NA    NA      NA         OK
F_fleet_3_YR_1983_s_1            NA    NA      NA         OK
F_fleet_3_YR_1984_s_1            NA    NA      NA         OK
F_fleet_3_YR_1985_s_1            NA    NA      NA         OK
F_fleet_3_YR_1986_s_1            NA    NA      NA         OK
F_fleet_3_YR_1987_s_1            NA    NA      NA         OK
F_fleet_3_YR_1988_s_1            NA    NA      NA         OK
F_fleet_3_YR_1989_s_1            NA    NA      NA         OK
F_fleet_3_YR_1990_s_1            NA    NA      NA         OK
F_fleet_3_YR_1991_s_1            NA    NA      NA         OK
F_fleet_3_YR_1992_s_1            NA    NA      NA         OK
F_fleet_3_YR_1993_s_1            NA    NA      NA         OK
F_fleet_3_YR_1994_s_1            NA    NA      NA         OK
F_fleet_3_YR_1995_s_1            NA    NA      NA         OK
F_fleet_3_YR_1996_s_1            NA    NA      NA         OK
F_fleet_3_YR_1997_s_1            NA    NA      NA         OK
F_fleet_3_YR_1998_s_1            NA    NA      NA         OK
F_fleet_3_YR_1999_s_1            NA    NA      NA         OK
F_fleet_3_YR_2000_s_1            NA    NA      NA         OK
F_fleet_3_YR_2001_s_1            NA    NA      NA         OK
F_fleet_3_YR_2002_s_1            NA    NA      NA         OK
F_fleet_3_YR_2003_s_1            NA    NA      NA         OK
F_fleet_3_YR_2004_s_1            NA    NA      NA         OK
F_fleet_3_YR_2005_s_1            NA    NA      NA         OK
F_fleet_3_YR_2006_s_1            NA    NA      NA         OK
F_fleet_3_YR_2007_s_1            NA    NA      NA         OK
F_fleet_3_YR_2008_s_1            NA    NA      NA         OK
F_fleet_3_YR_2009_s_1            NA    NA      NA         OK
F_fleet_3_YR_2010_s_1            NA    NA      NA         OK
F_fleet_3_YR_2011_s_1            NA    NA      NA         OK
F_fleet_3_YR_2012_s_1            NA    NA      NA         OK
F_fleet_3_YR_2013_s_1            NA    NA      NA         OK
F_fleet_3_YR_2014_s_1            NA    NA      NA         OK
F_fleet_3_YR_2015_s_1            NA    NA      NA         OK
F_fleet_3_YR_2016_s_1            NA    NA      NA         OK
F_fleet_3_YR_2017_s_1            NA    NA      NA         OK
F_fleet_4_YR_1950_s_1            NA    NA      NA         OK
F_fleet_4_YR_1951_s_1            NA    NA      NA         OK
F_fleet_4_YR_1952_s_1            NA    NA      NA         OK
F_fleet_4_YR_1953_s_1            NA    NA      NA         OK
F_fleet_4_YR_1954_s_1            NA    NA      NA         OK
F_fleet_4_YR_1955_s_1            NA    NA      NA         OK
F_fleet_4_YR_1956_s_1            NA    NA      NA         OK
F_fleet_4_YR_1957_s_1            NA    NA      NA         OK
F_fleet_4_YR_1958_s_1            NA    NA      NA         OK
F_fleet_4_YR_1959_s_1            NA    NA      NA         OK
F_fleet_4_YR_1960_s_1            NA    NA      NA         OK
F_fleet_4_YR_1961_s_1            NA    NA      NA         OK
F_fleet_4_YR_1962_s_1            NA    NA      NA         OK
F_fleet_4_YR_1963_s_1            NA    NA      NA         OK
F_fleet_4_YR_1964_s_1            NA    NA      NA         OK
F_fleet_4_YR_1965_s_1            NA    NA      NA         OK
F_fleet_4_YR_1966_s_1            NA    NA      NA         OK
F_fleet_4_YR_1967_s_1            NA    NA      NA         OK
F_fleet_4_YR_1968_s_1            NA    NA      NA         OK
F_fleet_4_YR_1969_s_1            NA    NA      NA         OK
F_fleet_4_YR_1970_s_1            NA    NA      NA         OK
F_fleet_4_YR_1971_s_1            NA    NA      NA         OK
F_fleet_4_YR_1972_s_1            NA    NA      NA         OK
F_fleet_4_YR_1973_s_1            NA    NA      NA         OK
F_fleet_4_YR_1974_s_1            NA    NA      NA         OK
F_fleet_4_YR_1975_s_1            NA    NA      NA         OK
F_fleet_4_YR_1976_s_1            NA    NA      NA         OK
F_fleet_4_YR_1977_s_1            NA    NA      NA         OK
F_fleet_4_YR_1978_s_1            NA    NA      NA         OK
F_fleet_4_YR_1979_s_1            NA    NA      NA         OK
F_fleet_4_YR_1980_s_1            NA    NA      NA         OK
F_fleet_4_YR_1981_s_1            NA    NA      NA         OK
F_fleet_4_YR_1982_s_1            NA    NA      NA         OK
F_fleet_4_YR_1983_s_1            NA    NA      NA         OK
F_fleet_4_YR_1984_s_1            NA    NA      NA         OK
F_fleet_4_YR_1985_s_1            NA    NA      NA         OK
F_fleet_4_YR_1986_s_1            NA    NA      NA         OK
F_fleet_4_YR_1987_s_1            NA    NA      NA         OK
F_fleet_4_YR_1988_s_1            NA    NA      NA         OK
F_fleet_4_YR_1989_s_1            NA    NA      NA         OK
F_fleet_4_YR_1990_s_1            NA    NA      NA         OK
F_fleet_4_YR_1991_s_1            NA    NA      NA         OK
F_fleet_4_YR_1992_s_1            NA    NA      NA         OK
F_fleet_4_YR_1993_s_1            NA    NA      NA         OK
F_fleet_4_YR_1994_s_1            NA    NA      NA         OK
F_fleet_4_YR_1995_s_1            NA    NA      NA         OK
F_fleet_4_YR_1996_s_1            NA    NA      NA         OK
F_fleet_4_YR_1997_s_1            NA    NA      NA         OK
F_fleet_4_YR_1998_s_1            NA    NA      NA         OK
F_fleet_4_YR_1999_s_1            NA    NA      NA         OK
F_fleet_4_YR_2000_s_1            NA    NA      NA         OK
F_fleet_4_YR_2001_s_1            NA    NA      NA         OK
F_fleet_4_YR_2002_s_1            NA    NA      NA         OK
F_fleet_4_YR_2003_s_1            NA    NA      NA         OK
F_fleet_4_YR_2004_s_1            NA    NA      NA         OK
F_fleet_4_YR_2005_s_1            NA    NA      NA         OK
F_fleet_4_YR_2006_s_1            NA    NA      NA         OK
F_fleet_4_YR_2007_s_1            NA    NA      NA         OK
F_fleet_4_YR_2008_s_1            NA    NA      NA         OK
F_fleet_4_YR_2009_s_1            NA    NA      NA         OK
F_fleet_4_YR_2010_s_1            NA    NA      NA         OK
F_fleet_4_YR_2011_s_1            NA    NA      NA         OK
F_fleet_4_YR_2012_s_1            NA    NA      NA         OK
F_fleet_4_YR_2013_s_1            NA    NA      NA         OK
F_fleet_4_YR_2014_s_1            NA    NA      NA         OK
F_fleet_4_YR_2015_s_1            NA    NA      NA      CHECK
F_fleet_4_YR_2016_s_1            NA    NA      NA      CHECK
F_fleet_4_YR_2017_s_1            NA    NA      NA      CHECK
LnQ_base_SMP_BYC(4)              NA    NA      NA         OK
Size_DblN_top_logit_VIDEO(8)     NA    NA      NA         OK
Size_DblN_ascend_se_VIDEO(8)     NA    NA      NA         OK
Size_DblN_end_logit_VIDEO(8)     NA    NA      NA         OK
Size_DblN_top_logit_SEAMAP(9)    NA    NA      NA         OK
Size_DblN_ascend_se_SEAMAP(9)    NA    NA      NA         OK
Size_DblN_end_logit_SEAMAP(9)    NA    NA      NA         OK
Age_inflection_CM_E(1)           NA    NA      NA         OK
Age_95%width_CM_E(1)             NA    NA      NA         OK
Age_inflection_CM_W(2)           NA    NA      NA         OK
Age_95%width_CM_W(2)             NA    NA      NA         OK
Age_DblN_peak_REC(3)             NA    NA      NA         OK
Age_DblN_top_logit_REC(3)        NA    NA      NA         OK
Age_DblN_ascend_se_REC(3)        NA    NA      NA         OK
Age_DblN_descend_se_REC(3)       NA    NA      NA         OK
Age_DblN_start_logit_REC(3)      NA    NA      NA         OK
Age_DblN_end_logit_REC(3)        NA    NA      NA         OK

$maximum_gradient_component
[1] 0.000166164

$parameters_with_highest_gradients
                            Value     Gradient
F_fleet_2_YR_1951_s_1 5.94026e-05 -1.66164e-04
F_fleet_1_YR_1951_s_1 6.55087e-05 -5.76056e-05
F_fleet_2_YR_1966_s_1 1.55848e-04  5.24093e-05
F_fleet_2_YR_1952_s_1 8.94619e-05 -4.39485e-05
F_fleet_2_YR_1956_s_1 2.18861e-04 -4.11201e-05

$Length_Comp_Fit_Summary
     Data_type Fleet Recommend_var_adj #  N Npos min_Nsamp max_Nsamp
3268         4     8          0.491323 # 15   12   6.56797       100
3269         4     9          0.606255 #  9    6  11.08360       100
     mean_Nsamp_in mean_Nsamp_adj mean_Nsamp_DM err_method err_index
3268       37.0970        37.0970            NA          0        NA
3269       45.1448        45.1448            NA          0        NA
            par1 val1 par2 val2 mean_effN HarMean Curr_Var_Adj Fleet_name
3268 multinomial   NA   NA   NA   54.7764 18.2266            1      VIDEO
3269 multinomial   NA   NA   NA   95.9145 27.3693            1     SEAMAP

$Age_Comp_Fit_Summary
     Data_type Fleet Recommend_var_adj # Nsamp_adj Npos min_Nsamp max_Nsamp
3340         5     1          0.372472 #        20   17   3.63217       100
3341         5     2          0.499885 #        20   17   7.31632       100
3342         5     3          0.408474 #        24   21   4.26588       100
     mean_Nsamp_in mean_Nsamp_adj mean_Nsamp_DM err_method err_index
3340       56.7941        56.7941            NA          0        NA
3341       57.4752        57.4752            NA          0        NA
3342       49.9987        49.9987            NA          0        NA
            par1 val1 par2 val2 mean_effN HarMean Curr_Var_Adj Fleet_name
3340 multinomial   NA   NA   NA   74.9571 21.1542            1       CM_E
3341 multinomial   NA   NA   NA   74.4090 28.7310            1       CM_W
3342 multinomial   NA   NA   NA   67.1045 20.4232            1        REC

$SBzero
[1] 345571500000

$current_depletion
[1] 0.5116929

$SPRratioLabel
[1] "1-SPR"

$sigma_R_in
[1] 0.3

$sigma_R_info
           period N_devs SD_of_devs Var_of_devs  mean_SE mean_SEsquared
1            Main     24  0.2179861  0.04751793 0.134078     0.02264889
2      Early+Main     24  0.2179861  0.04751793 0.134078     0.02264889
3 Early+Main+Late     24  0.2179861  0.04751793 0.134078     0.02264889
  sqrt_sum_of_components SD_of_devs_over_sigma_R sqrt_sum_over_sigma_R
1              0.2648902               0.7266203             0.8829674
2              0.2648902               0.7266203             0.8829674
3              0.2648902               0.7266203             0.8829674
  alternative_sigma_R
1   0.264890210469258
2   0.264890210469258
3   0.264890210469258

$rmse_table
    ERA  N     RMSE RMSE_over_sigmaR mean_BiasAdj
1  main 24 0.213396         0.505978     0.863952
2 early  0 0.000000         0.000000     0.000000

$RecDev_method
[1] 1

153
