/srv
total 492436
-rw-r--r-- 1 osg gridusers         0 Nov  4 17:39 _condor_stderr
-rw-r--r-- 1 osg gridusers         5 Nov  4 17:39 _condor_stdout
-rw-r--r-- 1 osg gridusers 503570432 Nov  4 17:39 linux-r4ss-v4.sif
-rw-r--r-- 1 osg gridusers       819 Nov  4 17:38 osg-ss3-example-calcs.r
-rwxr-xr-x 1 osg gridusers      1059 Nov  4 17:38 osg-wrapper-r.sh
drwxr-x--- 4 osg gridusers        28 Nov  4 17:39 scratch
drwxrwxrwt 2 osg gridusers         6 Nov  4 17:39 tmp
-rw-r--r-- 1 osg gridusers    669783 Nov  4 17:38 upload.example-ss3-models.tar.gz
drwxrwxrwt 2 osg gridusers         6 Nov  4 17:39 var_tmp
/ss_exe:/usr/local/sbin:/usr/local/bin:/usr/sbin:/usr/bin:/sbin:/bin
output/66-Simple_with_DM_sizefreq-3/
[1] "/srv/working"
[1] "output/66-Simple_with_DM_sizefreq-3/"
[1] TRUE TRUE TRUE TRUE TRUE TRUE TRUE
[1] "ran model"
$SS_version
[1] "3.30.22.1;_safe;_compile_date:_Jan 30 2024;_Stock_Synthesis_by_Richard_Methot_(NOAA)_using_ADMB_13.1"

$SS_versionshort
[1] "3.30"

$SS_versionNumeric
[1] 3.3

$StartTime
[1] "StartTime: Mon Nov 4 17:39:28 2024"

$RunTime
[1] "0 hours, 4 minutes, 53 seconds."

$Files_used
[1] "Data_File: data.ss Control_File: control.ss"

$log_det_hessian
[1] 211.132

$Final_phase
[1] 7

$N_iterations
[1] 678

$Nwarnings
[1] 7

$warnings
[1] "Note 1 Information: Max data length bin: 90  < max pop len bins: 94; so will accumulate larger pop len bins"      
[2] "Warning 1 : Forecast=0 or -1, so rest of forecast file will not be read and can be omitted;"                      
[3] "Warning 2 Adjustment:  recdev_end: 2001 > retro_yr: 1998 reset "                                                  
[4] "Warning 3 : 1st iteration warning: catch logL > 50% total logL; check configuration; suggest start with larger R0"
[5] "Warning 4 : poor convergence in F0.1 search target= 0.660116  actual= 0.663519"                                   
[6] "Note 2 Information: A revised protocol for the Fcast_yr specification is available and recommended."              
[7] " 4 warnings  and 2 notes "                                                                                        

$likelihoods_used
                                     values lambdas
TOTAL                11154.8999999999996362      NA
Catch                    0.0000000000955043      NA
Equil_catch              0.0000000000000000      NA
Survey                  18.7424999999999997      NA
Length_comp           4951.4499999999998181      NA
Age_comp              1052.7500000000000000      NA
Size_at_age            180.5339999999999918      NA
SizeFreq              4951.3000000000001819      NA
Recruitment             -5.0461700000000000       1
InitEQ_Regime            0.0000000000000000       1
Forecast_Recruitment     0.0000000000000000       1
Parm_priors              5.1675399999999998       1
Parm_softbounds          0.0044798400000000      NA
Parm_devs                0.0000000000815003       1
Crash_Pen                0.0000000000000000       1

$likelihoods_laplace
                                        values lambdas
NoBias_corr_Recruitment(info_only)    -5.04617       1
Laplace_obj_fun(info_only)         11154.90000      NA

$likelihoods_by_fleet
               Label         ALL     FISH_A1   SURV_A1 RECRSVY_A1     FISH_A2
193     Catch_lambda          NA 1.00000e+00   1.00000     1.0000 1.00000e+00
194       Catch_like 9.55043e-11 4.77522e-11   0.00000     0.0000 4.77521e-11
195  Init_equ_lambda          NA 1.00000e+00   1.00000     1.0000 1.00000e+00
196    Init_equ_like 0.00000e+00 0.00000e+00   0.00000     0.0000 0.00000e+00
197      Surv_lambda          NA 0.00000e+00   1.00000     1.0000 0.00000e+00
198        Surv_like 1.87425e+01 0.00000e+00  -5.13639    14.5077 0.00000e+00
199       Surv_N_use          NA 0.00000e+00   8.00000     9.0000 0.00000e+00
200      Surv_N_skip          NA 0.00000e+00   1.00000     3.0000 0.00000e+00
201    Length_lambda          NA 1.00000e+00   1.00000     0.0000 1.00000e+00
202      Length_like 4.95145e+03 1.89503e+03 580.69100     0.0000 1.89503e+03
203     Length_N_use          NA 2.80000e+01   8.00000     0.0000 2.80000e+01
204    Length_N_skip          NA 3.00000e+00   1.00000     0.0000 3.00000e+00
205       Age_lambda          NA 1.00000e+00   1.00000     0.0000 1.00000e+00
206         Age_like 1.05275e+03 4.09981e+02 116.39600     0.0000 4.09981e+02
207        Age_N_use          NA 2.80000e+01   8.00000     0.0000 2.80000e+01
208       Age_N_skip          NA 3.00000e+00   1.00000     0.0000 3.00000e+00
209 Sizeatage_lambda          NA 1.00000e+00   1.00000     0.0000 1.00000e+00
210   sizeatage_like 1.80534e+02 4.30000e+01  47.26710     0.0000 4.30000e+01
211  sizeatage_N_use          NA 2.00000e+00   2.00000     0.0000 2.00000e+00
212 sizeatage_N_skip          NA 0.00000e+00   0.00000     0.0000 0.00000e+00
      SURV_A2 RECRSVY_A2 Depletion
193   1.00000     1.0000         1
194   0.00000     0.0000         0
195   1.00000     1.0000         1
196   0.00000     0.0000         0
197   1.00000     1.0000         1
198  -5.13639    14.5077         0
199   8.00000     9.0000         0
200   1.00000     3.0000         1
201   1.00000     0.0000         0
202 580.69100     0.0000         0
203   8.00000     0.0000         0
204   1.00000     0.0000         0
205   1.00000     0.0000         0
206 116.39600     0.0000         0
207   8.00000     0.0000         0
208   1.00000     0.0000         0
209   1.00000     0.0000         0
210  47.26710     0.0000         0
211   2.00000     0.0000         0
212   0.00000     0.0000         0

$Parm_devs_detail
                  Index  Phase   MinYr   MaxYr  N  stddev    Rho   Like_devs
216                   1      6 1971.00 2001.00 31    0.05   0.00 8.15003e-11
217 SizeFreq_lambda:_1;      _    1.00      NA NA      NA     NA          NA
218   SizeFreq_like:_1; 4951.3 1894.96      NA NA      NA     NA          NA
219 SizeFreq_lambda:_2;      _      NA    1.00 NA    1.00   1.00          NA
220   SizeFreq_like:_2;      _      NA  580.69 NA 1894.96 580.69          NA
    Like_se        mean        rmse         var   sqrt(var)     est_rho
216       0 4.29907e-07 3.17058e-05 5.07326e-12 3.17029e-05 0.000137505
217      NA          NA          NA          NA          NA          NA
218      NA          NA          NA          NA          NA          NA
219      NA          NA          NA          NA          NA          NA
220      NA          NA          NA          NA          NA          NA
         D-W
216 0.264445
217       NA
218       NA
219       NA
220       NA

$N_estimated_parameters
[1] 84

$table_of_phases

-99  -6  -5  -4  -3  -1   1   3   4   5   6   7 
  3   1   1  12  28   6   1  36   4  11  31   1 

$estimated_non_dev_parameters
                                Value Phase    Min   Max      Init Status
L_at_Amin_Fem_GP_1         19.4036000     3 -10.00 45.00 19.116900     OK
L_at_Amax_Fem_GP_1         70.4454000     5  40.00 90.00 70.370300     OK
VonBert_K_Fem_GP_1          0.1659840     5   0.05  0.25  0.168059     OK
L_at_Amin_Fem_GP_2         19.4036000     3 -10.00 45.00 19.247600     OK
L_at_Amax_Fem_GP_2         70.4454000     5  40.00 90.00 70.346400     OK
VonBert_K_Fem_GP_2          0.1659840     5   0.05  0.25  0.166712     OK
L_at_Amin_Mal_GP_1         22.0367000     3 -10.00 45.00 21.925500     OK
L_at_Amax_Mal_GP_1         68.9925000     5  40.00 90.00 69.050500     OK
VonBert_K_Mal_GP_1          0.1669270     5   0.05  0.25  0.166221     OK
L_at_Amin_Mal_GP_2         22.0367000     3 -10.00 45.00 21.968600     OK
L_at_Amax_Mal_GP_2         68.9925000     5  40.00 90.00 69.039400     OK
VonBert_K_Mal_GP_2          0.1669270     5   0.05  0.25  0.165712     OK
SR_LN(R0)                   9.5208200     1   3.00 31.00  9.547390     OK
SR_BH_steep                 0.6447490     5   0.20  1.00  0.997192     OK
Q_extraSD_SURV_A1(2)        0.0191652     5   0.00  0.50  0.243043     OK
Q_extraSD_SURV_A2(5)        0.0191651     5   0.00  0.50  0.239072     OK
Size_inflection_FISH_A1(1) 53.4892000     3  19.00 80.00 53.367500     OK
Size_95%width_FISH_A1(1)   18.5441000     4   0.01 60.00 17.758000     OK
Size_inflection_SURV_A1(2) 36.1880000     3  19.00 70.00 36.570100     OK
Size_95%width_SURV_A1(2)    4.6823600     4   0.01 60.00  4.890210     OK
Size_inflection_FISH_A2(4) 53.4892000     3  19.00 80.00 53.523700     OK
Size_95%width_FISH_A2(4)   18.5441000     4   0.01 60.00 17.821400     OK
Size_inflection_SURV_A2(5) 36.1880000     3  19.00 70.00 36.634400     OK
Size_95%width_SURV_A2(5)    4.6823600     4   0.01 60.00  4.960700     OK
ln(DM_theta)_Len_P1         1.3986300     7   0.10 20.00  1.317340     OK
                           Parm_StDev         Gradient  Pr_type Prior Pr_SD
L_at_Amin_Fem_GP_1         0.55950500 -0.0000055332500   Normal 36.00 10.00
L_at_Amax_Fem_GP_1         0.26687700 -0.0000007888140   Normal 70.00 10.00
VonBert_K_Fem_GP_1         0.00411603  0.0000062468000   Normal  0.15  0.80
L_at_Amin_Fem_GP_2         0.55950500  0.0000003454690   Normal 36.00 10.00
L_at_Amax_Fem_GP_2         0.26687700 -0.0000058056900   Normal 70.00 10.00
VonBert_K_Fem_GP_2         0.00411603  0.0000067277900   Normal  0.15  0.80
L_at_Amin_Mal_GP_1         0.56597400  0.0000017768000   Normal 36.00 10.00
L_at_Amax_Mal_GP_1         0.26168800 -0.0000015227600   Normal 70.00 10.00
VonBert_K_Mal_GP_1         0.00439997  0.0000005258150   Normal  0.15  0.80
L_at_Amin_Mal_GP_2         0.56597400 -0.0000024323400   Normal 36.00 10.00
L_at_Amax_Mal_GP_2         0.26168800 -0.0000014188300   Normal 70.00 10.00
VonBert_K_Mal_GP_2         0.00439997 -0.0000003943590   Normal  0.15  0.80
SR_LN(R0)                  0.01948520 -0.0000753072000 No_prior    NA    NA
SR_BH_steep                0.07488760  0.0000005617660 Sym_Beta  0.70  0.05
Q_extraSD_SURV_A1(2)       0.08395790  0.0000048228600 No_prior    NA    NA
Q_extraSD_SURV_A2(5)       0.08395790  0.0000017106900 No_prior    NA    NA
Size_inflection_FISH_A1(1) 0.73262300  0.0000039090000 Sym_Beta 50.00  0.01
Size_95%width_FISH_A1(1)   0.76106900  0.0000047327600 Sym_Beta 15.00  0.01
Size_inflection_SURV_A1(2) 0.38014000  0.0000018225400 Sym_Beta 30.00  0.01
Size_95%width_SURV_A1(2)   0.55089400  0.0000023176500 Sym_Beta 10.00  0.01
Size_inflection_FISH_A2(4) 0.73262300 -0.0000004280370 Sym_Beta 50.00  0.01
Size_95%width_FISH_A2(4)   0.76106900 -0.0000000756606 Sym_Beta 15.00  0.01
Size_inflection_SURV_A2(5) 0.38014000 -0.0000000136437 Sym_Beta 30.00  0.01
Size_95%width_SURV_A2(5)   0.55089400 -0.0000006391480 Sym_Beta 10.00  0.01
ln(DM_theta)_Len_P1        0.10268000  0.0000068461100 Sym_Beta 10.00  0.01
                               Pr_Like Afterbound
L_at_Amin_Fem_GP_1         1.377200000         OK
L_at_Amax_Fem_GP_1         0.000991896         OK
VonBert_K_Fem_GP_1         0.000199589         OK
L_at_Amin_Fem_GP_2         1.377200000         OK
L_at_Amax_Fem_GP_2         0.000991896         OK
VonBert_K_Fem_GP_2         0.000199589         OK
L_at_Amin_Mal_GP_1         0.974875000         OK
L_at_Amax_Mal_GP_1         0.005075090         OK
VonBert_K_Mal_GP_1         0.000223843         OK
L_at_Amin_Mal_GP_2         0.974875000         OK
L_at_Amax_Mal_GP_2         0.005075090         OK
VonBert_K_Mal_GP_2         0.000223843         OK
SR_LN(R0)                           NA         OK
SR_BH_steep                0.000604400         OK
Q_extraSD_SURV_A1(2)                NA         OK
Q_extraSD_SURV_A2(5)                NA         OK
Size_inflection_FISH_A1(1) 0.000172479         OK
Size_95%width_FISH_A1(1)   0.001578100         OK
Size_inflection_SURV_A1(2) 0.001123220         OK
Size_95%width_SURV_A1(2)   0.012472800         OK
Size_inflection_FISH_A2(4) 0.000172479         OK
Size_95%width_FISH_A2(4)   0.001578100         OK
Size_inflection_SURV_A2(5) 0.001123220         OK
Size_95%width_SURV_A2(5)   0.012472800         OK
ln(DM_theta)_Len_P1        0.014105100         OK

$maximum_gradient_component
[1] 8.22406e-05

$parameters_with_highest_gradients
                                                Value     Gradient
RecrDist_GP_2_area_2_month_1_DEVadd_1977  5.17521e-06  8.22406e-05
RecrDist_GP_2_area_2_month_1_DEVadd_1986 -4.69945e-06 -7.70310e-05
SR_LN(R0)                                 9.52082e+00 -7.53072e-05
RecrDist_GP_2_area_2_month_1_DEVadd_1988  4.58957e-06  7.50610e-05
RecrDist_GP_2_area_2_month_1_DEVadd_1979 -4.01667e-06 -6.60628e-05

$Length_Comp_Fit_Summary
     Data_type Fleet Recommend_var_adj #  N Npos min_Nsamp max_Nsamp
2283         4     1                 1 # 31   28       125       125
2284         4     2                 1 #  9    8       125       125
2285         4     4                 1 # 31   28       125       125
2286         4     5                 1 #  9    8       125       125
     mean_Nsamp_in mean_Nsamp_adj mean_Nsamp_DM err_method err_index
2283           125            125       100.444          1         1
2284           125            125       100.444          1         1
2285           125            125       100.444          1         1
2286           125            125       100.444          1         1
                    par1    val1 par2 val2 mean_effN HarMean Curr_Var_Adj
2283 ln(DM_theta)_Len_P1 4.04966   NA   NA   119.153 113.617            1
2284 ln(DM_theta)_Len_P1 4.04966   NA   NA   126.836 119.035            1
2285 ln(DM_theta)_Len_P1 4.04966   NA   NA   119.153 113.617            1
2286 ln(DM_theta)_Len_P1 4.04966   NA   NA   126.836 119.035            1
     Fleet_name
2283    FISH_A1
2284    SURV_A1
2285    FISH_A2
2286    SURV_A2

$Age_Comp_Fit_Summary
     Data_type Fleet Recommend_var_adj # Nsamp_adj Npos min_Nsamp max_Nsamp
2373         5     1           1.03113 #        31   28        75        75
2374         5     2           1.03400 #         9    8        75        75
2375         5     4           1.03113 #        31   28        75        75
2376         5     5           1.03400 #         9    8        75        75
     mean_Nsamp_in mean_Nsamp_adj mean_Nsamp_DM err_method err_index
2373            75             75            NA          0        NA
2374            75             75            NA          0        NA
2375            75             75            NA          0        NA
2376            75             75            NA          0        NA
            par1 val1 par2 val2 mean_effN HarMean Curr_Var_Adj Fleet_name
2373 multinomial   NA   NA   NA   83.1504 77.3349            1    FISH_A1
2374 multinomial   NA   NA   NA   86.6657 77.5501            1    SURV_A1
2375 multinomial   NA   NA   NA   83.1504 77.3349            1    FISH_A2
2376 multinomial   NA   NA   NA   86.6657 77.5501            1    SURV_A2

$Size_Comp_Fit_Summary
     Data_type Fleet Recommend_var_adj #  N Npos min_Nsamp max_Nsamp
2415         6     1                 1 # 28   28        75       125
2470         6     2                 1 #  8    8        75       125
2471         6     4                 1 # 28   28        75       125
2472         6     5                 1 #  8    8        75       125
     mean_Nsamp_in mean_Nsamp_adj mean_Nsamp_DM err_method err_index
2415           125            125       100.444          1         1
2470           125            125       100.444          1         1
2471           125            125       100.444          1         1
2472           125            125       100.444          1         1
                    par1    val1 par2 val2 mean_effN HarMean Curr_Var_Adj
2415 ln(DM_theta)_Len_P1 4.04966   NA   NA   119.153 113.617            1
2470 ln(DM_theta)_Len_P1 4.04966   NA   NA   126.836 119.035            1
2471 ln(DM_theta)_Len_P1 4.04966   NA   NA   119.153 113.617            1
2472 ln(DM_theta)_Len_P1 4.04966   NA   NA   126.836 119.035            1
     Fleet_name Method
2415    FISH_A1      1
2470    SURV_A1      2
2471    FISH_A2      2
2472    SURV_A2      2

$Size_comp_Eff_N_tuning_check
     Data_type Fleet Recommend_var_adj #  N Npos min_Nsamp max_Nsamp
2415         6     1                 1 # 28   28        75       125
2470         6     2                 1 #  8    8        75       125
2471         6     4                 1 # 28   28        75       125
2472         6     5                 1 #  8    8        75       125
     mean_Nsamp_in mean_Nsamp_adj mean_Nsamp_DM err_method err_index
2415           125            125       100.444          1         1
2470           125            125       100.444          1         1
2471           125            125       100.444          1         1
2472           125            125       100.444          1         1
                    par1    val1 par2 val2 mean_effN HarMean Curr_Var_Adj
2415 ln(DM_theta)_Len_P1 4.04966   NA   NA   119.153 113.617            1
2470 ln(DM_theta)_Len_P1 4.04966   NA   NA   126.836 119.035            1
2471 ln(DM_theta)_Len_P1 4.04966   NA   NA   119.153 113.617            1
2472 ln(DM_theta)_Len_P1 4.04966   NA   NA   126.836 119.035            1
     Fleet_name Method
2415    FISH_A1      1
2470    SURV_A1      2
2471    FISH_A2      2
2472    SURV_A2      2

$SBzero
[1] 98599

$current_depletion
[1] 0.113607

$SPRratioLabel
[1] "1-SPR"

$sigma_R_in
[1] 0.6

$sigma_R_info
           period N_devs SD_of_devs Var_of_devs   mean_SE mean_SEsquared
1            Main     28  0.4968419   0.2468518 0.2737932     0.08239905
2      Early+Main     28  0.4968419   0.2468518 0.2737932     0.08239905
3 Early+Main+Late     28  0.4968419   0.2468518 0.2737932     0.08239905
  sqrt_sum_of_components SD_of_devs_over_sigma_R sqrt_sum_over_sigma_R
1              0.5738039               0.8280698             0.9563398
2              0.5738039               0.8280698             0.9563398
3              0.5738039               0.8280698             0.9563398
  alternative_sigma_R
1   0.573803875476875
2   0.573803875476875
3   0.573803875476875

$rmse_table
    ERA  N     RMSE RMSE_over_sigmaR mean_BiasAdj
1  main 28 0.487889         0.661211            1
2 early  0 0.000000         0.000000            0

$RecDev_method
[1] 1

315
