/srv
total 492436
-rw-r--r-- 1 osg gridusers         0 Nov  4 17:38 _condor_stderr
-rw-r--r-- 1 osg gridusers         5 Nov  4 17:38 _condor_stdout
-rw-r--r-- 1 osg gridusers 503570432 Nov  4 17:38 linux-r4ss-v4.sif
-rw-r--r-- 1 osg gridusers       819 Nov  4 17:38 osg-ss3-example-calcs.r
-rwxr-xr-x 1 osg gridusers      1059 Nov  4 17:38 osg-wrapper-r.sh
drwxr-x--- 4 osg gridusers        28 Nov  4 17:38 scratch
drwxrwxrwt 2 osg gridusers         6 Nov  4 17:38 tmp
-rw-r--r-- 1 osg gridusers    669783 Nov  4 17:38 upload.example-ss3-models.tar.gz
drwxrwxrwt 2 osg gridusers         6 Nov  4 17:38 var_tmp
/ss_exe:/usr/local/sbin:/usr/local/bin:/usr/sbin:/usr/bin:/sbin:/bin
output/67-Spinydogfish_2011-3/
[1] "/srv/working"
[1] "output/67-Spinydogfish_2011-3/"
[1] TRUE TRUE TRUE TRUE TRUE TRUE TRUE
[1] "ran model"
$SS_version
[1] "3.30.22.1;_safe;_compile_date:_Jan 30 2024;_Stock_Synthesis_by_Richard_Methot_(NOAA)_using_ADMB_13.1"

$SS_versionshort
[1] "3.30"

$SS_versionNumeric
[1] 3.3

$StartTime
[1] "StartTime: Mon Nov 4 17:38:32 2024"

$RunTime
[1] "0 hours, 5 minutes, 16 seconds."

$Files_used
[1] "Data_File: Spiny_Dogfish.DAT Control_File: Spiny_Dogfish.CTL"

$log_det_hessian
[1] 39.8586

$Final_phase
[1] 3

$N_iterations
[1] 229

$Nwarnings
[1] 5

$warnings
[1] "Note 1 Information: Max data length bin: 132  < max pop len bins: 136; so will accumulate larger pop len bins"
[2] "Warning 1 Adjustment:  recdev_end: 2010 > retro_yr: 2007 reset "                                              
[3] "Warning 2 : Fmsy/mey is <1/3 of Fspr are you sure?  check for convergence "                                   
[4] "Note 2 Information: A revised protocol for the Fcast_yr specification is available and recommended."          
[5] " 2 warnings  and 2 notes "                                                                                    

$likelihoods_used
                                    values lambdas
TOTAL                749.92399999999997817      NA
Catch                  0.00000000000144299      NA
Equil_catch            0.00000000000000000      NA
Survey                 2.49684999999999979      NA
Mean_body_wt          -2.61799999999999988      NA
Length_comp          597.22100000000000364      NA
Recruitment            0.00000000000000000       1
InitEQ_Regime          0.00000000000000000       1
Forecast_Recruitment   0.00000000000000000       1
Parm_priors          152.81600000000000250       1
Parm_softbounds        0.00770042000000000      NA
Parm_devs              0.00000000000000000       1
Crash_Pen              0.00000000000000000       1

$likelihoods_laplace
                                     values lambdas
NoBias_corr_Recruitment(info_only) -45.0643       1
Laplace_obj_fun(info_only)         704.8600      NA

$likelihoods_by_fleet
              Label          ALL   TRAWL Trawl_Discard MIDWATER  A-SHOP     HKL
190    Catch_lambda           NA  1.0000   1.00000e+00   1.0000  1.0000  1.0000
191      Catch_like  1.44299e-12  0.0000   1.27682e-13   0.0000  0.0000  0.0000
192 Init_equ_lambda           NA  1.0000   1.00000e+00   1.0000  1.0000  1.0000
193   Init_equ_like  0.00000e+00  0.0000   0.00000e+00   0.0000  0.0000  0.0000
194     Surv_lambda           NA  0.0000   0.00000e+00   0.0000  0.0000  0.0000
195       Surv_like  2.49685e+00  0.0000   0.00000e+00   0.0000  0.0000  0.0000
196      Surv_N_use           NA  0.0000   0.00000e+00   0.0000  0.0000  0.0000
197     Surv_N_skip           NA  0.0000   0.00000e+00   0.0000  0.0000  0.0000
198     mnwt_lambda           NA  1.0000   1.00000e+00   1.0000  1.0000  1.0000
199       mnwt_like -2.61800e+00  0.0000  -1.98228e+00   0.0000  0.0000  0.0000
200      mnwt_N_use           NA  0.0000   4.00000e+00   0.0000  0.0000  0.0000
201     mnwt_N_skip           NA  0.0000   0.00000e+00   0.0000  0.0000  0.0000
202   Length_lambda           NA  1.0000   1.00000e+00   1.0000  1.0000  1.0000
203     Length_like  5.97221e+02 37.5922   3.98007e+01  56.6224 11.8308 47.0364
204    Length_N_use           NA  3.0000   3.00000e+00   3.0000  1.0000  4.0000
205   Length_N_skip           NA  1.0000   2.00000e+00   3.0000  3.0000  2.0000
    Hkl_Discard OTHERS RECREATIONAL AFSC_triennial AFSC_slope NWFSC_shelf_slope
190     1.00000      1  1.00000e+00        1.00000   1.000000          1.000000
191     0.00000      0  1.31531e-12        0.00000   0.000000          0.000000
192     1.00000      1  1.00000e+00        1.00000   1.000000          1.000000
193     0.00000      0  0.00000e+00        0.00000   0.000000          0.000000
194     0.00000      0  0.00000e+00        1.00000   1.000000          1.000000
195     0.00000      0  0.00000e+00       -3.24524   0.650777          0.967428
196     0.00000      0  0.00000e+00        9.00000   4.000000          5.000000
197     0.00000      0  0.00000e+00        0.00000   0.000000          3.000000
198     1.00000      1  1.00000e+00        1.00000   1.000000          1.000000
199    -0.63572      0  0.00000e+00        0.00000   0.000000          0.000000
200     4.00000      0  0.00000e+00        0.00000   0.000000          0.000000
201     0.00000      0  0.00000e+00        0.00000   0.000000          0.000000
202     1.00000      0  1.00000e+00        1.00000   1.000000          1.000000
203    70.33450      0  1.37807e+02       48.98290  52.414100         94.800800
204     4.00000      0  1.40000e+01        3.00000   4.000000          5.000000
205     2.00000      0  3.00000e+00        0.00000   0.000000          3.000000
    NWFSC_slope    IPHC
190      1.0000 1.00000
191      0.0000 0.00000
192      1.0000 1.00000
193      0.0000 0.00000
194      1.0000 1.00000
195      2.9649 1.15898
196      5.0000 8.00000
197      0.0000 3.00000
198      1.0000 1.00000
199      0.0000 0.00000
200      0.0000 0.00000
201      0.0000 0.00000
202      0.0000 0.00000
203      0.0000 0.00000
204      0.0000 0.00000
205      0.0000 0.00000

$Parm_devs_detail
    Index Phase MinYr MaxYr  N stddev Rho Like_devs Like_se mean        rmse
209     1    -5  1980  2004 25      2   0         0       0    0 3.16228e-05
    var   sqrt(var) est_rho D-W
209   0 3.16228e-05       0   0

$N_estimated_parameters
[1] 32

$table_of_phases

-99  -6  -5  -3  -2  -1   1   3 
 35   2  13  36   5   5  11  21 

$estimated_non_dev_parameters
                                               Value Phase Min Max       Init
SR_LN(R0)                                   8.201610     1   8  18   9.052750
LnQ_base_AFSC_triennial(9)                  0.102299     1 -10   2  -0.825117
Q_extraSD_AFSC_triennial(9)                 0.310662     3   0   1   0.312772
Q_extraSD_AFSC_slope(10)                    0.454595     3   0   1   0.470453
Q_extraSD_NWFSC_shelf_slope(11)             0.612810     3   0   1   0.807998
Q_extraSD_NWFSC_slope(12)                   0.795501     3   0   1   0.812199
Size_DblN_peak_TRAWL(1)                    86.033300     1  20 120  99.872300
Size_DblN_ascend_se_TRAWL(1)                4.335590     3  -1   9   5.882580
Size_DblN_peak_Trawl_Discard(2)            69.649100     1  20 120  73.379700
Size_DblN_ascend_se_Trawl_Discard(2)        5.925390     3  -1   9   6.093260
Size_DblN_start_logit_Trawl_Discard(2)     -2.658320     3  -5   9  -3.167350
Size_DblN_peak_MIDWATER(3)                 51.466800     1  20 120  57.288600
Size_DblN_top_logit_MIDWATER(3)             0.684359     3  -6   4   0.556100
Size_DblN_ascend_se_MIDWATER(3)             4.940980     3  -1   9   4.951900
Size_DblN_descend_se_MIDWATER(3)            5.750910     3  -1   9   4.492350
Size_DblN_start_logit_MIDWATER(3)          -8.061610     3  -9   9  -5.498300
Size_DblN_peak_HKL(5)                     102.102000     1  20 120 105.009000
Size_DblN_ascend_se_HKL(5)                  5.306690     3  -1   9   5.958320
Size_DblN_peak_Hkl_Discard(6)              68.730800     1  20 120  67.082900
Size_DblN_ascend_se_Hkl_Discard(6)          5.228370     3  -1   9   5.110470
Size_DblN_peak_RECREATIONAL(8)            108.941000     1  20 120 109.785000
Size_DblN_ascend_se_RECREATIONAL(8)         6.181220     3  -1   9   6.086900
Size_DblN_peak_AFSC_triennial(9)           58.789700     1  25 100  57.778800
Size_DblN_top_logit_AFSC_triennial(9)      -8.701970     3  -9   3  -8.724720
Size_DblN_ascend_se_AFSC_triennial(9)       6.689420     3  -4  12   6.593140
Size_DblN_descend_se_AFSC_triennial(9)      6.561680     3  -2  15   6.461950
Size_DblN_peak_AFSC_slope(10)              59.700200     1  25 100  59.078600
Size_DblN_top_logit_AFSC_slope(10)         -0.989223     3  -9   3  -1.026320
Size_DblN_ascend_se_AFSC_slope(10)          5.664900     3  -4  12   5.638340
Size_DblN_descend_se_AFSC_slope(10)         4.933270     3  -2  15   4.981780
Size_DblN_peak_NWFSC_shelf_slope(11)       58.475600     1  20 120  57.198100
Size_DblN_ascend_se_NWFSC_shelf_slope(11)   6.373770     3  -1   9   6.716190
                                          Status Parm_StDev         Gradient
SR_LN(R0)                                     OK  0.1467010  0.0000104175000
LnQ_base_AFSC_triennial(9)                    OK  0.2261030  0.0000169602000
Q_extraSD_AFSC_triennial(9)                   OK  0.0992493  0.0000040256600
Q_extraSD_AFSC_slope(10)                      OK  0.2530520  0.0000002577310
Q_extraSD_NWFSC_shelf_slope(11)               OK  0.2346280 -0.0000000619242
Q_extraSD_NWFSC_slope(12)                     OK  0.3488660 -0.0000009174360
Size_DblN_peak_TRAWL(1)                       OK  3.8287800 -0.0000526960000
Size_DblN_ascend_se_TRAWL(1)                  OK  0.5864370  0.0000255432000
Size_DblN_peak_Trawl_Discard(2)               OK  3.4265900  0.0000129124000
Size_DblN_ascend_se_Trawl_Discard(2)          OK  0.2886980 -0.0000147570000
Size_DblN_start_logit_Trawl_Discard(2)        OK  0.2853800 -0.0000100643000
Size_DblN_peak_MIDWATER(3)                    OK  3.2876900 -0.0000586239000
Size_DblN_top_logit_MIDWATER(3)               OK  1.2302700  0.0000042046300
Size_DblN_ascend_se_MIDWATER(3)               OK  0.4331380  0.0000636425000
Size_DblN_descend_se_MIDWATER(3)              OK  3.1832300  0.0000032010100
Size_DblN_start_logit_MIDWATER(3)             OK 17.6223000 -0.0000002770360
Size_DblN_peak_HKL(5)                         OK  2.3252100  0.0000087754200
Size_DblN_ascend_se_HKL(5)                    OK  0.2103120  0.0000166421000
Size_DblN_peak_Hkl_Discard(6)                 OK  1.5574300 -0.0000054475900
Size_DblN_ascend_se_Hkl_Discard(6)            OK  0.1586200 -0.0000030491100
Size_DblN_peak_RECREATIONAL(8)                OK  2.7542900  0.0000013794600
Size_DblN_ascend_se_RECREATIONAL(8)           OK  0.1610260 -0.0000000349401
Size_DblN_peak_AFSC_triennial(9)              OK  2.7975200  0.0000031417300
Size_DblN_top_logit_AFSC_triennial(9)         OK  8.2467200 -0.0000000696450
Size_DblN_ascend_se_AFSC_triennial(9)         OK  0.3146850  0.0000089252400
Size_DblN_descend_se_AFSC_triennial(9)        OK  0.3599560  0.0000065108800
Size_DblN_peak_AFSC_slope(10)                 OK  2.0124600  0.0000010042100
Size_DblN_top_logit_AFSC_slope(10)            OK  0.3312740 -0.0000013213100
Size_DblN_ascend_se_AFSC_slope(10)            OK  0.2017420 -0.0000065045200
Size_DblN_descend_se_AFSC_slope(10)           OK  0.9808960  0.0000017456700
Size_DblN_peak_NWFSC_shelf_slope(11)          OK  2.6451100  0.0000146650000
Size_DblN_ascend_se_NWFSC_shelf_slope(11)     OK  0.2461920 -0.0000080807200
                                           Pr_type Prior Pr_SD          Pr_Like
SR_LN(R0)                                 No_prior    NA    NA               NA
LnQ_base_AFSC_triennial(9)                No_prior    NA    NA               NA
Q_extraSD_AFSC_triennial(9)               No_prior    NA    NA               NA
Q_extraSD_AFSC_slope(10)                  No_prior    NA    NA               NA
Q_extraSD_NWFSC_shelf_slope(11)           No_prior    NA    NA               NA
Q_extraSD_NWFSC_slope(12)                 No_prior    NA    NA               NA
Size_DblN_peak_TRAWL(1)                     Normal   100    99 0.00995145000000
Size_DblN_ascend_se_TRAWL(1)                Normal     6    99 0.00014132500000
Size_DblN_peak_Trawl_Discard(2)             Normal    75    99 0.00146067000000
Size_DblN_ascend_se_Trawl_Discard(2)        Normal     6    99 0.00000028400900
Size_DblN_start_logit_Trawl_Discard(2)      Normal    -5    99 0.00027974000000
Size_DblN_peak_MIDWATER(3)                  Normal    55    99 0.00063684400000
Size_DblN_top_logit_MIDWATER(3)             Normal     0    99 0.00002389280000
Size_DblN_ascend_se_MIDWATER(3)             Normal     5    99 0.00000017770700
Size_DblN_descend_se_MIDWATER(3)            Normal     5    99 0.00002876610000
Size_DblN_start_logit_MIDWATER(3)           Normal    -7    99 0.00005749470000
Size_DblN_peak_HKL(5)                       Normal   110    99 0.00318255000000
Size_DblN_ascend_se_HKL(5)                  Normal     6    99 0.00002452170000
Size_DblN_peak_Hkl_Discard(6)               Normal    70    99 0.00008218000000
Size_DblN_ascend_se_Hkl_Discard(6)          Normal     5    99 0.00000266052000
Size_DblN_peak_RECREATIONAL(8)              Normal   110    99 0.00005716780000
Size_DblN_ascend_se_RECREATIONAL(8)         Normal     6    99 0.00000167534000
Size_DblN_peak_AFSC_triennial(9)            Normal    60    99 0.00007473100000
Size_DblN_top_logit_AFSC_triennial(9)       Normal    -8    99 0.00002513850000
Size_DblN_ascend_se_AFSC_triennial(9)       Normal     6    99 0.00002424750000
Size_DblN_descend_se_AFSC_triennial(9)      Normal     6    99 0.00001609470000
Size_DblN_peak_AFSC_slope(10)               Normal    60    99 0.00000458592000
Size_DblN_top_logit_AFSC_slope(10)          Normal    -1    99 0.00000000592459
Size_DblN_ascend_se_AFSC_slope(10)          Normal     5    99 0.00002255330000
Size_DblN_descend_se_AFSC_slope(10)         Normal     5    99 0.00000022713400
Size_DblN_peak_NWFSC_shelf_slope(11)        Normal    60    99 0.00011854300000
Size_DblN_ascend_se_NWFSC_shelf_slope(11)   Normal     6    99 0.00000712702000
                                          Afterbound
SR_LN(R0)                                         OK
LnQ_base_AFSC_triennial(9)                        OK
Q_extraSD_AFSC_triennial(9)                       OK
Q_extraSD_AFSC_slope(10)                          OK
Q_extraSD_NWFSC_shelf_slope(11)                   OK
Q_extraSD_NWFSC_slope(12)                         OK
Size_DblN_peak_TRAWL(1)                           OK
Size_DblN_ascend_se_TRAWL(1)                      OK
Size_DblN_peak_Trawl_Discard(2)                   OK
Size_DblN_ascend_se_Trawl_Discard(2)              OK
Size_DblN_start_logit_Trawl_Discard(2)            OK
Size_DblN_peak_MIDWATER(3)                        OK
Size_DblN_top_logit_MIDWATER(3)                   OK
Size_DblN_ascend_se_MIDWATER(3)                   OK
Size_DblN_descend_se_MIDWATER(3)                  OK
Size_DblN_start_logit_MIDWATER(3)                 OK
Size_DblN_peak_HKL(5)                             OK
Size_DblN_ascend_se_HKL(5)                        OK
Size_DblN_peak_Hkl_Discard(6)                     OK
Size_DblN_ascend_se_Hkl_Discard(6)                OK
Size_DblN_peak_RECREATIONAL(8)                    OK
Size_DblN_ascend_se_RECREATIONAL(8)               OK
Size_DblN_peak_AFSC_triennial(9)                  OK
Size_DblN_top_logit_AFSC_triennial(9)             OK
Size_DblN_ascend_se_AFSC_triennial(9)             OK
Size_DblN_descend_se_AFSC_triennial(9)            OK
Size_DblN_peak_AFSC_slope(10)                     OK
Size_DblN_top_logit_AFSC_slope(10)                OK
Size_DblN_ascend_se_AFSC_slope(10)                OK
Size_DblN_descend_se_AFSC_slope(10)               OK
Size_DblN_peak_NWFSC_shelf_slope(11)              OK
Size_DblN_ascend_se_NWFSC_shelf_slope(11)         OK

$maximum_gradient_component
[1] 6.36425e-05

$parameters_with_highest_gradients
                                    Value     Gradient
Size_DblN_ascend_se_MIDWATER(3)  4.940980  6.36425e-05
Size_DblN_peak_MIDWATER(3)      51.466800 -5.86239e-05
Size_DblN_peak_TRAWL(1)         86.033300 -5.26960e-05
Size_DblN_ascend_se_TRAWL(1)     4.335590  2.55432e-05
LnQ_base_AFSC_triennial(9)       0.102299  1.69602e-05

$SBzero
[1] 10913

$current_depletion
[1] 0.4557464

$sigma_R_in
[1] 0.2

$sigma_R_info
           period N_devs SD_of_devs Var_of_devs mean_SE mean_SEsquared
1            Main     28          0           0      NA             NA
2      Early+Main     28          0           0      NA             NA
3 Early+Main+Late     31          0           0      NA             NA
  sqrt_sum_of_components SD_of_devs_over_sigma_R sqrt_sum_over_sigma_R
1                     NA                       0                    NA
2                     NA                       0                    NA
3                     NA                       0                    NA
  alternative_sigma_R
1                <NA>
2                <NA>
3                <NA>

$rmse_table
    ERA  N RMSE RMSE_over_sigmaR mean_BiasAdj
1  main 28    0                0            0
2 early  0    0                0            0

$RecDev_method
[1] 1

320
