/srv
total 492452
-rw-r--r-- 1 slot1_11 slot1_11         0 Nov  4 18:38 _condor_stderr
-rw-r--r-- 1 slot1_11 slot1_11         5 Nov  4 18:38 _condor_stdout
-rw-r--r-- 1 slot1_11 slot1_11 503570432 Nov  4 18:38 linux-r4ss-v4.sif
-rw-r--r-- 1 slot1_11 slot1_11       819 Nov  4 18:38 osg-ss3-example-calcs.r
-rwxr-xr-x 1 slot1_11 slot1_11      1059 Nov  4 18:38 osg-wrapper-r.sh
drwxr-x--- 4 slot1_11 slot1_11      4096 Nov  4 18:38 scratch
drwxrwxrwt 2 slot1_11 slot1_11      4096 Nov  4 18:38 tmp
-rw-r--r-- 1 slot1_11 slot1_11    669783 Nov  4 18:38 upload.example-ss3-models.tar.gz
drwxrwxrwt 2 slot1_11 slot1_11      4096 Nov  4 18:38 var_tmp
/ss_exe:/usr/local/sbin:/usr/local/bin:/usr/sbin:/usr/bin:/sbin:/bin
output/55-BigSkate_2019-3/
[1] "/srv/working"
[1] "output/55-BigSkate_2019-3/"
[1] TRUE TRUE TRUE TRUE TRUE TRUE TRUE
[1] "ran model"
$SS_version
[1] "3.30.22.1;_safe;_compile_date:_Jan 30 2024;_Stock_Synthesis_by_Richard_Methot_(NOAA)_using_ADMB_13.1"

$SS_versionshort
[1] "3.30"

$SS_versionNumeric
[1] 3.3

$StartTime
[1] "StartTime: Mon Nov 4 18:38:19 2024"

$RunTime
[1] "0 hours, 1 minutes, 50 seconds."

$Files_used
[1] "Data_File: BSKT2019_data.ss Control_File: BSKT2019_control.ss"

$log_det_hessian
[1] 15.1308

$Final_phase
[1] 5

$N_iterations
[1] 409

$Nwarnings
[1] 7

$warnings
[1] "Note 1 Information: Max data length bin: 200  < max pop len bins: 250; so will accumulate larger pop len bins"         
[2] "Warning 1 : Block:2 13 starts after retroyr+1; should not estimate "                                                   
[3] "Warning 2 : Block:2 13 ends in: 2030 after retroyr+1:  2016"                                                           
[4] "Warning 3 Adjustment:  recdev_end: 2018 > retro_yr: 2015 reset "                                                       
[5] "Note 2 Information: A revised protocol for the Fcast_yr specification is available and recommended."                   
[6] "Note 3 Information:  N parameters that are on or within 1% of min-max bound: 1; check results, variance may be suspect"
[7] " 3 warnings  and 3 notes "                                                                                             

$likelihoods_used
                                   values lambdas
TOTAL                325.3159999999999741      NA
Catch                  0.0000000000573502      NA
Equil_catch            0.0000000000000000      NA
Survey                -7.2067500000000004      NA
Discard              -15.4182000000000006      NA
Mean_body_wt          -5.7958100000000004      NA
Length_comp          285.7189999999999941      NA
Age_comp              67.9358000000000004      NA
Size_at_age            0.0000000000000000      NA
Recruitment            0.0000000000000000       1
InitEQ_Regime          0.0000000000000000       1
Forecast_Recruitment   0.0000000000000000       1
Parm_priors            0.0743759000000000       1
Parm_softbounds        0.0077633400000000      NA
Parm_devs              0.0000000000000000       1
Crash_Pen              0.0000000000000000       1

$likelihoods_laplace
                                     values lambdas
NoBias_corr_Recruitment(info_only) -25.2834       1
Laplace_obj_fun(info_only)         300.0320      NA

$likelihoods_by_fleet
               Label          ALL Fishery_current Discard_historical
189     Catch_lambda           NA     1.00000e+00        1.00000e+00
190       Catch_like  5.73502e-11     1.04976e-11        2.08445e-11
191  Init_equ_lambda           NA     1.00000e+00        1.00000e+00
192    Init_equ_like  0.00000e+00     0.00000e+00        0.00000e+00
193      Surv_lambda           NA     0.00000e+00        0.00000e+00
194        Surv_like -7.20675e+00     0.00000e+00        0.00000e+00
195       Surv_N_use           NA     0.00000e+00        0.00000e+00
196      Surv_N_skip           NA     0.00000e+00        0.00000e+00
197      Disc_lambda           NA     1.00000e+00        0.00000e+00
198        Disc_like -1.54182e+01    -1.54182e+01        0.00000e+00
199       Disc_N_use           NA     1.40000e+01        0.00000e+00
200      Disc_N_skip           NA     2.00000e+00        0.00000e+00
201      mnwt_lambda           NA     1.00000e+00        1.00000e+00
202        mnwt_like -5.79581e+00    -5.79581e+00        0.00000e+00
203       mnwt_N_use           NA     1.40000e+01        0.00000e+00
204      mnwt_N_skip           NA     2.00000e+00        0.00000e+00
205    Length_lambda           NA     1.00000e+00        0.00000e+00
206      Length_like  2.85719e+02     1.81054e+02        0.00000e+00
207     Length_N_use           NA     2.60000e+01        0.00000e+00
208    Length_N_skip           NA     5.00000e+00        0.00000e+00
209       Age_lambda           NA     1.00000e+00        0.00000e+00
210         Age_like  6.79358e+01     4.16032e+01        0.00000e+00
211        Age_N_use           NA     1.64000e+02        0.00000e+00
212       Age_N_skip           NA     4.10000e+01        0.00000e+00
213 Sizeatage_lambda           NA     0.00000e+00        0.00000e+00
214   sizeatage_like  0.00000e+00     0.00000e+00        0.00000e+00
215  sizeatage_N_use           NA     0.00000e+00        0.00000e+00
216 sizeatage_N_skip           NA     0.00000e+00        0.00000e+00
    Fishery_historical Fishery_tribal   WCGBTS Triennial
189        1.00000e+00    1.00000e+00   1.0000  1.000000
190        1.62606e-11    9.74758e-12   0.0000  0.000000
191        1.00000e+00    1.00000e+00   1.0000  1.000000
192        0.00000e+00    0.00000e+00   0.0000  0.000000
193        0.00000e+00    0.00000e+00   1.0000  1.000000
194        0.00000e+00    0.00000e+00  -7.5257  0.318955
195        0.00000e+00    0.00000e+00  13.0000  9.000000
196        0.00000e+00    0.00000e+00   3.0000  0.000000
197        0.00000e+00    0.00000e+00   0.0000  0.000000
198        0.00000e+00    0.00000e+00   0.0000  0.000000
199        0.00000e+00    0.00000e+00   0.0000  0.000000
200        0.00000e+00    0.00000e+00   0.0000  0.000000
201        1.00000e+00    1.00000e+00   1.0000  1.000000
202        0.00000e+00    0.00000e+00   0.0000  0.000000
203        0.00000e+00    0.00000e+00   0.0000  0.000000
204        0.00000e+00    0.00000e+00   0.0000  0.000000
205        0.00000e+00    0.00000e+00   1.0000  1.000000
206        0.00000e+00    0.00000e+00  31.8905 72.773700
207        0.00000e+00    0.00000e+00  13.0000  2.000000
208        0.00000e+00    0.00000e+00   3.0000  0.000000
209        0.00000e+00    0.00000e+00   1.0000  0.000000
210        0.00000e+00    0.00000e+00  26.3326  0.000000
211        0.00000e+00    0.00000e+00  95.0000  0.000000
212        0.00000e+00    0.00000e+00 122.0000  0.000000
213        0.00000e+00    0.00000e+00   0.0000  0.000000
214        0.00000e+00    0.00000e+00 117.9600  0.000000
215        0.00000e+00    0.00000e+00   1.0000  0.000000
216        0.00000e+00    0.00000e+00   0.0000  0.000000

$N_estimated_parameters
[1] 44

$table_of_phases

-99  -5  -4  -3  -2  -1   1   2   3   4   5 
  2  13  14  11   3   1   6   5   5  25   3 

$estimated_non_dev_parameters
                                                               Value Phase
NatM_uniform_Fem_GP_1                                       0.425473     3
L_at_Amin_Fem_GP_1                                         19.934900     2
Linf_Fem_GP_1                                             175.840000     2
VonBert_K_Fem_GP_1                                         11.696200     1
Cessation_Fem_GP_1                                          9.999940     3
SD_young_Fem_GP_1                                           6.805840     5
SD_old_Fem_GP_1                                             6.761280     5
Linf_Mal_GP_1                                              -0.369413     2
VonBert_K_Mal_GP_1                                          0.144603     3
SR_LN(R0)                                                   8.698660     3
LnQ_base_WCGBTS(5)                                         -0.373473     1
Q_extraSD_WCGBTS(5)                                         0.177157     1
LnQ_base_Triennial(6)                                      -1.226710     1
Q_extraSD_Triennial(6)                                      0.366116     1
LnQ_base_Triennial(6)_BLK1repl_1995                        -0.907623     1
Size_DblN_peak_Fishery_current(1)                          87.871000     4
Size_DblN_ascend_se_Fishery_current(1)                      6.997090     4
Retain_L_infl_Fishery_current(1)                           64.548300     2
Retain_L_width_Fishery_current(1)                           4.812820     2
Retain_L_asymptote_logit_Fishery_current(1)                 1.869620     3
SzSel_Fem_Peak_Fishery_current(1)                          -5.861990     4
SzSel_Fem_Scale_Fishery_current(1)                          0.775374     4
Size_DblN_peak_WCGBTS(5)                                   76.168300     4
Size_DblN_ascend_se_WCGBTS(5)                               6.681000     4
Size_DblN_descend_se_WCGBTS(5)                             11.726300     5
SzSel_Fem_Peak_WCGBTS(5)                                   -8.868670     4
SzSel_Fem_Scale_WCGBTS(5)                                   0.731015     4
Size_DblN_peak_Triennial(6)                               189.584000     4
Size_DblN_ascend_se_Triennial(6)                            8.543110     4
Size_DblN_start_logit_Triennial(6)                         -4.629110     4
SzSel_Fem_Scale_Triennial(6)                                0.663290     4
Retain_L_asymptote_logit_Fishery_current(1)_BLK2repl_2005   2.156170     4
Retain_L_asymptote_logit_Fishery_current(1)_BLK2repl_2006   3.049360     4
Retain_L_asymptote_logit_Fishery_current(1)_BLK2repl_2007   3.557530     4
Retain_L_asymptote_logit_Fishery_current(1)_BLK2repl_2008   5.900450     4
Retain_L_asymptote_logit_Fishery_current(1)_BLK2repl_2009   4.142330     4
Retain_L_asymptote_logit_Fishery_current(1)_BLK2repl_2010  12.979100     4
Retain_L_asymptote_logit_Fishery_current(1)_BLK2repl_2011  14.436000     4
Retain_L_asymptote_logit_Fishery_current(1)_BLK2repl_2012  13.229100     4
Retain_L_asymptote_logit_Fishery_current(1)_BLK2repl_2013   3.278780     4
Retain_L_asymptote_logit_Fishery_current(1)_BLK2repl_2014   3.347000     4
Retain_L_asymptote_logit_Fishery_current(1)_BLK2repl_2015   3.189160     4
Retain_L_asymptote_logit_Fishery_current(1)_BLK2repl_2016   4.999030     4
Retain_L_asymptote_logit_Fishery_current(1)_BLK2repl_2017   4.999070     4
                                                              Min   Max
NatM_uniform_Fem_GP_1                                       0.100   0.6
L_at_Amin_Fem_GP_1                                         10.000  40.0
Linf_Fem_GP_1                                             100.000 300.0
VonBert_K_Fem_GP_1                                          0.005  30.0
Cessation_Fem_GP_1                                          0.100  10.0
SD_young_Fem_GP_1                                           1.000  20.0
SD_old_Fem_GP_1                                             1.000  20.0
Linf_Mal_GP_1                                              -1.000   1.0
VonBert_K_Mal_GP_1                                        -10.000  20.0
SR_LN(R0)                                                   5.000  15.0
LnQ_base_WCGBTS(5)                                         -2.000   2.0
Q_extraSD_WCGBTS(5)                                         0.000   2.0
LnQ_base_Triennial(6)                                     -10.000   2.0
Q_extraSD_Triennial(6)                                      0.000   2.0
LnQ_base_Triennial(6)_BLK1repl_1995                        -7.000   0.0
Size_DblN_peak_Fishery_current(1)                          80.000 150.0
Size_DblN_ascend_se_Fishery_current(1)                     -1.000   9.0
Retain_L_infl_Fishery_current(1)                           15.000 150.0
Retain_L_width_Fishery_current(1)                           0.100  10.0
Retain_L_asymptote_logit_Fishery_current(1)               -10.000  20.0
SzSel_Fem_Peak_Fishery_current(1)                         -50.000  50.0
SzSel_Fem_Scale_Fishery_current(1)                          0.500   1.5
Size_DblN_peak_WCGBTS(5)                                   50.000 150.0
Size_DblN_ascend_se_WCGBTS(5)                              -1.000   9.0
Size_DblN_descend_se_WCGBTS(5)                             -1.000  20.0
SzSel_Fem_Peak_WCGBTS(5)                                  -50.000  50.0
SzSel_Fem_Scale_WCGBTS(5)                                   0.500   1.5
Size_DblN_peak_Triennial(6)                                50.000 200.0
Size_DblN_ascend_se_Triennial(6)                           -1.000   9.0
Size_DblN_start_logit_Triennial(6)                        -15.000   9.0
SzSel_Fem_Scale_Triennial(6)                                0.500   1.5
Retain_L_asymptote_logit_Fishery_current(1)_BLK2repl_2005 -10.000  20.0
Retain_L_asymptote_logit_Fishery_current(1)_BLK2repl_2006 -10.000  20.0
Retain_L_asymptote_logit_Fishery_current(1)_BLK2repl_2007 -10.000  20.0
Retain_L_asymptote_logit_Fishery_current(1)_BLK2repl_2008 -10.000  20.0
Retain_L_asymptote_logit_Fishery_current(1)_BLK2repl_2009 -10.000  20.0
Retain_L_asymptote_logit_Fishery_current(1)_BLK2repl_2010 -10.000  20.0
Retain_L_asymptote_logit_Fishery_current(1)_BLK2repl_2011 -10.000  20.0
Retain_L_asymptote_logit_Fishery_current(1)_BLK2repl_2012 -10.000  20.0
Retain_L_asymptote_logit_Fishery_current(1)_BLK2repl_2013 -10.000  20.0
Retain_L_asymptote_logit_Fishery_current(1)_BLK2repl_2014 -10.000  20.0
Retain_L_asymptote_logit_Fishery_current(1)_BLK2repl_2015 -10.000  20.0
Retain_L_asymptote_logit_Fishery_current(1)_BLK2repl_2016 -10.000  20.0
Retain_L_asymptote_logit_Fishery_current(1)_BLK2repl_2017 -10.000  20.0
                                                                Init Status
NatM_uniform_Fem_GP_1                                       0.449208     OK
L_at_Amin_Fem_GP_1                                         20.082100     OK
Linf_Fem_GP_1                                             175.663000     OK
VonBert_K_Fem_GP_1                                         12.140700     OK
Cessation_Fem_GP_1                                          5.610090     HI
SD_young_Fem_GP_1                                           5.702740     OK
SD_old_Fem_GP_1                                             7.084120     OK
Linf_Mal_GP_1                                              -0.373076     OK
VonBert_K_Mal_GP_1                                          0.100981     OK
SR_LN(R0)                                                   8.904690     OK
LnQ_base_WCGBTS(5)                                         -0.403308     OK
Q_extraSD_WCGBTS(5)                                         0.163264     OK
LnQ_base_Triennial(6)                                      -1.252400     OK
Q_extraSD_Triennial(6)                                      0.365954     OK
LnQ_base_Triennial(6)_BLK1repl_1995                        -0.934511     OK
Size_DblN_peak_Fishery_current(1)                          94.111400     OK
Size_DblN_ascend_se_Fishery_current(1)                      7.153310     OK
Retain_L_infl_Fishery_current(1)                           66.214400     OK
Retain_L_width_Fishery_current(1)                           4.876370     OK
Retain_L_asymptote_logit_Fishery_current(1)                 2.051820     OK
SzSel_Fem_Peak_Fishery_current(1)                          -5.521930     OK
SzSel_Fem_Scale_Fishery_current(1)                          0.743963     OK
Size_DblN_peak_WCGBTS(5)                                   76.147300     OK
Size_DblN_ascend_se_WCGBTS(5)                               6.497710     OK
Size_DblN_descend_se_WCGBTS(5)                             16.548300     OK
SzSel_Fem_Peak_WCGBTS(5)                                   -7.974700     OK
SzSel_Fem_Scale_WCGBTS(5)                                   0.698111     OK
Size_DblN_peak_Triennial(6)                               187.543000     OK
Size_DblN_ascend_se_Triennial(6)                            8.472360     OK
Size_DblN_start_logit_Triennial(6)                         -4.794170     OK
SzSel_Fem_Scale_Triennial(6)                                0.606512     OK
Retain_L_asymptote_logit_Fishery_current(1)_BLK2repl_2005   2.300330     OK
Retain_L_asymptote_logit_Fishery_current(1)_BLK2repl_2006   3.303950     OK
Retain_L_asymptote_logit_Fishery_current(1)_BLK2repl_2007   3.962990     OK
Retain_L_asymptote_logit_Fishery_current(1)_BLK2repl_2008  11.079300     OK
Retain_L_asymptote_logit_Fishery_current(1)_BLK2repl_2009   4.912410     OK
Retain_L_asymptote_logit_Fishery_current(1)_BLK2repl_2010  13.241800     OK
Retain_L_asymptote_logit_Fishery_current(1)_BLK2repl_2011  14.640600     OK
Retain_L_asymptote_logit_Fishery_current(1)_BLK2repl_2012  13.892100     OK
Retain_L_asymptote_logit_Fishery_current(1)_BLK2repl_2013   3.455660     OK
Retain_L_asymptote_logit_Fishery_current(1)_BLK2repl_2014   3.620060     OK
Retain_L_asymptote_logit_Fishery_current(1)_BLK2repl_2015   3.405000     OK
Retain_L_asymptote_logit_Fishery_current(1)_BLK2repl_2016   2.884760     OK
Retain_L_asymptote_logit_Fishery_current(1)_BLK2repl_2017   2.817190     OK
                                                           Parm_StDev
NatM_uniform_Fem_GP_1                                       0.0358856
L_at_Amin_Fem_GP_1                                          1.5139600
Linf_Fem_GP_1                                               3.8303300
VonBert_K_Fem_GP_1                                          0.3282690
Cessation_Fem_GP_1                                          0.1760550
SD_young_Fem_GP_1                                           1.5405600
SD_old_Fem_GP_1                                             0.9847900
Linf_Mal_GP_1                                               0.0248180
VonBert_K_Mal_GP_1                                          0.0363602
SR_LN(R0)                                                   0.3797630
LnQ_base_WCGBTS(5)                                          0.3175740
Q_extraSD_WCGBTS(5)                                         0.0660350
LnQ_base_Triennial(6)                                       0.8304470
Q_extraSD_Triennial(6)                                      0.1464700
LnQ_base_Triennial(6)_BLK1repl_1995                         0.8294170
Size_DblN_peak_Fishery_current(1)                           6.3265900
Size_DblN_ascend_se_Fishery_current(1)                      0.1715290
Retain_L_infl_Fishery_current(1)                            0.7932250
Retain_L_width_Fishery_current(1)                           0.4049640
Retain_L_asymptote_logit_Fishery_current(1)                 0.3499580
SzSel_Fem_Peak_Fishery_current(1)                           2.4983500
SzSel_Fem_Scale_Fishery_current(1)                          0.1124440
Size_DblN_peak_WCGBTS(5)                                    8.7604500
Size_DblN_ascend_se_WCGBTS(5)                               0.4945880
Size_DblN_descend_se_WCGBTS(5)                             11.7973000
SzSel_Fem_Peak_WCGBTS(5)                                    5.6376100
SzSel_Fem_Scale_WCGBTS(5)                                   0.1511230
Size_DblN_peak_Triennial(6)                                39.1001000
Size_DblN_ascend_se_Triennial(6)                            0.4616050
Size_DblN_start_logit_Triennial(6)                          0.8833350
SzSel_Fem_Scale_Triennial(6)                                0.1420740
Retain_L_asymptote_logit_Fishery_current(1)_BLK2repl_2005   0.5337710
Retain_L_asymptote_logit_Fishery_current(1)_BLK2repl_2006   1.0849300
Retain_L_asymptote_logit_Fishery_current(1)_BLK2repl_2007   1.4141700
Retain_L_asymptote_logit_Fishery_current(1)_BLK2repl_2008  13.2163000
Retain_L_asymptote_logit_Fishery_current(1)_BLK2repl_2009   1.8384100
Retain_L_asymptote_logit_Fishery_current(1)_BLK2repl_2010  90.8140000
Retain_L_asymptote_logit_Fishery_current(1)_BLK2repl_2011  76.0666000
Retain_L_asymptote_logit_Fishery_current(1)_BLK2repl_2012  88.1857000
Retain_L_asymptote_logit_Fishery_current(1)_BLK2repl_2013   0.2887370
Retain_L_asymptote_logit_Fishery_current(1)_BLK2repl_2014   0.2251820
Retain_L_asymptote_logit_Fishery_current(1)_BLK2repl_2015   0.2218330
Retain_L_asymptote_logit_Fishery_current(1)_BLK2repl_2016 335.4070000
Retain_L_asymptote_logit_Fishery_current(1)_BLK2repl_2017 335.4070000
                                                                  Gradient
NatM_uniform_Fem_GP_1                                      0.0000091416000
L_at_Amin_Fem_GP_1                                        -0.0000020841000
Linf_Fem_GP_1                                             -0.0000004716070
VonBert_K_Fem_GP_1                                        -0.0000171178000
Cessation_Fem_GP_1                                        -0.0000007239120
SD_young_Fem_GP_1                                         -0.0000001422960
SD_old_Fem_GP_1                                            0.0000000888952
Linf_Mal_GP_1                                             -0.0000021453800
VonBert_K_Mal_GP_1                                        -0.0000762423000
SR_LN(R0)                                                 -0.0000173385000
LnQ_base_WCGBTS(5)                                        -0.0000043929200
Q_extraSD_WCGBTS(5)                                       -0.0000001659380
LnQ_base_Triennial(6)                                     -0.0000006267960
Q_extraSD_Triennial(6)                                     0.0000004064930
LnQ_base_Triennial(6)_BLK1repl_1995                       -0.0000004601530
Size_DblN_peak_Fishery_current(1)                         -0.0000019593400
Size_DblN_ascend_se_Fishery_current(1)                     0.0000094494000
Retain_L_infl_Fishery_current(1)                           0.0000027121800
Retain_L_width_Fishery_current(1)                          0.0000001378750
Retain_L_asymptote_logit_Fishery_current(1)                0.0000004836720
SzSel_Fem_Peak_Fishery_current(1)                         -0.0000028633400
SzSel_Fem_Scale_Fishery_current(1)                         0.0000000856495
Size_DblN_peak_WCGBTS(5)                                  -0.0000002152850
Size_DblN_ascend_se_WCGBTS(5)                              0.0000004037160
Size_DblN_descend_se_WCGBTS(5)                            -0.0000003838120
SzSel_Fem_Peak_WCGBTS(5)                                  -0.0000001854710
SzSel_Fem_Scale_WCGBTS(5)                                 -0.0000005504800
Size_DblN_peak_Triennial(6)                                0.0000003148580
Size_DblN_ascend_se_Triennial(6)                          -0.0000008738390
Size_DblN_start_logit_Triennial(6)                         0.0000012423100
SzSel_Fem_Scale_Triennial(6)                              -0.0000001216200
Retain_L_asymptote_logit_Fishery_current(1)_BLK2repl_2005  0.0000002209280
Retain_L_asymptote_logit_Fishery_current(1)_BLK2repl_2006  0.0000002233510
Retain_L_asymptote_logit_Fishery_current(1)_BLK2repl_2007  0.0000000906347
Retain_L_asymptote_logit_Fishery_current(1)_BLK2repl_2008 -0.0000002878060
Retain_L_asymptote_logit_Fishery_current(1)_BLK2repl_2009  0.0000000678102
Retain_L_asymptote_logit_Fishery_current(1)_BLK2repl_2010 -0.0000013004000
Retain_L_asymptote_logit_Fishery_current(1)_BLK2repl_2011 -0.0000005035030
Retain_L_asymptote_logit_Fishery_current(1)_BLK2repl_2012 -0.0000006410500
Retain_L_asymptote_logit_Fishery_current(1)_BLK2repl_2013 -0.0000004754720
Retain_L_asymptote_logit_Fishery_current(1)_BLK2repl_2014  0.0000012407400
Retain_L_asymptote_logit_Fishery_current(1)_BLK2repl_2015  0.0000004069690
Retain_L_asymptote_logit_Fishery_current(1)_BLK2repl_2016 -0.0000002028620
Retain_L_asymptote_logit_Fishery_current(1)_BLK2repl_2017 -0.0000001956570
                                                           Pr_type    Prior
NatM_uniform_Fem_GP_1                                     Log_Norm -1.02165
L_at_Amin_Fem_GP_1                                        No_prior       NA
Linf_Fem_GP_1                                             No_prior       NA
VonBert_K_Fem_GP_1                                        No_prior       NA
Cessation_Fem_GP_1                                        No_prior       NA
SD_young_Fem_GP_1                                         No_prior       NA
SD_old_Fem_GP_1                                           No_prior       NA
Linf_Mal_GP_1                                             No_prior       NA
VonBert_K_Mal_GP_1                                        No_prior       NA
SR_LN(R0)                                                 No_prior       NA
LnQ_base_WCGBTS(5)                                          Normal -0.35500
Q_extraSD_WCGBTS(5)                                       No_prior       NA
LnQ_base_Triennial(6)                                     No_prior       NA
Q_extraSD_Triennial(6)                                    No_prior       NA
LnQ_base_Triennial(6)_BLK1repl_1995                       No_prior       NA
Size_DblN_peak_Fishery_current(1)                         No_prior       NA
Size_DblN_ascend_se_Fishery_current(1)                    No_prior       NA
Retain_L_infl_Fishery_current(1)                          No_prior       NA
Retain_L_width_Fishery_current(1)                         No_prior       NA
Retain_L_asymptote_logit_Fishery_current(1)               No_prior       NA
SzSel_Fem_Peak_Fishery_current(1)                         No_prior       NA
SzSel_Fem_Scale_Fishery_current(1)                        No_prior       NA
Size_DblN_peak_WCGBTS(5)                                  No_prior       NA
Size_DblN_ascend_se_WCGBTS(5)                             No_prior       NA
Size_DblN_descend_se_WCGBTS(5)                            No_prior       NA
SzSel_Fem_Peak_WCGBTS(5)                                  No_prior       NA
SzSel_Fem_Scale_WCGBTS(5)                                 No_prior       NA
Size_DblN_peak_Triennial(6)                               No_prior       NA
Size_DblN_ascend_se_Triennial(6)                          No_prior       NA
Size_DblN_start_logit_Triennial(6)                        No_prior       NA
SzSel_Fem_Scale_Triennial(6)                              No_prior       NA
Retain_L_asymptote_logit_Fishery_current(1)_BLK2repl_2005 No_prior       NA
Retain_L_asymptote_logit_Fishery_current(1)_BLK2repl_2006 No_prior       NA
Retain_L_asymptote_logit_Fishery_current(1)_BLK2repl_2007 No_prior       NA
Retain_L_asymptote_logit_Fishery_current(1)_BLK2repl_2008 No_prior       NA
Retain_L_asymptote_logit_Fishery_current(1)_BLK2repl_2009 No_prior       NA
Retain_L_asymptote_logit_Fishery_current(1)_BLK2repl_2010 No_prior       NA
Retain_L_asymptote_logit_Fishery_current(1)_BLK2repl_2011 No_prior       NA
Retain_L_asymptote_logit_Fishery_current(1)_BLK2repl_2012 No_prior       NA
Retain_L_asymptote_logit_Fishery_current(1)_BLK2repl_2013 No_prior       NA
Retain_L_asymptote_logit_Fishery_current(1)_BLK2repl_2014 No_prior       NA
Retain_L_asymptote_logit_Fishery_current(1)_BLK2repl_2015 No_prior       NA
Retain_L_asymptote_logit_Fishery_current(1)_BLK2repl_2016 No_prior       NA
Retain_L_asymptote_logit_Fishery_current(1)_BLK2repl_2017 No_prior       NA
                                                          Pr_SD    Pr_Like
NatM_uniform_Fem_GP_1                                     0.438 0.07277030
L_at_Amin_Fem_GP_1                                           NA         NA
Linf_Fem_GP_1                                                NA         NA
VonBert_K_Fem_GP_1                                           NA         NA
Cessation_Fem_GP_1                                           NA         NA
SD_young_Fem_GP_1                                            NA         NA
SD_old_Fem_GP_1                                              NA         NA
Linf_Mal_GP_1                                                NA         NA
VonBert_K_Mal_GP_1                                           NA         NA
SR_LN(R0)                                                    NA         NA
LnQ_base_WCGBTS(5)                                        0.326 0.00160551
Q_extraSD_WCGBTS(5)                                          NA         NA
LnQ_base_Triennial(6)                                        NA         NA
Q_extraSD_Triennial(6)                                       NA         NA
LnQ_base_Triennial(6)_BLK1repl_1995                          NA         NA
Size_DblN_peak_Fishery_current(1)                            NA         NA
Size_DblN_ascend_se_Fishery_current(1)                       NA         NA
Retain_L_infl_Fishery_current(1)                             NA         NA
Retain_L_width_Fishery_current(1)                            NA         NA
Retain_L_asymptote_logit_Fishery_current(1)                  NA         NA
SzSel_Fem_Peak_Fishery_current(1)                            NA         NA
SzSel_Fem_Scale_Fishery_current(1)                           NA         NA
Size_DblN_peak_WCGBTS(5)                                     NA         NA
Size_DblN_ascend_se_WCGBTS(5)                                NA         NA
Size_DblN_descend_se_WCGBTS(5)                               NA         NA
SzSel_Fem_Peak_WCGBTS(5)                                     NA         NA
SzSel_Fem_Scale_WCGBTS(5)                                    NA         NA
Size_DblN_peak_Triennial(6)                                  NA         NA
Size_DblN_ascend_se_Triennial(6)                             NA         NA
Size_DblN_start_logit_Triennial(6)                           NA         NA
SzSel_Fem_Scale_Triennial(6)                                 NA         NA
Retain_L_asymptote_logit_Fishery_current(1)_BLK2repl_2005    NA         NA
Retain_L_asymptote_logit_Fishery_current(1)_BLK2repl_2006    NA         NA
Retain_L_asymptote_logit_Fishery_current(1)_BLK2repl_2007    NA         NA
Retain_L_asymptote_logit_Fishery_current(1)_BLK2repl_2008    NA         NA
Retain_L_asymptote_logit_Fishery_current(1)_BLK2repl_2009    NA         NA
Retain_L_asymptote_logit_Fishery_current(1)_BLK2repl_2010    NA         NA
Retain_L_asymptote_logit_Fishery_current(1)_BLK2repl_2011    NA         NA
Retain_L_asymptote_logit_Fishery_current(1)_BLK2repl_2012    NA         NA
Retain_L_asymptote_logit_Fishery_current(1)_BLK2repl_2013    NA         NA
Retain_L_asymptote_logit_Fishery_current(1)_BLK2repl_2014    NA         NA
Retain_L_asymptote_logit_Fishery_current(1)_BLK2repl_2015    NA         NA
Retain_L_asymptote_logit_Fishery_current(1)_BLK2repl_2016    NA         NA
Retain_L_asymptote_logit_Fishery_current(1)_BLK2repl_2017    NA         NA
                                                          Afterbound
NatM_uniform_Fem_GP_1                                             OK
L_at_Amin_Fem_GP_1                                                OK
Linf_Fem_GP_1                                                     OK
VonBert_K_Fem_GP_1                                                OK
Cessation_Fem_GP_1                                             CHECK
SD_young_Fem_GP_1                                                 OK
SD_old_Fem_GP_1                                                   OK
Linf_Mal_GP_1                                                     OK
VonBert_K_Mal_GP_1                                                OK
SR_LN(R0)                                                         OK
LnQ_base_WCGBTS(5)                                                OK
Q_extraSD_WCGBTS(5)                                               OK
LnQ_base_Triennial(6)                                             OK
Q_extraSD_Triennial(6)                                            OK
LnQ_base_Triennial(6)_BLK1repl_1995                               OK
Size_DblN_peak_Fishery_current(1)                                 OK
Size_DblN_ascend_se_Fishery_current(1)                            OK
Retain_L_infl_Fishery_current(1)                                  OK
Retain_L_width_Fishery_current(1)                                 OK
Retain_L_asymptote_logit_Fishery_current(1)                       OK
SzSel_Fem_Peak_Fishery_current(1)                                 OK
SzSel_Fem_Scale_Fishery_current(1)                                OK
Size_DblN_peak_WCGBTS(5)                                          OK
Size_DblN_ascend_se_WCGBTS(5)                                     OK
Size_DblN_descend_se_WCGBTS(5)                                    OK
SzSel_Fem_Peak_WCGBTS(5)                                          OK
SzSel_Fem_Scale_WCGBTS(5)                                         OK
Size_DblN_peak_Triennial(6)                                       OK
Size_DblN_ascend_se_Triennial(6)                                  OK
Size_DblN_start_logit_Triennial(6)                                OK
SzSel_Fem_Scale_Triennial(6)                                      OK
Retain_L_asymptote_logit_Fishery_current(1)_BLK2repl_2005         OK
Retain_L_asymptote_logit_Fishery_current(1)_BLK2repl_2006         OK
Retain_L_asymptote_logit_Fishery_current(1)_BLK2repl_2007         OK
Retain_L_asymptote_logit_Fishery_current(1)_BLK2repl_2008         OK
Retain_L_asymptote_logit_Fishery_current(1)_BLK2repl_2009         OK
Retain_L_asymptote_logit_Fishery_current(1)_BLK2repl_2010         OK
Retain_L_asymptote_logit_Fishery_current(1)_BLK2repl_2011         OK
Retain_L_asymptote_logit_Fishery_current(1)_BLK2repl_2012         OK
Retain_L_asymptote_logit_Fishery_current(1)_BLK2repl_2013         OK
Retain_L_asymptote_logit_Fishery_current(1)_BLK2repl_2014         OK
Retain_L_asymptote_logit_Fishery_current(1)_BLK2repl_2015         OK
Retain_L_asymptote_logit_Fishery_current(1)_BLK2repl_2016         OK
Retain_L_asymptote_logit_Fishery_current(1)_BLK2repl_2017         OK

$maximum_gradient_component
[1] 7.62423e-05

$parameters_with_highest_gradients
                                           Value     Gradient
VonBert_K_Mal_GP_1                      0.144603 -7.62423e-05
SR_LN(R0)                               8.698660 -1.73385e-05
VonBert_K_Fem_GP_1                     11.696200 -1.71178e-05
Size_DblN_ascend_se_Fishery_current(1)  6.997090  9.44940e-06
NatM_uniform_Fem_GP_1                   0.425473  9.14160e-06

$Length_Comp_Fit_Summary
     Data_type Fleet Recommend_var_adj #  N Npos min_Nsamp max_Nsamp
2926         4     1          0.108324 # 31   26  0.306093  164.8010
2927         4     5          0.703466 # 16   13  8.494920   23.8667
2928         4     6          0.886226 #  2    2 84.000000   92.0000
     mean_Nsamp_in mean_Nsamp_adj mean_Nsamp_DM err_method err_index
2926       156.294        37.4925            NA          0        NA
2927       222.000        14.9672            NA          0        NA
2928        88.000        88.0000            NA          0        NA
            par1 val1 par2 val2 mean_effN  HarMean Curr_Var_Adj      Fleet_name
2926 multinomial   NA   NA   NA   69.3343  16.9303     0.239885 Fishery_current
2927 multinomial   NA   NA   NA  178.4360 156.1690     0.067420          WCGBTS
2928 multinomial   NA   NA   NA   81.9081  77.9879     1.000000       Triennial

$Age_Comp_Fit_Summary
     Data_type Fleet Recommend_var_adj # Nsamp_adj Npos min_Nsamp max_Nsamp
3357         5     1          0.389446 #       205  164  0.084412   1.51942
3358         5     5          0.368818 #       217   95  0.053605   1.17931
     mean_Nsamp_in mean_Nsamp_adj mean_Nsamp_DM err_method err_index
3357       4.04268       0.341251            NA          0        NA
3358       5.89474       0.315987            NA          0        NA
            par1 val1 par2 val2 mean_effN HarMean Curr_Var_Adj      Fleet_name
3357 multinomial   NA   NA   NA   3.47415 1.57441     0.084412 Fishery_current
3358 multinomial   NA   NA   NA   6.53316 2.17408     0.053605          WCGBTS

$SBzero
[1] 2343.42

$current_depletion
[1] 0.7565012

$SPRratioLabel
[1] "(1-SPR)/(1-SPR_50%)"

$sigma_R_in
[1] 0.3

$sigma_R_info
           period N_devs SD_of_devs Var_of_devs mean_SE mean_SEsquared
1            Main     21          0           0      NA             NA
2      Early+Main     21          0           0      NA             NA
3 Early+Main+Late     24          0           0      NA             NA
  sqrt_sum_of_components SD_of_devs_over_sigma_R sqrt_sum_over_sigma_R
1                     NA                       0                    NA
2                     NA                       0                    NA
3                     NA                       0                    NA
  alternative_sigma_R
1                <NA>
2                <NA>
3                <NA>

$rmse_table
    ERA  N RMSE RMSE_over_sigmaR mean_BiasAdj
1  main 21    0                0            0
2 early  0    0                0            0

$RecDev_method
[1] 1

114
