/srv
total 492436
-rw-r--r-- 1 osg gridusers         0 Nov  4 17:39 _condor_stderr
-rw-r--r-- 1 osg gridusers         5 Nov  4 17:39 _condor_stdout
-rw-r--r-- 1 osg gridusers 503570432 Nov  4 17:39 linux-r4ss-v4.sif
-rw-r--r-- 1 osg gridusers       819 Nov  4 17:38 osg-ss3-example-calcs.r
-rwxr-xr-x 1 osg gridusers      1059 Nov  4 17:38 osg-wrapper-r.sh
drwxr-x--- 4 osg gridusers        28 Nov  4 17:39 scratch
drwxrwxrwt 2 osg gridusers         6 Nov  4 17:39 tmp
-rw-r--r-- 1 osg gridusers    669783 Nov  4 17:38 upload.example-ss3-models.tar.gz
drwxrwxrwt 2 osg gridusers         6 Nov  4 17:39 var_tmp
/ss_exe:/usr/local/sbin:/usr/local/bin:/usr/sbin:/usr/bin:/sbin:/bin
output/57-growth_timevary-3/
[1] "/srv/working"
[1] "output/57-growth_timevary-3/"
[1] TRUE TRUE TRUE TRUE TRUE TRUE TRUE TRUE
[1] "ran model"
$SS_version
[1] "3.30.22.1;_safe;_compile_date:_Jan 30 2024;_Stock_Synthesis_by_Richard_Methot_(NOAA)_using_ADMB_13.1"

$SS_versionshort
[1] "3.30"

$SS_versionNumeric
[1] 3.3

$StartTime
[1] "StartTime: Mon Nov 4 17:39:52 2024"

$RunTime
[1] "0 hours, 0 minutes, 23 seconds."

$Files_used
[1] "Data_File: Example_1_data.SS Control_File: Example_1_control.SS"

$log_det_hessian
[1] 92.2565

$Final_phase
[1] 6

$N_iterations
[1] 331

$Nwarnings
[1] 13

$warnings
 [1] "Warning 1 : Block:1 1 ends in: 2009 after retroyr+1:  2007"                                                                                                
 [2] "Warning 2 : Block:2 2 ends in: 2009 after retroyr+1:  2007"                                                                                                
 [3] "Warning 3 : Block:3 7 ends in: 2009 after retroyr+1:  2007"                                                                                                
 [4] "Warning 4 : Block:4 7 ends in: 2009 after retroyr+1:  2007"                                                                                                
 [5] "Warning 5 : Block:5 1 ends in: 2009 after retroyr+1:  2007"                                                                                                
 [6] "Warning 6 : Block:6 6 ends in: 2009 after retroyr+1:  2007"                                                                                                
 [7] "Warning 7 : Block:7 4 ends in: 2009 after retroyr+1:  2007"                                                                                                
 [8] "Warning 8 : At least one block pattern ends in endyr. Check the output parameter value time series to see if the values in forecast years are as intended."
 [9] "Warning 9 Adjustment:  recdev_end: 2008 > retro_yr: 2006 reset "                                                                                           
[10] "Note 1 Information: Max harvest rate typically is >1.0 for F_method 2, 3 or 4 0.9"                                                                         
[11] "Note 2 Information: A revised protocol for the Fcast_yr specification is available and recommended."                                                       
[12] "Note 3 Information:  N parameters that are on or within 1% of min-max bound: 1; check results, variance may be suspect"                                    
[13] " 9 warnings  and 3 notes "                                                                                                                                 

$likelihoods_used
                              values lambdas
TOTAL                383.91900000000      NA
Equil_catch            0.00000000000      NA
Survey                -4.27769000000      NA
Age_comp             387.83800000000      NA
Recruitment            0.00000167176       1
InitEQ_Regime          0.00000000000       1
Forecast_Recruitment   0.00000000000       1
Parm_priors            0.35838400000       1
Parm_devs              0.00000000000       1
Crash_Pen              0.00000000000       1

$likelihoods_laplace
                                        values lambdas
NoBias_corr_Recruitment(info_only) 7.52291e-05       1
Laplace_obj_fun(info_only)         3.83919e+02      NA

$likelihoods_by_fleet
              Label       ALL   Fish1   Fish2    Surv1    Surv2 Surv3 Surv4
177 Init_equ_lambda        NA   1.000   1.000  1.00000  1.00000     1     1
178   Init_equ_like   0.00000   0.000   0.000  0.00000  0.00000     0     0
179     Surv_lambda        NA   0.000   0.000  1.00000  0.00000     0     0
180       Surv_like  -4.27769   0.000   0.000 -4.27769 -4.82706     0     0
181      Surv_N_use        NA   0.000   0.000 10.00000  6.00000     0     0
182     Surv_N_skip        NA   0.000   0.000  1.00000  3.00000     0     0
183      Age_lambda        NA   1.000   1.000  0.00000  0.00000     0     0
184        Age_like 387.83800 201.211 186.627 22.23900  0.00000     0     0
185       Age_N_use        NA  34.000  30.000 11.00000  0.00000     0     0
186      Age_N_skip        NA   3.000   3.000  2.00000  0.00000     0     0
    Surv5 Surv6    Surv7
177     1     1  1.00000
178     0     0  0.00000
179     0     0  0.00000
180     0     0 -1.33872
181     0     0  2.00000
182     0     0  2.00000
183     0     0  0.00000
184     0     0  0.00000
185     0     0  0.00000
186     0     0  0.00000

$Parm_devs_detail
    Index Phase MinYr MaxYr  N stddev Rho Like_devs Like_se mean        rmse
190     1    -5  1977  2007 31      2   0         0       0    0 3.16228e-05
    var   sqrt(var) est_rho D-W
190   0 3.16228e-05       0   0

$N_estimated_parameters
[1] 46

$table_of_phases

-99 -50  -6  -5  -4  -2  -1   1   2   3   4   6 
  3  12   1  13   2   3   3   1   5  25   5  10 

$estimated_non_dev_parameters
                                              Value Phase       Min       Max
L_at_Amax_Fem_GP_1_BLK1mult_1984         -0.0807257     4  -0.28528  0.200227
VonBert_K_Fem_GP_1_BLK2mult_1980          0.0132129     4  -1.10064  0.508798
VonBert_K_Fem_GP_1_BLK2mult_1999          0.0688278     4  -1.10064  0.508798
SR_LN(R0)                                14.8562000     4  12.00000 18.000000
SR_BH_steep                               0.7787160     4   0.20000  1.000000
SR_sigmaR                                 1.0000000     6   1.00000  1.600000
Impl_err_2010                             0.0000000     6  -1.00000  1.000000
Impl_err_2011                             0.0000000     6  -1.00000  1.000000
Impl_err_2012                             0.0000000     6  -1.00000  1.000000
LnQ_base_Surv1(3)                        -0.3018650     1 -10.00000  2.000000
Age_DblN_peak_Fish1(1)                    6.2341000     2   2.00000 15.000000
Age_DblN_ascend_se_Fish1(1)               3.1349000     2  -4.00000 10.000000
Age_DblN_end_logit_Fish1(1)              -0.1441660     2  -5.00000 10.000000
Age_DblN_peak_Fish2(2)                   10.2908000     2   2.00000 15.000000
Age_DblN_ascend_se_Fish2(2)               2.2386800     2  -2.00000 15.000000
Age_DblN_peak_Fish1(1)_BLK3add_1981       2.3409600     3 -10.00000 10.000000
Age_DblN_peak_Fish1(1)_BLK3add_1985      -0.4577060     3 -10.00000 10.000000
Age_DblN_peak_Fish1(1)_BLK3add_1989       0.1439570     3 -10.00000 10.000000
Age_DblN_peak_Fish1(1)_BLK3add_1993      -1.1999600     3 -10.00000 10.000000
Age_DblN_peak_Fish1(1)_BLK3add_1997      -1.4035600     3 -10.00000 10.000000
Age_DblN_peak_Fish1(1)_BLK3add_2001       1.1126500     3 -10.00000 10.000000
Age_DblN_peak_Fish1(1)_BLK3add_2005       0.5097320     3 -10.00000 10.000000
Age_DblN_ascend_se_Fish1(1)_BLK4add_1960  0.0431230     3 -10.00000 10.000000
Age_DblN_ascend_se_Fish1(1)_BLK4add_1981  0.6737810     3 -10.00000 10.000000
Age_DblN_ascend_se_Fish1(1)_BLK4add_1985 -0.1363810     3 -10.00000 10.000000
Age_DblN_ascend_se_Fish1(1)_BLK4add_1993 -0.7349160     3 -10.00000 10.000000
Age_DblN_ascend_se_Fish1(1)_BLK4add_1997 -0.9966400     3 -10.00000 10.000000
Age_DblN_ascend_se_Fish1(1)_BLK4add_2001  0.3890490     3 -10.00000 10.000000
Age_DblN_ascend_se_Fish1(1)_BLK4add_2005  0.4505490     3 -10.00000 10.000000
Age_DblN_end_logit_Fish1(1)_BLK5add_1984 -0.4339820     3 -10.00000 10.000000
Age_DblN_peak_Fish2(2)_BLK6add_1981       0.9428330     3 -10.00000 10.000000
Age_DblN_peak_Fish2(2)_BLK6add_1985      -3.9355400     3 -10.00000 10.000000
Age_DblN_peak_Fish2(2)_BLK6add_1989      -3.2611700     3 -10.00000 10.000000
Age_DblN_peak_Fish2(2)_BLK6add_1993      -3.2245400     3 -10.00000 10.000000
Age_DblN_peak_Fish2(2)_BLK6add_2001      -4.4010300     3 -10.00000 10.000000
Age_DblN_peak_Fish2(2)_BLK6add_2005      -4.2673000     3 -10.00000 10.000000
Age_DblN_ascend_se_Fish2(2)_BLK7add_1960  1.4624800     3 -10.00000 10.000000
Age_DblN_ascend_se_Fish2(2)_BLK7add_1989  0.4040300     3 -10.00000 10.000000
Age_DblN_ascend_se_Fish2(2)_BLK7add_2001  0.0960843     3 -10.00000 10.000000
Age_DblN_ascend_se_Fish2(2)_BLK7add_2005 -0.1147890     3 -10.00000 10.000000
                                                Init Status Parm_StDev
L_at_Amax_Fem_GP_1_BLK1mult_1984         -0.07640360     OK 0.06098140
VonBert_K_Fem_GP_1_BLK2mult_1980          0.00771017     OK 0.25224100
VonBert_K_Fem_GP_1_BLK2mult_1999          0.06060180     OK 0.24242200
SR_LN(R0)                                14.87160000     OK 0.14134700
SR_BH_steep                               0.78853900     OK 0.13391100
SR_sigmaR                                 1.30000000     LO 0.00129395
Impl_err_2010                             0.00000000    act 0.10000000
Impl_err_2011                             0.00000000    act 0.10000000
Impl_err_2012                             0.00000000    act 0.10000000
LnQ_base_Surv1(3)                        -0.35147500     OK 0.15905000
Age_DblN_peak_Fish1(1)                    6.19130000     OK 1.70393000
Age_DblN_ascend_se_Fish1(1)               3.08033000     OK 1.51129000
Age_DblN_end_logit_Fish1(1)              -0.15186400     OK 0.64141800
Age_DblN_peak_Fish2(2)                   10.21490000     OK 1.84823000
Age_DblN_ascend_se_Fish2(2)               2.23697000     OK 0.35018100
Age_DblN_peak_Fish1(1)_BLK3add_1981       2.35882000     OK 2.29778000
Age_DblN_peak_Fish1(1)_BLK3add_1985      -0.43986900     OK 2.27740000
Age_DblN_peak_Fish1(1)_BLK3add_1989       0.05289540     OK 3.53461000
Age_DblN_peak_Fish1(1)_BLK3add_1993      -1.20462000     OK 2.12407000
Age_DblN_peak_Fish1(1)_BLK3add_1997      -1.41849000     OK 1.97896000
Age_DblN_peak_Fish1(1)_BLK3add_2001       0.30173400     OK 2.96242000
Age_DblN_peak_Fish1(1)_BLK3add_2005       1.66590000     OK 3.45203000
Age_DblN_ascend_se_Fish1(1)_BLK4add_1960  0.08238180     OK 1.71851000
Age_DblN_ascend_se_Fish1(1)_BLK4add_1981  0.72631600     OK 1.59756000
Age_DblN_ascend_se_Fish1(1)_BLK4add_1985 -0.08891270     OK 1.74004000
Age_DblN_ascend_se_Fish1(1)_BLK4add_1993 -0.70409800     OK 1.76371000
Age_DblN_ascend_se_Fish1(1)_BLK4add_1997 -0.96293600     OK 1.69235000
Age_DblN_ascend_se_Fish1(1)_BLK4add_2001  0.17649400     OK 1.71581000
Age_DblN_ascend_se_Fish1(1)_BLK4add_2005  0.82520600     OK 1.95369000
Age_DblN_end_logit_Fish1(1)_BLK5add_1984 -0.43293200     OK 0.86745400
Age_DblN_peak_Fish2(2)_BLK6add_1981       0.93361000     OK 0.76494900
Age_DblN_peak_Fish2(2)_BLK6add_1985      -3.87014000     OK 1.92121000
Age_DblN_peak_Fish2(2)_BLK6add_1989      -3.23802000     OK 1.88885000
Age_DblN_peak_Fish2(2)_BLK6add_1993      -3.22972000     OK 1.88844000
Age_DblN_peak_Fish2(2)_BLK6add_2001      -4.54189000     OK 2.09204000
Age_DblN_peak_Fish2(2)_BLK6add_2005      -3.62094000     OK 2.03671000
Age_DblN_ascend_se_Fish2(2)_BLK7add_1960  1.45034000     OK 0.54889200
Age_DblN_ascend_se_Fish2(2)_BLK7add_1989  0.39056700     OK 0.43659800
Age_DblN_ascend_se_Fish2(2)_BLK7add_2001  0.01063600     OK 0.65557000
Age_DblN_ascend_se_Fish2(2)_BLK7add_2005  0.30706200     OK 0.60026400
                                                Gradient   Pr_type Prior
L_at_Amax_Fem_GP_1_BLK1mult_1984         -0.000012634500    Normal 0.000
VonBert_K_Fem_GP_1_BLK2mult_1980          0.000005185820    Normal 0.000
VonBert_K_Fem_GP_1_BLK2mult_1999         -0.000005533280    Normal 0.000
SR_LN(R0)                                -0.000083273300  No_prior    NA
SR_BH_steep                              -0.000003840470 Full_Beta 0.777
SR_sigmaR                                 0.000004793640  No_prior    NA
Impl_err_2010                             0.000000000000       dev    NA
Impl_err_2011                             0.000000000000       dev    NA
Impl_err_2012                             0.000000000000       dev    NA
LnQ_base_Surv1(3)                        -0.000000897753  No_prior    NA
Age_DblN_peak_Fish1(1)                   -0.000071815800  No_prior    NA
Age_DblN_ascend_se_Fish1(1)               0.000083472700  No_prior    NA
Age_DblN_end_logit_Fish1(1)              -0.000003457260  No_prior    NA
Age_DblN_peak_Fish2(2)                    0.000015370400  No_prior    NA
Age_DblN_ascend_se_Fish2(2)              -0.000066564300  No_prior    NA
Age_DblN_peak_Fish1(1)_BLK3add_1981      -0.000001126820  No_prior    NA
Age_DblN_peak_Fish1(1)_BLK3add_1985      -0.000029195900  No_prior    NA
Age_DblN_peak_Fish1(1)_BLK3add_1989       0.000020278900  No_prior    NA
Age_DblN_peak_Fish1(1)_BLK3add_1993       0.000013582100  No_prior    NA
Age_DblN_peak_Fish1(1)_BLK3add_1997      -0.000006310310  No_prior    NA
Age_DblN_peak_Fish1(1)_BLK3add_2001      -0.000030454700  No_prior    NA
Age_DblN_peak_Fish1(1)_BLK3add_2005      -0.000066239700  No_prior    NA
Age_DblN_ascend_se_Fish1(1)_BLK4add_1960  0.000023341400  No_prior    NA
Age_DblN_ascend_se_Fish1(1)_BLK4add_1981 -0.000006279700  No_prior    NA
Age_DblN_ascend_se_Fish1(1)_BLK4add_1985  0.000027952900  No_prior    NA
Age_DblN_ascend_se_Fish1(1)_BLK4add_1993 -0.000015847400  No_prior    NA
Age_DblN_ascend_se_Fish1(1)_BLK4add_1997 -0.000004334400  No_prior    NA
Age_DblN_ascend_se_Fish1(1)_BLK4add_2001  0.000052035000  No_prior    NA
Age_DblN_ascend_se_Fish1(1)_BLK4add_2005  0.000072445300  No_prior    NA
Age_DblN_end_logit_Fish1(1)_BLK5add_1984 -0.000008624050  No_prior    NA
Age_DblN_peak_Fish2(2)_BLK6add_1981       0.000009180870  No_prior    NA
Age_DblN_peak_Fish2(2)_BLK6add_1985      -0.000019798700  No_prior    NA
Age_DblN_peak_Fish2(2)_BLK6add_1989      -0.000006307660  No_prior    NA
Age_DblN_peak_Fish2(2)_BLK6add_1993       0.000014287900  No_prior    NA
Age_DblN_peak_Fish2(2)_BLK6add_2001       0.000021864600  No_prior    NA
Age_DblN_peak_Fish2(2)_BLK6add_2005       0.000020026600  No_prior    NA
Age_DblN_ascend_se_Fish2(2)_BLK7add_1960 -0.000047663300  No_prior    NA
Age_DblN_ascend_se_Fish2(2)_BLK7add_1989 -0.000010468100  No_prior    NA
Age_DblN_ascend_se_Fish2(2)_BLK7add_2001 -0.000015223100  No_prior    NA
Age_DblN_ascend_se_Fish2(2)_BLK7add_2005 -0.000023387200  No_prior    NA
                                            Pr_SD     Pr_Like Afterbound
L_at_Amax_Fem_GP_1_BLK1mult_1984         0.100114  0.32509000         OK
VonBert_K_Fem_GP_1_BLK2mult_1980         0.254399  0.00134875         OK
VonBert_K_Fem_GP_1_BLK2mult_1999         0.254399  0.03659880         OK
SR_LN(R0)                                      NA          NA         OK
SR_BH_steep                              0.113000 -0.00465375         OK
SR_sigmaR                                      NA          NA      CHECK
Impl_err_2010                                  NA          NA         OK
Impl_err_2011                                  NA          NA         OK
Impl_err_2012                                  NA          NA         OK
LnQ_base_Surv1(3)                              NA          NA         OK
Age_DblN_peak_Fish1(1)                         NA          NA         OK
Age_DblN_ascend_se_Fish1(1)                    NA          NA         OK
Age_DblN_end_logit_Fish1(1)                    NA          NA         OK
Age_DblN_peak_Fish2(2)                         NA          NA         OK
Age_DblN_ascend_se_Fish2(2)                    NA          NA         OK
Age_DblN_peak_Fish1(1)_BLK3add_1981            NA          NA         OK
Age_DblN_peak_Fish1(1)_BLK3add_1985            NA          NA         OK
Age_DblN_peak_Fish1(1)_BLK3add_1989            NA          NA         OK
Age_DblN_peak_Fish1(1)_BLK3add_1993            NA          NA         OK
Age_DblN_peak_Fish1(1)_BLK3add_1997            NA          NA         OK
Age_DblN_peak_Fish1(1)_BLK3add_2001            NA          NA         OK
Age_DblN_peak_Fish1(1)_BLK3add_2005            NA          NA         OK
Age_DblN_ascend_se_Fish1(1)_BLK4add_1960       NA          NA         OK
Age_DblN_ascend_se_Fish1(1)_BLK4add_1981       NA          NA         OK
Age_DblN_ascend_se_Fish1(1)_BLK4add_1985       NA          NA         OK
Age_DblN_ascend_se_Fish1(1)_BLK4add_1993       NA          NA         OK
Age_DblN_ascend_se_Fish1(1)_BLK4add_1997       NA          NA         OK
Age_DblN_ascend_se_Fish1(1)_BLK4add_2001       NA          NA         OK
Age_DblN_ascend_se_Fish1(1)_BLK4add_2005       NA          NA         OK
Age_DblN_end_logit_Fish1(1)_BLK5add_1984       NA          NA         OK
Age_DblN_peak_Fish2(2)_BLK6add_1981            NA          NA         OK
Age_DblN_peak_Fish2(2)_BLK6add_1985            NA          NA         OK
Age_DblN_peak_Fish2(2)_BLK6add_1989            NA          NA         OK
Age_DblN_peak_Fish2(2)_BLK6add_1993            NA          NA         OK
Age_DblN_peak_Fish2(2)_BLK6add_2001            NA          NA         OK
Age_DblN_peak_Fish2(2)_BLK6add_2005            NA          NA         OK
Age_DblN_ascend_se_Fish2(2)_BLK7add_1960       NA          NA         OK
Age_DblN_ascend_se_Fish2(2)_BLK7add_1989       NA          NA         OK
Age_DblN_ascend_se_Fish2(2)_BLK7add_2001       NA          NA         OK
Age_DblN_ascend_se_Fish2(2)_BLK7add_2005       NA          NA         OK

$maximum_gradient_component
[1] 8.34727e-05

$parameters_with_highest_gradients
                                             Value     Gradient
Age_DblN_ascend_se_Fish1(1)               3.134900  8.34727e-05
SR_LN(R0)                                14.856200 -8.32733e-05
Age_DblN_ascend_se_Fish1(1)_BLK4add_2005  0.450549  7.24453e-05
Age_DblN_peak_Fish1(1)                    6.234100 -7.18158e-05
Age_DblN_ascend_se_Fish2(2)               2.238680 -6.65643e-05

$Age_Comp_Fit_Summary
     Data_type Fleet Recommend_var_adj # Nsamp_adj Npos min_Nsamp max_Nsamp
1549         5     1           1.14338 #        37   34        50        50
1550         5     2           1.08728 #        33   30        50        50
1551         5     3           0.00000 #        13   11         1         1
     mean_Nsamp_in mean_Nsamp_adj mean_Nsamp_DM err_method err_index
1549            50             50            NA          0        NA
1550            50             50            NA          0        NA
1551             1              1            NA          0        NA
            par1 val1 par2 val2 mean_effN  HarMean Curr_Var_Adj Fleet_name
1549 multinomial   NA   NA   NA   71.8731 57.16880            1      Fish1
1550 multinomial   NA   NA   NA   63.1857 54.36400            1      Fish2
1551 multinomial   NA   NA   NA    1.0520  1.02728            0      Surv1

$SBzero
[1] 2055825

$current_depletion
[1] 0.3205915

$sigma_R_in
[1] 1

$sigma_R_info
           period N_devs SD_of_devs Var_of_devs mean_SE mean_SEsquared
1            Main     45          0           0      NA             NA
2      Early+Main     45          0           0      NA             NA
3 Early+Main+Late     48          0           0      NA             NA
  sqrt_sum_of_components SD_of_devs_over_sigma_R sqrt_sum_over_sigma_R
1                     NA                       0                    NA
2                     NA                       0                    NA
3                     NA                       0                    NA
  alternative_sigma_R
1                <NA>
2                <NA>
3                <NA>

$rmse_table
    ERA  N RMSE RMSE_over_sigmaR mean_BiasAdj
1  main 45    0                0            0
2 early  0    0                0            0

$RecDev_method
[1] 1

27
