/srv
total 492436
-rw-r--r-- 1 osg gridusers         0 Nov  4 17:39 _condor_stderr
-rw-r--r-- 1 osg gridusers         5 Nov  4 17:39 _condor_stdout
-rw-r--r-- 1 osg gridusers 503570432 Nov  4 17:39 linux-r4ss-v4.sif
-rw-r--r-- 1 osg gridusers       819 Nov  4 17:38 osg-ss3-example-calcs.r
-rwxr-xr-x 1 osg gridusers      1059 Nov  4 17:38 osg-wrapper-r.sh
drwxr-x--- 4 osg gridusers        28 Nov  4 17:39 scratch
drwxrwxrwt 2 osg gridusers         6 Nov  4 17:39 tmp
-rw-r--r-- 1 osg gridusers    669783 Nov  4 17:38 upload.example-ss3-models.tar.gz
drwxrwxrwt 2 osg gridusers         6 Nov  4 17:39 var_tmp
/ss_exe:/usr/local/sbin:/usr/local/bin:/usr/sbin:/usr/bin:/sbin:/bin
output/60-platoons-3/
[1] "/srv/working"
[1] "output/60-platoons-3/"
[1] TRUE TRUE TRUE TRUE TRUE TRUE TRUE TRUE
[1] "ran model"
$SS_version
[1] "3.30.22.1;_safe;_compile_date:_Jan 30 2024;_Stock_Synthesis_by_Richard_Methot_(NOAA)_using_ADMB_13.1"

$SS_versionshort
[1] "3.30"

$SS_versionNumeric
[1] 3.3

$StartTime
[1] "StartTime: Mon Nov 4 17:39:08 2024"

$RunTime
[1] "0 hours, 2 minutes, 14 seconds."

$Files_used
[1] "Data_File: platoons_dat.ss Control_File: platoons_ctl.ss"

$log_det_hessian
[1] 126.106

$Final_phase
[1] 6

$N_iterations
[1] 508

$Nwarnings
[1] 6

$warnings
[1] "Note 1 Information: sd_ratio read is < 0, so expecting sd parameter after movement params.; search for <now check> in echoinput.sso for parm_type"         
[2] "Warning 1 : Block:1 1 ends in: 2001 after retroyr+1:  1999"                                                                                                
[3] "Warning 2 : At least one block pattern ends in endyr. Check the output parameter value time series to see if the values in forecast years are as intended."
[4] "Warning 3 Adjustment:  recdev_end: 2001 > retro_yr: 1998 reset "                                                                                           
[5] "Note 2 Information: A revised protocol for the Fcast_yr specification is available and recommended."                                                       
[6] " 3 warnings  and 2 notes "                                                                                                                                 

$likelihoods_used
                                      values lambdas
TOTAL                1054.990000000000009095      NA
Catch                   0.000000000000424182      NA
Equil_catch             0.000000000000000000      NA
Survey                 -5.347879999999999967      NA
Length_comp           660.299999999999954525      NA
Age_comp              297.389000000000010004      NA
Recruitment             0.791995000000000005       1
InitEQ_Regime           0.000000000000000000       1
Forecast_Recruitment    0.000000000000000000       1
Parm_priors           101.852999999999994429       1
Parm_softbounds         0.001265360000000000      NA
Parm_devs               0.000000000000000000       1
Crash_Pen               0.000000000000000000       1

$likelihoods_laplace
                                      values lambdas
NoBias_corr_Recruitment(info_only)  -25.3653       1
Laplace_obj_fun(info_only)         1028.8300      NA

$likelihoods_by_fleet
              Label          ALL    fishery1   survey1
181    Catch_lambda           NA 1.00000e+00   1.00000
182      Catch_like  4.24182e-13 4.24182e-13   0.00000
183 Init_equ_lambda           NA 1.00000e+00   1.00000
184   Init_equ_like  0.00000e+00 0.00000e+00   0.00000
185     Surv_lambda           NA 0.00000e+00   1.00000
186       Surv_like -5.34788e+00 0.00000e+00  -5.34788
187      Surv_N_use           NA 0.00000e+00   8.00000
188     Surv_N_skip           NA 0.00000e+00   1.00000
189   Length_lambda           NA 1.00000e+00   1.00000
190     Length_like  6.60300e+02 4.63824e+02 196.47600
191    Length_N_use           NA 1.80000e+01   8.00000
192   Length_N_skip           NA 3.00000e+00   1.00000
193      Age_lambda           NA 1.00000e+00   1.00000
194        Age_like  2.97389e+02 1.48157e+02 149.23200
195       Age_N_use           NA 7.00000e+00   8.00000
196      Age_N_skip           NA 3.00000e+00   1.00000

$N_estimated_parameters
[1] 69

$table_of_phases

-99 -50  -5  -3  -2  -1   1   2   3   5   6 
  1   1   1  25   1   2   2  50   7   1   9 

$estimated_non_dev_parameters
                                       Value Phase    Min   Max       Init
L_at_Amin_Fem_GP_1                 35.019700     2  10.00 45.00  34.674400
L_at_Amax_Fem_GP_1                 71.350400     2  40.00 90.00  71.302300
VonBert_K_Fem_GP_1                  0.146692     3   0.05  0.25   0.152714
Platoon_SD_Ratio                    0.332753     1   0.10  3.00   0.356863
SR_LN(R0)                          10.647900     1   3.00 31.00  10.590700
SR_BH_steep                         0.928329     5   0.20  1.00   0.785575
Impl_err_2002                       0.000000     6  -1.00  1.00   0.000000
Impl_err_2003                       0.000000     6  -1.00  1.00   0.000000
Impl_err_2004                       0.000000     6  -1.00  1.00   0.000000
Size_DblN_peak_fishery1(1)         61.243700     3  22.00 89.00  60.523100
Size_DblN_ascend_se_fishery1(1)     5.039310     3  -4.00 12.00   5.036040
Size_DblN_start_logit_fishery1(1) -12.859500     3 -15.00  0.00 -12.888200
Size_DblN_peak_survey1(2)          56.261200     3  22.00 89.00  56.088600
Size_DblN_ascend_se_survey1(2)      5.115270     3  -4.00 12.00   5.133310
Size_DblN_start_logit_survey1(2)  -12.145100     3 -15.00  0.00 -12.213000
                                  Status Parm_StDev        Gradient  Pr_type
L_at_Amin_Fem_GP_1                    OK   1.025390  0.000015453300   Normal
L_at_Amax_Fem_GP_1                    OK   1.077340 -0.000000183386   Normal
VonBert_K_Fem_GP_1                    OK   0.023927 -0.000020620200   Normal
Platoon_SD_Ratio                      OK   0.121409  0.000045339700 No_prior
SR_LN(R0)                             OK   0.109698 -0.000041887400   Normal
SR_BH_steep                           OK   0.479516  0.000000476396 Sym_Beta
Impl_err_2002                        act   0.100000  0.000000000000      dev
Impl_err_2003                        act   0.100000  0.000000000000      dev
Impl_err_2004                        act   0.100000  0.000000000000      dev
Size_DblN_peak_fishery1(1)            OK   2.364930  0.000005540660   Normal
Size_DblN_ascend_se_fishery1(1)       OK   0.235542  0.000017842400   Normal
Size_DblN_start_logit_fishery1(1)     OK  44.657100  0.000028146700   Normal
Size_DblN_peak_survey1(2)             OK   2.434170  0.000018503300   Normal
Size_DblN_ascend_se_survey1(2)        OK   0.314770  0.000016890300   Normal
Size_DblN_start_logit_survey1(2)      OK  69.546900 -0.000011520000   Normal
                                   Prior Pr_SD         Pr_Like Afterbound
L_at_Amin_Fem_GP_1                 36.00 10.00 0.0048051300000         OK
L_at_Amax_Fem_GP_1                 70.00 10.00 0.0091179100000         OK
VonBert_K_Fem_GP_1                  0.15  0.80 0.0000085497700         OK
Platoon_SD_Ratio                      NA    NA              NA         OK
SR_LN(R0)                          10.55 10.00 0.0000479141000         OK
SR_BH_steep                         0.60  0.01 0.0111856000000         OK
Impl_err_2002                         NA    NA              NA         OK
Impl_err_2003                         NA    NA              NA         OK
Impl_err_2004                         NA    NA              NA         OK
Size_DblN_peak_fishery1(1)         60.00 99.00 0.0000789082000         OK
Size_DblN_ascend_se_fishery1(1)     5.00 99.00 0.0000000788133         OK
Size_DblN_start_logit_fishery1(1) -15.00 99.00 0.0002337430000         OK
Size_DblN_peak_survey1(2)          55.00 99.00 0.0000811411000         OK
Size_DblN_ascend_se_survey1(2)      5.00 99.00 0.0000006778380         OK
Size_DblN_start_logit_survey1(2)  -15.00 99.00 0.0004157950000         OK

$maximum_gradient_component
[1] 7.92562e-05

$parameters_with_highest_gradients
                       Value     Gradient
Main_InitAge_19   -0.0693072 -7.92562e-05
Main_InitAge_8     0.0170406  6.92277e-05
Main_RecrDev_1976  0.1541140  6.73191e-05
Main_InitAge_17   -0.1014780 -5.72178e-05
Main_InitAge_9     0.0428591 -5.66117e-05

$Length_Comp_Fit_Summary
     Data_type Fleet Recommend_var_adj #  N Npos min_Nsamp max_Nsamp
1157         4     1          0.884963 # 21   18        50        50
1158         4     2          1.049880 #  9    8        50        50
     mean_Nsamp_in mean_Nsamp_adj mean_Nsamp_DM err_method err_index
1157            50             50            NA          0        NA
1158            50             50            NA          0        NA
            par1 val1 par2 val2 mean_effN HarMean Curr_Var_Adj Fleet_name
1157 multinomial   NA   NA   NA   46.7088 44.2482            1   fishery1
1158 multinomial   NA   NA   NA   52.9076 52.4941            1    survey1

$Age_Comp_Fit_Summary
     Data_type Fleet Recommend_var_adj # Nsamp_adj Npos min_Nsamp max_Nsamp
1184         5     1          0.984795 #        10    7        25        25
1185         5     2          1.057440 #         9    8        25        25
     mean_Nsamp_in mean_Nsamp_adj mean_Nsamp_DM err_method err_index
1184            25             25            NA          0        NA
1185            25             25            NA          0        NA
            par1 val1 par2 val2 mean_effN HarMean Curr_Var_Adj Fleet_name
1184 multinomial   NA   NA   NA   25.5338 24.6199            1   fishery1
1185 multinomial   NA   NA   NA   27.8462 26.4359            1    survey1

$SBzero
[1] 63709.8

$current_depletion
[1] 0.4202964

$SPRratioLabel
[1] "1-SPR"

$sigma_R_in
[1] 0.5

$sigma_R_info
           period N_devs SD_of_devs Var_of_devs   mean_SE mean_SEsquared
1            Main     48  0.2900063  0.08410364 0.4376866      0.1943945
2      Early+Main     48  0.2900063  0.08410364 0.4376866      0.1943945
3 Early+Main+Late     51  0.2811715  0.07905742 0.4413521      0.1976654
  sqrt_sum_of_components SD_of_devs_over_sigma_R sqrt_sum_over_sigma_R
1              0.5277292               0.5800125              1.055458
2              0.5277292               0.5800125              1.055458
3              0.5260445               0.5623430              1.052089
  alternative_sigma_R
1   0.527729200139645
2   0.527729200139645
3   0.526044488507602

$rmse_table
    ERA  N    RMSE RMSE_over_sigmaR mean_BiasAdj
1  main 48 0.28697         0.329406     0.209823
2 early  0 0.00000         0.000000     0.000000

$RecDev_method
[1] 1

141
