/srv
total 492452
-rw-r--r-- 1 slot1_6 slot1_6         0 Nov  4 18:38 _condor_stderr
-rw-r--r-- 1 slot1_6 slot1_6         5 Nov  4 18:38 _condor_stdout
-rw-r--r-- 1 slot1_6 slot1_6 503570432 Nov  4 18:38 linux-r4ss-v4.sif
-rw-r--r-- 1 slot1_6 slot1_6       819 Nov  4 18:38 osg-ss3-example-calcs.r
-rwxr-xr-x 1 slot1_6 slot1_6      1059 Nov  4 18:38 osg-wrapper-r.sh
drwxr-x--- 4 slot1_6 slot1_6      4096 Nov  4 18:38 scratch
drwxrwxrwt 2 slot1_6 slot1_6      4096 Nov  4 18:38 tmp
-rw-r--r-- 1 slot1_6 slot1_6    669783 Nov  4 18:38 upload.example-ss3-models.tar.gz
drwxrwxrwt 2 slot1_6 slot1_6      4096 Nov  4 18:38 var_tmp
/ss_exe:/usr/local/sbin:/usr/local/bin:/usr/sbin:/usr/bin:/sbin:/bin
output/56-Empirical_Wtatage_Age_Selex-3/
[1] "/srv/working"
[1] "output/56-Empirical_Wtatage_Age_Selex-3/"
[1] TRUE TRUE TRUE TRUE TRUE TRUE TRUE TRUE
[1] "ran model"
$SS_version
[1] "3.30.22.1;_safe;_compile_date:_Jan 30 2024;_Stock_Synthesis_by_Richard_Methot_(NOAA)_using_ADMB_13.1"

$SS_versionshort
[1] "3.30"

$SS_versionNumeric
[1] 3.3

$StartTime
[1] "StartTime: Mon Nov 4 18:38:19 2024"

$RunTime
[1] "0 hours, 0 minutes, 30 seconds."

$Files_used
[1] "Data_File: data.ss Control_File: control.ss"

$log_det_hessian
[1] 142.559

$Final_phase
[1] 5

$N_iterations
[1] 542

$Nwarnings
[1] 3

$warnings
[1] "Warning 1 Adjustment:  recdev_end: 2001 > retro_yr: 1998 reset "                                    
[2] "Note 1 Information: A revised protocol for the Fcast_yr specification is available and recommended."
[3] " 1 warning  and 1 note "                                                                            

$likelihoods_used
                           values lambdas
TOTAL                 5.05816e+02      NA
Catch                 5.40386e-12      NA
Equil_catch           0.00000e+00      NA
Survey               -3.20373e+00      NA
Age_comp              5.13745e+02      NA
Recruitment          -6.82656e+00       1
InitEQ_Regime         1.54502e-30       1
Forecast_Recruitment  0.00000e+00       1
Parm_priors           2.10082e+00       1
Parm_softbounds       3.08499e-04      NA
Parm_devs             0.00000e+00       1
Crash_Pen             0.00000e+00       1

$likelihoods_laplace
                                      values lambdas
NoBias_corr_Recruitment(info_only)  -5.29408       1
Laplace_obj_fun(info_only)         507.34900      NA

$likelihoods_by_fleet
              Label          ALL    FISHERY1   SURVEY1 SURVEY2
175    Catch_lambda           NA 1.00000e+00   1.00000 1.00000
176      Catch_like  5.40386e-12 5.40386e-12   0.00000 0.00000
177 Init_equ_lambda           NA 1.00000e+00   1.00000 1.00000
178   Init_equ_like  0.00000e+00 0.00000e+00   0.00000 0.00000
179     Surv_lambda           NA 0.00000e+00   1.00000 1.00000
180       Surv_like -3.20373e+00 0.00000e+00  -5.65515 2.45143
181      Surv_N_use           NA 0.00000e+00   8.00000 9.00000
182     Surv_N_skip           NA 0.00000e+00   1.00000 3.00000
183      Age_lambda           NA 1.00000e+00   1.00000 0.00000
184        Age_like  5.13745e+02 4.02830e+02 110.91500 0.00000
185       Age_N_use           NA 2.80000e+01   8.00000 0.00000
186      Age_N_skip           NA 3.00000e+00   1.00000 0.00000

$N_estimated_parameters
[1] 63

$table_of_phases

-99  -5  -4  -3  -2  -1   1   2   4   5 
  4   2   7  15   3   1   3  46   1  13 

$estimated_non_dev_parameters
                            Value Phase   Min Max       Init Status Parm_StDev
SR_LN(R0)               8.8180800     1   3.0  31  8.8170700     OK  0.0330887
SR_BH_steep             0.6007410     4   0.2   1  0.5960130     OK  0.0915058
LnQ_base_SURVEY1(2)     1.0017600     1  -7.0   5  0.9710140     OK  0.2555760
LnQ_base_SURVEY2(3)    -6.4940700     1  -7.0   5 -6.5907700     OK  0.3350950
AgeSel_P2_FISHERY1(1)   1.5676200     2 -10.0  10  8.1231700     OK  2.7050400
AgeSel_P3_FISHERY1(1)   1.5844400     2 -10.0  10  1.0330600     OK  0.7410380
AgeSel_P4_FISHERY1(1)  -0.0817284     2 -10.0  10  0.0878897     OK  0.5191620
AgeSel_P5_FISHERY1(1)   0.4629890     2 -10.0  10  0.8545690     OK  0.5562650
AgeSel_P6_FISHERY1(1)   0.8345240     2 -10.0  10  0.3274640     OK  0.5024840
AgeSel_P7_FISHERY1(1)  -0.2638790     2 -10.0  10  0.0965213     OK  0.5306450
AgeSel_P8_FISHERY1(1)   0.3961570     2 -10.0  10  0.0911902     OK  0.5641120
AgeSel_P9_FISHERY1(1)  -0.2594280     2 -10.0  10 -0.0448497     OK  0.5344580
AgeSel_P10_FISHERY1(1)  0.6095610     2 -10.0  10  0.5373460     OK  0.3177140
AgeSel_P2_SURVEY1(2)    2.9391100     2 -10.0  10  7.4870600     OK 21.8811000
AgeSel_P3_SURVEY1(2)    1.0995700     2 -10.0  10  0.6394300     OK  1.0160600
AgeSel_P4_SURVEY1(2)    0.8960490     2 -10.0  10  0.8466050     OK  0.6323570
AgeSel_P5_SURVEY1(2)   -1.0429300     2 -10.0  10 -0.4180010     OK  0.7820250
AgeSel_P6_SURVEY1(2)    1.3103700     2 -10.0  10  0.8670640     OK  0.6879070
AgeSel_P7_SURVEY1(2)   -2.3714400     2 -10.0  10 -2.3009400     OK  1.1999800
AgeSel_P8_SURVEY1(2)    2.1177700     2 -10.0  10  2.1331300     OK  1.2325000
AgeSel_P9_SURVEY1(2)   -0.0691609     2 -10.0  10 -0.1245860     OK  0.5893580
AgeSel_P10_SURVEY1(2)  -0.0724272     2 -10.0  10 -0.0880591     OK  0.3868640
                               Gradient  Pr_type Prior Pr_SD       Pr_Like
SR_LN(R0)               0.0000006469870 No_prior    NA    NA            NA
SR_BH_steep             0.0000000652521 Sym_Beta   0.7  0.05 -0.0000248252
LnQ_base_SURVEY1(2)    -0.0000002830720 No_prior    NA    NA            NA
LnQ_base_SURVEY2(3)     0.0000002410410 No_prior    NA    NA            NA
AgeSel_P2_FISHERY1(1)  -0.0000000121077 No_prior    NA    NA            NA
AgeSel_P3_FISHERY1(1)   0.0000003256840   Normal   0.0  3.00  0.1394690000
AgeSel_P4_FISHERY1(1)  -0.0000001018280   Normal   0.0  3.00  0.0003710850
AgeSel_P5_FISHERY1(1)   0.0000001977090   Normal   0.0  3.00  0.0119088000
AgeSel_P6_FISHERY1(1)   0.0000003437480   Normal   0.0  3.00  0.0386906000
AgeSel_P7_FISHERY1(1)   0.0000001224200   Normal   0.0  3.00  0.0038684500
AgeSel_P8_FISHERY1(1)   0.0000005136070   Normal   0.0  3.00  0.0087189000
AgeSel_P9_FISHERY1(1)   0.0000003677780   Normal   0.0  3.00  0.0037390500
AgeSel_P10_FISHERY1(1)  0.0000004111710   Normal   0.0  3.00  0.0206425000
AgeSel_P2_SURVEY1(2)   -0.0000001306230 No_prior    NA    NA            NA
AgeSel_P3_SURVEY1(2)    0.0000026736800   Normal   0.0  3.00  0.0671703000
AgeSel_P4_SURVEY1(2)    0.0000048575300   Normal   0.0  3.00  0.0446057000
AgeSel_P5_SURVEY1(2)    0.0000047494900   Normal   0.0  3.00  0.0604279000
AgeSel_P6_SURVEY1(2)    0.0000039660400   Normal   0.0  3.00  0.0953928000
AgeSel_P7_SURVEY1(2)    0.0000029379800   Normal   0.0  3.00  0.3124290000
AgeSel_P8_SURVEY1(2)    0.0000029680500   Normal   0.0  3.00  0.2491650000
AgeSel_P9_SURVEY1(2)    0.0000022283700   Normal   0.0  3.00  0.0002657350
AgeSel_P10_SURVEY1(2)   0.0000021073800   Normal   0.0  3.00  0.0002914270
                       Afterbound
SR_LN(R0)                      OK
SR_BH_steep                    OK
LnQ_base_SURVEY1(2)            OK
LnQ_base_SURVEY2(3)            OK
AgeSel_P2_FISHERY1(1)          OK
AgeSel_P3_FISHERY1(1)          OK
AgeSel_P4_FISHERY1(1)          OK
AgeSel_P5_FISHERY1(1)          OK
AgeSel_P6_FISHERY1(1)          OK
AgeSel_P7_FISHERY1(1)          OK
AgeSel_P8_FISHERY1(1)          OK
AgeSel_P9_FISHERY1(1)          OK
AgeSel_P10_FISHERY1(1)         OK
AgeSel_P2_SURVEY1(2)           OK
AgeSel_P3_SURVEY1(2)           OK
AgeSel_P4_SURVEY1(2)           OK
AgeSel_P5_SURVEY1(2)           OK
AgeSel_P6_SURVEY1(2)           OK
AgeSel_P7_SURVEY1(2)           OK
AgeSel_P8_SURVEY1(2)           OK
AgeSel_P9_SURVEY1(2)           OK
AgeSel_P10_SURVEY1(2)          OK

$maximum_gradient_component
[1] 4.85753e-06

$parameters_with_highest_gradients
                         Value    Gradient
AgeSel_P4_SURVEY1(2)  0.896049 4.85753e-06
AgeSel_P5_SURVEY1(2) -1.042930 4.74949e-06
AgeSel_P6_SURVEY1(2)  1.310370 3.96604e-06
AgeSel_P8_SURVEY1(2)  2.117770 2.96805e-06
AgeSel_P7_SURVEY1(2) -2.371440 2.93798e-06

$Age_Comp_Fit_Summary
     Data_type Fleet Recommend_var_adj # Nsamp_adj Npos min_Nsamp max_Nsamp
1304         5     1           1.04704 #        31   28        75        75
1305         5     2           1.11086 #         9    8        75        75
     mean_Nsamp_in mean_Nsamp_adj mean_Nsamp_DM err_method err_index
1304            75             75            NA          0        NA
1305            75             75            NA          0        NA
            par1 val1 par2 val2 mean_effN HarMean Curr_Var_Adj Fleet_name
1304 multinomial   NA   NA   NA   84.6282 78.5278            1   FISHERY1
1305 multinomial   NA   NA   NA   92.1437 83.3148            1    SURVEY1

$SBzero
[1] 50061.2

$current_depletion
[1] 0.08413062

$SPRratioLabel
[1] "(1-SPR)/(1-SPR_40%)"

$sigma_R_in
[1] 0.6

$sigma_R_info
           period N_devs SD_of_devs Var_of_devs   mean_SE mean_SEsquared
1            Main     28  0.4901437   0.2402409 0.3402950      0.1201401
2      Early+Main     28  0.4901437   0.2402409 0.3402950      0.1201401
3 Early+Main+Late     31  0.4649912   0.2162168 0.3654278      0.1433523
  sqrt_sum_of_components SD_of_devs_over_sigma_R sqrt_sum_over_sigma_R
1              0.6003174               0.8169062             1.0005290
2              0.6003174               0.8169062             1.0005290
3              0.5996408               0.7749853             0.9994014
  alternative_sigma_R
1   0.600317386501607
2   0.600317386501607
3   0.599640831174098

$rmse_table
    ERA  N     RMSE RMSE_over_sigmaR mean_BiasAdj
1  main 28 0.481312         0.643503            1
2 early  0 0.000000         0.000000            0

$RecDev_method
[1] 1

33
