/srv
total 492925
-rw-r--r--. 1 osg osg         0 Nov  4 19:44 _condor_stderr
-rw-r--r--. 1 osg osg         5 Nov  4 19:44 _condor_stdout
-rw-r--r--. 1 osg osg 503570432 Nov  4 19:44 linux-r4ss-v4.sif
-rw-r--r--. 1 osg osg       819 Nov  4 19:38 osg-ss3-example-calcs.r
-rwxr-xr-x. 1 osg osg      1059 Nov  4 19:38 osg-wrapper-r.sh
drwxr-x---. 4 osg osg         4 Nov  4 19:44 scratch
drwxrwxrwt. 2 osg osg         2 Nov  4 19:44 tmp
-rw-r--r--. 1 osg osg    669783 Nov  4 19:38 upload.example-ss3-models.tar.gz
drwxrwxrwt. 2 osg osg         2 Nov  4 19:44 var_tmp
/ss_exe:/usr/local/sbin:/usr/local/bin:/usr/sbin:/usr/bin:/sbin:/bin
output/20-Empirical_Wtatage_Age_Selex-1/
[1] "/srv/working"
[1] "output/20-Empirical_Wtatage_Age_Selex-1/"
[1] TRUE TRUE TRUE TRUE TRUE TRUE TRUE TRUE
[1] "ran model"
$SS_version
[1] "3.30.22.1;_safe;_compile_date:_Jan 30 2024;_Stock_Synthesis_by_Richard_Methot_(NOAA)_using_ADMB_13.1"

$SS_versionshort
[1] "3.30"

$SS_versionNumeric
[1] 3.3

$StartTime
[1] "StartTime: Mon Nov 4 19:44:10 2024"

$RunTime
[1] "0 hours, 0 minutes, 27 seconds."

$Files_used
[1] "Data_File: data.ss Control_File: control.ss"

$log_det_hessian
[1] 140.854

$Final_phase
[1] 5

$N_iterations
[1] 509

$Nwarnings
[1] 3

$warnings
[1] "Warning 1 Adjustment:  recdev_end: 2001 > retro_yr: 2000 reset "                                    
[2] "Note 1 Information: A revised protocol for the Fcast_yr specification is available and recommended."
[3] " 1 warning  and 1 note "                                                                            

$likelihoods_used
                                    values lambdas
TOTAL                537.66099999999994452      NA
Catch                  0.00000000000856668      NA
Equil_catch            0.00000000000000000      NA
Survey                -1.98377000000000003      NA
Age_comp             544.27999999999997272      NA
Recruitment           -6.62917000000000023       1
InitEQ_Regime          0.00000000000000000       1
Forecast_Recruitment   0.00000000000000000       1
Parm_priors            1.99255000000000004       1
Parm_softbounds        0.00189633000000000      NA
Parm_devs              0.00000000000000000       1
Crash_Pen              0.00000000000000000       1

$likelihoods_laplace
                                      values lambdas
NoBias_corr_Recruitment(info_only)  -6.11835       1
Laplace_obj_fun(info_only)         538.17200      NA

$likelihoods_by_fleet
              Label          ALL    FISHERY1   SURVEY1  SURVEY2
175    Catch_lambda           NA 1.00000e+00   1.00000  1.00000
176      Catch_like  8.56668e-12 8.56668e-12   0.00000  0.00000
177 Init_equ_lambda           NA 1.00000e+00   1.00000  1.00000
178   Init_equ_like  0.00000e+00 0.00000e+00   0.00000  0.00000
179     Surv_lambda           NA 0.00000e+00   1.00000  1.00000
180       Surv_like -1.98377e+00 0.00000e+00  -5.82793  3.84415
181      Surv_N_use           NA 0.00000e+00   8.00000 11.00000
182     Surv_N_skip           NA 0.00000e+00   1.00000  1.00000
183      Age_lambda           NA 1.00000e+00   1.00000  0.00000
184        Age_like  5.44280e+02 4.33218e+02 111.06200  0.00000
185       Age_N_use           NA 3.00000e+01   8.00000  0.00000
186      Age_N_skip           NA 1.00000e+00   1.00000  0.00000

$N_estimated_parameters
[1] 63

$table_of_phases

-99  -5  -4  -3  -2  -1   1   2   4   5 
  4   2   7  15   3   1   3  48   1  11 

$estimated_non_dev_parameters
                            Value Phase   Min Max       Init Status Parm_StDev
SR_LN(R0)               8.8128000     1   3.0  31  8.8170700     OK  0.0326503
SR_BH_steep             0.5649700     4   0.2   1  0.5960130     OK  0.0786348
LnQ_base_SURVEY1(2)     1.0503900     1  -7.0   5  0.9710140     OK  0.2513310
LnQ_base_SURVEY2(3)    -6.3944400     1  -7.0   5 -6.5907700     OK  0.3375220
AgeSel_P2_FISHERY1(1)   7.9851800     2 -10.0  10  8.1231700     OK 38.0606000
AgeSel_P3_FISHERY1(1)   0.9854880     2 -10.0  10  1.0330600     OK  0.5831250
AgeSel_P4_FISHERY1(1)   0.0609771     2 -10.0  10  0.0878897     OK  0.5125160
AgeSel_P5_FISHERY1(1)   0.8512560     2 -10.0  10  0.8545690     OK  0.4494770
AgeSel_P6_FISHERY1(1)   0.4400150     2 -10.0  10  0.3274640     OK  0.3823940
AgeSel_P7_FISHERY1(1)  -0.1891470     2 -10.0  10  0.0965213     OK  0.4878980
AgeSel_P8_FISHERY1(1)   0.4627990     2 -10.0  10  0.0911902     OK  0.5274380
AgeSel_P9_FISHERY1(1)  -0.3342430     2 -10.0  10 -0.0448497     OK  0.5214780
AgeSel_P10_FISHERY1(1)  0.6401100     2 -10.0  10  0.5373460     OK  0.3187620
AgeSel_P2_SURVEY1(2)    7.1224900     2 -10.0  10  7.4870600     OK 49.1614000
AgeSel_P3_SURVEY1(2)    0.7263750     2 -10.0  10  0.6394300     OK  0.6501010
AgeSel_P4_SURVEY1(2)    1.0130800     2 -10.0  10  0.8466050     OK  0.5979730
AgeSel_P5_SURVEY1(2)   -0.9788190     2 -10.0  10 -0.4180010     OK  0.7307370
AgeSel_P6_SURVEY1(2)    1.2919500     2 -10.0  10  0.8670640     OK  0.6605020
AgeSel_P7_SURVEY1(2)   -2.3717200     2 -10.0  10 -2.3009400     OK  1.1910700
AgeSel_P8_SURVEY1(2)    2.1414500     2 -10.0  10  2.1331300     OK  1.2188700
AgeSel_P9_SURVEY1(2)   -0.1092560     2 -10.0  10 -0.1245860     OK  0.5807060
AgeSel_P10_SURVEY1(2)  -0.0675810     2 -10.0  10 -0.0880591     OK  0.3853520
                                Gradient  Pr_type Prior Pr_SD     Pr_Like
SR_LN(R0)               0.00001040490000 No_prior    NA    NA          NA
SR_BH_steep            -0.00000001787470 Sym_Beta   0.7  0.05 0.000359767
LnQ_base_SURVEY1(2)    -0.00000023653200 No_prior    NA    NA          NA
LnQ_base_SURVEY2(3)    -0.00000000297541 No_prior    NA    NA          NA
AgeSel_P2_FISHERY1(1)   0.00000001921040 No_prior    NA    NA          NA
AgeSel_P3_FISHERY1(1)   0.00000025999900   Normal   0.0  3.00 0.053954800
AgeSel_P4_FISHERY1(1)   0.00000039166000   Normal   0.0  3.00 0.000206567
AgeSel_P5_FISHERY1(1)   0.00000080898300   Normal   0.0  3.00 0.040257600
AgeSel_P6_FISHERY1(1)   0.00000103151000   Normal   0.0  3.00 0.010756300
AgeSel_P7_FISHERY1(1)   0.00000115353000   Normal   0.0  3.00 0.001987600
AgeSel_P8_FISHERY1(1)   0.00000131311000   Normal   0.0  3.00 0.011899100
AgeSel_P9_FISHERY1(1)   0.00000108678000   Normal   0.0  3.00 0.006206570
AgeSel_P10_FISHERY1(1)  0.00000121008000   Normal   0.0  3.00 0.022763400
AgeSel_P2_SURVEY1(2)    0.00000002125160 No_prior    NA    NA          NA
AgeSel_P3_SURVEY1(2)    0.00000019552900   Normal   0.0  3.00 0.029312300
AgeSel_P4_SURVEY1(2)    0.00000025462600   Normal   0.0  3.00 0.057018400
AgeSel_P5_SURVEY1(2)    0.00000056282000   Normal   0.0  3.00 0.053227000
AgeSel_P6_SURVEY1(2)    0.00000036540900   Normal   0.0  3.00 0.092729400
AgeSel_P7_SURVEY1(2)   -0.00000012193100   Normal   0.0  3.00 0.312503000
AgeSel_P8_SURVEY1(2)   -0.00000001819660   Normal   0.0  3.00 0.254766000
AgeSel_P9_SURVEY1(2)    0.00000013190300   Normal   0.0  3.00 0.000663154
AgeSel_P10_SURVEY1(2)   0.00000021305200   Normal   0.0  3.00 0.000253733
                       Afterbound
SR_LN(R0)                      OK
SR_BH_steep                    OK
LnQ_base_SURVEY1(2)            OK
LnQ_base_SURVEY2(3)            OK
AgeSel_P2_FISHERY1(1)          OK
AgeSel_P3_FISHERY1(1)          OK
AgeSel_P4_FISHERY1(1)          OK
AgeSel_P5_FISHERY1(1)          OK
AgeSel_P6_FISHERY1(1)          OK
AgeSel_P7_FISHERY1(1)          OK
AgeSel_P8_FISHERY1(1)          OK
AgeSel_P9_FISHERY1(1)          OK
AgeSel_P10_FISHERY1(1)         OK
AgeSel_P2_SURVEY1(2)           OK
AgeSel_P3_SURVEY1(2)           OK
AgeSel_P4_SURVEY1(2)           OK
AgeSel_P5_SURVEY1(2)           OK
AgeSel_P6_SURVEY1(2)           OK
AgeSel_P7_SURVEY1(2)           OK
AgeSel_P8_SURVEY1(2)           OK
AgeSel_P9_SURVEY1(2)           OK
AgeSel_P10_SURVEY1(2)          OK

$maximum_gradient_component
[1] 1.04049e-05

$parameters_with_highest_gradients
                           Value    Gradient
SR_LN(R0)               8.812800 1.04049e-05
AgeSel_P8_FISHERY1(1)   0.462799 1.31311e-06
AgeSel_P10_FISHERY1(1)  0.640110 1.21008e-06
AgeSel_P7_FISHERY1(1)  -0.189147 1.15353e-06
AgeSel_P9_FISHERY1(1)  -0.334243 1.08678e-06

$Age_Comp_Fit_Summary
     Data_type Fleet Recommend_var_adj # Nsamp_adj Npos min_Nsamp max_Nsamp
1304         5     1           1.03933 #        31   30        75        75
1305         5     2           1.11309 #         9    8        75        75
     mean_Nsamp_in mean_Nsamp_adj mean_Nsamp_DM err_method err_index
1304            75             75            NA          0        NA
1305            75             75            NA          0        NA
            par1 val1 par2 val2 mean_effN HarMean Curr_Var_Adj Fleet_name
1304 multinomial   NA   NA   NA   83.2159 77.9497            1   FISHERY1
1305 multinomial   NA   NA   NA   92.6667 83.4814            1    SURVEY1

$SBzero
[1] 49797.6

$current_depletion
[1] 0.06602246

$SPRratioLabel
[1] "(1-SPR)/(1-SPR_40%)"

$sigma_R_in
[1] 0.6

$sigma_R_info
           period N_devs SD_of_devs Var_of_devs   mean_SE mean_SEsquared
1            Main     30  0.4780932   0.2285731 0.3295379      0.1136798
2      Early+Main     30  0.4780932   0.2285731 0.3295379      0.1136798
3 Early+Main+Late     31  0.4700575   0.2209540 0.3382625      0.1216256
  sqrt_sum_of_components SD_of_devs_over_sigma_R sqrt_sum_over_sigma_R
1              0.5850239               0.7968221             0.9750398
2              0.5850239               0.7968221             0.9750398
3              0.5853031               0.7834291             0.9755051
  alternative_sigma_R
1   0.585023907313619
2   0.585023907313619
3   0.585303066215327

$rmse_table
    ERA  N     RMSE RMSE_over_sigmaR mean_BiasAdj
1  main 30 0.470058         0.613761            1
2 early  0 0.000000         0.000000            0

$RecDev_method
[1] 1

31
