/srv
total 492452
-rw-r--r-- 1 slot1_26 slot1_26         0 Nov  4 18:38 _condor_stderr
-rw-r--r-- 1 slot1_26 slot1_26         5 Nov  4 18:38 _condor_stdout
-rw-r--r-- 1 slot1_26 slot1_26 503570432 Nov  4 18:38 linux-r4ss-v4.sif
-rw-r--r-- 1 slot1_26 slot1_26       819 Nov  4 18:38 osg-ss3-example-calcs.r
-rwxr-xr-x 1 slot1_26 slot1_26      1059 Nov  4 18:38 osg-wrapper-r.sh
drwxr-x--- 4 slot1_26 slot1_26      4096 Nov  4 18:38 scratch
drwxrwxrwt 2 slot1_26 slot1_26      4096 Nov  4 18:38 tmp
-rw-r--r-- 1 slot1_26 slot1_26    669783 Nov  4 18:38 upload.example-ss3-models.tar.gz
drwxrwxrwt 2 slot1_26 slot1_26      4096 Nov  4 18:38 var_tmp
/ss_exe:/usr/local/sbin:/usr/local/bin:/usr/sbin:/usr/bin:/sbin:/bin
output/35-vermillion_snapper-1/
[1] "/srv/working"
[1] "output/35-vermillion_snapper-1/"
[1] TRUE TRUE TRUE TRUE TRUE TRUE TRUE
[1] "ran model"
$SS_version
[1] "3.30.22.1;_safe;_compile_date:_Jan 30 2024;_Stock_Synthesis_by_Richard_Methot_(NOAA)_using_ADMB_13.1"

$SS_versionshort
[1] "3.30"

$SS_versionNumeric
[1] 3.3

$StartTime
[1] "StartTime: Mon Nov 4 18:38:28 2024"

$RunTime
[1] "0 hours, 1 minutes, 4 seconds."

$Files_used
[1] "Data_File: vermilion.dat Control_File: vermilion.ctl"

$log_det_hessian
[1] 3571.75

$Final_phase
[1] 5

$N_iterations
[1] 2426

$Nwarnings
[1] 12

$warnings
 [1] "Warning 1 : At least one block pattern ends in endyr. Check the output parameter value time series to see if the values in forecast years are as intended."
 [2] "Warning 2 : bias adjustment ramp extends into forecast; biasadj set to 0.0 internally for forecast years"                                                  
 [3] "Note 1 Information: Forecast devs will be applied to mean base recruitment over range of historical years in forecast.ss"                                  
 [4] "Warning 3 Adjustment:  recdev_end: 2017 > retro_yr: 2016 reset "                                                                                           
 [5] "Warning 4 Adjustment: Fcast recr option is 3 or 4 and recdev_end: 2016 < endyr: 2017 reset "                                                               
 [6] "Warning 5 Adjustment: setting positive forecast relF for bycatch fleet: 4"                                                                                 
 [7] "Warning 6 Adjustment: setting positive forecast relF for bycatch fleet: 4"                                                                                 
 [8] "Warning 7 : Final gradient: 0.000397712 is larger than final_conv: 0.0001"                                                                                 
 [9] "Warning 8 Adjustment: setting positive forecast relF for bycatch fleet: 4"                                                                                 
[10] "Note 2 Information: A revised protocol for the Fcast_yr specification is available and recommended."                                                       
[11] "Warning 9 Adjustment: setting positive forecast relF for bycatch fleet: 4"                                                                                 
[12] " 9 warnings  and 2 notes "                                                                                                                                 

$likelihoods_used
                           values lambdas
TOTAL                345.82500000      NA
Catch                  3.04143000      NA
Equil_catch            0.00000000      NA
Survey                24.02880000      NA
Discard               -1.58779000      NA
Length_comp           81.06510000      NA
Age_comp             252.38700000      NA
Recruitment          -13.11760000       1
InitEQ_Regime          0.00000000       1
Forecast_Recruitment   0.00000000       1
Parm_priors            0.00000000       1
Parm_softbounds        0.00749427      NA
Parm_devs              0.00000000       1
Crash_Pen              0.00000000       1

$likelihoods_laplace
                                     values lambdas
NoBias_corr_Recruitment(info_only) -17.0487       1
Laplace_obj_fun(info_only)         341.8940      NA

$likelihoods_by_fleet
              Label       ALL       CM_E        CM_W       REC   SMP_BYC
184    Catch_lambda        NA   1.000000    1.000000   1.00000   1.00000
185      Catch_like   3.04143   0.345552    0.133258   2.56262   0.00000
186 Init_equ_lambda        NA   1.000000    1.000000   1.00000   1.00000
187   Init_equ_like   0.00000   0.000000    0.000000   0.00000   0.00000
188     Surv_lambda        NA   1.000000    1.000000   1.00000   1.00000
189       Surv_like  24.02880  -9.932900   -8.893340   7.33747 -99.71580
190      Surv_N_use        NA  14.000000   14.000000  31.00000  67.00000
191     Surv_N_skip        NA   0.000000    0.000000   1.00000   1.00000
192     Disc_lambda        NA   0.000000    0.000000   0.00000   1.00000
193       Disc_like  -1.58779 730.774000 1542.910000 480.90000  -1.58779
194      Disc_N_use        NA  24.000000   24.000000  35.00000   1.00000
195     Disc_N_skip        NA   1.000000    1.000000   1.00000  45.00000
196   Length_lambda        NA   0.000000    0.000000   0.00000   0.00000
197     Length_like  81.06510   0.000000    0.000000   0.00000   0.00000
198    Length_N_use        NA   0.000000    0.000000   0.00000   0.00000
199   Length_N_skip        NA   0.000000    0.000000   0.00000   0.00000
200      Age_lambda        NA   1.000000    1.000000   1.00000   0.00000
201        Age_like 252.38700  82.836800   96.614800  72.93570   0.00000
202       Age_N_use        NA  19.000000   19.000000  23.00000   0.00000
203      Age_N_skip        NA   1.000000    1.000000   1.00000   0.00000
       HB_E     HB_W  LARVAL   VIDEO   SEAMAP
184  1.0000  1.00000  1.0000  1.0000  1.00000
185  0.0000  0.00000  0.0000  0.0000  0.00000
186  1.0000  1.00000  1.0000  1.0000  1.00000
187  0.0000  0.00000  0.0000  0.0000  0.00000
188  1.0000  1.00000  1.0000  1.0000  1.00000
189 32.8463 -6.25857 10.7131 96.9043  1.02815
190 31.0000 31.00000 22.0000 19.0000  8.00000
191  1.0000  1.00000  0.0000  1.0000  1.00000
192  0.0000  0.00000  0.0000  0.0000  0.00000
193  0.0000  0.00000  0.0000  0.0000  0.00000
194  0.0000  0.00000  0.0000  0.0000  0.00000
195  0.0000  0.00000  0.0000  0.0000  0.00000
196  0.0000  0.00000  0.0000  1.0000  1.00000
197  0.0000  0.00000  0.0000 45.7488 35.31630
198  0.0000  0.00000  0.0000 14.0000  8.00000
199  0.0000  0.00000  0.0000  1.0000  1.00000
200  0.0000  0.00000  0.0000  0.0000  0.00000
201  0.0000  0.00000  0.0000  0.0000  0.00000
202  0.0000  0.00000  0.0000  0.0000  0.00000
203  0.0000  0.00000  0.0000  0.0000  0.00000

$N_estimated_parameters
[1] 325

$table_of_phases

 -4  -3  -2  -1   1   2   3   5 
 38  10  14  21 275   7  33  10 

$estimated_non_dev_parameters
                                         Value Phase    Min   Max       Init
SR_LN(R0)                      10.219400000000     1   0.00 13.82  10.210900
SR_BH_steep                     0.746335000000     2   0.22  0.96   0.729779
F_fleet_1_YR_1950_s_1           0.000033469800     1   0.00  3.00   0.050000
F_fleet_1_YR_1951_s_1           0.000066894100     1   0.00  3.00   0.050000
F_fleet_1_YR_1952_s_1           0.000101449000     1   0.00  3.00   0.050000
F_fleet_1_YR_1953_s_1           0.000136648000     1   0.00  3.00   0.050000
F_fleet_1_YR_1954_s_1           0.000173222000     1   0.00  3.00   0.050000
F_fleet_1_YR_1955_s_1           0.000211031000     1   0.00  3.00   0.050000
F_fleet_1_YR_1956_s_1           0.000249886000     1   0.00  3.00   0.050000
F_fleet_1_YR_1957_s_1           0.000290789000     1   0.00  3.00   0.050000
F_fleet_1_YR_1958_s_1           0.000333932000     1   0.00  3.00   0.050000
F_fleet_1_YR_1959_s_1           0.000379420000     1   0.00  3.00   0.050000
F_fleet_1_YR_1960_s_1           0.000428152000     1   0.00  3.00   0.050000
F_fleet_1_YR_1961_s_1           0.000478347000     1   0.00  3.00   0.050000
F_fleet_1_YR_1962_s_1           0.000528269000     1   0.00  3.00   0.050000
F_fleet_1_YR_1963_s_1           0.000575776000     1   0.00  3.00   0.050000
F_fleet_1_YR_1964_s_1           0.000637069000     1   0.00  3.00   0.050000
F_fleet_1_YR_1965_s_1           0.000640591000     1   0.00  3.00   0.050000
F_fleet_1_YR_1966_s_1           0.000338422000     1   0.00  3.00   0.050000
F_fleet_1_YR_1967_s_1           0.000694607000     1   0.00  3.00   0.050000
F_fleet_1_YR_1968_s_1           0.001400400000     1   0.00  3.00   0.050000
F_fleet_1_YR_1969_s_1           0.001811830000     1   0.00  3.00   0.050000
F_fleet_1_YR_1970_s_1           0.001719170000     1   0.00  3.00   0.050000
F_fleet_1_YR_1971_s_1           0.001909160000     1   0.00  3.00   0.050000
F_fleet_1_YR_1972_s_1           0.001709190000     1   0.00  3.00   0.050000
F_fleet_1_YR_1973_s_1           0.002916070000     1   0.00  3.00   0.050000
F_fleet_1_YR_1974_s_1           0.002797440000     1   0.00  3.00   0.050000
F_fleet_1_YR_1975_s_1           0.006158120000     1   0.00  3.00   0.050000
F_fleet_1_YR_1976_s_1           0.005473680000     1   0.00  3.00   0.050000
F_fleet_1_YR_1977_s_1           0.007515360000     1   0.00  3.00   0.050000
F_fleet_1_YR_1978_s_1           0.006563050000     1   0.00  3.00   0.050000
F_fleet_1_YR_1979_s_1           0.005088120000     1   0.00  3.00   0.050000
F_fleet_1_YR_1980_s_1           0.003781360000     1   0.00  3.00   0.050000
F_fleet_1_YR_1981_s_1           0.005572760000     1   0.00  3.00   0.050000
F_fleet_1_YR_1982_s_1           0.005869150000     1   0.00  3.00   0.050000
F_fleet_1_YR_1983_s_1           0.009406560000     1   0.00  3.00   0.050000
F_fleet_1_YR_1984_s_1           0.013527600000     1   0.00  3.00   0.050000
F_fleet_1_YR_1985_s_1           0.017739800000     1   0.00  3.00   0.050000
F_fleet_1_YR_1986_s_1           0.019092300000     1   0.00  3.00   0.050000
F_fleet_1_YR_1987_s_1           0.015641500000     1   0.00  3.00   0.050000
F_fleet_1_YR_1988_s_1           0.015241500000     1   0.00  3.00   0.050000
F_fleet_1_YR_1989_s_1           0.015489200000     1   0.00  3.00   0.050000
F_fleet_1_YR_1990_s_1           0.039016300000     1   0.00  3.00   0.050000
F_fleet_1_YR_1991_s_1           0.033080400000     1   0.00  3.00   0.050000
F_fleet_1_YR_1992_s_1           0.044544900000     1   0.00  3.00   0.050000
F_fleet_1_YR_1993_s_1           0.065750700000     1   0.00  3.00   0.050000
F_fleet_1_YR_1994_s_1           0.067877000000     1   0.00  3.00   0.050000
F_fleet_1_YR_1995_s_1           0.071161900000     1   0.00  3.00   0.050000
F_fleet_1_YR_1996_s_1           0.060475600000     1   0.00  3.00   0.050000
F_fleet_1_YR_1997_s_1           0.060023900000     1   0.00  3.00   0.050000
F_fleet_1_YR_1998_s_1           0.050339900000     1   0.00  3.00   0.050000
F_fleet_1_YR_1999_s_1           0.061646400000     1   0.00  3.00   0.050000
F_fleet_1_YR_2000_s_1           0.048991800000     1   0.00  3.00   0.050000
F_fleet_1_YR_2001_s_1           0.055071800000     1   0.00  3.00   0.050000
F_fleet_1_YR_2002_s_1           0.064063100000     1   0.00  3.00   0.050000
F_fleet_1_YR_2003_s_1           0.071927700000     1   0.00  3.00   0.050000
F_fleet_1_YR_2004_s_1           0.056924700000     1   0.00  3.00   0.050000
F_fleet_1_YR_2005_s_1           0.083939100000     1   0.00  3.00   0.050000
F_fleet_1_YR_2006_s_1           0.089623700000     1   0.00  3.00   0.050000
F_fleet_1_YR_2007_s_1           0.090466500000     1   0.00  3.00   0.050000
F_fleet_1_YR_2008_s_1           0.101185000000     1   0.00  3.00   0.050000
F_fleet_1_YR_2009_s_1           0.149831000000     1   0.00  3.00   0.050000
F_fleet_1_YR_2010_s_1           0.071972300000     1   0.00  3.00   0.050000
F_fleet_1_YR_2011_s_1           0.139097000000     1   0.00  3.00   0.050000
F_fleet_1_YR_2012_s_1           0.099502900000     1   0.00  3.00   0.050000
F_fleet_1_YR_2013_s_1           0.056432200000     1   0.00  3.00   0.050000
F_fleet_1_YR_2014_s_1           0.062875200000     1   0.00  3.00   0.050000
F_fleet_1_YR_2015_s_1           0.033807400000     1   0.00  3.00   0.050000
F_fleet_1_YR_2016_s_1           0.036860800000     1   0.00  3.00   0.050000
F_fleet_1_YR_2017_s_1           0.038091700000     1   0.00  3.00   0.050000
F_fleet_2_YR_1950_s_1           0.000029698500     1   0.00  3.00   0.050000
F_fleet_2_YR_1951_s_1           0.000059490900     1   0.00  3.00   0.050000
F_fleet_2_YR_1952_s_1           0.000089626700     1   0.00  3.00   0.050000
F_fleet_2_YR_1953_s_1           0.000120509000     1   0.00  3.00   0.050000
F_fleet_2_YR_1954_s_1           0.000152411000     1   0.00  3.00   0.050000
F_fleet_2_YR_1955_s_1           0.000185418000     1   0.00  3.00   0.050000
F_fleet_2_YR_1956_s_1           0.000219580000     1   0.00  3.00   0.050000
F_fleet_2_YR_1957_s_1           0.000255098000     1   0.00  3.00   0.050000
F_fleet_2_YR_1958_s_1           0.000292228000     1   0.00  3.00   0.050000
F_fleet_2_YR_1959_s_1           0.000331414000     1   0.00  3.00   0.050000
F_fleet_2_YR_1960_s_1           0.000373042000     1   0.00  3.00   0.050000
F_fleet_2_YR_1961_s_1           0.000417151000     1   0.00  3.00   0.050000
F_fleet_2_YR_1962_s_1           0.000462863000     1   0.00  3.00   0.050000
F_fleet_2_YR_1963_s_1           0.000508276000     1   0.00  3.00   0.050000
F_fleet_2_YR_1964_s_1           0.000539000000     1   0.00  3.00   0.050000
F_fleet_2_YR_1965_s_1           0.000481270000     1   0.00  3.00   0.050000
F_fleet_2_YR_1966_s_1           0.000156177000     1   0.00  3.00   0.050000
F_fleet_2_YR_1967_s_1           0.000374283000     1   0.00  3.00   0.050000
F_fleet_2_YR_1968_s_1           0.001211100000     1   0.00  3.00   0.050000
F_fleet_2_YR_1969_s_1           0.000662480000     1   0.00  3.00   0.050000
F_fleet_2_YR_1970_s_1           0.001103800000     1   0.00  3.00   0.050000
F_fleet_2_YR_1971_s_1           0.001215290000     1   0.00  3.00   0.050000
F_fleet_2_YR_1972_s_1           0.001195790000     1   0.00  3.00   0.050000
F_fleet_2_YR_1973_s_1           0.001434450000     1   0.00  3.00   0.050000
F_fleet_2_YR_1974_s_1           0.001767980000     1   0.00  3.00   0.050000
F_fleet_2_YR_1975_s_1           0.002931510000     1   0.00  3.00   0.050000
F_fleet_2_YR_1976_s_1           0.001643270000     1   0.00  3.00   0.050000
F_fleet_2_YR_1977_s_1           0.005374200000     1   0.00  3.00   0.050000
F_fleet_2_YR_1978_s_1           0.004566250000     1   0.00  3.00   0.050000
F_fleet_2_YR_1979_s_1           0.006261140000     1   0.00  3.00   0.050000
F_fleet_2_YR_1980_s_1           0.004281450000     1   0.00  3.00   0.050000
F_fleet_2_YR_1981_s_1           0.003388130000     1   0.00  3.00   0.050000
F_fleet_2_YR_1982_s_1           0.004380880000     1   0.00  3.00   0.050000
F_fleet_2_YR_1983_s_1           0.004941500000     1   0.00  3.00   0.050000
F_fleet_2_YR_1984_s_1           0.026642400000     1   0.00  3.00   0.050000
F_fleet_2_YR_1985_s_1           0.024114400000     1   0.00  3.00   0.050000
F_fleet_2_YR_1986_s_1           0.032286000000     1   0.00  3.00   0.050000
F_fleet_2_YR_1987_s_1           0.036685200000     1   0.00  3.00   0.050000
F_fleet_2_YR_1988_s_1           0.038811200000     1   0.00  3.00   0.050000
F_fleet_2_YR_1989_s_1           0.041673600000     1   0.00  3.00   0.050000
F_fleet_2_YR_1990_s_1           0.042517000000     1   0.00  3.00   0.050000
F_fleet_2_YR_1991_s_1           0.037540200000     1   0.00  3.00   0.050000
F_fleet_2_YR_1992_s_1           0.051906900000     1   0.00  3.00   0.050000
F_fleet_2_YR_1993_s_1           0.054318300000     1   0.00  3.00   0.050000
F_fleet_2_YR_1994_s_1           0.059527800000     1   0.00  3.00   0.050000
F_fleet_2_YR_1995_s_1           0.040558500000     1   0.00  3.00   0.050000
F_fleet_2_YR_1996_s_1           0.043584800000     1   0.00  3.00   0.050000
F_fleet_2_YR_1997_s_1           0.078457100000     1   0.00  3.00   0.050000
F_fleet_2_YR_1998_s_1           0.072064700000     1   0.00  3.00   0.050000
F_fleet_2_YR_1999_s_1           0.096720000000     1   0.00  3.00   0.050000
F_fleet_2_YR_2000_s_1           0.071685400000     1   0.00  3.00   0.050000
F_fleet_2_YR_2001_s_1           0.088858600000     1   0.00  3.00   0.050000
F_fleet_2_YR_2002_s_1           0.099807600000     1   0.00  3.00   0.050000
F_fleet_2_YR_2003_s_1           0.121789000000     1   0.00  3.00   0.050000
F_fleet_2_YR_2004_s_1           0.113508000000     1   0.00  3.00   0.050000
F_fleet_2_YR_2005_s_1           0.103724000000     1   0.00  3.00   0.050000
F_fleet_2_YR_2006_s_1           0.069178600000     1   0.00  3.00   0.050000
F_fleet_2_YR_2007_s_1           0.123979000000     1   0.00  3.00   0.050000
F_fleet_2_YR_2008_s_1           0.084240000000     1   0.00  3.00   0.050000
F_fleet_2_YR_2009_s_1           0.078253600000     1   0.00  3.00   0.050000
F_fleet_2_YR_2010_s_1           0.060334100000     1   0.00  3.00   0.050000
F_fleet_2_YR_2011_s_1           0.056104300000     1   0.00  3.00   0.050000
F_fleet_2_YR_2012_s_1           0.070717500000     1   0.00  3.00   0.050000
F_fleet_2_YR_2013_s_1           0.042998800000     1   0.00  3.00   0.050000
F_fleet_2_YR_2014_s_1           0.055861300000     1   0.00  3.00   0.050000
F_fleet_2_YR_2015_s_1           0.054295500000     1   0.00  3.00   0.050000
F_fleet_2_YR_2016_s_1           0.053338500000     1   0.00  3.00   0.050000
F_fleet_2_YR_2017_s_1           0.042128600000     1   0.00  3.00   0.050000
F_fleet_3_YR_1950_s_1           0.000145473000     1   0.00  3.00   0.050000
F_fleet_3_YR_1951_s_1           0.000394908000     1   0.00  3.00   0.050000
F_fleet_3_YR_1952_s_1           0.000654866000     1   0.00  3.00   0.050000
F_fleet_3_YR_1953_s_1           0.000925960000     1   0.00  3.00   0.050000
F_fleet_3_YR_1954_s_1           0.001207040000     1   0.00  3.00   0.050000
F_fleet_3_YR_1955_s_1           0.001499720000     1   0.00  3.00   0.050000
F_fleet_3_YR_1956_s_1           0.001804470000     1   0.00  3.00   0.050000
F_fleet_3_YR_1957_s_1           0.002124990000     1   0.00  3.00   0.050000
F_fleet_3_YR_1958_s_1           0.002468100000     1   0.00  3.00   0.050000
F_fleet_3_YR_1959_s_1           0.002838820000     1   0.00  3.00   0.050000
F_fleet_3_YR_1960_s_1           0.003234080000     1   0.00  3.00   0.050000
F_fleet_3_YR_1961_s_1           0.003630200000     1   0.00  3.00   0.050000
F_fleet_3_YR_1962_s_1           0.003984580000     1   0.00  3.00   0.050000
F_fleet_3_YR_1963_s_1           0.004298700000     1   0.00  3.00   0.050000
F_fleet_3_YR_1964_s_1           0.004621460000     1   0.00  3.00   0.050000
F_fleet_3_YR_1965_s_1           0.004968300000     1   0.00  3.00   0.050000
F_fleet_3_YR_1966_s_1           0.005340330000     1   0.00  3.00   0.050000
F_fleet_3_YR_1967_s_1           0.005729350000     1   0.00  3.00   0.050000
F_fleet_3_YR_1968_s_1           0.006139840000     1   0.00  3.00   0.050000
F_fleet_3_YR_1969_s_1           0.006575200000     1   0.00  3.00   0.050000
F_fleet_3_YR_1970_s_1           0.007041000000     1   0.00  3.00   0.050000
F_fleet_3_YR_1971_s_1           0.007505090000     1   0.00  3.00   0.050000
F_fleet_3_YR_1972_s_1           0.007923740000     1   0.00  3.00   0.050000
F_fleet_3_YR_1973_s_1           0.008314540000     1   0.00  3.00   0.050000
F_fleet_3_YR_1974_s_1           0.008700960000     1   0.00  3.00   0.050000
F_fleet_3_YR_1975_s_1           0.009102640000     1   0.00  3.00   0.050000
F_fleet_3_YR_1976_s_1           0.009513950000     1   0.00  3.00   0.050000
F_fleet_3_YR_1977_s_1           0.009962600000     1   0.00  3.00   0.050000
F_fleet_3_YR_1978_s_1           0.010479200000     1   0.00  3.00   0.050000
F_fleet_3_YR_1979_s_1           0.011047300000     1   0.00  3.00   0.050000
F_fleet_3_YR_1980_s_1           0.011639200000     1   0.00  3.00   0.050000
F_fleet_3_YR_1981_s_1           0.012230300000     1   0.00  3.00   0.050000
F_fleet_3_YR_1982_s_1           0.027402900000     1   0.00  3.00   0.050000
F_fleet_3_YR_1983_s_1           0.010566400000     1   0.00  3.00   0.050000
F_fleet_3_YR_1984_s_1           0.016431100000     1   0.00  3.00   0.050000
F_fleet_3_YR_1985_s_1           0.032254700000     1   0.00  3.00   0.050000
F_fleet_3_YR_1986_s_1           0.046330400000     1   0.00  3.00   0.050000
F_fleet_3_YR_1987_s_1           0.059743500000     1   0.00  3.00   0.050000
F_fleet_3_YR_1988_s_1           0.090837600000     1   0.00  3.00   0.050000
F_fleet_3_YR_1989_s_1           0.050326600000     1   0.00  3.00   0.050000
F_fleet_3_YR_1990_s_1           0.069048500000     1   0.00  3.00   0.050000
F_fleet_3_YR_1991_s_1           0.090332800000     1   0.00  3.00   0.050000
F_fleet_3_YR_1992_s_1           0.115021000000     1   0.00  3.00   0.050000
F_fleet_3_YR_1993_s_1           0.089361000000     1   0.00  3.00   0.050000
F_fleet_3_YR_1994_s_1           0.078793400000     1   0.00  3.00   0.050000
F_fleet_3_YR_1995_s_1           0.116536000000     1   0.00  3.00   0.050000
F_fleet_3_YR_1996_s_1           0.049934900000     1   0.00  3.00   0.050000
F_fleet_3_YR_1997_s_1           0.090221900000     1   0.00  3.00   0.050000
F_fleet_3_YR_1998_s_1           0.048198400000     1   0.00  3.00   0.050000
F_fleet_3_YR_1999_s_1           0.097064500000     1   0.00  3.00   0.050000
F_fleet_3_YR_2000_s_1           0.057281300000     1   0.00  3.00   0.050000
F_fleet_3_YR_2001_s_1           0.148067000000     1   0.00  3.00   0.050000
F_fleet_3_YR_2002_s_1           0.117846000000     1   0.00  3.00   0.050000
F_fleet_3_YR_2003_s_1           0.108058000000     1   0.00  3.00   0.050000
F_fleet_3_YR_2004_s_1           0.108208000000     1   0.00  3.00   0.050000
F_fleet_3_YR_2005_s_1           0.132989000000     1   0.00  3.00   0.050000
F_fleet_3_YR_2006_s_1           0.124479000000     1   0.00  3.00   0.050000
F_fleet_3_YR_2007_s_1           0.120739000000     1   0.00  3.00   0.050000
F_fleet_3_YR_2008_s_1           0.057485600000     1   0.00  3.00   0.050000
F_fleet_3_YR_2009_s_1           0.082323800000     1   0.00  3.00   0.050000
F_fleet_3_YR_2010_s_1           0.060254500000     1   0.00  3.00   0.050000
F_fleet_3_YR_2011_s_1           0.143819000000     1   0.00  3.00   0.050000
F_fleet_3_YR_2012_s_1           0.110107000000     1   0.00  3.00   0.050000
F_fleet_3_YR_2013_s_1           0.184259000000     1   0.00  3.00   0.050000
F_fleet_3_YR_2014_s_1           0.161881000000     1   0.00  3.00   0.050000
F_fleet_3_YR_2015_s_1           0.127098000000     1   0.00  3.00   0.050000
F_fleet_3_YR_2016_s_1           0.117260000000     1   0.00  3.00   0.050000
F_fleet_3_YR_2017_s_1           0.142267000000     1   0.00  3.00   0.050000
F_fleet_4_YR_1950_s_1           0.050440900000     1   0.00  3.00   0.050000
F_fleet_4_YR_1951_s_1           0.068780200000     1   0.00  3.00   0.050000
F_fleet_4_YR_1952_s_1           0.081237300000     1   0.00  3.00   0.050000
F_fleet_4_YR_1953_s_1           0.085426300000     1   0.00  3.00   0.050000
F_fleet_4_YR_1954_s_1           0.110754000000     1   0.00  3.00   0.050000
F_fleet_4_YR_1955_s_1           0.115456000000     1   0.00  3.00   0.050000
F_fleet_4_YR_1956_s_1           0.147631000000     1   0.00  3.00   0.050000
F_fleet_4_YR_1957_s_1           0.169058000000     1   0.00  3.00   0.050000
F_fleet_4_YR_1958_s_1           0.207099000000     1   0.00  3.00   0.050000
F_fleet_4_YR_1959_s_1           0.223316000000     1   0.00  3.00   0.050000
F_fleet_4_YR_1960_s_1           0.223306000000     1   0.00  3.00   0.050000
F_fleet_4_YR_1961_s_1           0.169124000000     1   0.00  3.00   0.050000
F_fleet_4_YR_1962_s_1           0.162892000000     1   0.00  3.00   0.050000
F_fleet_4_YR_1963_s_1           0.185801000000     1   0.00  3.00   0.050000
F_fleet_4_YR_1964_s_1           0.196367000000     1   0.00  3.00   0.050000
F_fleet_4_YR_1965_s_1           0.218138000000     1   0.00  3.00   0.050000
F_fleet_4_YR_1966_s_1           0.214811000000     1   0.00  3.00   0.050000
F_fleet_4_YR_1967_s_1           0.234287000000     1   0.00  3.00   0.050000
F_fleet_4_YR_1968_s_1           0.238318000000     1   0.00  3.00   0.050000
F_fleet_4_YR_1969_s_1           0.271385000000     1   0.00  3.00   0.050000
F_fleet_4_YR_1970_s_1           0.255984000000     1   0.00  3.00   0.050000
F_fleet_4_YR_1971_s_1           0.244618000000     1   0.00  3.00   0.050000
F_fleet_4_YR_1972_s_1           0.239151000000     1   0.00  3.00   0.050000
F_fleet_4_YR_1973_s_1           0.243702000000     1   0.00  3.00   0.050000
F_fleet_4_YR_1974_s_1           0.243181000000     1   0.00  3.00   0.050000
F_fleet_4_YR_1975_s_1           0.245372000000     1   0.00  3.00   0.050000
F_fleet_4_YR_1976_s_1           0.255430000000     1   0.00  3.00   0.050000
F_fleet_4_YR_1977_s_1           0.281017000000     1   0.00  3.00   0.050000
F_fleet_4_YR_1978_s_1           0.298004000000     1   0.00  3.00   0.050000
F_fleet_4_YR_1979_s_1           0.312838000000     1   0.00  3.00   0.050000
F_fleet_4_YR_1980_s_1           0.320351000000     1   0.00  3.00   0.050000
F_fleet_4_YR_1981_s_1           0.290835000000     1   0.00  3.00   0.050000
F_fleet_4_YR_1982_s_1           0.276944000000     1   0.00  3.00   0.050000
F_fleet_4_YR_1983_s_1           0.279822000000     1   0.00  3.00   0.050000
F_fleet_4_YR_1984_s_1           0.317122000000     1   0.00  3.00   0.050000
F_fleet_4_YR_1985_s_1           0.306342000000     1   0.00  3.00   0.050000
F_fleet_4_YR_1986_s_1           0.334671000000     1   0.00  3.00   0.050000
F_fleet_4_YR_1987_s_1           0.277894000000     1   0.00  3.00   0.050000
F_fleet_4_YR_1988_s_1           0.254745000000     1   0.00  3.00   0.050000
F_fleet_4_YR_1989_s_1           0.279907000000     1   0.00  3.00   0.050000
F_fleet_4_YR_1990_s_1           0.246204000000     1   0.00  3.00   0.050000
F_fleet_4_YR_1991_s_1           0.257444000000     1   0.00  3.00   0.050000
F_fleet_4_YR_1992_s_1           0.325279000000     1   0.00  3.00   0.050000
F_fleet_4_YR_1993_s_1           0.370528000000     1   0.00  3.00   0.050000
F_fleet_4_YR_1994_s_1           0.566839000000     1   0.00  3.00   0.050000
F_fleet_4_YR_1995_s_1           0.434091000000     1   0.00  3.00   0.050000
F_fleet_4_YR_1996_s_1           0.407542000000     1   0.00  3.00   0.050000
F_fleet_4_YR_1997_s_1           0.419876000000     1   0.00  3.00   0.050000
F_fleet_4_YR_1998_s_1           0.509907000000     1   0.00  3.00   0.050000
F_fleet_4_YR_1999_s_1           0.332925000000     1   0.00  3.00   0.050000
F_fleet_4_YR_2000_s_1           0.266139000000     1   0.00  3.00   0.050000
F_fleet_4_YR_2001_s_1           0.294469000000     1   0.00  3.00   0.050000
F_fleet_4_YR_2002_s_1           0.364731000000     1   0.00  3.00   0.050000
F_fleet_4_YR_2003_s_1           0.312207000000     1   0.00  3.00   0.050000
F_fleet_4_YR_2004_s_1           0.287455000000     1   0.00  3.00   0.050000
F_fleet_4_YR_2005_s_1           0.239708000000     1   0.00  3.00   0.050000
F_fleet_4_YR_2006_s_1           0.156206000000     1   0.00  3.00   0.050000
F_fleet_4_YR_2007_s_1           0.108068000000     1   0.00  3.00   0.050000
F_fleet_4_YR_2008_s_1           0.077155200000     1   0.00  3.00   0.050000
F_fleet_4_YR_2009_s_1           0.123857000000     1   0.00  3.00   0.050000
F_fleet_4_YR_2010_s_1           0.092434100000     1   0.00  3.00   0.050000
F_fleet_4_YR_2011_s_1           0.110445000000     1   0.00  3.00   0.050000
F_fleet_4_YR_2012_s_1           0.098225500000     1   0.00  3.00   0.050000
F_fleet_4_YR_2013_s_1           0.109453000000     1   0.00  3.00   0.050000
F_fleet_4_YR_2014_s_1           0.087455000000     1   0.00  3.00   0.050000
F_fleet_4_YR_2015_s_1           0.072889800000     1   0.00  3.00   0.050000
F_fleet_4_YR_2016_s_1           0.075529000000     1   0.00  3.00   0.050000
F_fleet_4_YR_2017_s_1           0.000000150959     1   0.00  3.00   0.050000
LnQ_base_SMP_BYC(4)             1.372070000000     2 -10.00 20.00   1.384810
Size_DblN_top_logit_VIDEO(8)   -2.384990000000     3 -10.00  3.00  -1.574750
Size_DblN_ascend_se_VIDEO(8)    1.100590000000     3  -6.00 12.00   1.100060
Size_DblN_end_logit_VIDEO(8)    0.320968000000     2  -8.00  5.00   0.597499
Size_DblN_top_logit_SEAMAP(9)  -4.228680000000     3 -10.00  3.00  -4.089010
Size_DblN_ascend_se_SEAMAP(9)   1.081920000000     3  -6.00 12.00   1.262730
Size_DblN_end_logit_SEAMAP(9)  -5.354920000000     2  -8.00  5.00  -5.306050
Age_inflection_CM_E(1)          2.122310000000     3   0.50 14.00   2.119950
Age_95%width_CM_E(1)            0.913814000000     1   0.50 14.00   0.916154
Age_inflection_CM_W(2)          3.688410000000     3   0.50 14.00   3.680750
Age_95%width_CM_W(2)            2.086910000000     1   0.50 14.00   2.096610
Age_DblN_peak_REC(3)            3.361650000000     2   1.00 10.00   3.332760
Age_DblN_top_logit_REC(3)      -9.171840000000     3 -10.00  3.00  -9.165080
Age_DblN_ascend_se_REC(3)       0.603878000000     3  -6.00 12.00   0.549862
Age_DblN_descend_se_REC(3)      2.969750000000     3  -4.00  6.00   2.952730
Age_DblN_start_logit_REC(3)   -12.143600000000     2 -15.00  5.00 -12.103500
Age_DblN_end_logit_REC(3)      -1.909670000000     2  -8.00  5.00  -1.829480
                              Status     Parm_StDev           Gradient  Pr_type
SR_LN(R0)                         OK  0.05696200000  0.000014931700000 No_prior
SR_BH_steep                       OK  0.06416990000 -0.000000590114000 No_prior
F_fleet_1_YR_1950_s_1            act  0.00000266892  0.000167965000000        F
F_fleet_1_YR_1951_s_1            act  0.00000532598 -0.000195546000000        F
F_fleet_1_YR_1952_s_1            act  0.00000805507 -0.000014967100000        F
F_fleet_1_YR_1953_s_1            act  0.00001081710  0.000057802600000        F
F_fleet_1_YR_1954_s_1            act  0.00001366970 -0.000060802600000        F
F_fleet_1_YR_1955_s_1            act  0.00001659580  0.000101973000000        F
F_fleet_1_YR_1956_s_1            act  0.00001958180  0.000102935000000        F
F_fleet_1_YR_1957_s_1            act  0.00002269900  0.000078956600000        F
F_fleet_1_YR_1958_s_1            act  0.00002596250 -0.000239023000000        F
F_fleet_1_YR_1959_s_1            act  0.00002938110 -0.000048557800000        F
F_fleet_1_YR_1960_s_1            act  0.00003304130  0.000022597800000        F
F_fleet_1_YR_1961_s_1            act  0.00003681900  0.000121137000000        F
F_fleet_1_YR_1962_s_1            act  0.00004058470  0.000006608010000        F
F_fleet_1_YR_1963_s_1            act  0.00004410890 -0.000020529100000        F
F_fleet_1_YR_1964_s_1            act  0.00004862480 -0.000016552000000        F
F_fleet_1_YR_1965_s_1            act  0.00004872120  0.000035469600000        F
F_fleet_1_YR_1966_s_1            act  0.00002565200  0.000065831000000        F
F_fleet_1_YR_1967_s_1            act  0.00005251540  0.000013084000000        F
F_fleet_1_YR_1968_s_1            act  0.00010567600  0.000032805500000        F
F_fleet_1_YR_1969_s_1            act  0.00013655200  0.000000650047000        F
F_fleet_1_YR_1970_s_1            act  0.00012943200  0.000004547040000        F
F_fleet_1_YR_1971_s_1            act  0.00014373100  0.000012379200000        F
F_fleet_1_YR_1972_s_1            act  0.00012861000  0.000011176400000        F
F_fleet_1_YR_1973_s_1            act  0.00021937200  0.000007846420000        F
F_fleet_1_YR_1974_s_1            act  0.00021030700  0.000032321600000        F
F_fleet_1_YR_1975_s_1            act  0.00046315500  0.000029515900000        F
F_fleet_1_YR_1976_s_1            act  0.00041150600 -0.000010394500000        F
F_fleet_1_YR_1977_s_1            act  0.00056526600 -0.000015516600000        F
F_fleet_1_YR_1978_s_1            act  0.00049387600  0.000026413200000        F
F_fleet_1_YR_1979_s_1            act  0.00038304200  0.000022980900000        F
F_fleet_1_YR_1980_s_1            act  0.00028462600 -0.000026368100000        F
F_fleet_1_YR_1981_s_1            act  0.00041933500 -0.000037878000000        F
F_fleet_1_YR_1982_s_1            act  0.00044197600 -0.000001309470000        F
F_fleet_1_YR_1983_s_1            act  0.00070778700  0.000017416300000        F
F_fleet_1_YR_1984_s_1            act  0.00101690000 -0.000010719000000        F
F_fleet_1_YR_1985_s_1            act  0.00133730000 -0.000006314830000        F
F_fleet_1_YR_1986_s_1            act  0.00144833000 -0.000003933420000        F
F_fleet_1_YR_1987_s_1            act  0.00119720000  0.000008722120000        F
F_fleet_1_YR_1988_s_1            act  0.00117994000 -0.000008341180000        F
F_fleet_1_YR_1989_s_1            act  0.00120626000  0.000010635100000        F
F_fleet_1_YR_1990_s_1            act  0.00303452000  0.000009412700000        F
F_fleet_1_YR_1991_s_1            act  0.00257662000  0.000003273460000        F
F_fleet_1_YR_1992_s_1            act  0.00348052000  0.000001451420000        F
F_fleet_1_YR_1993_s_1            act  0.00517555000  0.000003123680000        F
F_fleet_1_YR_1994_s_1            act  0.00538480000  0.000005171480000        F
F_fleet_1_YR_1995_s_1            act  0.00568529000  0.000005461960000        F
F_fleet_1_YR_1996_s_1            act  0.00488084000 -0.000008945800000        F
F_fleet_1_YR_1997_s_1            act  0.00488807000 -0.000000563450000        F
F_fleet_1_YR_1998_s_1            act  0.00410120000 -0.000000769789000        F
F_fleet_1_YR_1999_s_1            act  0.00499870000 -0.000011712300000        F
F_fleet_1_YR_2000_s_1            act  0.00395971000 -0.000008722770000        F
F_fleet_1_YR_2001_s_1            act  0.00438444000 -0.000002309090000        F
F_fleet_1_YR_2002_s_1            act  0.00493044000 -0.000000907504000        F
F_fleet_1_YR_2003_s_1            act  0.00542670000  0.000001141970000        F
F_fleet_1_YR_2004_s_1            act  0.00432258000  0.000003667960000        F
F_fleet_1_YR_2005_s_1            act  0.00650614000  0.000003076780000        F
F_fleet_1_YR_2006_s_1            act  0.00688780000  0.000008445580000        F
F_fleet_1_YR_2007_s_1            act  0.00696604000 -0.000003288590000        F
F_fleet_1_YR_2008_s_1            act  0.00768877000 -0.000007553940000        F
F_fleet_1_YR_2009_s_1            act  0.01121000000  0.000000445879000        F
F_fleet_1_YR_2010_s_1            act  0.00553700000 -0.000002177620000        F
F_fleet_1_YR_2011_s_1            act  0.01090180000  0.000001542760000        F
F_fleet_1_YR_2012_s_1            act  0.00835351000 -0.000005702100000        F
F_fleet_1_YR_2013_s_1            act  0.00491419000 -0.000000963105000        F
F_fleet_1_YR_2014_s_1            act  0.00565043000 -0.000003281880000        F
F_fleet_1_YR_2015_s_1            act  0.00309376000 -0.000003061330000        F
F_fleet_1_YR_2016_s_1            act  0.00343348000  0.000004139570000        F
F_fleet_1_YR_2017_s_1            act  0.00366786000 -0.000004628170000        F
F_fleet_2_YR_1950_s_1            act  0.00000248784 -0.000397712000000        F
F_fleet_2_YR_1951_s_1            act  0.00000498100 -0.000042966900000        F
F_fleet_2_YR_1952_s_1            act  0.00000748949 -0.000041542600000        F
F_fleet_2_YR_1953_s_1            act  0.00001003390  0.000010618900000        F
F_fleet_2_YR_1954_s_1            act  0.00001264300  0.000034761900000        F
F_fleet_2_YR_1955_s_1            act  0.00001533090  0.000153624000000        F
F_fleet_2_YR_1956_s_1            act  0.00001809860  0.000075076500000        F
F_fleet_2_YR_1957_s_1            act  0.00002095510 -0.000195024000000        F
F_fleet_2_YR_1958_s_1            act  0.00002391820 -0.000010276600000        F
F_fleet_2_YR_1959_s_1            act  0.00002701480  0.000059837900000        F
F_fleet_2_YR_1960_s_1            act  0.00003028200 -0.000079799500000        F
F_fleet_2_YR_1961_s_1            act  0.00003374330  0.000016446500000        F
F_fleet_2_YR_1962_s_1            act  0.00003737260 -0.000109425000000        F
F_fleet_2_YR_1963_s_1            act  0.00004104560 -0.000028342000000        F
F_fleet_2_YR_1964_s_1            act  0.00004355110  0.000011698800000        F
F_fleet_2_YR_1965_s_1            act  0.00003883260 -0.000036514000000        F
F_fleet_2_YR_1966_s_1            act  0.00001256050  0.000187219000000        F
F_fleet_2_YR_1967_s_1            act  0.00003000160  0.000063155400000        F
F_fleet_2_YR_1968_s_1            act  0.00009687020  0.000007752260000        F
F_fleet_2_YR_1969_s_1            act  0.00005291200  0.000069384400000        F
F_fleet_2_YR_1970_s_1            act  0.00008807100 -0.000026788400000        F
F_fleet_2_YR_1971_s_1            act  0.00009690070 -0.000032364400000        F
F_fleet_2_YR_1972_s_1            act  0.00009534760  0.000035925800000        F
F_fleet_2_YR_1973_s_1            act  0.00011453800  0.000002950200000        F
F_fleet_2_YR_1974_s_1            act  0.00014141000  0.000008142820000        F
F_fleet_2_YR_1975_s_1            act  0.00023492900  0.000002757390000        F
F_fleet_2_YR_1976_s_1            act  0.00013183500 -0.000021698800000        F
F_fleet_2_YR_1977_s_1            act  0.00043205800 -0.000006722200000        F
F_fleet_2_YR_1978_s_1            act  0.00036762500  0.000002289880000        F
F_fleet_2_YR_1979_s_1            act  0.00050445100 -0.000006478690000        F
F_fleet_2_YR_1980_s_1            act  0.00034465800 -0.000017743200000        F
F_fleet_2_YR_1981_s_1            act  0.00027248700 -0.000003777840000        F
F_fleet_2_YR_1982_s_1            act  0.00035293400  0.000000317278000        F
F_fleet_2_YR_1983_s_1            act  0.00039942700 -0.000007696250000        F
F_fleet_2_YR_1984_s_1            act  0.00217290000 -0.000004958600000        F
F_fleet_2_YR_1985_s_1            act  0.00198537000 -0.000005100170000        F
F_fleet_2_YR_1986_s_1            act  0.00268794000 -0.000003518930000        F
F_fleet_2_YR_1987_s_1            act  0.00309879000  0.000002830220000        F
F_fleet_2_YR_1988_s_1            act  0.00333472000 -0.000009190380000        F
F_fleet_2_YR_1989_s_1            act  0.00364613000 -0.000006192310000        F
F_fleet_2_YR_1990_s_1            act  0.00377397000 -0.000004025760000        F
F_fleet_2_YR_1991_s_1            act  0.00337193000 -0.000009525210000        F
F_fleet_2_YR_1992_s_1            act  0.00472657000  0.000003613870000        F
F_fleet_2_YR_1993_s_1            act  0.00504764000  0.000001878660000        F
F_fleet_2_YR_1994_s_1            act  0.00562061000  0.000000789324000        F
F_fleet_2_YR_1995_s_1            act  0.00386368000 -0.000003971530000        F
F_fleet_2_YR_1996_s_1            act  0.00416587000  0.000001860980000        F
F_fleet_2_YR_1997_s_1            act  0.00750145000  0.000013201200000        F
F_fleet_2_YR_1998_s_1            act  0.00691668000 -0.000008435040000        F
F_fleet_2_YR_1999_s_1            act  0.00934892000  0.000003985600000        F
F_fleet_2_YR_2000_s_1            act  0.00696576000  0.000002898620000        F
F_fleet_2_YR_2001_s_1            act  0.00853854000  0.000001684240000        F
F_fleet_2_YR_2002_s_1            act  0.00970347000  0.000000273942000        F
F_fleet_2_YR_2003_s_1            act  0.01204230000  0.000000770644000        F
F_fleet_2_YR_2004_s_1            act  0.01117680000  0.000002573890000        F
F_fleet_2_YR_2005_s_1            act  0.01015870000  0.000002134590000        F
F_fleet_2_YR_2006_s_1            act  0.00669413000 -0.000000904079000        F
F_fleet_2_YR_2007_s_1            act  0.01182380000  0.000003850890000        F
F_fleet_2_YR_2008_s_1            act  0.00800279000 -0.000000925797000        F
F_fleet_2_YR_2009_s_1            act  0.00757693000 -0.000000999402000        F
F_fleet_2_YR_2010_s_1            act  0.00588996000 -0.000005224620000        F
F_fleet_2_YR_2011_s_1            act  0.00540451000 -0.000001361220000        F
F_fleet_2_YR_2012_s_1            act  0.00697808000  0.000005339470000        F
F_fleet_2_YR_2013_s_1            act  0.00438925000 -0.000000972633000        F
F_fleet_2_YR_2014_s_1            act  0.00600520000  0.000001894680000        F
F_fleet_2_YR_2015_s_1            act  0.00606275000  0.000006214170000        F
F_fleet_2_YR_2016_s_1            act  0.00598798000  0.000000058563800        F
F_fleet_2_YR_2017_s_1            act  0.00472616000 -0.000004885610000        F
F_fleet_3_YR_1950_s_1            act  0.00002570240  0.000032099400000        F
F_fleet_3_YR_1951_s_1            act  0.00006971640  0.000006997400000        F
F_fleet_3_YR_1952_s_1            act  0.00011549900 -0.000002061810000        F
F_fleet_3_YR_1953_s_1            act  0.00016322400  0.000004186370000        F
F_fleet_3_YR_1954_s_1            act  0.00021269200  0.000000539452000        F
F_fleet_3_YR_1955_s_1            act  0.00026412900 -0.000001677590000        F
F_fleet_3_YR_1956_s_1            act  0.00031763800  0.000002039440000        F
F_fleet_3_YR_1957_s_1            act  0.00037382800  0.000003603100000        F
F_fleet_3_YR_1958_s_1            act  0.00043399100  0.000004147720000        F
F_fleet_3_YR_1959_s_1            act  0.00049912200 -0.000029045200000        F
F_fleet_3_YR_1960_s_1            act  0.00056888200 -0.000001666350000        F
F_fleet_3_YR_1961_s_1            act  0.00063903800 -0.000000439518000        F
F_fleet_3_YR_1962_s_1            act  0.00070160000  0.000000537090000        F
F_fleet_3_YR_1963_s_1            act  0.00075600100  0.000000298437000        F
F_fleet_3_YR_1964_s_1            act  0.00081140700  0.000010180600000        F
F_fleet_3_YR_1965_s_1            act  0.00087134400  0.000004439810000        F
F_fleet_3_YR_1966_s_1            act  0.00093616600 -0.000002328880000        F
F_fleet_3_YR_1967_s_1            act  0.00100452000  0.000002824760000        F
F_fleet_3_YR_1968_s_1            act  0.00107687000 -0.000000146761000        F
F_fleet_3_YR_1969_s_1            act  0.00115388000 -0.000001994710000        F
F_fleet_3_YR_1970_s_1            act  0.00123648000  0.000000690843000        F
F_fleet_3_YR_1971_s_1            act  0.00131926000  0.000000220131000        F
F_fleet_3_YR_1972_s_1            act  0.00139324000 -0.000000779398000        F
F_fleet_3_YR_1973_s_1            act  0.00146155000 -0.000006055660000        F
F_fleet_3_YR_1974_s_1            act  0.00152866000  0.000001901420000        F
F_fleet_3_YR_1975_s_1            act  0.00159858000 -0.000012938500000        F
F_fleet_3_YR_1976_s_1            act  0.00167034000  0.000007100260000        F
F_fleet_3_YR_1977_s_1            act  0.00174902000 -0.000000088631800        F
F_fleet_3_YR_1978_s_1            act  0.00184042000  0.000000859680000        F
F_fleet_3_YR_1979_s_1            act  0.00194188000  0.000000607291000        F
F_fleet_3_YR_1980_s_1            act  0.00204786000  0.000001269090000        F
F_fleet_3_YR_1981_s_1            act  0.00215339000  0.000000893449000        F
F_fleet_3_YR_1982_s_1            act  0.00484852000  0.000001539220000        F
F_fleet_3_YR_1983_s_1            act  0.00185643000  0.000002307170000        F
F_fleet_3_YR_1984_s_1            act  0.00288156000  0.000000309428000        F
F_fleet_3_YR_1985_s_1            act  0.00564948000  0.000001710530000        F
F_fleet_3_YR_1986_s_1            act  0.00810016000  0.000001029680000        F
F_fleet_3_YR_1987_s_1            act  0.01048380000  0.000000763548000        F
F_fleet_3_YR_1988_s_1            act  0.01587120000  0.000000284670000        F
F_fleet_3_YR_1989_s_1            act  0.00875819000 -0.000000203888000        F
F_fleet_3_YR_1990_s_1            act  0.01192500000 -0.000000689213000        F
F_fleet_3_YR_1991_s_1            act  0.01561650000 -0.000000452870000        F
F_fleet_3_YR_1992_s_1            act  0.01973780000 -0.000001469990000        F
F_fleet_3_YR_1993_s_1            act  0.01525370000 -0.000001115400000        F
F_fleet_3_YR_1994_s_1            act  0.01355920000 -0.000000926222000        F
F_fleet_3_YR_1995_s_1            act  0.02039100000 -0.000000223301000        F
F_fleet_3_YR_1996_s_1            act  0.00881820000  0.000001468870000        F
F_fleet_3_YR_1997_s_1            act  0.01598850000  0.000000758546000        F
F_fleet_3_YR_1998_s_1            act  0.00843473000  0.000000643579000        F
F_fleet_3_YR_1999_s_1            act  0.01656570000  0.000000401202000        F
F_fleet_3_YR_2000_s_1            act  0.00979568000  0.000000526467000        F
F_fleet_3_YR_2001_s_1            act  0.02398340000 -0.000000537533000        F
F_fleet_3_YR_2002_s_1            act  0.01920120000 -0.000000599044000        F
F_fleet_3_YR_2003_s_1            act  0.01769340000 -0.000000395550000        F
F_fleet_3_YR_2004_s_1            act  0.01775760000 -0.000000857501000        F
F_fleet_3_YR_2005_s_1            act  0.02209860000 -0.000000552962000        F
F_fleet_3_YR_2006_s_1            act  0.02100200000 -0.000000036295900        F
F_fleet_3_YR_2007_s_1            act  0.02034470000  0.000000006203320        F
F_fleet_3_YR_2008_s_1            act  0.00972922000 -0.000000323526000        F
F_fleet_3_YR_2009_s_1            act  0.01348900000 -0.000000395854000        F
F_fleet_3_YR_2010_s_1            act  0.00999921000 -0.000000144478000        F
F_fleet_3_YR_2011_s_1            act  0.02367950000 -0.000001264290000        F
F_fleet_3_YR_2012_s_1            act  0.01952150000 -0.000000597165000        F
F_fleet_3_YR_2013_s_1            act  0.03397780000 -0.000000810321000        F
F_fleet_3_YR_2014_s_1            act  0.03112060000  0.000000083192400        F
F_fleet_3_YR_2015_s_1            act  0.02421400000 -0.000000588859000        F
F_fleet_3_YR_2016_s_1            act  0.02189220000 -0.000000330643000        F
F_fleet_3_YR_2017_s_1            act  0.02692360000  0.000001505100000        F
F_fleet_4_YR_1950_s_1            act  0.01102110000 -0.000001338720000        F
F_fleet_4_YR_1951_s_1            act  0.01502860000  0.000001300310000        F
F_fleet_4_YR_1952_s_1            act  0.01775100000  0.000001582520000        F
F_fleet_4_YR_1953_s_1            act  0.01866680000 -0.000000335235000        F
F_fleet_4_YR_1954_s_1            act  0.02420290000  0.000001259990000        F
F_fleet_4_YR_1955_s_1            act  0.02523170000  0.000000902647000        F
F_fleet_4_YR_1956_s_1            act  0.03226690000 -0.000000353503000        F
F_fleet_4_YR_1957_s_1            act  0.03695400000 -0.000000448346000        F
F_fleet_4_YR_1958_s_1            act  0.04527720000 -0.000000179620000        F
F_fleet_4_YR_1959_s_1            act  0.04883010000 -0.000000397702000        F
F_fleet_4_YR_1960_s_1            act  0.04883590000 -0.000000458559000        F
F_fleet_4_YR_1961_s_1            act  0.03698590000 -0.000000219811000        F
F_fleet_4_YR_1962_s_1            act  0.03562840000  0.000000236445000        F
F_fleet_4_YR_1963_s_1            act  0.04065260000  0.000000392117000        F
F_fleet_4_YR_1964_s_1            act  0.04297730000  0.000000013107100        F
F_fleet_4_YR_1965_s_1            act  0.04776370000  0.000000204494000        F
F_fleet_4_YR_1966_s_1            act  0.04705050000 -0.000000622077000        F
F_fleet_4_YR_1967_s_1            act  0.05134670000 -0.000000320413000        F
F_fleet_4_YR_1968_s_1            act  0.05225620000 -0.000001333130000        F
F_fleet_4_YR_1969_s_1            act  0.05956140000 -0.000000308954000        F
F_fleet_4_YR_1970_s_1            act  0.05621580000  0.000000699761000        F
F_fleet_4_YR_1971_s_1            act  0.05382950000 -0.000001076220000        F
F_fleet_4_YR_1972_s_1            act  0.05085790000 -0.000000615367000        F
F_fleet_4_YR_1973_s_1            act  0.05276650000 -0.000000438384000        F
F_fleet_4_YR_1974_s_1            act  0.05270960000  0.000000626741000        F
F_fleet_4_YR_1975_s_1            act  0.05324240000 -0.000000023144400        F
F_fleet_4_YR_1976_s_1            act  0.05547390000  0.000000345609000        F
F_fleet_4_YR_1977_s_1            act  0.06105080000  0.000000792956000        F
F_fleet_4_YR_1978_s_1            act  0.06474080000  0.000001249300000        F
F_fleet_4_YR_1979_s_1            act  0.06788770000  0.000001170090000        F
F_fleet_4_YR_1980_s_1            act  0.06931320000  0.000000803667000        F
F_fleet_4_YR_1981_s_1            act  0.06265180000  0.000001804510000        F
F_fleet_4_YR_1982_s_1            act  0.05912220000  0.000001119370000        F
F_fleet_4_YR_1983_s_1            act  0.05886040000  0.000000717894000        F
F_fleet_4_YR_1984_s_1            act  0.06507840000  0.000000542958000        F
F_fleet_4_YR_1985_s_1            act  0.06327390000 -0.000000158994000        F
F_fleet_4_YR_1986_s_1            act  0.06807340000  0.000000454592000        F
F_fleet_4_YR_1987_s_1            act  0.05504810000 -0.000002564430000        F
F_fleet_4_YR_1988_s_1            act  0.05038180000 -0.000000561940000        F
F_fleet_4_YR_1989_s_1            act  0.05497980000 -0.000001913310000        F
F_fleet_4_YR_1990_s_1            act  0.04732520000 -0.000000888765000        F
F_fleet_4_YR_1991_s_1            act  0.04849610000 -0.000000983431000        F
F_fleet_4_YR_1992_s_1            act  0.05984840000 -0.000000260057000        F
F_fleet_4_YR_1993_s_1            act  0.07394320000 -0.000001985140000        F
F_fleet_4_YR_1994_s_1            act  0.10352000000 -0.000000111876000        F
F_fleet_4_YR_1995_s_1            act  0.10114500000 -0.000000089578900        F
F_fleet_4_YR_1996_s_1            act  0.08541350000  0.000000579434000        F
F_fleet_4_YR_1997_s_1            act  0.08743330000  0.000000275236000        F
F_fleet_4_YR_1998_s_1            act  0.10371600000  0.000000501934000        F
F_fleet_4_YR_1999_s_1            act  0.07158260000 -0.000000369262000        F
F_fleet_4_YR_2000_s_1            act  0.05480440000  0.000000587536000        F
F_fleet_4_YR_2001_s_1            act  0.05971500000  0.000000232064000        F
F_fleet_4_YR_2002_s_1            act  0.07475510000 -0.000001311660000        F
F_fleet_4_YR_2003_s_1            act  0.06544190000 -0.000000007199650        F
F_fleet_4_YR_2004_s_1            act  0.05781300000 -0.000000571322000        F
F_fleet_4_YR_2005_s_1            act  0.04977570000  0.000000062226400        F
F_fleet_4_YR_2006_s_1            act  0.03320280000 -0.000000891177000        F
F_fleet_4_YR_2007_s_1            act  0.02248440000 -0.000000607190000        F
F_fleet_4_YR_2008_s_1            act  0.01622070000 -0.000000579776000        F
F_fleet_4_YR_2009_s_1            act  0.02683440000 -0.000000292611000        F
F_fleet_4_YR_2010_s_1            act  0.02057650000 -0.000000677987000        F
F_fleet_4_YR_2011_s_1            act  0.02490100000 -0.000001084160000        F
F_fleet_4_YR_2012_s_1            act  0.02196690000 -0.000000302487000        F
F_fleet_4_YR_2013_s_1            act  0.02408710000 -0.000000253403000        F
F_fleet_4_YR_2014_s_1            act  0.01902810000  0.000000761335000        F
F_fleet_4_YR_2015_s_1            act  0.01571300000  0.000000052721700        F
F_fleet_4_YR_2016_s_1            act  0.01622920000 -0.000001502810000        F
F_fleet_4_YR_2017_s_1            act  0.00026147000  0.000000029504100        F
LnQ_base_SMP_BYC(4)               OK  0.08793750000 -0.000010643800000 No_prior
Size_DblN_top_logit_VIDEO(8)      OK  0.39017100000 -0.000000157117000 No_prior
Size_DblN_ascend_se_VIDEO(8)      OK  0.19011200000  0.000000249635000 No_prior
Size_DblN_end_logit_VIDEO(8)      OK  0.31581500000  0.000000923071000 No_prior
Size_DblN_top_logit_SEAMAP(9)     OK  0.92283400000 -0.000000011356000 No_prior
Size_DblN_ascend_se_SEAMAP(9)     OK  0.21700900000  0.000000985730000 No_prior
Size_DblN_end_logit_SEAMAP(9)     OK  2.19430000000 -0.000000000488975 No_prior
Age_inflection_CM_E(1)            OK  0.05953020000 -0.000001669320000 No_prior
Age_95%width_CM_E(1)              OK  0.13666000000  0.000000418640000 No_prior
Age_inflection_CM_W(2)            OK  0.14404600000  0.000000926061000 No_prior
Age_95%width_CM_W(2)              OK  0.20118600000  0.000000572839000 No_prior
Age_DblN_peak_REC(3)              OK  0.19321400000  0.000002267970000 No_prior
Age_DblN_top_logit_REC(3)         OK 19.64660000000 -0.000000024738900 No_prior
Age_DblN_ascend_se_REC(3)         OK  0.25297500000 -0.000003647970000 No_prior
Age_DblN_descend_se_REC(3)        OK  0.33656100000  0.000000436485000 No_prior
Age_DblN_start_logit_REC(3)       OK 48.92710000000 -0.000000035181500 No_prior
Age_DblN_end_logit_REC(3)         OK  0.66246300000 -0.000000039186100 No_prior
                              Prior Pr_SD Pr_Like Afterbound
SR_LN(R0)                        NA    NA      NA         OK
SR_BH_steep                      NA    NA      NA         OK
F_fleet_1_YR_1950_s_1            NA    NA      NA      CHECK
F_fleet_1_YR_1951_s_1            NA    NA      NA      CHECK
F_fleet_1_YR_1952_s_1            NA    NA      NA      CHECK
F_fleet_1_YR_1953_s_1            NA    NA      NA      CHECK
F_fleet_1_YR_1954_s_1            NA    NA      NA      CHECK
F_fleet_1_YR_1955_s_1            NA    NA      NA      CHECK
F_fleet_1_YR_1956_s_1            NA    NA      NA      CHECK
F_fleet_1_YR_1957_s_1            NA    NA      NA      CHECK
F_fleet_1_YR_1958_s_1            NA    NA      NA      CHECK
F_fleet_1_YR_1959_s_1            NA    NA      NA      CHECK
F_fleet_1_YR_1960_s_1            NA    NA      NA      CHECK
F_fleet_1_YR_1961_s_1            NA    NA      NA      CHECK
F_fleet_1_YR_1962_s_1            NA    NA      NA      CHECK
F_fleet_1_YR_1963_s_1            NA    NA      NA      CHECK
F_fleet_1_YR_1964_s_1            NA    NA      NA      CHECK
F_fleet_1_YR_1965_s_1            NA    NA      NA      CHECK
F_fleet_1_YR_1966_s_1            NA    NA      NA      CHECK
F_fleet_1_YR_1967_s_1            NA    NA      NA      CHECK
F_fleet_1_YR_1968_s_1            NA    NA      NA         OK
F_fleet_1_YR_1969_s_1            NA    NA      NA         OK
F_fleet_1_YR_1970_s_1            NA    NA      NA         OK
F_fleet_1_YR_1971_s_1            NA    NA      NA         OK
F_fleet_1_YR_1972_s_1            NA    NA      NA         OK
F_fleet_1_YR_1973_s_1            NA    NA      NA         OK
F_fleet_1_YR_1974_s_1            NA    NA      NA         OK
F_fleet_1_YR_1975_s_1            NA    NA      NA         OK
F_fleet_1_YR_1976_s_1            NA    NA      NA         OK
F_fleet_1_YR_1977_s_1            NA    NA      NA         OK
F_fleet_1_YR_1978_s_1            NA    NA      NA         OK
F_fleet_1_YR_1979_s_1            NA    NA      NA         OK
F_fleet_1_YR_1980_s_1            NA    NA      NA         OK
F_fleet_1_YR_1981_s_1            NA    NA      NA         OK
F_fleet_1_YR_1982_s_1            NA    NA      NA         OK
F_fleet_1_YR_1983_s_1            NA    NA      NA         OK
F_fleet_1_YR_1984_s_1            NA    NA      NA         OK
F_fleet_1_YR_1985_s_1            NA    NA      NA         OK
F_fleet_1_YR_1986_s_1            NA    NA      NA         OK
F_fleet_1_YR_1987_s_1            NA    NA      NA         OK
F_fleet_1_YR_1988_s_1            NA    NA      NA         OK
F_fleet_1_YR_1989_s_1            NA    NA      NA         OK
F_fleet_1_YR_1990_s_1            NA    NA      NA         OK
F_fleet_1_YR_1991_s_1            NA    NA      NA         OK
F_fleet_1_YR_1992_s_1            NA    NA      NA         OK
F_fleet_1_YR_1993_s_1            NA    NA      NA         OK
F_fleet_1_YR_1994_s_1            NA    NA      NA         OK
F_fleet_1_YR_1995_s_1            NA    NA      NA         OK
F_fleet_1_YR_1996_s_1            NA    NA      NA         OK
F_fleet_1_YR_1997_s_1            NA    NA      NA         OK
F_fleet_1_YR_1998_s_1            NA    NA      NA         OK
F_fleet_1_YR_1999_s_1            NA    NA      NA         OK
F_fleet_1_YR_2000_s_1            NA    NA      NA         OK
F_fleet_1_YR_2001_s_1            NA    NA      NA         OK
F_fleet_1_YR_2002_s_1            NA    NA      NA         OK
F_fleet_1_YR_2003_s_1            NA    NA      NA         OK
F_fleet_1_YR_2004_s_1            NA    NA      NA         OK
F_fleet_1_YR_2005_s_1            NA    NA      NA         OK
F_fleet_1_YR_2006_s_1            NA    NA      NA         OK
F_fleet_1_YR_2007_s_1            NA    NA      NA         OK
F_fleet_1_YR_2008_s_1            NA    NA      NA         OK
F_fleet_1_YR_2009_s_1            NA    NA      NA         OK
F_fleet_1_YR_2010_s_1            NA    NA      NA         OK
F_fleet_1_YR_2011_s_1            NA    NA      NA         OK
F_fleet_1_YR_2012_s_1            NA    NA      NA         OK
F_fleet_1_YR_2013_s_1            NA    NA      NA         OK
F_fleet_1_YR_2014_s_1            NA    NA      NA         OK
F_fleet_1_YR_2015_s_1            NA    NA      NA         OK
F_fleet_1_YR_2016_s_1            NA    NA      NA         OK
F_fleet_1_YR_2017_s_1            NA    NA      NA         OK
F_fleet_2_YR_1950_s_1            NA    NA      NA      CHECK
F_fleet_2_YR_1951_s_1            NA    NA      NA      CHECK
F_fleet_2_YR_1952_s_1            NA    NA      NA      CHECK
F_fleet_2_YR_1953_s_1            NA    NA      NA      CHECK
F_fleet_2_YR_1954_s_1            NA    NA      NA      CHECK
F_fleet_2_YR_1955_s_1            NA    NA      NA      CHECK
F_fleet_2_YR_1956_s_1            NA    NA      NA      CHECK
F_fleet_2_YR_1957_s_1            NA    NA      NA      CHECK
F_fleet_2_YR_1958_s_1            NA    NA      NA      CHECK
F_fleet_2_YR_1959_s_1            NA    NA      NA      CHECK
F_fleet_2_YR_1960_s_1            NA    NA      NA      CHECK
F_fleet_2_YR_1961_s_1            NA    NA      NA      CHECK
F_fleet_2_YR_1962_s_1            NA    NA      NA      CHECK
F_fleet_2_YR_1963_s_1            NA    NA      NA      CHECK
F_fleet_2_YR_1964_s_1            NA    NA      NA      CHECK
F_fleet_2_YR_1965_s_1            NA    NA      NA      CHECK
F_fleet_2_YR_1966_s_1            NA    NA      NA      CHECK
F_fleet_2_YR_1967_s_1            NA    NA      NA      CHECK
F_fleet_2_YR_1968_s_1            NA    NA      NA         OK
F_fleet_2_YR_1969_s_1            NA    NA      NA      CHECK
F_fleet_2_YR_1970_s_1            NA    NA      NA         OK
F_fleet_2_YR_1971_s_1            NA    NA      NA         OK
F_fleet_2_YR_1972_s_1            NA    NA      NA         OK
F_fleet_2_YR_1973_s_1            NA    NA      NA         OK
F_fleet_2_YR_1974_s_1            NA    NA      NA         OK
F_fleet_2_YR_1975_s_1            NA    NA      NA         OK
F_fleet_2_YR_1976_s_1            NA    NA      NA         OK
F_fleet_2_YR_1977_s_1            NA    NA      NA         OK
F_fleet_2_YR_1978_s_1            NA    NA      NA         OK
F_fleet_2_YR_1979_s_1            NA    NA      NA         OK
F_fleet_2_YR_1980_s_1            NA    NA      NA         OK
F_fleet_2_YR_1981_s_1            NA    NA      NA         OK
F_fleet_2_YR_1982_s_1            NA    NA      NA         OK
F_fleet_2_YR_1983_s_1            NA    NA      NA         OK
F_fleet_2_YR_1984_s_1            NA    NA      NA         OK
F_fleet_2_YR_1985_s_1            NA    NA      NA         OK
F_fleet_2_YR_1986_s_1            NA    NA      NA         OK
F_fleet_2_YR_1987_s_1            NA    NA      NA         OK
F_fleet_2_YR_1988_s_1            NA    NA      NA         OK
F_fleet_2_YR_1989_s_1            NA    NA      NA         OK
F_fleet_2_YR_1990_s_1            NA    NA      NA         OK
F_fleet_2_YR_1991_s_1            NA    NA      NA         OK
F_fleet_2_YR_1992_s_1            NA    NA      NA         OK
F_fleet_2_YR_1993_s_1            NA    NA      NA         OK
F_fleet_2_YR_1994_s_1            NA    NA      NA         OK
F_fleet_2_YR_1995_s_1            NA    NA      NA         OK
F_fleet_2_YR_1996_s_1            NA    NA      NA         OK
F_fleet_2_YR_1997_s_1            NA    NA      NA         OK
F_fleet_2_YR_1998_s_1            NA    NA      NA         OK
F_fleet_2_YR_1999_s_1            NA    NA      NA         OK
F_fleet_2_YR_2000_s_1            NA    NA      NA         OK
F_fleet_2_YR_2001_s_1            NA    NA      NA         OK
F_fleet_2_YR_2002_s_1            NA    NA      NA         OK
F_fleet_2_YR_2003_s_1            NA    NA      NA         OK
F_fleet_2_YR_2004_s_1            NA    NA      NA         OK
F_fleet_2_YR_2005_s_1            NA    NA      NA         OK
F_fleet_2_YR_2006_s_1            NA    NA      NA         OK
F_fleet_2_YR_2007_s_1            NA    NA      NA         OK
F_fleet_2_YR_2008_s_1            NA    NA      NA         OK
F_fleet_2_YR_2009_s_1            NA    NA      NA         OK
F_fleet_2_YR_2010_s_1            NA    NA      NA         OK
F_fleet_2_YR_2011_s_1            NA    NA      NA         OK
F_fleet_2_YR_2012_s_1            NA    NA      NA         OK
F_fleet_2_YR_2013_s_1            NA    NA      NA         OK
F_fleet_2_YR_2014_s_1            NA    NA      NA         OK
F_fleet_2_YR_2015_s_1            NA    NA      NA         OK
F_fleet_2_YR_2016_s_1            NA    NA      NA         OK
F_fleet_2_YR_2017_s_1            NA    NA      NA         OK
F_fleet_3_YR_1950_s_1            NA    NA      NA      CHECK
F_fleet_3_YR_1951_s_1            NA    NA      NA      CHECK
F_fleet_3_YR_1952_s_1            NA    NA      NA      CHECK
F_fleet_3_YR_1953_s_1            NA    NA      NA      CHECK
F_fleet_3_YR_1954_s_1            NA    NA      NA         OK
F_fleet_3_YR_1955_s_1            NA    NA      NA         OK
F_fleet_3_YR_1956_s_1            NA    NA      NA         OK
F_fleet_3_YR_1957_s_1            NA    NA      NA         OK
F_fleet_3_YR_1958_s_1            NA    NA      NA         OK
F_fleet_3_YR_1959_s_1            NA    NA      NA         OK
F_fleet_3_YR_1960_s_1            NA    NA      NA         OK
F_fleet_3_YR_1961_s_1            NA    NA      NA         OK
F_fleet_3_YR_1962_s_1            NA    NA      NA         OK
F_fleet_3_YR_1963_s_1            NA    NA      NA         OK
F_fleet_3_YR_1964_s_1            NA    NA      NA         OK
F_fleet_3_YR_1965_s_1            NA    NA      NA         OK
F_fleet_3_YR_1966_s_1            NA    NA      NA         OK
F_fleet_3_YR_1967_s_1            NA    NA      NA         OK
F_fleet_3_YR_1968_s_1            NA    NA      NA         OK
F_fleet_3_YR_1969_s_1            NA    NA      NA         OK
F_fleet_3_YR_1970_s_1            NA    NA      NA         OK
F_fleet_3_YR_1971_s_1            NA    NA      NA         OK
F_fleet_3_YR_1972_s_1            NA    NA      NA         OK
F_fleet_3_YR_1973_s_1            NA    NA      NA         OK
F_fleet_3_YR_1974_s_1            NA    NA      NA         OK
F_fleet_3_YR_1975_s_1            NA    NA      NA         OK
F_fleet_3_YR_1976_s_1            NA    NA      NA         OK
F_fleet_3_YR_1977_s_1            NA    NA      NA         OK
F_fleet_3_YR_1978_s_1            NA    NA      NA         OK
F_fleet_3_YR_1979_s_1            NA    NA      NA         OK
F_fleet_3_YR_1980_s_1            NA    NA      NA         OK
F_fleet_3_YR_1981_s_1            NA    NA      NA         OK
F_fleet_3_YR_1982_s_1            NA    NA      NA         OK
F_fleet_3_YR_1983_s_1            NA    NA      NA         OK
F_fleet_3_YR_1984_s_1            NA    NA      NA         OK
F_fleet_3_YR_1985_s_1            NA    NA      NA         OK
F_fleet_3_YR_1986_s_1            NA    NA      NA         OK
F_fleet_3_YR_1987_s_1            NA    NA      NA         OK
F_fleet_3_YR_1988_s_1            NA    NA      NA         OK
F_fleet_3_YR_1989_s_1            NA    NA      NA         OK
F_fleet_3_YR_1990_s_1            NA    NA      NA         OK
F_fleet_3_YR_1991_s_1            NA    NA      NA         OK
F_fleet_3_YR_1992_s_1            NA    NA      NA         OK
F_fleet_3_YR_1993_s_1            NA    NA      NA         OK
F_fleet_3_YR_1994_s_1            NA    NA      NA         OK
F_fleet_3_YR_1995_s_1            NA    NA      NA         OK
F_fleet_3_YR_1996_s_1            NA    NA      NA         OK
F_fleet_3_YR_1997_s_1            NA    NA      NA         OK
F_fleet_3_YR_1998_s_1            NA    NA      NA         OK
F_fleet_3_YR_1999_s_1            NA    NA      NA         OK
F_fleet_3_YR_2000_s_1            NA    NA      NA         OK
F_fleet_3_YR_2001_s_1            NA    NA      NA         OK
F_fleet_3_YR_2002_s_1            NA    NA      NA         OK
F_fleet_3_YR_2003_s_1            NA    NA      NA         OK
F_fleet_3_YR_2004_s_1            NA    NA      NA         OK
F_fleet_3_YR_2005_s_1            NA    NA      NA         OK
F_fleet_3_YR_2006_s_1            NA    NA      NA         OK
F_fleet_3_YR_2007_s_1            NA    NA      NA         OK
F_fleet_3_YR_2008_s_1            NA    NA      NA         OK
F_fleet_3_YR_2009_s_1            NA    NA      NA         OK
F_fleet_3_YR_2010_s_1            NA    NA      NA         OK
F_fleet_3_YR_2011_s_1            NA    NA      NA         OK
F_fleet_3_YR_2012_s_1            NA    NA      NA         OK
F_fleet_3_YR_2013_s_1            NA    NA      NA         OK
F_fleet_3_YR_2014_s_1            NA    NA      NA         OK
F_fleet_3_YR_2015_s_1            NA    NA      NA         OK
F_fleet_3_YR_2016_s_1            NA    NA      NA         OK
F_fleet_3_YR_2017_s_1            NA    NA      NA         OK
F_fleet_4_YR_1950_s_1            NA    NA      NA         OK
F_fleet_4_YR_1951_s_1            NA    NA      NA         OK
F_fleet_4_YR_1952_s_1            NA    NA      NA         OK
F_fleet_4_YR_1953_s_1            NA    NA      NA         OK
F_fleet_4_YR_1954_s_1            NA    NA      NA         OK
F_fleet_4_YR_1955_s_1            NA    NA      NA         OK
F_fleet_4_YR_1956_s_1            NA    NA      NA         OK
F_fleet_4_YR_1957_s_1            NA    NA      NA         OK
F_fleet_4_YR_1958_s_1            NA    NA      NA         OK
F_fleet_4_YR_1959_s_1            NA    NA      NA         OK
F_fleet_4_YR_1960_s_1            NA    NA      NA         OK
F_fleet_4_YR_1961_s_1            NA    NA      NA         OK
F_fleet_4_YR_1962_s_1            NA    NA      NA         OK
F_fleet_4_YR_1963_s_1            NA    NA      NA         OK
F_fleet_4_YR_1964_s_1            NA    NA      NA         OK
F_fleet_4_YR_1965_s_1            NA    NA      NA         OK
F_fleet_4_YR_1966_s_1            NA    NA      NA         OK
F_fleet_4_YR_1967_s_1            NA    NA      NA         OK
F_fleet_4_YR_1968_s_1            NA    NA      NA         OK
F_fleet_4_YR_1969_s_1            NA    NA      NA         OK
F_fleet_4_YR_1970_s_1            NA    NA      NA         OK
F_fleet_4_YR_1971_s_1            NA    NA      NA         OK
F_fleet_4_YR_1972_s_1            NA    NA      NA         OK
F_fleet_4_YR_1973_s_1            NA    NA      NA         OK
F_fleet_4_YR_1974_s_1            NA    NA      NA         OK
F_fleet_4_YR_1975_s_1            NA    NA      NA         OK
F_fleet_4_YR_1976_s_1            NA    NA      NA         OK
F_fleet_4_YR_1977_s_1            NA    NA      NA         OK
F_fleet_4_YR_1978_s_1            NA    NA      NA         OK
F_fleet_4_YR_1979_s_1            NA    NA      NA         OK
F_fleet_4_YR_1980_s_1            NA    NA      NA         OK
F_fleet_4_YR_1981_s_1            NA    NA      NA         OK
F_fleet_4_YR_1982_s_1            NA    NA      NA         OK
F_fleet_4_YR_1983_s_1            NA    NA      NA         OK
F_fleet_4_YR_1984_s_1            NA    NA      NA         OK
F_fleet_4_YR_1985_s_1            NA    NA      NA         OK
F_fleet_4_YR_1986_s_1            NA    NA      NA         OK
F_fleet_4_YR_1987_s_1            NA    NA      NA         OK
F_fleet_4_YR_1988_s_1            NA    NA      NA         OK
F_fleet_4_YR_1989_s_1            NA    NA      NA         OK
F_fleet_4_YR_1990_s_1            NA    NA      NA         OK
F_fleet_4_YR_1991_s_1            NA    NA      NA         OK
F_fleet_4_YR_1992_s_1            NA    NA      NA         OK
F_fleet_4_YR_1993_s_1            NA    NA      NA         OK
F_fleet_4_YR_1994_s_1            NA    NA      NA         OK
F_fleet_4_YR_1995_s_1            NA    NA      NA         OK
F_fleet_4_YR_1996_s_1            NA    NA      NA         OK
F_fleet_4_YR_1997_s_1            NA    NA      NA         OK
F_fleet_4_YR_1998_s_1            NA    NA      NA         OK
F_fleet_4_YR_1999_s_1            NA    NA      NA         OK
F_fleet_4_YR_2000_s_1            NA    NA      NA         OK
F_fleet_4_YR_2001_s_1            NA    NA      NA         OK
F_fleet_4_YR_2002_s_1            NA    NA      NA         OK
F_fleet_4_YR_2003_s_1            NA    NA      NA         OK
F_fleet_4_YR_2004_s_1            NA    NA      NA         OK
F_fleet_4_YR_2005_s_1            NA    NA      NA         OK
F_fleet_4_YR_2006_s_1            NA    NA      NA         OK
F_fleet_4_YR_2007_s_1            NA    NA      NA         OK
F_fleet_4_YR_2008_s_1            NA    NA      NA         OK
F_fleet_4_YR_2009_s_1            NA    NA      NA         OK
F_fleet_4_YR_2010_s_1            NA    NA      NA         OK
F_fleet_4_YR_2011_s_1            NA    NA      NA         OK
F_fleet_4_YR_2012_s_1            NA    NA      NA         OK
F_fleet_4_YR_2013_s_1            NA    NA      NA         OK
F_fleet_4_YR_2014_s_1            NA    NA      NA         OK
F_fleet_4_YR_2015_s_1            NA    NA      NA         OK
F_fleet_4_YR_2016_s_1            NA    NA      NA         OK
F_fleet_4_YR_2017_s_1            NA    NA      NA      CHECK
LnQ_base_SMP_BYC(4)              NA    NA      NA         OK
Size_DblN_top_logit_VIDEO(8)     NA    NA      NA         OK
Size_DblN_ascend_se_VIDEO(8)     NA    NA      NA         OK
Size_DblN_end_logit_VIDEO(8)     NA    NA      NA         OK
Size_DblN_top_logit_SEAMAP(9)    NA    NA      NA         OK
Size_DblN_ascend_se_SEAMAP(9)    NA    NA      NA         OK
Size_DblN_end_logit_SEAMAP(9)    NA    NA      NA         OK
Age_inflection_CM_E(1)           NA    NA      NA         OK
Age_95%width_CM_E(1)             NA    NA      NA         OK
Age_inflection_CM_W(2)           NA    NA      NA         OK
Age_95%width_CM_W(2)             NA    NA      NA         OK
Age_DblN_peak_REC(3)             NA    NA      NA         OK
Age_DblN_top_logit_REC(3)        NA    NA      NA         OK
Age_DblN_ascend_se_REC(3)        NA    NA      NA         OK
Age_DblN_descend_se_REC(3)       NA    NA      NA         OK
Age_DblN_start_logit_REC(3)      NA    NA      NA         OK
Age_DblN_end_logit_REC(3)        NA    NA      NA         OK

$maximum_gradient_component
[1] 0.000397712

$parameters_with_highest_gradients
                            Value     Gradient
F_fleet_2_YR_1950_s_1 2.96985e-05 -0.000397712
F_fleet_1_YR_1958_s_1 3.33932e-04 -0.000239023
F_fleet_1_YR_1951_s_1 6.68941e-05 -0.000195546
F_fleet_2_YR_1957_s_1 2.55098e-04 -0.000195024
F_fleet_2_YR_1966_s_1 1.56177e-04  0.000187219

$Length_Comp_Fit_Summary
     Data_type Fleet Recommend_var_adj #  N Npos min_Nsamp max_Nsamp
3268         4     8          0.513275 # 15   14   6.56797       100
3269         4     9          0.691325 #  9    8  11.08360       100
     mean_Nsamp_in mean_Nsamp_adj mean_Nsamp_DM err_method err_index
3268       39.4698        39.4698            NA          0        NA
3269       43.4214        43.4214            NA          0        NA
            par1 val1 par2 val2 mean_effN HarMean Curr_Var_Adj Fleet_name
3268 multinomial   NA   NA   NA   71.7365 20.2589            1      VIDEO
3269 multinomial   NA   NA   NA   81.1559 30.0183            1     SEAMAP

$Age_Comp_Fit_Summary
     Data_type Fleet Recommend_var_adj # Nsamp_adj Npos min_Nsamp max_Nsamp
3340         5     1          0.374073 #        20   19   3.63217       100
3341         5     2          0.527966 #        20   19   7.31632       100
3342         5     3          0.403767 #        24   23   4.26588       100
     mean_Nsamp_in mean_Nsamp_adj mean_Nsamp_DM err_method err_index
3340       61.3421        61.3421            NA          0        NA
3341       56.9918        56.9918            NA          0        NA
3342       52.0045        52.0045            NA          0        NA
            par1 val1 par2 val2 mean_effN HarMean Curr_Var_Adj Fleet_name
3340 multinomial   NA   NA   NA   83.0332 22.9464            1       CM_E
3341 multinomial   NA   NA   NA   72.2108 30.0897            1       CM_W
3342 multinomial   NA   NA   NA   67.4903 20.9977            1        REC

$SBzero
[1] 3.37715e+11

$current_depletion
[1] 0.5900715

$SPRratioLabel
[1] "1-SPR"

$sigma_R_in
[1] 0.3

$sigma_R_info
           period N_devs SD_of_devs Var_of_devs   mean_SE mean_SEsquared
1            Main     24  0.3044877  0.09271276 0.1134763     0.01579527
2      Early+Main     24  0.3044877  0.09271276 0.1134763     0.01579527
3 Early+Main+Late     24  0.3044877  0.09271276 0.1134763     0.01579527
  sqrt_sum_of_components SD_of_devs_over_sigma_R sqrt_sum_over_sigma_R
1              0.3294056                1.014959              1.098019
2              0.3294056                1.014959              1.098019
3              0.3294056                1.014959              1.098019
  alternative_sigma_R
1   0.329405565725308
2   0.329405565725308
3   0.329405565725308

$rmse_table
    ERA  N     RMSE RMSE_over_sigmaR mean_BiasAdj
1  main 24 0.298077         0.987219     0.863952
2 early  0 0.000000         0.000000     0.000000

$RecDev_method
[1] 1

68
