/srv
total 492452
-rw-r--r-- 1 slot1_26 slot1_26         0 Nov  4 18:38 _condor_stderr
-rw-r--r-- 1 slot1_26 slot1_26         5 Nov  4 18:38 _condor_stdout
-rw-r--r-- 1 slot1_26 slot1_26 503570432 Nov  4 18:38 linux-r4ss-v4.sif
-rw-r--r-- 1 slot1_26 slot1_26       819 Nov  4 18:38 osg-ss3-example-calcs.r
-rwxr-xr-x 1 slot1_26 slot1_26      1059 Nov  4 18:38 osg-wrapper-r.sh
drwxr-x--- 4 slot1_26 slot1_26      4096 Nov  4 18:38 scratch
drwxrwxrwt 2 slot1_26 slot1_26      4096 Nov  4 18:38 tmp
-rw-r--r-- 1 slot1_26 slot1_26    669783 Nov  4 18:38 upload.example-ss3-models.tar.gz
drwxrwxrwt 2 slot1_26 slot1_26      4096 Nov  4 18:38 var_tmp
/ss_exe:/usr/local/sbin:/usr/local/bin:/usr/sbin:/usr/bin:/sbin:/bin
output/49-Spinydogfish_2011-2/
[1] "/srv/working"
[1] "output/49-Spinydogfish_2011-2/"
[1] TRUE TRUE TRUE TRUE TRUE TRUE TRUE
[1] "ran model"
$SS_version
[1] "3.30.22.1;_safe;_compile_date:_Jan 30 2024;_Stock_Synthesis_by_Richard_Methot_(NOAA)_using_ADMB_13.1"

$SS_versionshort
[1] "3.30"

$SS_versionNumeric
[1] 3.3

$StartTime
[1] "StartTime: Mon Nov 4 18:38:20 2024"

$RunTime
[1] "0 hours, 3 minutes, 18 seconds."

$Files_used
[1] "Data_File: Spiny_Dogfish.DAT Control_File: Spiny_Dogfish.CTL"

$log_det_hessian
[1] 51.8612

$Final_phase
[1] 3

$N_iterations
[1] 211

$Nwarnings
[1] 5

$warnings
[1] "Note 1 Information: Max data length bin: 132  < max pop len bins: 136; so will accumulate larger pop len bins"
[2] "Warning 1 Adjustment:  recdev_end: 2010 > retro_yr: 2008 reset "                                              
[3] "Warning 2 : Fmsy/mey is <1/3 of Fspr are you sure?  check for convergence "                                   
[4] "Note 2 Information: A revised protocol for the Fcast_yr specification is available and recommended."          
[5] " 2 warnings  and 2 notes "                                                                                    

$likelihoods_used
                                    values lambdas
TOTAL                905.77099999999995816      NA
Catch                  0.00000000000145569      NA
Equil_catch            0.00000000000000000      NA
Survey                 1.63714000000000004      NA
Mean_body_wt          -2.52268999999999988      NA
Length_comp          753.83600000000001273      NA
Recruitment            0.00000000000000000       1
InitEQ_Regime          0.00000000000000000       1
Forecast_Recruitment   0.00000000000000000       1
Parm_priors          152.81399999999999295       1
Parm_softbounds        0.00659140000000000      NA
Parm_devs              0.00000000000000000       1
Crash_Pen              0.00000000000000000       1

$likelihoods_laplace
                                     values lambdas
NoBias_corr_Recruitment(info_only) -46.6737       1
Laplace_obj_fun(info_only)         859.0970      NA

$likelihoods_by_fleet
              Label          ALL   TRAWL Trawl_Discard MIDWATER  A-SHOP   HKL
190    Catch_lambda           NA  1.0000   1.00000e+00   1.0000  1.0000  1.00
191      Catch_like  1.45569e-12  0.0000   1.25791e-13   0.0000  0.0000  0.00
192 Init_equ_lambda           NA  1.0000   1.00000e+00   1.0000  1.0000  1.00
193   Init_equ_like  0.00000e+00  0.0000   0.00000e+00   0.0000  0.0000  0.00
194     Surv_lambda           NA  0.0000   0.00000e+00   0.0000  0.0000  0.00
195       Surv_like  1.63714e+00  0.0000   0.00000e+00   0.0000  0.0000  0.00
196      Surv_N_use           NA  0.0000   0.00000e+00   0.0000  0.0000  0.00
197     Surv_N_skip           NA  0.0000   0.00000e+00   0.0000  0.0000  0.00
198     mnwt_lambda           NA  1.0000   1.00000e+00   1.0000  1.0000  1.00
199       mnwt_like -2.52269e+00  0.0000  -1.87756e+00   0.0000  0.0000  0.00
200      mnwt_N_use           NA  0.0000   4.00000e+00   0.0000  0.0000  0.00
201     mnwt_N_skip           NA  0.0000   0.00000e+00   0.0000  0.0000  0.00
202   Length_lambda           NA  1.0000   1.00000e+00   1.0000  1.0000  1.00
203     Length_like  7.53836e+02 37.6437   6.57067e+01  83.6104 44.0603 76.02
204    Length_N_use           NA  3.0000   4.00000e+00   4.0000  2.0000  5.00
205   Length_N_skip           NA  1.0000   1.00000e+00   2.0000  2.0000  1.00
    Hkl_Discard OTHERS RECREATIONAL AFSC_triennial AFSC_slope NWFSC_shelf_slope
190    1.000000      1  1.00000e+00        1.00000   1.000000           1.00000
191    0.000000      0  1.32990e-12        0.00000   0.000000           0.00000
192    1.000000      1  1.00000e+00        1.00000   1.000000           1.00000
193    0.000000      0  0.00000e+00        0.00000   0.000000           0.00000
194    0.000000      0  0.00000e+00        1.00000   1.000000           1.00000
195    0.000000      0  0.00000e+00       -3.25081   0.656295           1.21637
196    0.000000      0  0.00000e+00        9.00000   4.000000           6.00000
197    0.000000      0  0.00000e+00        0.00000   0.000000           2.00000
198    1.000000      1  1.00000e+00        1.00000   1.000000           1.00000
199   -0.645129      0  0.00000e+00        0.00000   0.000000           0.00000
200    4.000000      0  0.00000e+00        0.00000   0.000000           0.00000
201    0.000000      0  0.00000e+00        0.00000   0.000000           0.00000
202    1.000000      0  1.00000e+00        1.00000   1.000000           1.00000
203   81.467400      0  1.51245e+02       48.95600  52.535100         112.59100
204    5.000000      0  1.50000e+01        3.00000   4.000000           6.00000
205    1.000000      0  2.00000e+00        0.00000   0.000000           2.00000
    NWFSC_slope      IPHC
190     1.00000 1.0000000
191     0.00000 0.0000000
192     1.00000 1.0000000
193     0.00000 0.0000000
194     1.00000 1.0000000
195     2.96973 0.0455608
196     5.00000 9.0000000
197     0.00000 2.0000000
198     1.00000 1.0000000
199     0.00000 0.0000000
200     0.00000 0.0000000
201     0.00000 0.0000000
202     0.00000 0.0000000
203     0.00000 0.0000000
204     0.00000 0.0000000
205     0.00000 0.0000000

$Parm_devs_detail
    Index Phase MinYr MaxYr  N stddev Rho Like_devs Like_se mean        rmse
209     1    -5  1980  2004 25      2   0         0       0    0 3.16228e-05
    var   sqrt(var) est_rho D-W
209   0 3.16228e-05       0   0

$N_estimated_parameters
[1] 32

$table_of_phases

-99  -6  -5  -3  -2  -1   1   3 
 35   2  13  36   5   5  11  21 

$estimated_non_dev_parameters
                                                Value Phase Min Max       Init
SR_LN(R0)                                   8.2194600     1   8  18   9.052750
LnQ_base_AFSC_triennial(9)                  0.0761328     1 -10   2  -0.825117
Q_extraSD_AFSC_triennial(9)                 0.3103980     3   0   1   0.312772
Q_extraSD_AFSC_slope(10)                    0.4556100     3   0   1   0.470453
Q_extraSD_NWFSC_shelf_slope(11)             0.6221680     3   0   1   0.807998
Q_extraSD_NWFSC_slope(12)                   0.7965780     3   0   1   0.812199
Size_DblN_peak_TRAWL(1)                    86.0892000     1  20 120  99.872300
Size_DblN_ascend_se_TRAWL(1)                4.3397400     3  -1   9   5.882580
Size_DblN_peak_Trawl_Discard(2)            71.8889000     1  20 120  73.379700
Size_DblN_ascend_se_Trawl_Discard(2)        6.0056900     3  -1   9   6.093260
Size_DblN_start_logit_Trawl_Discard(2)     -2.7529900     3  -5   9  -3.167350
Size_DblN_peak_MIDWATER(3)                 58.3573000     1  20 120  57.288600
Size_DblN_top_logit_MIDWATER(3)             0.5627010     3  -6   4   0.556100
Size_DblN_ascend_se_MIDWATER(3)             5.1558500     3  -1   9   4.951900
Size_DblN_descend_se_MIDWATER(3)            4.8076800     3  -1   9   4.492350
Size_DblN_start_logit_MIDWATER(3)          -5.6872800     3  -9   9  -5.498300
Size_DblN_peak_HKL(5)                     104.1630000     1  20 120 105.009000
Size_DblN_ascend_se_HKL(5)                  5.7525700     3  -1   9   5.958320
Size_DblN_peak_Hkl_Discard(6)              68.4110000     1  20 120  67.082900
Size_DblN_ascend_se_Hkl_Discard(6)          5.1982800     3  -1   9   5.110470
Size_DblN_peak_RECREATIONAL(8)            109.0590000     1  20 120 109.785000
Size_DblN_ascend_se_RECREATIONAL(8)         6.1384900     3  -1   9   6.086900
Size_DblN_peak_AFSC_triennial(9)           58.6814000     1  25 100  57.778800
Size_DblN_top_logit_AFSC_triennial(9)      -8.6995800     3  -9   3  -8.724720
Size_DblN_ascend_se_AFSC_triennial(9)       6.6927800     3  -4  12   6.593140
Size_DblN_descend_se_AFSC_triennial(9)      6.5700300     3  -2  15   6.461950
Size_DblN_peak_AFSC_slope(10)              59.6631000     1  25 100  59.078600
Size_DblN_top_logit_AFSC_slope(10)         -0.9837820     3  -9   3  -1.026320
Size_DblN_ascend_se_AFSC_slope(10)          5.6668700     3  -4  12   5.638340
Size_DblN_descend_se_AFSC_slope(10)         4.9310600     3  -2  15   4.981780
Size_DblN_peak_NWFSC_shelf_slope(11)       57.9540000     1  20 120  57.198100
Size_DblN_ascend_se_NWFSC_shelf_slope(11)   6.3426000     3  -1   9   6.716190
                                          Status Parm_StDev        Gradient
SR_LN(R0)                                     OK  0.1263520 -0.000003308700
LnQ_base_AFSC_triennial(9)                    OK  0.2091190 -0.000003000920
Q_extraSD_AFSC_triennial(9)                   OK  0.0991892  0.000006509710
Q_extraSD_AFSC_slope(10)                      OK  0.2533790 -0.000000643757
Q_extraSD_NWFSC_shelf_slope(11)               OK  0.2162970 -0.000006545750
Q_extraSD_NWFSC_slope(12)                     OK  0.3491860  0.000001847770
Size_DblN_peak_TRAWL(1)                       OK  3.8098500 -0.000095064800
Size_DblN_ascend_se_TRAWL(1)                  OK  0.5816970  0.000088287100
Size_DblN_peak_Trawl_Discard(2)               OK  3.0804200 -0.000027936900
Size_DblN_ascend_se_Trawl_Discard(2)          OK  0.2506380  0.000026458400
Size_DblN_start_logit_Trawl_Discard(2)        OK  0.2671710  0.000009557660
Size_DblN_peak_MIDWATER(3)                    OK  2.1332600 -0.000055043600
Size_DblN_top_logit_MIDWATER(3)               OK  0.4793340  0.000058759500
Size_DblN_ascend_se_MIDWATER(3)               OK  0.2623420  0.000045137900
Size_DblN_descend_se_MIDWATER(3)              OK  1.9987700  0.000016512300
Size_DblN_start_logit_MIDWATER(3)             OK  2.1659300 -0.000000736944
Size_DblN_peak_HKL(5)                         OK  2.1800200 -0.000009229900
Size_DblN_ascend_se_HKL(5)                    OK  0.1528150 -0.000004999620
Size_DblN_peak_Hkl_Discard(6)                 OK  1.5146900 -0.000003298590
Size_DblN_ascend_se_Hkl_Discard(6)            OK  0.1592040  0.000004383850
Size_DblN_peak_RECREATIONAL(8)                OK  2.4333900  0.000012872900
Size_DblN_ascend_se_RECREATIONAL(8)           OK  0.1503430 -0.000007055390
Size_DblN_peak_AFSC_triennial(9)              OK  2.8082300 -0.000031434300
Size_DblN_top_logit_AFSC_triennial(9)         OK  8.3047400  0.000000849988
Size_DblN_ascend_se_AFSC_triennial(9)         OK  0.3179400  0.000057292300
Size_DblN_descend_se_AFSC_triennial(9)        OK  0.3599910 -0.000027660600
Size_DblN_peak_AFSC_slope(10)                 OK  2.0101900  0.000014117400
Size_DblN_top_logit_AFSC_slope(10)            OK  0.3281290  0.000024557600
Size_DblN_ascend_se_AFSC_slope(10)            OK  0.2019580  0.000003659600
Size_DblN_descend_se_AFSC_slope(10)           OK  0.9791900  0.000017371600
Size_DblN_peak_NWFSC_shelf_slope(11)          OK  2.2292400 -0.000011058300
Size_DblN_ascend_se_NWFSC_shelf_slope(11)     OK  0.2145880  0.000016622700
                                           Pr_type Prior Pr_SD          Pr_Like
SR_LN(R0)                                 No_prior    NA    NA               NA
LnQ_base_AFSC_triennial(9)                No_prior    NA    NA               NA
Q_extraSD_AFSC_triennial(9)               No_prior    NA    NA               NA
Q_extraSD_AFSC_slope(10)                  No_prior    NA    NA               NA
Q_extraSD_NWFSC_shelf_slope(11)           No_prior    NA    NA               NA
Q_extraSD_NWFSC_slope(12)                 No_prior    NA    NA               NA
Size_DblN_peak_TRAWL(1)                     Normal   100    99 0.00987203000000
Size_DblN_ascend_se_TRAWL(1)                Normal     6    99 0.00014062100000
Size_DblN_peak_Trawl_Discard(2)             Normal    75    99 0.00049376300000
Size_DblN_ascend_se_Trawl_Discard(2)        Normal     6    99 0.00000000165033
Size_DblN_start_logit_Trawl_Discard(2)      Normal    -5    99 0.00025757800000
Size_DblN_peak_MIDWATER(3)                  Normal    55    99 0.00057500000000
Size_DblN_top_logit_MIDWATER(3)             Normal     0    99 0.00001615310000
Size_DblN_ascend_se_MIDWATER(3)             Normal     5    99 0.00000123912000
Size_DblN_descend_se_MIDWATER(3)            Normal     5    99 0.00000188684000
Size_DblN_start_logit_MIDWATER(3)           Normal    -7    99 0.00008791100000
Size_DblN_peak_HKL(5)                       Normal   110    99 0.00173812000000
Size_DblN_ascend_se_HKL(5)                  Normal     6    99 0.00000312336000
Size_DblN_peak_Hkl_Discard(6)               Normal    70    99 0.00012881300000
Size_DblN_ascend_se_Hkl_Discard(6)          Normal     5    99 0.00000200570000
Size_DblN_peak_RECREATIONAL(8)              Normal   110    99 0.00004521940000
Size_DblN_ascend_se_RECREATIONAL(8)         Normal     6    99 0.00000097847900
Size_DblN_peak_AFSC_triennial(9)            Normal    60    99 0.00008870590000
Size_DblN_top_logit_AFSC_triennial(9)       Normal    -8    99 0.00002496730000
Size_DblN_ascend_se_AFSC_triennial(9)       Normal     6    99 0.00002448450000
Size_DblN_descend_se_AFSC_triennial(9)      Normal     6    99 0.00001657670000
Size_DblN_peak_AFSC_slope(10)               Normal    60    99 0.00000579102000
Size_DblN_top_logit_AFSC_slope(10)          Normal    -1    99 0.00000001341770
Size_DblN_ascend_se_AFSC_slope(10)          Normal     5    99 0.00002268750000
Size_DblN_descend_se_AFSC_slope(10)         Normal     5    99 0.00000024247900
Size_DblN_peak_NWFSC_shelf_slope(11)        Normal    60    99 0.00021356000000
Size_DblN_ascend_se_NWFSC_shelf_slope(11)   Normal     6    99 0.00000598805000
                                          Afterbound
SR_LN(R0)                                         OK
LnQ_base_AFSC_triennial(9)                        OK
Q_extraSD_AFSC_triennial(9)                       OK
Q_extraSD_AFSC_slope(10)                          OK
Q_extraSD_NWFSC_shelf_slope(11)                   OK
Q_extraSD_NWFSC_slope(12)                         OK
Size_DblN_peak_TRAWL(1)                           OK
Size_DblN_ascend_se_TRAWL(1)                      OK
Size_DblN_peak_Trawl_Discard(2)                   OK
Size_DblN_ascend_se_Trawl_Discard(2)              OK
Size_DblN_start_logit_Trawl_Discard(2)            OK
Size_DblN_peak_MIDWATER(3)                        OK
Size_DblN_top_logit_MIDWATER(3)                   OK
Size_DblN_ascend_se_MIDWATER(3)                   OK
Size_DblN_descend_se_MIDWATER(3)                  OK
Size_DblN_start_logit_MIDWATER(3)                 OK
Size_DblN_peak_HKL(5)                             OK
Size_DblN_ascend_se_HKL(5)                        OK
Size_DblN_peak_Hkl_Discard(6)                     OK
Size_DblN_ascend_se_Hkl_Discard(6)                OK
Size_DblN_peak_RECREATIONAL(8)                    OK
Size_DblN_ascend_se_RECREATIONAL(8)               OK
Size_DblN_peak_AFSC_triennial(9)                  OK
Size_DblN_top_logit_AFSC_triennial(9)             OK
Size_DblN_ascend_se_AFSC_triennial(9)             OK
Size_DblN_descend_se_AFSC_triennial(9)            OK
Size_DblN_peak_AFSC_slope(10)                     OK
Size_DblN_top_logit_AFSC_slope(10)                OK
Size_DblN_ascend_se_AFSC_slope(10)                OK
Size_DblN_descend_se_AFSC_slope(10)               OK
Size_DblN_peak_NWFSC_shelf_slope(11)              OK
Size_DblN_ascend_se_NWFSC_shelf_slope(11)         OK

$maximum_gradient_component
[1] 9.50648e-05

$parameters_with_highest_gradients
                                          Value     Gradient
Size_DblN_peak_TRAWL(1)               86.089200 -9.50648e-05
Size_DblN_ascend_se_TRAWL(1)           4.339740  8.82871e-05
Size_DblN_top_logit_MIDWATER(3)        0.562701  5.87595e-05
Size_DblN_ascend_se_AFSC_triennial(9)  6.692780  5.72923e-05
Size_DblN_peak_MIDWATER(3)            58.357300 -5.50436e-05

$SBzero
[1] 11109.6

$current_depletion
[1] 0.465555

$sigma_R_in
[1] 0.2

$sigma_R_info
           period N_devs SD_of_devs Var_of_devs mean_SE mean_SEsquared
1            Main     29          0           0      NA             NA
2      Early+Main     29          0           0      NA             NA
3 Early+Main+Late     31          0           0      NA             NA
  sqrt_sum_of_components SD_of_devs_over_sigma_R sqrt_sum_over_sigma_R
1                     NA                       0                    NA
2                     NA                       0                    NA
3                     NA                       0                    NA
  alternative_sigma_R
1                <NA>
2                <NA>
3                <NA>

$rmse_table
    ERA  N RMSE RMSE_over_sigmaR mean_BiasAdj
1  main 29    0                0            0
2 early  0    0                0            0

$RecDev_method
[1] 1

202
