/srv
total 492452
-rw-r--r-- 1 slot1_84 slot1_84         0 Nov  4 18:38 _condor_stderr
-rw-r--r-- 1 slot1_84 slot1_84         5 Nov  4 18:38 _condor_stdout
-rw-r--r-- 1 slot1_84 slot1_84 503570432 Nov  4 18:38 linux-r4ss-v4.sif
-rw-r--r-- 1 slot1_84 slot1_84       819 Nov  4 18:38 osg-ss3-example-calcs.r
-rwxr-xr-x 1 slot1_84 slot1_84      1059 Nov  4 18:38 osg-wrapper-r.sh
drwxr-x--- 4 slot1_84 slot1_84      4096 Nov  4 18:38 scratch
drwxrwxrwt 2 slot1_84 slot1_84      4096 Nov  4 18:38 tmp
-rw-r--r-- 1 slot1_84 slot1_84    669783 Nov  4 18:38 upload.example-ss3-models.tar.gz
drwxrwxrwt 2 slot1_84 slot1_84      4096 Nov  4 18:38 var_tmp
/ss_exe:/usr/local/sbin:/usr/local/bin:/usr/sbin:/usr/bin:/sbin:/bin
output/28-Simple_NoCPUE-1/
[1] "/srv/working"
[1] "output/28-Simple_NoCPUE-1/"
[1] TRUE TRUE TRUE TRUE TRUE TRUE TRUE TRUE
[1] "ran model"
$SS_version
[1] "3.30.22.1;_safe;_compile_date:_Jan 30 2024;_Stock_Synthesis_by_Richard_Methot_(NOAA)_using_ADMB_13.1"

$SS_versionshort
[1] "3.30"

$SS_versionNumeric
[1] 3.3

$StartTime
[1] "StartTime: Mon Nov 4 18:38:28 2024"

$RunTime
[1] "0 hours, 0 minutes, 29 seconds."

$Files_used
[1] "Data_File: simple.dat Control_File: simple.ctl"

$log_det_hessian
[1] 145.596

$Final_phase
[1] 5

$N_iterations
[1] 442

$Nwarnings
[1] 5

$warnings
[1] "Note 1 Information: Max data length bin: 90  < max pop len bins: 94; so will accumulate larger pop len bins"
[2] "Warning 1 Adjustment:  recdev_end: 2001 > retro_yr: 2000 reset "                                            
[3] "Warning 2 : Final gradient: 0.000155786 is larger than final_conv: 0.0001"                                  
[4] "Note 2 Information: A revised protocol for the Fcast_yr specification is available and recommended."        
[5] " 2 warnings  and 2 notes "                                                                                  

$likelihoods_used
                           values lambdas
TOTAL                 1.24961e+03      NA
Catch                 3.59787e-11      NA
Equil_catch           0.00000e+00      NA
Length_comp           6.22532e+02      NA
Age_comp              5.56165e+02      NA
Size_at_age           7.94397e+01      NA
Recruitment          -9.57004e+00       1
InitEQ_Regime         1.54502e-30       1
Forecast_Recruitment  0.00000e+00       1
Parm_priors           1.03759e+00       1
Parm_softbounds       1.16588e-03      NA
Parm_devs             0.00000e+00       1
Crash_Pen             0.00000e+00       1

$likelihoods_laplace
                                       values lambdas
NoBias_corr_Recruitment(info_only)   -9.05922       1
Laplace_obj_fun(info_only)         1250.12000      NA

$likelihoods_by_fleet
               Label         ALL    FISHERY1  SURVEY1 SURVEY2
181     Catch_lambda          NA 1.00000e+00   1.0000       1
182       Catch_like 3.59787e-11 3.59787e-11   0.0000       0
183  Init_equ_lambda          NA 1.00000e+00   1.0000       1
184    Init_equ_like 0.00000e+00 0.00000e+00   0.0000       0
185    Length_lambda          NA 1.00000e+00   1.0000       0
186      Length_like 6.22532e+02 4.97295e+02 125.2370       0
187     Length_N_use          NA 3.00000e+01   8.0000       0
188    Length_N_skip          NA 1.00000e+00   1.0000       0
189       Age_lambda          NA 1.00000e+00   1.0000       0
190         Age_like 5.56165e+02 4.40431e+02 115.7340       0
191        Age_N_use          NA 3.00000e+01   8.0000       0
192       Age_N_skip          NA 1.00000e+00   1.0000       0
193 Sizeatage_lambda          NA 1.00000e+00   1.0000       0
194   sizeatage_like 7.94397e+01 3.82153e+01  41.2244       0
195  sizeatage_N_use          NA 2.00000e+00   2.0000       0
196 sizeatage_N_skip          NA 0.00000e+00   0.0000       0

$N_estimated_parameters
[1] 52

$table_of_phases

-99  -4  -3  -1   1   2   3   4   5 
  8   2  15   1   1  33   2   5  11 

$estimated_non_dev_parameters
                                Value Phase    Min   Max      Init Status
L_at_Amin_Fem_GP_1          21.785300     2 -10.00 45.00 21.748000     OK
L_at_Amax_Fem_GP_1          71.664600     4  40.00 90.00 71.669000     OK
VonBert_K_Fem_GP_1           0.146709     4   0.05  0.25  0.146762     OK
L_at_Amax_Mal_GP_1          69.550300     4  40.00 90.00 69.561700     OK
VonBert_K_Mal_GP_1           0.163142     4   0.05  0.25  0.162787     OK
SR_LN(R0)                    8.813890     1   3.00 31.00  8.813250     OK
SR_BH_steep                  0.645547     4   0.20  1.00  0.699977     OK
Size_inflection_FISHERY1(1) 53.499900     2  19.00 80.00 53.636700     OK
Size_95%width_FISHERY1(1)   18.856300     3   0.01 60.00 18.767400     OK
Size_inflection_SURVEY1(2)  36.764800     2  19.00 70.00 36.807800     OK
Size_95%width_SURVEY1(2)     6.871950     3   0.01 60.00  6.774240     OK
                            Parm_StDev       Gradient  Pr_type Prior Pr_SD
L_at_Amin_Fem_GP_1          0.50139500  0.00000428773   Normal 36.00 10.00
L_at_Amax_Fem_GP_1          0.31208900  0.00001043500   Normal 70.00 10.00
VonBert_K_Fem_GP_1          0.00374758  0.00000120571   Normal  0.15  0.80
L_at_Amax_Mal_GP_1          0.29416100  0.00000788882   Normal 70.00 10.00
VonBert_K_Mal_GP_1          0.00416874  0.00000428077   Normal  0.15  0.80
SR_LN(R0)                   0.02775250  0.00015578600 No_prior    NA    NA
SR_BH_steep                 0.14295800  0.00000161146 Sym_Beta  0.70  0.05
Size_inflection_FISHERY1(1) 0.74965800 -0.00000477363 Sym_Beta 50.00  0.01
Size_95%width_FISHERY1(1)   0.85249000  0.00000697178 Sym_Beta 15.00  0.01
Size_inflection_SURVEY1(2)  0.56901800 -0.00000714132 Sym_Beta 30.00  0.01
Size_95%width_SURVEY1(2)    0.79957800  0.00000221643 Sym_Beta 10.00  0.01
                                  Pr_Like Afterbound
L_at_Amin_Fem_GP_1          1.01029000000         OK
L_at_Amax_Fem_GP_1          0.01385530000         OK
VonBert_K_Fem_GP_1          0.00000846389         OK
L_at_Amax_Mal_GP_1          0.00101126000         OK
VonBert_K_Mal_GP_1          0.00013493000         OK
SR_LN(R0)                              NA         OK
SR_BH_steep                 0.00062720000         OK
Size_inflection_FISHERY1(1) 0.00017341800         OK
Size_95%width_FISHERY1(1)   0.00148667000         OK
Size_inflection_SURVEY1(2)  0.00096520400         OK
Size_95%width_SURVEY1(2)    0.00903348000         OK

$maximum_gradient_component
[1] 0.000155786

$parameters_with_highest_gradients
                              Value     Gradient
SR_LN(R0)                   8.81389  1.55786e-04
L_at_Amax_Fem_GP_1         71.66460  1.04350e-05
L_at_Amax_Mal_GP_1         69.55030  7.88882e-06
Size_inflection_SURVEY1(2) 36.76480 -7.14132e-06
Size_95%width_FISHERY1(1)  18.85630  6.97178e-06

$Length_Comp_Fit_Summary
     Data_type Fleet Recommend_var_adj #  N Npos min_Nsamp max_Nsamp
1367         4     1            1.0435 # 31   30       125       125
1368         4     2            1.1832 #  9    8       125       125
     mean_Nsamp_in mean_Nsamp_adj mean_Nsamp_DM err_method err_index
1367           125            125            NA          0        NA
1368           125            125            NA          0        NA
            par1 val1 par2 val2 mean_effN HarMean Curr_Var_Adj Fleet_name
1367 multinomial   NA   NA   NA   135.273 130.437            1   FISHERY1
1368 multinomial   NA   NA   NA   154.277 147.901            1    SURVEY1

$Age_Comp_Fit_Summary
     Data_type Fleet Recommend_var_adj # Nsamp_adj Npos min_Nsamp max_Nsamp
1415         5     1           1.01741 #        31   30        75        75
1416         5     2           1.05173 #         9    8        75        75
     mean_Nsamp_in mean_Nsamp_adj mean_Nsamp_DM err_method err_index
1415            75             75            NA          0        NA
1416            75             75            NA          0        NA
            par1 val1 par2 val2 mean_effN HarMean Curr_Var_Adj Fleet_name
1415 multinomial   NA   NA   NA   82.4446 76.3055            1   FISHERY1
1416 multinomial   NA   NA   NA   88.8778 78.8798            1    SURVEY1

$SBzero
[1] 49851.9

$current_depletion
[1] 0.1055783

$SPRratioLabel
[1] "(1-SPR)/(1-SPR_40%)"

$sigma_R_in
[1] 0.6

$sigma_R_info
           period N_devs SD_of_devs Var_of_devs   mean_SE mean_SEsquared
1            Main     30  0.3944091   0.1555586 0.3436418      0.1245105
2      Early+Main     30  0.3944091   0.1555586 0.3436418      0.1245105
3 Early+Main+Late     31  0.3877799   0.1503733 0.3519114      0.1321069
  sqrt_sum_of_components SD_of_devs_over_sigma_R sqrt_sum_over_sigma_R
1              0.5292155               0.6573486             0.8820258
2              0.5292155               0.6573486             0.8820258
3              0.5314887               0.6462999             0.8858144
  alternative_sigma_R
1   0.529215503169642
2   0.529215503169642
3   0.531488663371013

$rmse_table
    ERA  N    RMSE RMSE_over_sigmaR mean_BiasAdj
1  main 30 0.38778         0.417704            1
2 early  0 0.00000         0.000000            0

$RecDev_method
[1] 1

33
