/srv
total 492933
-rw-r--r--. 1 osg osg         0 Nov  4 19:45 _condor_stderr
-rw-r--r--. 1 osg osg         5 Nov  4 19:45 _condor_stdout
-rw-r--r--. 1 osg osg 503570432 Nov  4 19:45 linux-r4ss-v4.sif
-rw-r--r--. 1 osg osg       819 Nov  4 19:38 osg-ss3-example-calcs.r
-rwxr-xr-x. 1 osg osg      1059 Nov  4 19:38 osg-wrapper-r.sh
drwxr-x---. 4 osg osg         4 Nov  4 19:45 scratch
drwxrwxrwt. 2 osg osg         2 Nov  4 19:45 tmp
-rw-r--r--. 1 osg osg    669783 Nov  4 19:38 upload.example-ss3-models.tar.gz
drwxrwxrwt. 2 osg osg         2 Nov  4 19:45 var_tmp
/ss_exe:/usr/local/sbin:/usr/local/bin:/usr/sbin:/usr/bin:/sbin:/bin
output/31-Spinydogfish_2011-1/
[1] "/srv/working"
[1] "output/31-Spinydogfish_2011-1/"
[1] TRUE TRUE TRUE TRUE TRUE TRUE TRUE
[1] "ran model"
$SS_version
[1] "3.30.22.1;_safe;_compile_date:_Jan 30 2024;_Stock_Synthesis_by_Richard_Methot_(NOAA)_using_ADMB_13.1"

$SS_versionshort
[1] "3.30"

$SS_versionNumeric
[1] 3.3

$StartTime
[1] "StartTime: Mon Nov 4 19:45:21 2024"

$RunTime
[1] "0 hours, 3 minutes, 21 seconds."

$Files_used
[1] "Data_File: Spiny_Dogfish.DAT Control_File: Spiny_Dogfish.CTL"

$log_det_hessian
[1] 52.1322

$Final_phase
[1] 3

$N_iterations
[1] 205

$Nwarnings
[1] 5

$warnings
[1] "Note 1 Information: Max data length bin: 132  < max pop len bins: 136; so will accumulate larger pop len bins"
[2] "Warning 1 Adjustment:  recdev_end: 2010 > retro_yr: 2009 reset "                                              
[3] "Warning 2 : Fmsy/mey is <1/3 of Fspr are you sure?  check for convergence "                                   
[4] "Note 2 Information: A revised protocol for the Fcast_yr specification is available and recommended."          
[5] " 2 warnings  and 2 notes "                                                                                    

$likelihoods_used
                                      values lambdas
TOTAL                1139.859999999999899956      NA
Catch                   0.000000000000167491      NA
Equil_catch             0.000000000000000000      NA
Survey                  0.395189999999999986      NA
Mean_body_wt           -2.100760000000000183      NA
Length_comp           988.755999999999971806      NA
Recruitment             0.000000000000000000       1
InitEQ_Regime           0.000000000000000000       1
Forecast_Recruitment    0.000000000000000000       1
Parm_priors           152.802999999999997272       1
Parm_softbounds         0.007510300000000000      NA
Parm_devs               0.000000000000000000       1
Crash_Pen               0.000000000000000000       1

$likelihoods_laplace
                                      values lambdas
NoBias_corr_Recruitment(info_only)  -48.2831       1
Laplace_obj_fun(info_only)         1091.5800      NA

$likelihoods_by_fleet
              Label          ALL   TRAWL Trawl_Discard MIDWATER  A-SHOP     HKL
190    Catch_lambda           NA  1.0000   1.00000e+00    1.000  1.0000  1.0000
191      Catch_like  1.67491e-13  0.0000   1.50642e-14    0.000  0.0000  0.0000
192 Init_equ_lambda           NA  1.0000   1.00000e+00    1.000  1.0000  1.0000
193   Init_equ_like  0.00000e+00  0.0000   0.00000e+00    0.000  0.0000  0.0000
194     Surv_lambda           NA  0.0000   0.00000e+00    0.000  0.0000  0.0000
195       Surv_like  3.95190e-01  0.0000   0.00000e+00    0.000  0.0000  0.0000
196      Surv_N_use           NA  0.0000   0.00000e+00    0.000  0.0000  0.0000
197     Surv_N_skip           NA  0.0000   0.00000e+00    0.000  0.0000  0.0000
198     mnwt_lambda           NA  1.0000   1.00000e+00    1.000  1.0000  1.0000
199       mnwt_like -2.10076e+00  0.0000  -1.51375e+00    0.000  0.0000  0.0000
200      mnwt_N_use           NA  0.0000   4.00000e+00    0.000  0.0000  0.0000
201     mnwt_N_skip           NA  0.0000   0.00000e+00    0.000  0.0000  0.0000
202   Length_lambda           NA  1.0000   1.00000e+00    1.000  1.0000  1.0000
203     Length_like  9.88756e+02 52.3938   1.31131e+02  101.481 72.3922 89.4507
204    Length_N_use           NA  4.0000   5.00000e+00    5.000  3.0000  6.0000
205   Length_N_skip           NA  0.0000   0.00000e+00    1.000  1.0000  0.0000
    Hkl_Discard OTHERS RECREATIONAL AFSC_triennial AFSC_slope NWFSC_shelf_slope
190    1.000000      1  1.00000e+00        1.00000   1.000000           1.00000
191    0.000000      0  1.52427e-13        0.00000   0.000000           0.00000
192    1.000000      1  1.00000e+00        1.00000   1.000000           1.00000
193    0.000000      0  0.00000e+00        0.00000   0.000000           0.00000
194    0.000000      0  0.00000e+00        1.00000   1.000000           1.00000
195    0.000000      0  0.00000e+00       -3.19136   0.738234           3.30788
196    0.000000      0  0.00000e+00        9.00000   4.000000           7.00000
197    0.000000      0  0.00000e+00        0.00000   0.000000           1.00000
198    1.000000      1  1.00000e+00        1.00000   1.000000           1.00000
199   -0.587005      0  0.00000e+00        0.00000   0.000000           0.00000
200    4.000000      0  0.00000e+00        0.00000   0.000000           0.00000
201    0.000000      0  0.00000e+00        0.00000   0.000000           0.00000
202    1.000000      0  1.00000e+00        1.00000   1.000000           1.00000
203  106.639000      0  1.77795e+02       48.74560  53.603500         155.12400
204    6.000000      0  1.60000e+01        3.00000   4.000000           7.00000
205    0.000000      0  1.00000e+00        0.00000   0.000000           1.00000
    NWFSC_slope     IPHC
190     1.00000  1.00000
191     0.00000  0.00000
192     1.00000  1.00000
193     0.00000  0.00000
194     1.00000  1.00000
195     3.04101 -3.50057
196     5.00000 10.00000
197     0.00000  1.00000
198     1.00000  1.00000
199     0.00000  0.00000
200     0.00000  0.00000
201     0.00000  0.00000
202     0.00000  0.00000
203     0.00000  0.00000
204     0.00000  0.00000
205     0.00000  0.00000

$Parm_devs_detail
    Index Phase MinYr MaxYr  N stddev Rho Like_devs Like_se mean        rmse
209     1    -5  1980  2004 25      2   0         0       0    0 3.16228e-05
    var   sqrt(var) est_rho D-W
209   0 3.16228e-05       0   0

$N_estimated_parameters
[1] 32

$table_of_phases

-99  -6  -5  -3  -2  -1   1   3 
 35   2  13  36   5   5  11  21 

$estimated_non_dev_parameters
                                               Value Phase Min Max       Init
SR_LN(R0)                                   9.097600     1   8  18   9.052750
LnQ_base_AFSC_triennial(9)                 -0.871845     1 -10   2  -0.825117
Q_extraSD_AFSC_triennial(9)                 0.312957     3   0   1   0.312772
Q_extraSD_AFSC_slope(10)                    0.470836     3   0   1   0.470453
Q_extraSD_NWFSC_shelf_slope(11)             0.857571     3   0   1   0.807998
Q_extraSD_NWFSC_slope(12)                   0.812604     3   0   1   0.812199
Size_DblN_peak_TRAWL(1)                    99.901100     1  20 120  99.872300
Size_DblN_ascend_se_TRAWL(1)                5.885960     3  -1   9   5.882580
Size_DblN_peak_Trawl_Discard(2)            73.293300     1  20 120  73.379700
Size_DblN_ascend_se_Trawl_Discard(2)        6.088700     3  -1   9   6.093260
Size_DblN_start_logit_Trawl_Discard(2)     -3.163080     3  -5   9  -3.167350
Size_DblN_peak_MIDWATER(3)                 57.630700     1  20 120  57.288600
Size_DblN_top_logit_MIDWATER(3)             0.529230     3  -6   4   0.556100
Size_DblN_ascend_se_MIDWATER(3)             5.082920     3  -1   9   4.951900
Size_DblN_descend_se_MIDWATER(3)            4.702770     3  -1   9   4.492350
Size_DblN_start_logit_MIDWATER(3)          -5.534230     3  -9   9  -5.498300
Size_DblN_peak_HKL(5)                     105.028000     1  20 120 105.009000
Size_DblN_ascend_se_HKL(5)                  5.960470     3  -1   9   5.958320
Size_DblN_peak_Hkl_Discard(6)              67.036400     1  20 120  67.082900
Size_DblN_ascend_se_Hkl_Discard(6)          5.107540     3  -1   9   5.110470
Size_DblN_peak_RECREATIONAL(8)            109.819000     1  20 120 109.785000
Size_DblN_ascend_se_RECREATIONAL(8)         6.105850     3  -1   9   6.086900
Size_DblN_peak_AFSC_triennial(9)           57.757100     1  25 100  57.778800
Size_DblN_top_logit_AFSC_triennial(9)      -8.725230     3  -9   3  -8.724720
Size_DblN_ascend_se_AFSC_triennial(9)       6.590440     3  -4  12   6.593140
Size_DblN_descend_se_AFSC_triennial(9)      6.458480     3  -2  15   6.461950
Size_DblN_peak_AFSC_slope(10)              59.063200     1  25 100  59.078600
Size_DblN_top_logit_AFSC_slope(10)         -1.027830     3  -9   3  -1.026320
Size_DblN_ascend_se_AFSC_slope(10)          5.637580     3  -4  12   5.638340
Size_DblN_descend_se_AFSC_slope(10)         4.983090     3  -2  15   4.981780
Size_DblN_peak_NWFSC_shelf_slope(11)       57.205000     1  20 120  57.198100
Size_DblN_ascend_se_NWFSC_shelf_slope(11)   6.639760     3  -1   9   6.716190
                                          Status Parm_StDev        Gradient
SR_LN(R0)                                     OK  0.4099250 -0.000001448730
LnQ_base_AFSC_triennial(9)                    OK  0.4536740 -0.000000186092
Q_extraSD_AFSC_triennial(9)                   OK  0.0999402  0.000000852068
Q_extraSD_AFSC_slope(10)                      OK  0.2585290 -0.000001260270
Q_extraSD_NWFSC_shelf_slope(11)               OK  0.2611800  0.000002358710
Q_extraSD_NWFSC_slope(12)                     OK  0.3541250 -0.000000246357
Size_DblN_peak_TRAWL(1)                       OK  5.4162000  0.000008158370
Size_DblN_ascend_se_TRAWL(1)                  OK  0.3321420  0.000002004850
Size_DblN_peak_Trawl_Discard(2)               OK  2.9991800 -0.000002596680
Size_DblN_ascend_se_Trawl_Discard(2)          OK  0.2222530  0.000005112290
Size_DblN_start_logit_Trawl_Discard(2)        OK  0.2798350  0.000008239600
Size_DblN_peak_MIDWATER(3)                    OK  2.0222000 -0.000012393800
Size_DblN_top_logit_MIDWATER(3)               OK  0.4614730  0.000021376900
Size_DblN_ascend_se_MIDWATER(3)               OK  0.2532870  0.000053390100
Size_DblN_descend_se_MIDWATER(3)              OK  1.8057900  0.000005372520
Size_DblN_start_logit_MIDWATER(3)             OK  1.6171600  0.000002406810
Size_DblN_peak_HKL(5)                         OK  2.2983800  0.000011154100
Size_DblN_ascend_se_HKL(5)                    OK  0.1429000  0.000007255950
Size_DblN_peak_Hkl_Discard(6)                 OK  1.4076000 -0.000009091420
Size_DblN_ascend_se_Hkl_Discard(6)            OK  0.1604050  0.000006504540
Size_DblN_peak_RECREATIONAL(8)                OK  2.2921200  0.000014858300
Size_DblN_ascend_se_RECREATIONAL(8)           OK  0.1487420 -0.000012204800
Size_DblN_peak_AFSC_triennial(9)              OK  2.6098300  0.000004397510
Size_DblN_top_logit_AFSC_triennial(9)         OK  7.6726200  0.000011427000
Size_DblN_ascend_se_AFSC_triennial(9)         OK  0.2998830  0.000007304320
Size_DblN_descend_se_AFSC_triennial(9)        OK  0.3279910 -0.000001174670
Size_DblN_peak_AFSC_slope(10)                 OK  1.8804700  0.000015328200
Size_DblN_top_logit_AFSC_slope(10)            OK  0.3130850  0.000011780800
Size_DblN_ascend_se_AFSC_slope(10)            OK  0.1956570  0.000005436040
Size_DblN_descend_se_AFSC_slope(10)           OK  0.8788290  0.000014281400
Size_DblN_peak_NWFSC_shelf_slope(11)          OK  2.3458000  0.000005908470
Size_DblN_ascend_se_NWFSC_shelf_slope(11)     OK  0.2541170 -0.000008096480
                                           Pr_type Prior Pr_SD         Pr_Like
SR_LN(R0)                                 No_prior    NA    NA              NA
LnQ_base_AFSC_triennial(9)                No_prior    NA    NA              NA
Q_extraSD_AFSC_triennial(9)               No_prior    NA    NA              NA
Q_extraSD_AFSC_slope(10)                  No_prior    NA    NA              NA
Q_extraSD_NWFSC_shelf_slope(11)           No_prior    NA    NA              NA
Q_extraSD_NWFSC_slope(12)                 No_prior    NA    NA              NA
Size_DblN_peak_TRAWL(1)                     Normal   100    99 0.0000004993540
Size_DblN_ascend_se_TRAWL(1)                Normal     6    99 0.0000006634470
Size_DblN_peak_Trawl_Discard(2)             Normal    75    99 0.0001486000000
Size_DblN_ascend_se_Trawl_Discard(2)        Normal     6    99 0.0000004013420
Size_DblN_start_logit_Trawl_Discard(2)      Normal    -5    99 0.0001721400000
Size_DblN_peak_MIDWATER(3)                  Normal    55    99 0.0003530510000
Size_DblN_top_logit_MIDWATER(3)             Normal     0    99 0.0000142885000
Size_DblN_ascend_se_MIDWATER(3)             Normal     5    99 0.0000003507300
Size_DblN_descend_se_MIDWATER(3)            Normal     5    99 0.0000045070800
Size_DblN_start_logit_MIDWATER(3)           Normal    -7    99 0.0001096050000
Size_DblN_peak_HKL(5)                       Normal   110    99 0.0012613200000
Size_DblN_ascend_se_HKL(5)                  Normal     6    99 0.0000000797183
Size_DblN_peak_Hkl_Discard(6)               Normal    70    99 0.0004480590000
Size_DblN_ascend_se_Hkl_Discard(6)          Normal     5    99 0.0000005899510
Size_DblN_peak_RECREATIONAL(8)              Normal   110    99 0.0000016771400
Size_DblN_ascend_se_RECREATIONAL(8)         Normal     6    99 0.0000005715870
Size_DblN_peak_AFSC_triennial(9)            Normal    60    99 0.0002566470000
Size_DblN_top_logit_AFSC_triennial(9)       Normal    -8    99 0.0000268319000
Size_DblN_ascend_se_AFSC_triennial(9)       Normal     6    99 0.0000177849000
Size_DblN_descend_se_AFSC_triennial(9)      Normal     6    99 0.0000107236000
Size_DblN_peak_AFSC_slope(10)               Normal    60    99 0.0000447700000
Size_DblN_top_logit_AFSC_slope(10)          Normal    -1    99 0.0000000395249
Size_DblN_ascend_se_AFSC_slope(10)          Normal     5    99 0.0000207381000
Size_DblN_descend_se_AFSC_slope(10)         Normal     5    99 0.0000000145906
Size_DblN_peak_NWFSC_shelf_slope(11)        Normal    60    99 0.0003985430000
Size_DblN_ascend_se_NWFSC_shelf_slope(11)   Normal     6    99 0.0000208800000
                                          Afterbound
SR_LN(R0)                                         OK
LnQ_base_AFSC_triennial(9)                        OK
Q_extraSD_AFSC_triennial(9)                       OK
Q_extraSD_AFSC_slope(10)                          OK
Q_extraSD_NWFSC_shelf_slope(11)                   OK
Q_extraSD_NWFSC_slope(12)                         OK
Size_DblN_peak_TRAWL(1)                           OK
Size_DblN_ascend_se_TRAWL(1)                      OK
Size_DblN_peak_Trawl_Discard(2)                   OK
Size_DblN_ascend_se_Trawl_Discard(2)              OK
Size_DblN_start_logit_Trawl_Discard(2)            OK
Size_DblN_peak_MIDWATER(3)                        OK
Size_DblN_top_logit_MIDWATER(3)                   OK
Size_DblN_ascend_se_MIDWATER(3)                   OK
Size_DblN_descend_se_MIDWATER(3)                  OK
Size_DblN_start_logit_MIDWATER(3)                 OK
Size_DblN_peak_HKL(5)                             OK
Size_DblN_ascend_se_HKL(5)                        OK
Size_DblN_peak_Hkl_Discard(6)                     OK
Size_DblN_ascend_se_Hkl_Discard(6)                OK
Size_DblN_peak_RECREATIONAL(8)                    OK
Size_DblN_ascend_se_RECREATIONAL(8)               OK
Size_DblN_peak_AFSC_triennial(9)                  OK
Size_DblN_top_logit_AFSC_triennial(9)             OK
Size_DblN_ascend_se_AFSC_triennial(9)             OK
Size_DblN_descend_se_AFSC_triennial(9)            OK
Size_DblN_peak_AFSC_slope(10)                     OK
Size_DblN_top_logit_AFSC_slope(10)                OK
Size_DblN_ascend_se_AFSC_slope(10)                OK
Size_DblN_descend_se_AFSC_slope(10)               OK
Size_DblN_peak_NWFSC_shelf_slope(11)              OK
Size_DblN_ascend_se_NWFSC_shelf_slope(11)         OK

$maximum_gradient_component
[1] 5.33901e-05

$parameters_with_highest_gradients
                                        Value    Gradient
Size_DblN_ascend_se_MIDWATER(3)       5.08292 5.33901e-05
Size_DblN_top_logit_MIDWATER(3)       0.52923 2.13769e-05
Size_DblN_peak_AFSC_slope(10)        59.06320 1.53282e-05
Size_DblN_peak_RECREATIONAL(8)      109.81900 1.48583e-05
Size_DblN_descend_se_AFSC_slope(10)   4.98309 1.42814e-05

$SBzero
[1] 26734.3

$current_depletion
[1] 0.7716604

$sigma_R_in
[1] 0.2

$sigma_R_info
           period N_devs SD_of_devs Var_of_devs mean_SE mean_SEsquared
1            Main     30          0           0      NA             NA
2      Early+Main     30          0           0      NA             NA
3 Early+Main+Late     31          0           0      NA             NA
  sqrt_sum_of_components SD_of_devs_over_sigma_R sqrt_sum_over_sigma_R
1                     NA                       0                    NA
2                     NA                       0                    NA
3                     NA                       0                    NA
  alternative_sigma_R
1                <NA>
2                <NA>
3                <NA>

$rmse_table
    ERA  N RMSE RMSE_over_sigmaR mean_BiasAdj
1  main 30    0                0            0
2 early  0    0                0            0

$RecDev_method
[1] 1

205
