/srv
total 492436
-rw-r--r-- 1 osg gridusers         0 Nov  4 17:38 _condor_stderr
-rw-r--r-- 1 osg gridusers         5 Nov  4 17:38 _condor_stdout
-rw-r--r-- 1 osg gridusers 503570432 Nov  4 17:38 linux-r4ss-v4.sif
-rw-r--r-- 1 osg gridusers       819 Nov  4 17:38 osg-ss3-example-calcs.r
-rwxr-xr-x 1 osg gridusers      1059 Nov  4 17:38 osg-wrapper-r.sh
drwxr-x--- 4 osg gridusers        28 Nov  4 17:38 scratch
drwxrwxrwt 2 osg gridusers         6 Nov  4 17:38 tmp
-rw-r--r-- 1 osg gridusers    669783 Nov  4 17:38 upload.example-ss3-models.tar.gz
drwxrwxrwt 2 osg gridusers         6 Nov  4 17:38 var_tmp
/ss_exe:/usr/local/sbin:/usr/local/bin:/usr/sbin:/usr/bin:/sbin:/bin
output/70-two_morph_seas_areas-3/
[1] "/srv/working"
[1] "output/70-two_morph_seas_areas-3/"
[1] TRUE TRUE TRUE TRUE TRUE TRUE TRUE
[1] "ran model"
$SS_version
[1] "3.30.22.1;_safe;_compile_date:_Jan 30 2024;_Stock_Synthesis_by_Richard_Methot_(NOAA)_using_ADMB_13.1"

$SS_versionshort
[1] "3.30"

$SS_versionNumeric
[1] 3.3

$StartTime
[1] "StartTime: Mon Nov 4 17:38:46 2024"

$RunTime
[1] "0 hours, 2 minutes, 35 seconds."

$Files_used
[1] "Data_File: data.ss Control_File: control.ss"

$log_det_hessian
[1] 201.863

$Final_phase
[1] 6

$N_iterations
[1] 688

$Nwarnings
[1] 8

$warnings
[1] "Note 1 Information: Max data length bin: 90  < max pop len bins: 94; so will accumulate larger pop len bins"      
[2] "Warning 1 : Forecast=0 or -1, so rest of forecast file will not be read and can be omitted;"                      
[3] "Warning 2 Adjustment:  recdev_end: 2001 > retro_yr: 1998 reset "                                                  
[4] "Warning 3 : 1st iteration warning: catch logL > 50% total logL; check configuration; suggest start with larger R0"
[5] "Warning 4 : poor convergence in F0.1 search target= 0.657173  actual= 0.660625"                                   
[6] "Note 2 Information: A revised protocol for the Fcast_yr specification is available and recommended."              
[7] "Warning 5 : Reminder: Number of lamdas !=0.0 and !=1.0:  1"                                                       
[8] " 5 warnings  and 2 notes "                                                                                        

$likelihoods_used
                                   values lambdas
TOTAL                2702.960000000000036      NA
Catch                   0.000000000107372      NA
Equil_catch             0.000000000000000      NA
Survey                 17.860900000000001      NA
Length_comp           576.791000000000054      NA
Age_comp             1046.700000000000045      NA
Size_at_age           173.000000000000000      NA
SizeFreq              899.078999999999951      NA
Recruitment           -15.526800000000000       2
InitEQ_Regime           0.000000000000000       1
Forecast_Recruitment    0.000000000000000       1
Parm_priors             5.026930000000000       1
Parm_softbounds         0.002617510000000      NA
Parm_devs               0.024412400000000       1
Crash_Pen               0.000000000000000       1

$likelihoods_laplace
                                      values lambdas
NoBias_corr_Recruitment(info_only)  -15.5268       2
Laplace_obj_fun(info_only)         2702.9600      NA

$likelihoods_by_fleet
               Label         ALL     FISH_A1   SURV_A1 RECRSVY_A1     FISH_A2
191     Catch_lambda          NA 1.00000e+00   1.00000     1.0000 1.00000e+00
192       Catch_like 1.07372e-10 5.55554e-11   0.00000     0.0000 5.18167e-11
193  Init_equ_lambda          NA 1.00000e+00   1.00000     1.0000 1.00000e+00
194    Init_equ_like 0.00000e+00 0.00000e+00   0.00000     0.0000 0.00000e+00
195      Surv_lambda          NA 0.00000e+00   1.00000     1.0000 0.00000e+00
196        Surv_like 1.78609e+01 0.00000e+00  -5.25081    14.1994 0.00000e+00
197       Surv_N_use          NA 0.00000e+00   8.00000     9.0000 0.00000e+00
198      Surv_N_skip          NA 0.00000e+00   1.00000     3.0000 0.00000e+00
199    Length_lambda          NA 1.00000e+00   1.00000     0.0000 0.00000e+00
200      Length_like 5.76791e+02 4.52627e+02 124.16400     0.0000 0.00000e+00
201     Length_N_use          NA 2.80000e+01   8.00000     0.0000 0.00000e+00
202    Length_N_skip          NA 3.00000e+00   1.00000     0.0000 0.00000e+00
203       Age_lambda          NA 1.00000e+00   1.00000     0.0000 1.00000e+00
204         Age_like 1.04670e+03 4.06829e+02 115.65100     0.0000 4.07943e+02
205        Age_N_use          NA 2.80000e+01   8.00000     0.0000 2.80000e+01
206       Age_N_skip          NA 3.00000e+00   1.00000     0.0000 3.00000e+00
207 Sizeatage_lambda          NA 1.00000e+00   1.00000     0.0000 1.00000e+00
208   sizeatage_like 1.73000e+02 4.38581e+01  41.89990     0.0000 4.22894e+01
209  sizeatage_N_use          NA 2.00000e+00   2.00000     0.0000 2.00000e+00
210 sizeatage_N_skip          NA 0.00000e+00   0.00000     0.0000 0.00000e+00
      SURV_A2 RECRSVY_A2 Depletion
191   1.00000     1.0000         1
192   0.00000     0.0000         0
193   1.00000     1.0000         1
194   0.00000     0.0000         0
195   1.00000     1.0000         0
196  -5.29423    14.2065         0
197   8.00000     9.0000         0
198   1.00000     3.0000         1
199   0.00000     0.0000         0
200   0.00000     0.0000         0
201   0.00000     0.0000         0
202   0.00000     0.0000         0
203   1.00000     0.0000         0
204 116.27900     0.0000         0
205   8.00000     0.0000         0
206   1.00000     0.0000         0
207   1.00000     0.0000         0
208  44.95270     0.0000         0
209   2.00000     0.0000         0
210   0.00000     0.0000         0

$Parm_devs_detail
                  Index   Phase MinYr MaxYr  N  stddev     Rho Like_devs
214                   1       6  1971  2001 31   0.050   0.000 0.0244124
215 SizeFreq_lambda:_1;       _    NA    NA NA   1.000      NA        NA
216   SizeFreq_like:_1; 899.079    NA    NA NA 707.505      NA        NA
217 SizeFreq_lambda:_2;       _    NA    NA NA      NA   1.000        NA
218   SizeFreq_like:_2;       _    NA    NA NA      NA 191.574        NA
    Like_se       mean      rmse        var sqrt(var)  est_rho     D-W
214       0 0.00800042 0.0396862 0.00151098 0.0388714 0.193243 1.03275
215      NA         NA        NA         NA        NA       NA      NA
216      NA         NA        NA         NA        NA       NA      NA
217      NA         NA        NA         NA        NA       NA      NA
218      NA         NA        NA         NA        NA       NA      NA

$N_estimated_parameters
[1] 83

$table_of_phases

-99  -6  -5  -4  -3  -1   1   3   4   5   6 
  3   1   1  12  28   6   1  36   4  11  31 

$estimated_non_dev_parameters
                                Value Phase    Min   Max        Init Status
L_at_Amin_Fem_GP_1         20.0953000     3 -10.00 45.00 20.00230000     OK
L_at_Amax_Fem_GP_1         71.2253000     5  40.00 90.00 71.26790000     OK
VonBert_K_Fem_GP_1          0.1572780     5   0.05  0.25  0.15760800     OK
L_at_Amin_Fem_GP_2         19.5876000     3 -10.00 45.00 19.50630000     OK
L_at_Amax_Fem_GP_2         70.6479000     5  40.00 90.00 70.61480000     OK
VonBert_K_Fem_GP_2          0.1638630     5   0.05  0.25  0.16443900     OK
L_at_Amin_Mal_GP_1         22.0410000     3 -10.00 45.00 22.00520000     OK
L_at_Amax_Mal_GP_1         69.5115000     5  40.00 90.00 69.58940000     OK
VonBert_K_Mal_GP_1          0.1621570     5   0.05  0.25  0.16149000     OK
L_at_Amin_Mal_GP_2         21.9057000     3 -10.00 45.00 21.95150000     OK
L_at_Amax_Mal_GP_2         69.1196000     5  40.00 90.00 69.17620000     OK
VonBert_K_Mal_GP_2          0.1662200     5   0.05  0.25  0.16525000     OK
SR_LN(R0)                   9.5129100     1   3.00 31.00  9.50866000     OK
SR_BH_steep                 0.6673760     5   0.20  1.00  0.63828000     OK
Q_extraSD_SURV_A1(2)        0.0146330     5   0.00  0.50  0.00496268     OK
Q_extraSD_SURV_A2(5)        0.0129301     5   0.00  0.50  0.00309005     OK
Size_inflection_FISH_A1(1) 54.0908000     3  19.00 80.00 54.07570000     OK
Size_95%width_FISH_A1(1)   20.4317000     4   0.01 60.00 20.19080000     OK
Size_inflection_SURV_A1(2) 36.6447000     3  19.00 70.00 36.60890000     OK
Size_95%width_SURV_A1(2)    6.6724900     4   0.01 60.00  6.57897000     OK
Size_inflection_FISH_A2(4) 53.5845000     3  19.00 80.00 53.72370000     OK
Size_95%width_FISH_A2(4)   19.1032000     4   0.01 60.00 19.01430000     OK
Size_inflection_SURV_A2(5) 36.1773000     3  19.00 70.00 36.21870000     OK
Size_95%width_SURV_A2(5)    5.0070100     4   0.01 60.00  5.00691000     OK
                           Parm_StDev         Gradient  Pr_type Prior Pr_SD
L_at_Amin_Fem_GP_1         0.56440000  0.0000230826000   Normal 36.00 10.00
L_at_Amax_Fem_GP_1         0.33336800  0.0000328369000   Normal 70.00 10.00
VonBert_K_Fem_GP_1         0.00445935  0.0000100624000   Normal  0.15  0.80
L_at_Amin_Fem_GP_2         0.58878500 -0.0000248115000   Normal 36.00 10.00
L_at_Amax_Fem_GP_2         0.31396700 -0.0000348802000   Normal 70.00 10.00
VonBert_K_Fem_GP_2         0.00450185 -0.0000227155000   Normal  0.15  0.80
L_at_Amin_Mal_GP_1         0.57417500  0.0000234236000   Normal 36.00 10.00
L_at_Amax_Mal_GP_1         0.32197100  0.0000505373000   Normal 70.00 10.00
VonBert_K_Mal_GP_1         0.00482910  0.0000184967000   Normal  0.15  0.80
L_at_Amin_Mal_GP_2         0.59627400 -0.0000039558400   Normal 36.00 10.00
L_at_Amax_Mal_GP_2         0.30686000 -0.0000304178000   Normal 70.00 10.00
VonBert_K_Mal_GP_2         0.00483541 -0.0000106488000   Normal  0.15  0.80
SR_LN(R0)                  0.02007290  0.0000061227200 No_prior    NA    NA
SR_BH_steep                0.07385590  0.0000037449000 Sym_Beta  0.70  0.05
Q_extraSD_SURV_A1(2)       0.08212040  0.0000001457470 No_prior    NA    NA
Q_extraSD_SURV_A2(5)       0.08168520 -0.0000012614400 No_prior    NA    NA
Size_inflection_FISH_A1(1) 0.87383500  0.0000288799000 Sym_Beta 50.00  0.01
Size_95%width_FISH_A1(1)   0.96372400 -0.0000163694000 Sym_Beta 15.00  0.01
Size_inflection_SURV_A1(2) 0.50446400  0.0000082198600 Sym_Beta 30.00  0.01
Size_95%width_SURV_A1(2)   0.87821200  0.0000000928893 Sym_Beta 10.00  0.01
Size_inflection_FISH_A2(4) 0.84728200 -0.0000136087000 Sym_Beta 50.00  0.01
Size_95%width_FISH_A2(4)   0.91330900  0.0000065718500 Sym_Beta 15.00  0.01
Size_inflection_SURV_A2(5) 0.45402300  0.0000118115000 Sym_Beta 30.00  0.01
Size_95%width_SURV_A2(5)   0.67548700 -0.0000005547810 Sym_Beta 10.00  0.01
                                Pr_Like Afterbound
L_at_Amin_Fem_GP_1         1.2647900000         OK
L_at_Amax_Fem_GP_1         0.0075071400         OK
VonBert_K_Fem_GP_1         0.0000413869         OK
L_at_Amin_Fem_GP_2         1.3468400000         OK
L_at_Amax_Fem_GP_2         0.0020989300         OK
VonBert_K_Fem_GP_2         0.0001501420         OK
L_at_Amin_Mal_GP_1         0.9742700000         OK
L_at_Amax_Mal_GP_1         0.0011930700         OK
VonBert_K_Mal_GP_1         0.0001154600         OK
L_at_Amin_Mal_GP_2         0.9932480000         OK
L_at_Amax_Mal_GP_2         0.0038759100         OK
VonBert_K_Mal_GP_2         0.0002055460         OK
SR_LN(R0)                            NA         OK
SR_BH_steep                0.0014133700         OK
Q_extraSD_SURV_A1(2)                 NA         OK
Q_extraSD_SURV_A2(5)                 NA         OK
Size_inflection_FISH_A1(1) 0.0002290990         OK
Size_95%width_FISH_A1(1)   0.0010742700         OK
Size_inflection_SURV_A1(2) 0.0009969500         OK
Size_95%width_SURV_A1(2)   0.0092909900         OK
Size_inflection_FISH_A2(4) 0.0001808980         OK
Size_95%width_FISH_A2(4)   0.0014166800         OK
Size_inflection_SURV_A2(5) 0.0011262600         OK
Size_95%width_SURV_A2(5)   0.0118599000         OK

$maximum_gradient_component
[1] 9.6637e-05

$parameters_with_highest_gradients
                                               Value     Gradient
RecrDist_GP_2_area_2_month_1_DEVadd_1979  0.06269830 -9.66370e-05
RecrDist_GP_2_area_2_month_1_DEVadd_1982 -0.01416030 -8.89024e-05
RecrDist_GP_2_area_2_month_1_DEVadd_1994  0.02412290  7.64227e-05
RecrDist_GP_2_area_2_month_1_DEVadd_1990 -0.02680160  6.89716e-05
RecrDist_GP_2_area_2_month_1_DEVadd_1987  0.00774967  6.86156e-05

$Age_Comp_Fit_Summary
     Data_type Fleet Recommend_var_adj # Nsamp_adj Npos min_Nsamp max_Nsamp
1338         5     1           1.03798 #        31   28        75        75
1339         5     2           1.04973 #         9    8        75        75
1340         5     4           1.03739 #        31   28        75        75
1341         5     5           1.04065 #         9    8        75        75
     mean_Nsamp_in mean_Nsamp_adj mean_Nsamp_DM err_method err_index
1338            75             75            NA          0        NA
1339            75             75            NA          0        NA
1340            75             75            NA          0        NA
1341            75             75            NA          0        NA
            par1 val1 par2 val2 mean_effN HarMean Curr_Var_Adj Fleet_name
1338 multinomial   NA   NA   NA   83.8817 77.8484            1    FISH_A1
1339 multinomial   NA   NA   NA   88.0935 78.7294            1    SURV_A1
1340 multinomial   NA   NA   NA   83.7391 77.8044            1    FISH_A2
1341 multinomial   NA   NA   NA   87.5400 78.0485            1    SURV_A2

$SBzero
[1] 99245.5

$current_depletion
[1] 0.1060865

$sigma_R_in
[1] 0.6

$sigma_R_info
           period N_devs SD_of_devs Var_of_devs   mean_SE mean_SEsquared
1            Main     28  0.4176042   0.1743933 0.2361123     0.05840853
2      Early+Main     28  0.4176042   0.1743933 0.2361123     0.05840853
3 Early+Main+Late     28  0.4176042   0.1743933 0.2361123     0.05840853
  sqrt_sum_of_components SD_of_devs_over_sigma_R sqrt_sum_over_sigma_R
1              0.4824954               0.6960071              0.804159
2              0.4824954               0.6960071              0.804159
3              0.4824954               0.6960071              0.804159
  alternative_sigma_R
1   0.482495421695331
2   0.482495421695331
3   0.482495421695331

$rmse_table
    ERA  N     RMSE RMSE_over_sigmaR mean_BiasAdj
1  main 28 0.410079         0.467124            1
2 early  0 0.000000         0.000000            0

$RecDev_method
[1] 1

161
