/srv
total 492448
-rw-r--r-- 1 osg01 osg01         0 Nov  4 18:38 _condor_stderr
-rw-r--r-- 1 osg01 osg01         5 Nov  4 18:38 _condor_stdout
-rw-r--r-- 1 osg01 osg01 503570432 Nov  4 18:38 linux-r4ss-v4.sif
-rw-r--r-- 1 osg01 osg01       819 Nov  4 18:38 osg-ss3-example-calcs.r
-rwxr-xr-x 1 osg01 osg01      1059 Nov  4 18:38 osg-wrapper-r.sh
drwxr-x--- 4 osg01 osg01      4096 Nov  4 18:38 scratch
drwxrwxrwt 2 osg01 osg01      4096 Nov  4 18:38 tmp
-rw-r--r-- 1 osg01 osg01    669783 Nov  4 18:38 upload.example-ss3-models.tar.gz
drwxrwxrwt 2 osg01 osg01      4096 Nov  4 18:38 var_tmp
/ss_exe:/usr/local/sbin:/usr/local/bin:/usr/sbin:/usr/bin:/sbin:/bin
output/68-tagging_mirrored_sel-3/
[1] "/srv/working"
[1] "output/68-tagging_mirrored_sel-3/"
[1] TRUE TRUE TRUE TRUE TRUE TRUE TRUE TRUE
[1] "ran model"
$SS_version
[1] "3.30.22.1;_safe;_compile_date:_Jan 30 2024;_Stock_Synthesis_by_Richard_Methot_(NOAA)_using_ADMB_13.1"

$SS_versionshort
[1] "3.30"

$SS_versionNumeric
[1] 3.3

$StartTime
[1] "StartTime: Mon Nov 4 18:38:40 2024"

$RunTime
[1] "0 hours, 1 minutes, 0 seconds."

$Files_used
[1] "Data_File: data_boot_new.ss Control_File: control.ss"

$log_det_hessian
[1] 240.915

$Final_phase
[1] 5

$N_iterations
[1] 396

$Nwarnings
[1] 7

$warnings
[1] "Note 1 Information: Max data length bin: 180  < max pop len bins: 245; so will accumulate larger pop len bins"                              
[2] "Warning 1 Adjustment: Fleet: 2  agecomp has N obs with partition==2 (retained); changed to partition=0 because retention not defined; N= 12"
[3] "Warning 2 : Final gradient: 0.00375043 is larger than final_conv: 0.0001"                                                                   
[4] "Note 2 Information: A revised protocol for the Fcast_yr specification is available and recommended."                                        
[5] "Warning 3 : Reminder: Number of lamdas !=0.0 and !=1.0:  38"                                                                                
[6] "Note 3 Information:  N parameters that are on or within 1% of min-max bound: 2; check results, variance may be suspect"                     
[7] " 3 warnings  and 3 notes "                                                                                                                  

$likelihoods_used
                                 values lambdas
TOTAL                1045.6800000000001      NA
Catch                   0.0000000125472      NA
Equil_catch             0.0000000000000      NA
Survey                -41.1378000000000      NA
Length_comp           569.3830000000000      NA
Age_comp               38.5949000000000      NA
Tag_comp                0.3346940000000      NA
Tag_negbin            408.3060000000000      NA
Recruitment           -23.4578000000000       1
InitEQ_Regime           0.0000000000000       1
Forecast_Recruitment    0.0000000000000       1
Parm_priors            93.6538000000000       1
Parm_softbounds         0.0008045520000      NA
Parm_devs               0.0000000000000       1
Crash_Pen               0.0000000000000       1

$likelihoods_laplace
                                      values lambdas
NoBias_corr_Recruitment(info_only)  -29.4137       1
Laplace_obj_fun(info_only)         1039.7200      NA

$likelihoods_by_fleet
              Label          ALL       cpue1        cpue2       cpue3
177    Catch_lambda           NA 1.00000e+00  1.00000e+00 1.00000e+00
178      Catch_like  1.25472e-08 2.75981e-09  4.18945e-09 3.61547e-09
179 Init_equ_lambda           NA 1.00000e+00  1.00000e+00 1.00000e+00
180   Init_equ_like  0.00000e+00 0.00000e+00  0.00000e+00 0.00000e+00
181     Surv_lambda           NA 0.00000e+00  1.00000e+00 0.00000e+00
182       Surv_like -4.11378e+01 0.00000e+00 -4.11378e+01 0.00000e+00
183      Surv_N_use           NA 0.00000e+00  2.80000e+01 0.00000e+00
184     Surv_N_skip           NA 0.00000e+00  2.00000e+00 0.00000e+00
185   Length_lambda           NA 0.00000e+00  1.00000e+00 0.00000e+00
186     Length_like  5.69383e+02 0.00000e+00  4.81764e+02 0.00000e+00
187    Length_N_use           NA 0.00000e+00  6.00000e+01 0.00000e+00
188   Length_N_skip           NA 0.00000e+00  2.00000e+00 0.00000e+00
189      Age_lambda           NA 0.00000e+00  1.00000e+00 0.00000e+00
190        Age_like  3.85949e+01 0.00000e+00  3.85949e+01 0.00000e+00
191       Age_N_use           NA 0.00000e+00  1.20000e+01 0.00000e+00
192      Age_N_skip           NA 0.00000e+00  0.00000e+00 0.00000e+00
          cpue4       Cpue5
177 1.00000e+00 1.00000e+00
178 1.94141e-09 4.11147e-11
179 1.00000e+00 1.00000e+00
180 0.00000e+00 0.00000e+00
181 0.00000e+00 0.00000e+00
182 0.00000e+00 0.00000e+00
183 0.00000e+00 0.00000e+00
184 0.00000e+00 0.00000e+00
185 1.00000e+00 0.00000e+00
186 8.76192e+01 0.00000e+00
187 1.00000e+01 0.00000e+00
188 0.00000e+00 0.00000e+00
189 0.00000e+00 0.00000e+00
190 0.00000e+00 0.00000e+00
191 0.00000e+00 0.00000e+00
192 0.00000e+00 0.00000e+00

$likelihoods_by_tag_group
                Label        ALL TagGroup_1  TagGroup_2 TagGroup_3 TagGroup_4
195         Tag_Group         NA  0.0010000 1.00000e-03   0.001000    0.00100
196     Tag_comp_Like   0.334694  0.0557083 6.15966e-06   0.176377    2.38851
197 Tag_negbin_Lambda         NA  1.0000000 1.00000e+00   1.000000    1.00000
198   Tag_negbin_Like 408.306000  7.4090700 3.34477e+00  11.978700   26.85680
    TagGroup_5 TagGroup_6 TagGroup_7 TagGroup_8 TagGroup_9 TagGroup_10
195     0.0010     0.0010    0.00100    0.00100     0.0010      0.0010
196    22.1671    47.3792    2.85104    1.06902    26.3201     28.8002
197     1.0000     1.0000    1.00000    1.00000     1.0000      1.0000
198    11.1490    27.3365    6.13644    9.73282    18.4491     23.1411
    TagGroup_11 TagGroup_12 TagGroup_13 TagGroup_14 TagGroup_15 TagGroup_16
195     0.00100      0.0010      0.0010      0.0010      0.0010     0.00100
196     7.39099     14.7425     21.8033     24.1003     22.7083    12.44010
197     1.00000      1.0000      1.0000      1.0000      1.0000     1.00000
198    10.51490     19.1935     13.7877     16.6996      7.3856     9.61575
    TagGroup_17 TagGroup_18 TagGroup_19 TagGroup_20 TagGroup_21 TagGroup_22
195     0.00100     0.00100      0.0010     0.00100      0.0010     0.00100
196     5.52252     4.96565     12.7467     6.00904      5.7283     4.42344
197     1.00000     1.00000      1.0000     1.00000      1.0000     1.00000
198    14.76210    10.59160     14.0171    12.86380      6.4814    11.57210
    TagGroup_23 TagGroup_24 TagGroup_25 TagGroup_26 TagGroup_27 TagGroup_28
195      0.0010     0.00100     0.00100     0.00100     0.00100     0.00100
196     16.7955    10.06580     1.03454     3.20194     8.66086     5.32618
197      1.0000     1.00000     1.00000     1.00000     1.00000     1.00000
198     15.6449     8.82314    11.64280     4.97414    11.98280    10.21220
    TagGroup_29 TagGroup_30 TagGroup_31 TagGroup_32 TagGroup_33 TagGroup_34
195    0.001000     0.00100     0.00100    0.001000     0.00100     0.00100
196    0.290013     0.37815     3.19629    0.333701     0.29405     3.59944
197    1.000000     1.00000     1.00000    1.000000     1.00000     1.00000
198    3.444080     3.81360     6.38351    3.253530     6.59805     7.20535
    TagGroup_35 TagGroup_36 TagGroup_37 TagGroup_38
195     0.00100     0.00100    0.001000     0.00100
196     3.75451     3.29668    0.491587     0.18652
197     1.00000     1.00000    1.000000     1.00000
198     5.00485     5.81224    5.350650     5.14125

$N_estimated_parameters
[1] 49

$table_of_phases

-1025 -1017 -1015 -1013 -1000   -99   -50    -5    -4    -3    -2    -1     1 
    1     3     3    15    92     1     1     1    14   243     2     2    43 
    5 
    6 

$estimated_non_dev_parameters
                                  Value Phase      Min   Max       Init Status
NatM_uniform_Fem_GP_1         0.1500000     5   0.1500  0.30  0.1500000     LO
CV_young_Fem_GP_1             0.0690347     5   0.0005  0.25  0.0685947     OK
CV_old_Fem_GP_1               0.0286760     5   0.0005  0.25  0.0276726     OK
NatM_uniform_Mal_GP_1         0.1500000     5   0.1500  0.30  0.1500000     LO
CV_young_Mal_GP_1             0.0452690     5   0.0005  0.25  0.0460620     OK
CV_old_Mal_GP_1               0.0676215     5   0.0005  0.25  0.0677320     OK
SR_LN(R0)                     6.5610200     1   1.0000 15.00  6.5609700     OK
Age_DblN_top_logit_cpue1(1)  -4.6996500     1 -10.0000 10.00 -4.4452800     OK
Age_DblN_descend_se_cpue1(1)  2.4104400     1  -1.0000 10.00  2.3745500     OK
Age_DblN_end_logit_cpue1(1)  -1.8028500     1  -5.0000 10.00 -1.7870200     OK
                               Parm_StDev         Gradient Pr_type    Prior
NatM_uniform_Fem_GP_1        0.0000662068  0.0037468000000  Normal   0.2446
CV_young_Fem_GP_1            0.0144381000 -0.0000007265610  Normal   0.0100
CV_old_Fem_GP_1              0.0427917000 -0.0000000714348  Normal   0.0100
NatM_uniform_Mal_GP_1        0.0000551891  0.0037504300000  Normal   0.2446
CV_young_Mal_GP_1            0.0114432000  0.0000003949800  Normal   0.0100
CV_old_Mal_GP_1              0.0142127000 -0.0000005095840  Normal   0.0100
SR_LN(R0)                    0.0333574000  0.0000103886000  Normal   9.3000
Age_DblN_top_logit_cpue1(1)  2.1102500000  0.0000017278700  Normal 100.0000
Age_DblN_descend_se_cpue1(1) 0.2704970000  0.0000209714000  Normal 100.0000
Age_DblN_end_logit_cpue1(1)  0.1602650000  0.0000093764900  Normal 100.0000
                             Pr_SD     Pr_Like Afterbound
NatM_uniform_Fem_GP_1          0.8 0.006991510      CHECK
CV_young_Fem_GP_1              0.8 0.002722740         OK
CV_old_Fem_GP_1                0.8 0.000272495         OK
NatM_uniform_Mal_GP_1          0.8 0.006991510      CHECK
CV_young_Mal_GP_1              0.8 0.000971797         OK
CV_old_Mal_GP_1                0.8 0.002593930         OK
SR_LN(R0)                     10.0 0.037510000         OK
Age_DblN_top_logit_cpue1(1)   99.0 0.559229000         OK
Age_DblN_descend_se_cpue1(1)  99.0 0.485855000         OK
Age_DblN_end_logit_cpue1(1)   99.0 0.528712000         OK

$maximum_gradient_component
[1] 0.00375043

$parameters_with_highest_gradients
                                Value    Gradient
NatM_uniform_Mal_GP_1         0.15000 3.75043e-03
NatM_uniform_Fem_GP_1         0.15000 3.74680e-03
Age_DblN_descend_se_cpue1(1)  2.41044 2.09714e-05
SR_LN(R0)                     6.56102 1.03886e-05
Age_DblN_end_logit_cpue1(1)  -1.80285 9.37649e-06

$Length_Comp_Fit_Summary
     Data_type Fleet Recommend_var_adj #  N Npos min_Nsamp max_Nsamp
2901         4     2          0.992746 # 62   60        50        50
2902         4     4          0.924132 # 10   10        50        50
     mean_Nsamp_in mean_Nsamp_adj mean_Nsamp_DM err_method err_index
2901            50             50            NA          0        NA
2902            50             50            NA          0        NA
            par1 val1 par2 val2 mean_effN HarMean Curr_Var_Adj Fleet_name
2901 multinomial   NA   NA   NA   62.5778 49.6373            1      cpue2
2902 multinomial   NA   NA   NA   54.1938 46.2066            1      cpue4

$Age_Comp_Fit_Summary
     Data_type Fleet Recommend_var_adj # Nsamp_adj Npos min_Nsamp max_Nsamp
2921         5     2           1.26693 #        12   12        25        25
     mean_Nsamp_in mean_Nsamp_adj mean_Nsamp_DM err_method err_index
2921            25             25            NA          0        NA
            par1 val1 par2 val2 mean_effN HarMean Curr_Var_Adj Fleet_name
2921 multinomial   NA   NA   NA   37.4344 31.6732            1      cpue2

$SBzero
[1] 17408.5

$current_depletion
[1] 0.2030899

$SPRratioLabel
[1] "(1-SPR)/(1-SPR_at_B50%)"

$sigma_R_in
[1] 0.4

$sigma_R_info
           period N_devs SD_of_devs Var_of_devs   mean_SE mean_SEsquared
1            Main     39  0.2307266  0.05323474 0.1680749     0.03208347
2      Early+Main     39  0.2307266  0.05323474 0.1680749     0.03208347
3 Early+Main+Late     43  0.2194647  0.04816477        NA             NA
  sqrt_sum_of_components SD_of_devs_over_sigma_R sqrt_sum_over_sigma_R
1              0.2920928               0.5768164              0.730232
2              0.2920928               0.5768164              0.730232
3                     NA               0.5486618                    NA
  alternative_sigma_R
1   0.292092816970406
2   0.292092816970406
3                <NA>

$rmse_table
    ERA  N     RMSE RMSE_over_sigmaR mean_BiasAdj
1  main 39 0.227749         0.324186     0.833333
2 early  0 0.000000         0.000000     0.000000

$RecDev_method
[1] 1

66
