/srv
total 492436
-rw-r--r-- 1 nobody nogroup         0 Nov  5 00:38 _condor_stderr
-rw-r--r-- 1 nobody nogroup         5 Nov  5 00:38 _condor_stdout
-rw-r--r-- 1 nobody nogroup 503570432 Nov  5 00:38 linux-r4ss-v4.sif
-rw-r--r-- 1 nobody nogroup       819 Nov  5 00:38 osg-ss3-example-calcs.r
-rwxr-xr-x 1 nobody nogroup      1059 Nov  5 00:38 osg-wrapper-r.sh
drwxr-x--- 4 nobody nogroup        40 Nov  5 00:38 scratch
drwxrwxrwt 2 nobody nogroup        10 Nov  5 00:38 tmp
-rw-r--r-- 1 nobody nogroup    669783 Nov  5 00:38 upload.example-ss3-models.tar.gz
drwxrwxrwt 2 nobody nogroup        10 Nov  5 00:38 var_tmp
/ss_exe:/usr/local/sbin:/usr/local/bin:/usr/sbin:/usr/bin:/sbin:/bin
output/01-BigSkate_2019-0/
[1] "/srv/working"
[1] "output/01-BigSkate_2019-0/"
[1] TRUE TRUE TRUE TRUE TRUE TRUE TRUE
[1] "ran model"
$SS_version
[1] "3.30.22.1;_safe;_compile_date:_Jan 30 2024;_Stock_Synthesis_by_Richard_Methot_(NOAA)_using_ADMB_13.1"

$SS_versionshort
[1] "3.30"

$SS_versionNumeric
[1] 3.3

$StartTime
[1] "StartTime: Tue Nov 5 00:38:28 2024"

$RunTime
[1] "0 hours, 1 minutes, 46 seconds."

$Files_used
[1] "Data_File: BSKT2019_data.ss Control_File: BSKT2019_control.ss"

$log_det_hessian
[1] 32.9776

$Final_phase
[1] 5

$N_iterations
[1] 242

$Nwarnings
[1] 4

$warnings
[1] "Note 1 Information: Max data length bin: 200  < max pop len bins: 250; so will accumulate larger pop len bins"
[2] "Warning 1 : Block:2 13 ends in: 2030 after retroyr+1:  2019"                                                  
[3] "Note 2 Information: A revised protocol for the Fcast_yr specification is available and recommended."          
[4] " 1 warning  and 2 notes "                                                                                     

$likelihoods_used
                                   values lambdas
TOTAL                402.0169999999999959      NA
Catch                  0.0000000000517588      NA
Equil_catch            0.0000000000000000      NA
Survey                -9.6302000000000003      NA
Discard              -22.3837000000000010      NA
Mean_body_wt          -4.4589999999999996      NA
Length_comp          341.2149999999999750      NA
Age_comp              97.1280000000000001      NA
Size_at_age            0.0000000000000000      NA
Recruitment            0.0000000000000000       1
InitEQ_Regime          0.0000000000000000       1
Forecast_Recruitment   0.0000000000000000       1
Parm_priors            0.1387120000000000       1
Parm_softbounds        0.0083992200000000      NA
Parm_devs              0.0000000000000000       1
Crash_Pen              0.0000000000000000       1

$likelihoods_laplace
                                     values lambdas
NoBias_corr_Recruitment(info_only) -28.8953       1
Laplace_obj_fun(info_only)         373.1220      NA

$likelihoods_by_fleet
               Label          ALL Fishery_current Discard_historical
189     Catch_lambda           NA     1.00000e+00        1.00000e+00
190       Catch_like  5.17588e-11     9.28245e-12        1.90994e-11
191  Init_equ_lambda           NA     1.00000e+00        1.00000e+00
192    Init_equ_like  0.00000e+00     0.00000e+00        0.00000e+00
193      Surv_lambda           NA     0.00000e+00        0.00000e+00
194        Surv_like -9.63020e+00     0.00000e+00        0.00000e+00
195       Surv_N_use           NA     0.00000e+00        0.00000e+00
196      Surv_N_skip           NA     0.00000e+00        0.00000e+00
197      Disc_lambda           NA     1.00000e+00        0.00000e+00
198        Disc_like -2.23837e+01    -2.23837e+01        0.00000e+00
199       Disc_N_use           NA     1.60000e+01        0.00000e+00
200      Disc_N_skip           NA     0.00000e+00        0.00000e+00
201      mnwt_lambda           NA     1.00000e+00        1.00000e+00
202        mnwt_like -4.45900e+00    -4.45900e+00        0.00000e+00
203       mnwt_N_use           NA     1.60000e+01        0.00000e+00
204      mnwt_N_skip           NA     0.00000e+00        0.00000e+00
205    Length_lambda           NA     1.00000e+00        0.00000e+00
206      Length_like  3.41215e+02     2.25500e+02        0.00000e+00
207     Length_N_use           NA     3.10000e+01        0.00000e+00
208    Length_N_skip           NA     0.00000e+00        0.00000e+00
209       Age_lambda           NA     1.00000e+00        0.00000e+00
210         Age_like  9.71280e+01     4.78093e+01        0.00000e+00
211        Age_N_use           NA     1.98000e+02        0.00000e+00
212       Age_N_skip           NA     7.00000e+00        0.00000e+00
213 Sizeatage_lambda           NA     0.00000e+00        0.00000e+00
214   sizeatage_like  0.00000e+00     0.00000e+00        0.00000e+00
215  sizeatage_N_use           NA     0.00000e+00        0.00000e+00
216 sizeatage_N_skip           NA     0.00000e+00        0.00000e+00
    Fishery_historical Fishery_tribal    WCGBTS Triennial
189        1.00000e+00    1.00000e+00   1.00000  1.000000
190        1.47371e-11    8.63996e-12   0.00000  0.000000
191        1.00000e+00    1.00000e+00   1.00000  1.000000
192        0.00000e+00    0.00000e+00   0.00000  0.000000
193        0.00000e+00    0.00000e+00   1.00000  1.000000
194        0.00000e+00    0.00000e+00  -9.94536  0.315154
195        0.00000e+00    0.00000e+00  16.00000  9.000000
196        0.00000e+00    0.00000e+00   0.00000  0.000000
197        0.00000e+00    0.00000e+00   0.00000  0.000000
198        0.00000e+00    0.00000e+00   0.00000  0.000000
199        0.00000e+00    0.00000e+00   0.00000  0.000000
200        0.00000e+00    0.00000e+00   0.00000  0.000000
201        1.00000e+00    1.00000e+00   1.00000  1.000000
202        0.00000e+00    0.00000e+00   0.00000  0.000000
203        0.00000e+00    0.00000e+00   0.00000  0.000000
204        0.00000e+00    0.00000e+00   0.00000  0.000000
205        0.00000e+00    0.00000e+00   1.00000  1.000000
206        0.00000e+00    0.00000e+00  41.88960 73.825300
207        0.00000e+00    0.00000e+00  16.00000  2.000000
208        0.00000e+00    0.00000e+00   0.00000  0.000000
209        0.00000e+00    0.00000e+00   1.00000  0.000000
210        0.00000e+00    0.00000e+00  49.31870  0.000000
211        0.00000e+00    0.00000e+00 212.00000  0.000000
212        0.00000e+00    0.00000e+00   5.00000  0.000000
213        0.00000e+00    0.00000e+00   0.00000  0.000000
214        0.00000e+00    0.00000e+00  93.27880  0.000000
215        0.00000e+00    0.00000e+00   1.00000  0.000000
216        0.00000e+00    0.00000e+00   0.00000  0.000000

$N_estimated_parameters
[1] 44

$table_of_phases

-99  -5  -4  -3  -2  -1   1   2   3   4   5 
  2  13  14  11   3   1   6   5   5  25   3 

$estimated_non_dev_parameters
                                                               Value Phase
NatM_uniform_Fem_GP_1                                       0.449208     3
L_at_Amin_Fem_GP_1                                         20.082100     2
Linf_Fem_GP_1                                             175.663000     2
VonBert_K_Fem_GP_1                                         12.140700     1
Cessation_Fem_GP_1                                          5.610090     3
SD_young_Fem_GP_1                                           5.702740     5
SD_old_Fem_GP_1                                             7.084120     5
Linf_Mal_GP_1                                              -0.373076     2
VonBert_K_Mal_GP_1                                          0.100981     3
SR_LN(R0)                                                   8.904690     3
LnQ_base_WCGBTS(5)                                         -0.403308     1
Q_extraSD_WCGBTS(5)                                         0.163264     1
LnQ_base_Triennial(6)                                      -1.252400     1
Q_extraSD_Triennial(6)                                      0.365954     1
LnQ_base_Triennial(6)_BLK1repl_1995                        -0.934511     1
Size_DblN_peak_Fishery_current(1)                          94.111400     4
Size_DblN_ascend_se_Fishery_current(1)                      7.153310     4
Retain_L_infl_Fishery_current(1)                           66.214400     2
Retain_L_width_Fishery_current(1)                           4.876370     2
Retain_L_asymptote_logit_Fishery_current(1)                 2.051820     3
SzSel_Fem_Peak_Fishery_current(1)                          -5.521930     4
SzSel_Fem_Scale_Fishery_current(1)                          0.743963     4
Size_DblN_peak_WCGBTS(5)                                   76.147300     4
Size_DblN_ascend_se_WCGBTS(5)                               6.497710     4
Size_DblN_descend_se_WCGBTS(5)                             16.548300     5
SzSel_Fem_Peak_WCGBTS(5)                                   -7.974700     4
SzSel_Fem_Scale_WCGBTS(5)                                   0.698111     4
Size_DblN_peak_Triennial(6)                               187.543000     4
Size_DblN_ascend_se_Triennial(6)                            8.472360     4
Size_DblN_start_logit_Triennial(6)                         -4.794170     4
SzSel_Fem_Scale_Triennial(6)                                0.606512     4
Retain_L_asymptote_logit_Fishery_current(1)_BLK2repl_2005   2.300330     4
Retain_L_asymptote_logit_Fishery_current(1)_BLK2repl_2006   3.303950     4
Retain_L_asymptote_logit_Fishery_current(1)_BLK2repl_2007   3.962990     4
Retain_L_asymptote_logit_Fishery_current(1)_BLK2repl_2008  11.079300     4
Retain_L_asymptote_logit_Fishery_current(1)_BLK2repl_2009   4.912410     4
Retain_L_asymptote_logit_Fishery_current(1)_BLK2repl_2010  13.241800     4
Retain_L_asymptote_logit_Fishery_current(1)_BLK2repl_2011  14.640600     4
Retain_L_asymptote_logit_Fishery_current(1)_BLK2repl_2012  13.892100     4
Retain_L_asymptote_logit_Fishery_current(1)_BLK2repl_2013   3.455660     4
Retain_L_asymptote_logit_Fishery_current(1)_BLK2repl_2014   3.620060     4
Retain_L_asymptote_logit_Fishery_current(1)_BLK2repl_2015   3.405000     4
Retain_L_asymptote_logit_Fishery_current(1)_BLK2repl_2016   2.884760     4
Retain_L_asymptote_logit_Fishery_current(1)_BLK2repl_2017   2.817190     4
                                                              Min   Max
NatM_uniform_Fem_GP_1                                       0.100   0.6
L_at_Amin_Fem_GP_1                                         10.000  40.0
Linf_Fem_GP_1                                             100.000 300.0
VonBert_K_Fem_GP_1                                          0.005  30.0
Cessation_Fem_GP_1                                          0.100  10.0
SD_young_Fem_GP_1                                           1.000  20.0
SD_old_Fem_GP_1                                             1.000  20.0
Linf_Mal_GP_1                                              -1.000   1.0
VonBert_K_Mal_GP_1                                        -10.000  20.0
SR_LN(R0)                                                   5.000  15.0
LnQ_base_WCGBTS(5)                                         -2.000   2.0
Q_extraSD_WCGBTS(5)                                         0.000   2.0
LnQ_base_Triennial(6)                                     -10.000   2.0
Q_extraSD_Triennial(6)                                      0.000   2.0
LnQ_base_Triennial(6)_BLK1repl_1995                        -7.000   0.0
Size_DblN_peak_Fishery_current(1)                          80.000 150.0
Size_DblN_ascend_se_Fishery_current(1)                     -1.000   9.0
Retain_L_infl_Fishery_current(1)                           15.000 150.0
Retain_L_width_Fishery_current(1)                           0.100  10.0
Retain_L_asymptote_logit_Fishery_current(1)               -10.000  20.0
SzSel_Fem_Peak_Fishery_current(1)                         -50.000  50.0
SzSel_Fem_Scale_Fishery_current(1)                          0.500   1.5
Size_DblN_peak_WCGBTS(5)                                   50.000 150.0
Size_DblN_ascend_se_WCGBTS(5)                              -1.000   9.0
Size_DblN_descend_se_WCGBTS(5)                             -1.000  20.0
SzSel_Fem_Peak_WCGBTS(5)                                  -50.000  50.0
SzSel_Fem_Scale_WCGBTS(5)                                   0.500   1.5
Size_DblN_peak_Triennial(6)                                50.000 200.0
Size_DblN_ascend_se_Triennial(6)                           -1.000   9.0
Size_DblN_start_logit_Triennial(6)                        -15.000   9.0
SzSel_Fem_Scale_Triennial(6)                                0.500   1.5
Retain_L_asymptote_logit_Fishery_current(1)_BLK2repl_2005 -10.000  20.0
Retain_L_asymptote_logit_Fishery_current(1)_BLK2repl_2006 -10.000  20.0
Retain_L_asymptote_logit_Fishery_current(1)_BLK2repl_2007 -10.000  20.0
Retain_L_asymptote_logit_Fishery_current(1)_BLK2repl_2008 -10.000  20.0
Retain_L_asymptote_logit_Fishery_current(1)_BLK2repl_2009 -10.000  20.0
Retain_L_asymptote_logit_Fishery_current(1)_BLK2repl_2010 -10.000  20.0
Retain_L_asymptote_logit_Fishery_current(1)_BLK2repl_2011 -10.000  20.0
Retain_L_asymptote_logit_Fishery_current(1)_BLK2repl_2012 -10.000  20.0
Retain_L_asymptote_logit_Fishery_current(1)_BLK2repl_2013 -10.000  20.0
Retain_L_asymptote_logit_Fishery_current(1)_BLK2repl_2014 -10.000  20.0
Retain_L_asymptote_logit_Fishery_current(1)_BLK2repl_2015 -10.000  20.0
Retain_L_asymptote_logit_Fishery_current(1)_BLK2repl_2016 -10.000  20.0
Retain_L_asymptote_logit_Fishery_current(1)_BLK2repl_2017 -10.000  20.0
                                                                Init Status
NatM_uniform_Fem_GP_1                                       0.449208     OK
L_at_Amin_Fem_GP_1                                         20.082100     OK
Linf_Fem_GP_1                                             175.663000     OK
VonBert_K_Fem_GP_1                                         12.140700     OK
Cessation_Fem_GP_1                                          5.610090     OK
SD_young_Fem_GP_1                                           5.702740     OK
SD_old_Fem_GP_1                                             7.084120     OK
Linf_Mal_GP_1                                              -0.373076     OK
VonBert_K_Mal_GP_1                                          0.100981     OK
SR_LN(R0)                                                   8.904690     OK
LnQ_base_WCGBTS(5)                                         -0.403308     OK
Q_extraSD_WCGBTS(5)                                         0.163264     OK
LnQ_base_Triennial(6)                                      -1.252400     OK
Q_extraSD_Triennial(6)                                      0.365954     OK
LnQ_base_Triennial(6)_BLK1repl_1995                        -0.934511     OK
Size_DblN_peak_Fishery_current(1)                          94.111400     OK
Size_DblN_ascend_se_Fishery_current(1)                      7.153310     OK
Retain_L_infl_Fishery_current(1)                           66.214400     OK
Retain_L_width_Fishery_current(1)                           4.876370     OK
Retain_L_asymptote_logit_Fishery_current(1)                 2.051820     OK
SzSel_Fem_Peak_Fishery_current(1)                          -5.521930     OK
SzSel_Fem_Scale_Fishery_current(1)                          0.743963     OK
Size_DblN_peak_WCGBTS(5)                                   76.147300     OK
Size_DblN_ascend_se_WCGBTS(5)                               6.497710     OK
Size_DblN_descend_se_WCGBTS(5)                             16.548300     OK
SzSel_Fem_Peak_WCGBTS(5)                                   -7.974700     OK
SzSel_Fem_Scale_WCGBTS(5)                                   0.698111     OK
Size_DblN_peak_Triennial(6)                               187.543000     OK
Size_DblN_ascend_se_Triennial(6)                            8.472360     OK
Size_DblN_start_logit_Triennial(6)                         -4.794170     OK
SzSel_Fem_Scale_Triennial(6)                                0.606512     OK
Retain_L_asymptote_logit_Fishery_current(1)_BLK2repl_2005   2.300330     OK
Retain_L_asymptote_logit_Fishery_current(1)_BLK2repl_2006   3.303950     OK
Retain_L_asymptote_logit_Fishery_current(1)_BLK2repl_2007   3.962990     OK
Retain_L_asymptote_logit_Fishery_current(1)_BLK2repl_2008  11.079300     OK
Retain_L_asymptote_logit_Fishery_current(1)_BLK2repl_2009   4.912410     OK
Retain_L_asymptote_logit_Fishery_current(1)_BLK2repl_2010  13.241800     OK
Retain_L_asymptote_logit_Fishery_current(1)_BLK2repl_2011  14.640600     OK
Retain_L_asymptote_logit_Fishery_current(1)_BLK2repl_2012  13.892100     OK
Retain_L_asymptote_logit_Fishery_current(1)_BLK2repl_2013   3.455660     OK
Retain_L_asymptote_logit_Fishery_current(1)_BLK2repl_2014   3.620060     OK
Retain_L_asymptote_logit_Fishery_current(1)_BLK2repl_2015   3.405000     OK
Retain_L_asymptote_logit_Fishery_current(1)_BLK2repl_2016   2.884760     OK
Retain_L_asymptote_logit_Fishery_current(1)_BLK2repl_2017   2.817190     OK
                                                           Parm_StDev
NatM_uniform_Fem_GP_1                                       0.0305510
L_at_Amin_Fem_GP_1                                          1.0314100
Linf_Fem_GP_1                                               4.0044900
VonBert_K_Fem_GP_1                                          0.3580360
Cessation_Fem_GP_1                                         11.8509000
SD_young_Fem_GP_1                                           0.9011410
SD_old_Fem_GP_1                                             0.9204520
Linf_Mal_GP_1                                               0.0251082
VonBert_K_Mal_GP_1                                          0.0339790
SR_LN(R0)                                                   0.3734850
LnQ_base_WCGBTS(5)                                          0.3154050
Q_extraSD_WCGBTS(5)                                         0.0573576
LnQ_base_Triennial(6)                                       0.7431200
Q_extraSD_Triennial(6)                                      0.1464040
LnQ_base_Triennial(6)_BLK1repl_1995                         0.7412090
Size_DblN_peak_Fishery_current(1)                           4.8992000
Size_DblN_ascend_se_Fishery_current(1)                      0.1179030
Retain_L_infl_Fishery_current(1)                            0.6713100
Retain_L_width_Fishery_current(1)                           0.3544220
Retain_L_asymptote_logit_Fishery_current(1)                 0.3585410
SzSel_Fem_Peak_Fishery_current(1)                           2.1623300
SzSel_Fem_Scale_Fishery_current(1)                          0.0947500
Size_DblN_peak_WCGBTS(5)                                    6.6384400
Size_DblN_ascend_se_WCGBTS(5)                               0.3690520
Size_DblN_descend_se_WCGBTS(5)                             55.8585000
SzSel_Fem_Peak_WCGBTS(5)                                    4.1432300
SzSel_Fem_Scale_WCGBTS(5)                                   0.1256970
Size_DblN_peak_Triennial(6)                                34.6114000
Size_DblN_ascend_se_Triennial(6)                            0.4203350
Size_DblN_start_logit_Triennial(6)                          0.7840670
SzSel_Fem_Scale_Triennial(6)                                0.1302870
Retain_L_asymptote_logit_Fishery_current(1)_BLK2repl_2005   0.5651780
Retain_L_asymptote_logit_Fishery_current(1)_BLK2repl_2006   1.3021700
Retain_L_asymptote_logit_Fishery_current(1)_BLK2repl_2007   1.9778000
Retain_L_asymptote_logit_Fishery_current(1)_BLK2repl_2008 112.0400000
Retain_L_asymptote_logit_Fishery_current(1)_BLK2repl_2009   3.7121800
Retain_L_asymptote_logit_Fishery_current(1)_BLK2repl_2010  88.1325000
Retain_L_asymptote_logit_Fishery_current(1)_BLK2repl_2011  74.0296000
Retain_L_asymptote_logit_Fishery_current(1)_BLK2repl_2012  81.5170000
Retain_L_asymptote_logit_Fishery_current(1)_BLK2repl_2013   0.3334540
Retain_L_asymptote_logit_Fishery_current(1)_BLK2repl_2014   0.2765240
Retain_L_asymptote_logit_Fishery_current(1)_BLK2repl_2015   0.2609060
Retain_L_asymptote_logit_Fishery_current(1)_BLK2repl_2016   0.1921590
Retain_L_asymptote_logit_Fishery_current(1)_BLK2repl_2017   0.1926940
                                                                  Gradient
NatM_uniform_Fem_GP_1                                     -0.0000026804100
L_at_Amin_Fem_GP_1                                         0.0000012559400
Linf_Fem_GP_1                                              0.0000005402240
VonBert_K_Fem_GP_1                                         0.0000087008200
Cessation_Fem_GP_1                                        -0.0000000217165
SD_young_Fem_GP_1                                          0.0000014960700
SD_old_Fem_GP_1                                            0.0000003047420
Linf_Mal_GP_1                                              0.0000017572500
VonBert_K_Mal_GP_1                                         0.0000902111000
SR_LN(R0)                                                  0.0000033561400
LnQ_base_WCGBTS(5)                                         0.0000015032000
Q_extraSD_WCGBTS(5)                                       -0.0000002339000
LnQ_base_Triennial(6)                                      0.0000006771560
Q_extraSD_Triennial(6)                                    -0.0000006715560
LnQ_base_Triennial(6)_BLK1repl_1995                        0.0000006450940
Size_DblN_peak_Fishery_current(1)                          0.0000042949400
Size_DblN_ascend_se_Fishery_current(1)                    -0.0000124902000
Retain_L_infl_Fishery_current(1)                           0.0000022513800
Retain_L_width_Fishery_current(1)                          0.0000002802230
Retain_L_asymptote_logit_Fishery_current(1)               -0.0000000512051
SzSel_Fem_Peak_Fishery_current(1)                          0.0000026455500
SzSel_Fem_Scale_Fishery_current(1)                         0.0000002317350
Size_DblN_peak_WCGBTS(5)                                  -0.0000002064110
Size_DblN_ascend_se_WCGBTS(5)                              0.0000007722010
Size_DblN_descend_se_WCGBTS(5)                             0.0000000776586
SzSel_Fem_Peak_WCGBTS(5)                                  -0.0000006129720
SzSel_Fem_Scale_WCGBTS(5)                                 -0.0000007581030
Size_DblN_peak_Triennial(6)                                0.0000000484521
Size_DblN_ascend_se_Triennial(6)                          -0.0000003532200
Size_DblN_start_logit_Triennial(6)                        -0.0000007430340
SzSel_Fem_Scale_Triennial(6)                               0.0000006236340
Retain_L_asymptote_logit_Fishery_current(1)_BLK2repl_2005 -0.0000001616980
Retain_L_asymptote_logit_Fishery_current(1)_BLK2repl_2006  0.0000010536200
Retain_L_asymptote_logit_Fishery_current(1)_BLK2repl_2007  0.0000000118583
Retain_L_asymptote_logit_Fishery_current(1)_BLK2repl_2008  0.0000001145600
Retain_L_asymptote_logit_Fishery_current(1)_BLK2repl_2009  0.0000006249170
Retain_L_asymptote_logit_Fishery_current(1)_BLK2repl_2010 -0.0000000531324
Retain_L_asymptote_logit_Fishery_current(1)_BLK2repl_2011  0.0000001388800
Retain_L_asymptote_logit_Fishery_current(1)_BLK2repl_2012  0.0000000174128
Retain_L_asymptote_logit_Fishery_current(1)_BLK2repl_2013  0.0000003396700
Retain_L_asymptote_logit_Fishery_current(1)_BLK2repl_2014 -0.0000013963000
Retain_L_asymptote_logit_Fishery_current(1)_BLK2repl_2015 -0.0000012841600
Retain_L_asymptote_logit_Fishery_current(1)_BLK2repl_2016  0.0000025686800
Retain_L_asymptote_logit_Fishery_current(1)_BLK2repl_2017  0.0000027777800
                                                           Pr_type    Prior
NatM_uniform_Fem_GP_1                                     Log_Norm -1.02165
L_at_Amin_Fem_GP_1                                        No_prior       NA
Linf_Fem_GP_1                                             No_prior       NA
VonBert_K_Fem_GP_1                                        No_prior       NA
Cessation_Fem_GP_1                                        No_prior       NA
SD_young_Fem_GP_1                                         No_prior       NA
SD_old_Fem_GP_1                                           No_prior       NA
Linf_Mal_GP_1                                             No_prior       NA
VonBert_K_Mal_GP_1                                        No_prior       NA
SR_LN(R0)                                                 No_prior       NA
LnQ_base_WCGBTS(5)                                          Normal -0.35500
Q_extraSD_WCGBTS(5)                                       No_prior       NA
LnQ_base_Triennial(6)                                     No_prior       NA
Q_extraSD_Triennial(6)                                    No_prior       NA
LnQ_base_Triennial(6)_BLK1repl_1995                       No_prior       NA
Size_DblN_peak_Fishery_current(1)                         No_prior       NA
Size_DblN_ascend_se_Fishery_current(1)                    No_prior       NA
Retain_L_infl_Fishery_current(1)                          No_prior       NA
Retain_L_width_Fishery_current(1)                         No_prior       NA
Retain_L_asymptote_logit_Fishery_current(1)               No_prior       NA
SzSel_Fem_Peak_Fishery_current(1)                         No_prior       NA
SzSel_Fem_Scale_Fishery_current(1)                        No_prior       NA
Size_DblN_peak_WCGBTS(5)                                  No_prior       NA
Size_DblN_ascend_se_WCGBTS(5)                             No_prior       NA
Size_DblN_descend_se_WCGBTS(5)                            No_prior       NA
SzSel_Fem_Peak_WCGBTS(5)                                  No_prior       NA
SzSel_Fem_Scale_WCGBTS(5)                                 No_prior       NA
Size_DblN_peak_Triennial(6)                               No_prior       NA
Size_DblN_ascend_se_Triennial(6)                          No_prior       NA
Size_DblN_start_logit_Triennial(6)                        No_prior       NA
SzSel_Fem_Scale_Triennial(6)                              No_prior       NA
Retain_L_asymptote_logit_Fishery_current(1)_BLK2repl_2005 No_prior       NA
Retain_L_asymptote_logit_Fishery_current(1)_BLK2repl_2006 No_prior       NA
Retain_L_asymptote_logit_Fishery_current(1)_BLK2repl_2007 No_prior       NA
Retain_L_asymptote_logit_Fishery_current(1)_BLK2repl_2008 No_prior       NA
Retain_L_asymptote_logit_Fishery_current(1)_BLK2repl_2009 No_prior       NA
Retain_L_asymptote_logit_Fishery_current(1)_BLK2repl_2010 No_prior       NA
Retain_L_asymptote_logit_Fishery_current(1)_BLK2repl_2011 No_prior       NA
Retain_L_asymptote_logit_Fishery_current(1)_BLK2repl_2012 No_prior       NA
Retain_L_asymptote_logit_Fishery_current(1)_BLK2repl_2013 No_prior       NA
Retain_L_asymptote_logit_Fishery_current(1)_BLK2repl_2014 No_prior       NA
Retain_L_asymptote_logit_Fishery_current(1)_BLK2repl_2015 No_prior       NA
Retain_L_asymptote_logit_Fishery_current(1)_BLK2repl_2016 No_prior       NA
Retain_L_asymptote_logit_Fishery_current(1)_BLK2repl_2017 No_prior       NA
                                                          Pr_SD   Pr_Like
NatM_uniform_Fem_GP_1                                     0.438 0.1277320
L_at_Amin_Fem_GP_1                                           NA        NA
Linf_Fem_GP_1                                                NA        NA
VonBert_K_Fem_GP_1                                           NA        NA
Cessation_Fem_GP_1                                           NA        NA
SD_young_Fem_GP_1                                            NA        NA
SD_old_Fem_GP_1                                              NA        NA
Linf_Mal_GP_1                                                NA        NA
VonBert_K_Mal_GP_1                                           NA        NA
SR_LN(R0)                                                    NA        NA
LnQ_base_WCGBTS(5)                                        0.326 0.0109792
Q_extraSD_WCGBTS(5)                                          NA        NA
LnQ_base_Triennial(6)                                        NA        NA
Q_extraSD_Triennial(6)                                       NA        NA
LnQ_base_Triennial(6)_BLK1repl_1995                          NA        NA
Size_DblN_peak_Fishery_current(1)                            NA        NA
Size_DblN_ascend_se_Fishery_current(1)                       NA        NA
Retain_L_infl_Fishery_current(1)                             NA        NA
Retain_L_width_Fishery_current(1)                            NA        NA
Retain_L_asymptote_logit_Fishery_current(1)                  NA        NA
SzSel_Fem_Peak_Fishery_current(1)                            NA        NA
SzSel_Fem_Scale_Fishery_current(1)                           NA        NA
Size_DblN_peak_WCGBTS(5)                                     NA        NA
Size_DblN_ascend_se_WCGBTS(5)                                NA        NA
Size_DblN_descend_se_WCGBTS(5)                               NA        NA
SzSel_Fem_Peak_WCGBTS(5)                                     NA        NA
SzSel_Fem_Scale_WCGBTS(5)                                    NA        NA
Size_DblN_peak_Triennial(6)                                  NA        NA
Size_DblN_ascend_se_Triennial(6)                             NA        NA
Size_DblN_start_logit_Triennial(6)                           NA        NA
SzSel_Fem_Scale_Triennial(6)                                 NA        NA
Retain_L_asymptote_logit_Fishery_current(1)_BLK2repl_2005    NA        NA
Retain_L_asymptote_logit_Fishery_current(1)_BLK2repl_2006    NA        NA
Retain_L_asymptote_logit_Fishery_current(1)_BLK2repl_2007    NA        NA
Retain_L_asymptote_logit_Fishery_current(1)_BLK2repl_2008    NA        NA
Retain_L_asymptote_logit_Fishery_current(1)_BLK2repl_2009    NA        NA
Retain_L_asymptote_logit_Fishery_current(1)_BLK2repl_2010    NA        NA
Retain_L_asymptote_logit_Fishery_current(1)_BLK2repl_2011    NA        NA
Retain_L_asymptote_logit_Fishery_current(1)_BLK2repl_2012    NA        NA
Retain_L_asymptote_logit_Fishery_current(1)_BLK2repl_2013    NA        NA
Retain_L_asymptote_logit_Fishery_current(1)_BLK2repl_2014    NA        NA
Retain_L_asymptote_logit_Fishery_current(1)_BLK2repl_2015    NA        NA
Retain_L_asymptote_logit_Fishery_current(1)_BLK2repl_2016    NA        NA
Retain_L_asymptote_logit_Fishery_current(1)_BLK2repl_2017    NA        NA
                                                          Afterbound
NatM_uniform_Fem_GP_1                                             OK
L_at_Amin_Fem_GP_1                                                OK
Linf_Fem_GP_1                                                     OK
VonBert_K_Fem_GP_1                                                OK
Cessation_Fem_GP_1                                                OK
SD_young_Fem_GP_1                                                 OK
SD_old_Fem_GP_1                                                   OK
Linf_Mal_GP_1                                                     OK
VonBert_K_Mal_GP_1                                                OK
SR_LN(R0)                                                         OK
LnQ_base_WCGBTS(5)                                                OK
Q_extraSD_WCGBTS(5)                                               OK
LnQ_base_Triennial(6)                                             OK
Q_extraSD_Triennial(6)                                            OK
LnQ_base_Triennial(6)_BLK1repl_1995                               OK
Size_DblN_peak_Fishery_current(1)                                 OK
Size_DblN_ascend_se_Fishery_current(1)                            OK
Retain_L_infl_Fishery_current(1)                                  OK
Retain_L_width_Fishery_current(1)                                 OK
Retain_L_asymptote_logit_Fishery_current(1)                       OK
SzSel_Fem_Peak_Fishery_current(1)                                 OK
SzSel_Fem_Scale_Fishery_current(1)                                OK
Size_DblN_peak_WCGBTS(5)                                          OK
Size_DblN_ascend_se_WCGBTS(5)                                     OK
Size_DblN_descend_se_WCGBTS(5)                                    OK
SzSel_Fem_Peak_WCGBTS(5)                                          OK
SzSel_Fem_Scale_WCGBTS(5)                                         OK
Size_DblN_peak_Triennial(6)                                       OK
Size_DblN_ascend_se_Triennial(6)                                  OK
Size_DblN_start_logit_Triennial(6)                                OK
SzSel_Fem_Scale_Triennial(6)                                      OK
Retain_L_asymptote_logit_Fishery_current(1)_BLK2repl_2005         OK
Retain_L_asymptote_logit_Fishery_current(1)_BLK2repl_2006         OK
Retain_L_asymptote_logit_Fishery_current(1)_BLK2repl_2007         OK
Retain_L_asymptote_logit_Fishery_current(1)_BLK2repl_2008         OK
Retain_L_asymptote_logit_Fishery_current(1)_BLK2repl_2009         OK
Retain_L_asymptote_logit_Fishery_current(1)_BLK2repl_2010         OK
Retain_L_asymptote_logit_Fishery_current(1)_BLK2repl_2011         OK
Retain_L_asymptote_logit_Fishery_current(1)_BLK2repl_2012         OK
Retain_L_asymptote_logit_Fishery_current(1)_BLK2repl_2013         OK
Retain_L_asymptote_logit_Fishery_current(1)_BLK2repl_2014         OK
Retain_L_asymptote_logit_Fishery_current(1)_BLK2repl_2015         OK
Retain_L_asymptote_logit_Fishery_current(1)_BLK2repl_2016         OK
Retain_L_asymptote_logit_Fishery_current(1)_BLK2repl_2017         OK

$maximum_gradient_component
[1] 9.02111e-05

$parameters_with_highest_gradients
                                           Value     Gradient
VonBert_K_Mal_GP_1                      0.100981  9.02111e-05
Size_DblN_ascend_se_Fishery_current(1)  7.153310 -1.24902e-05
VonBert_K_Fem_GP_1                     12.140700  8.70082e-06
Size_DblN_peak_Fishery_current(1)      94.111400  4.29494e-06
SR_LN(R0)                               8.904690  3.35614e-06

$Length_Comp_Fit_Summary
     Data_type Fleet Recommend_var_adj #  N Npos min_Nsamp max_Nsamp
2926         4     1          0.107271 # 31   31  0.306093  164.8010
2927         4     5          0.637793 # 16   16  8.494920   23.8667
2928         4     6          0.870899 #  2    2 84.000000   92.0000
     mean_Nsamp_in mean_Nsamp_adj mean_Nsamp_DM err_method err_index
2926       186.036        44.6272            NA          0        NA
2927       232.750        15.6920            NA          0        NA
2928        88.000        88.0000            NA          0        NA
            par1 val1 par2 val2 mean_effN  HarMean Curr_Var_Adj      Fleet_name
2926 multinomial   NA   NA   NA   87.9738  19.9564     0.239885 Fishery_current
2927 multinomial   NA   NA   NA  169.6360 148.4460     0.067420          WCGBTS
2928 multinomial   NA   NA   NA   79.8845  76.6391     1.000000       Triennial

$Age_Comp_Fit_Summary
     Data_type Fleet Recommend_var_adj # Nsamp_adj Npos min_Nsamp max_Nsamp
3357         5     1          0.410283 #       205  198  0.084412   1.85706
3358         5     5          0.404180 #       217  212  0.053605   1.17931
     mean_Nsamp_in mean_Nsamp_adj mean_Nsamp_DM err_method err_index
3357       4.01515       0.338927            NA          0        NA
3358       4.86321       0.260692            NA          0        NA
            par1 val1 par2 val2 mean_effN HarMean Curr_Var_Adj      Fleet_name
3357 multinomial   NA   NA   NA   3.51328 1.64735     0.084412 Fishery_current
3358 multinomial   NA   NA   NA   5.60925 1.96561     0.053605          WCGBTS

$SBzero
[1] 2524.55

$current_depletion
[1] 0.7919629

$SPRratioLabel
[1] "(1-SPR)/(1-SPR_50%)"

$sigma_R_in
[1] 0.3

$sigma_R_info
           period N_devs SD_of_devs Var_of_devs mean_SE mean_SEsquared
1            Main     24          0           0      NA             NA
2      Early+Main     24          0           0      NA             NA
3 Early+Main+Late     24          0           0      NA             NA
  sqrt_sum_of_components SD_of_devs_over_sigma_R sqrt_sum_over_sigma_R
1                     NA                       0                    NA
2                     NA                       0                    NA
3                     NA                       0                    NA
  alternative_sigma_R
1                <NA>
2                <NA>
3                <NA>

$rmse_table
    ERA  N RMSE RMSE_over_sigmaR mean_BiasAdj
1  main 24    0                0            0
2 early  0    0                0            0

$RecDev_method
[1] 1

112
