/srv
total 492452
-rw-r--r-- 1 slot1_21 slot1_21         0 Nov  4 18:38 _condor_stderr
-rw-r--r-- 1 slot1_21 slot1_21         5 Nov  4 18:38 _condor_stdout
-rw-r--r-- 1 slot1_21 slot1_21 503570432 Nov  4 18:38 linux-r4ss-v4.sif
-rw-r--r-- 1 slot1_21 slot1_21       819 Nov  4 18:38 osg-ss3-example-calcs.r
-rwxr-xr-x 1 slot1_21 slot1_21      1059 Nov  4 18:38 osg-wrapper-r.sh
drwxr-x--- 4 slot1_21 slot1_21      4096 Nov  4 18:38 scratch
drwxrwxrwt 2 slot1_21 slot1_21      4096 Nov  4 18:38 tmp
-rw-r--r-- 1 slot1_21 slot1_21    669783 Nov  4 18:38 upload.example-ss3-models.tar.gz
drwxrwxrwt 2 slot1_21 slot1_21      4096 Nov  4 18:38 var_tmp
/ss_exe:/usr/local/sbin:/usr/local/bin:/usr/sbin:/usr/bin:/sbin:/bin
output/42-platoons-2/
[1] "/srv/working"
[1] "output/42-platoons-2/"
[1] TRUE TRUE TRUE TRUE TRUE TRUE TRUE TRUE
[1] "ran model"
$SS_version
[1] "3.30.22.1;_safe;_compile_date:_Jan 30 2024;_Stock_Synthesis_by_Richard_Methot_(NOAA)_using_ADMB_13.1"

$SS_versionshort
[1] "3.30"

$SS_versionNumeric
[1] 3.3

$StartTime
[1] "StartTime: Mon Nov 4 18:38:27 2024"

$RunTime
[1] "0 hours, 1 minutes, 18 seconds."

$Files_used
[1] "Data_File: platoons_dat.ss Control_File: platoons_ctl.ss"

$log_det_hessian
[1] 133.795

$Final_phase
[1] 6

$N_iterations
[1] 537

$Nwarnings
[1] 6

$warnings
[1] "Note 1 Information: sd_ratio read is < 0, so expecting sd parameter after movement params.; search for <now check> in echoinput.sso for parm_type"         
[2] "Warning 1 : Block:1 1 ends in: 2001 after retroyr+1:  2000"                                                                                                
[3] "Warning 2 : At least one block pattern ends in endyr. Check the output parameter value time series to see if the values in forecast years are as intended."
[4] "Warning 3 Adjustment:  recdev_end: 2001 > retro_yr: 1999 reset "                                                                                           
[5] "Note 2 Information: A revised protocol for the Fcast_yr specification is available and recommended."                                                       
[6] " 3 warnings  and 2 notes "                                                                                                                                 

$likelihoods_used
                                      values lambdas
TOTAL                1103.180000000000063665      NA
Catch                   0.000000000000529856      NA
Equil_catch             0.000000000000000000      NA
Survey                 -5.193389999999999951      NA
Length_comp           689.067999999999983629      NA
Age_comp              315.858000000000004093      NA
Recruitment             1.582249999999999934       1
InitEQ_Regime           0.000000000000000000       1
Forecast_Recruitment    0.000000000000000000       1
Parm_priors           101.867000000000004434       1
Parm_softbounds         0.001239240000000000      NA
Parm_devs               0.000000000000000000       1
Crash_Pen               0.000000000000000000       1

$likelihoods_laplace
                                      values lambdas
NoBias_corr_Recruitment(info_only)  -25.2682       1
Laplace_obj_fun(info_only)         1076.3300      NA

$likelihoods_by_fleet
              Label          ALL    fishery1   survey1
181    Catch_lambda           NA 1.00000e+00   1.00000
182      Catch_like  5.29856e-13 5.29856e-13   0.00000
183 Init_equ_lambda           NA 1.00000e+00   1.00000
184   Init_equ_like  0.00000e+00 0.00000e+00   0.00000
185     Surv_lambda           NA 0.00000e+00   1.00000
186       Surv_like -5.19339e+00 0.00000e+00  -5.19339
187      Surv_N_use           NA 0.00000e+00   8.00000
188     Surv_N_skip           NA 0.00000e+00   1.00000
189   Length_lambda           NA 1.00000e+00   1.00000
190     Length_like  6.89068e+02 4.92770e+02 196.29800
191    Length_N_use           NA 1.90000e+01   8.00000
192   Length_N_skip           NA 2.00000e+00   1.00000
193      Age_lambda           NA 1.00000e+00   1.00000
194        Age_like  3.15858e+02 1.65194e+02 150.66400
195       Age_N_use           NA 8.00000e+00   8.00000
196      Age_N_skip           NA 2.00000e+00   1.00000

$N_estimated_parameters
[1] 69

$table_of_phases

-99 -50  -5  -3  -2  -1   1   2   3   5   6 
  1   1   1  25   1   2   2  51   7   1   8 

$estimated_non_dev_parameters
                                       Value Phase    Min   Max       Init
L_at_Amin_Fem_GP_1                 35.390500     2  10.00 45.00  34.674400
L_at_Amax_Fem_GP_1                 71.845400     2  40.00 90.00  71.302300
VonBert_K_Fem_GP_1                  0.135804     3   0.05  0.25   0.152714
Platoon_SD_Ratio                    0.259866     1   0.10  3.00   0.356863
SR_LN(R0)                          10.613400     1   3.00 31.00  10.590700
SR_BH_steep                         0.972658     5   0.20  1.00   0.785575
Impl_err_2002                       0.000000     6  -1.00  1.00   0.000000
Impl_err_2003                       0.000000     6  -1.00  1.00   0.000000
Impl_err_2004                       0.000000     6  -1.00  1.00   0.000000
Size_DblN_peak_fishery1(1)         61.657800     3  22.00 89.00  60.523100
Size_DblN_ascend_se_fishery1(1)     5.089970     3  -4.00 12.00   5.036040
Size_DblN_start_logit_fishery1(1) -12.817000     3 -15.00  0.00 -12.888200
Size_DblN_peak_survey1(2)          56.803100     3  22.00 89.00  56.088600
Size_DblN_ascend_se_survey1(2)      5.132040     3  -4.00 12.00   5.133310
Size_DblN_start_logit_survey1(2)  -12.078200     3 -15.00  0.00 -12.213000
                                  Status Parm_StDev         Gradient  Pr_type
L_at_Amin_Fem_GP_1                    OK  0.5683020 -0.0000001727590   Normal
L_at_Amax_Fem_GP_1                    OK  0.9614890  0.0000004260630   Normal
VonBert_K_Fem_GP_1                    OK  0.0138571  0.0000012160900   Normal
Platoon_SD_Ratio                      OK  0.0642687 -0.0000010228400 No_prior
SR_LN(R0)                             OK  0.0999001  0.0000047893600   Normal
SR_BH_steep                           OK  0.2446850  0.0000000357483 Sym_Beta
Impl_err_2002                        act  0.1000000  0.0000000000000      dev
Impl_err_2003                        act  0.1000000  0.0000000000000      dev
Impl_err_2004                        act  0.1000000  0.0000000000000      dev
Size_DblN_peak_fishery1(1)            OK  1.9082500  0.0000002073130   Normal
Size_DblN_ascend_se_fishery1(1)       OK  0.1961000 -0.0000017595500   Normal
Size_DblN_start_logit_fishery1(1)     OK 45.8747000 -0.0000010687500   Normal
Size_DblN_peak_survey1(2)             OK  2.2537000 -0.0000005564980   Normal
Size_DblN_ascend_se_survey1(2)        OK  0.2982900 -0.0000010886300   Normal
Size_DblN_start_logit_survey1(2)      OK 73.0433000  0.0000004324070   Normal
                                   Prior Pr_SD        Pr_Like Afterbound
L_at_Amin_Fem_GP_1                 36.00 10.00 0.001857620000         OK
L_at_Amax_Fem_GP_1                 70.00 10.00 0.017027300000         OK
VonBert_K_Fem_GP_1                  0.15  0.80 0.000157434000         OK
Platoon_SD_Ratio                      NA    NA             NA         OK
SR_LN(R0)                          10.55 10.00 0.000020125200         OK
SR_BH_steep                         0.60  0.01 0.020208700000         OK
Impl_err_2002                         NA    NA             NA         OK
Impl_err_2003                         NA    NA             NA         OK
Impl_err_2004                         NA    NA             NA         OK
Size_DblN_peak_fishery1(1)         60.00 99.00 0.000140211000         OK
Size_DblN_ascend_se_fishery1(1)     5.00 99.00 0.000000412968         OK
Size_DblN_start_logit_fishery1(1) -15.00 99.00 0.000243105000         OK
Size_DblN_peak_survey1(2)          55.00 99.00 0.000165861000         OK
Size_DblN_ascend_se_survey1(2)      5.00 99.00 0.000000889398         OK
Size_DblN_start_logit_survey1(2)  -15.00 99.00 0.000435514000         OK

$maximum_gradient_component
[1] 2.0055e-05

$parameters_with_highest_gradients
                       Value     Gradient
Main_InitAge_13   -0.1310840 -2.00550e-05
Main_InitAge_5    -0.0898048 -1.48118e-05
Main_InitAge_20   -0.0726659  1.14656e-05
Main_RecrDev_1975 -0.1089950 -1.07087e-05
Main_InitAge_17   -0.1194410  9.74796e-06

$Length_Comp_Fit_Summary
     Data_type Fleet Recommend_var_adj #  N Npos min_Nsamp max_Nsamp
1157         4     1           0.88146 # 21   19        50        50
1158         4     2           1.05068 #  9    8        50        50
     mean_Nsamp_in mean_Nsamp_adj mean_Nsamp_DM err_method err_index
1157            50             50            NA          0        NA
1158            50             50            NA          0        NA
            par1 val1 par2 val2 mean_effN HarMean Curr_Var_Adj Fleet_name
1157 multinomial   NA   NA   NA   46.3596 44.0730            1   fishery1
1158 multinomial   NA   NA   NA   52.8910 52.5341            1    survey1

$Age_Comp_Fit_Summary
     Data_type Fleet Recommend_var_adj # Nsamp_adj Npos min_Nsamp max_Nsamp
1184         5     1           1.01206 #        10    8        25        25
1185         5     2           1.03979 #         9    8        25        25
     mean_Nsamp_in mean_Nsamp_adj mean_Nsamp_DM err_method err_index
1184            25             25            NA          0        NA
1185            25             25            NA          0        NA
            par1 val1 par2 val2 mean_effN HarMean Curr_Var_Adj Fleet_name
1184 multinomial   NA   NA   NA   26.1568 25.3014            1   fishery1
1185 multinomial   NA   NA   NA   27.3289 25.9947            1    survey1

$SBzero
[1] 61304.9

$current_depletion
[1] 0.3776876

$SPRratioLabel
[1] "1-SPR"

$sigma_R_in
[1] 0.5

$sigma_R_info
           period N_devs SD_of_devs Var_of_devs   mean_SE mean_SEsquared
1            Main     49  0.3009706  0.09058330 0.4253948      0.1852338
2      Early+Main     49  0.3009706  0.09058330 0.4253948      0.1852338
3 Early+Main+Late     51  0.2948898  0.08695997 0.4283205      0.1877737
  sqrt_sum_of_components SD_of_devs_over_sigma_R sqrt_sum_over_sigma_R
1              0.5251830               0.6019412              1.050366
2              0.5251830               0.6019412              1.050366
3              0.5241504               0.5897795              1.048301
  alternative_sigma_R
1   0.525182955210688
2   0.525182955210688
3   0.524150411612412

$rmse_table
    ERA  N     RMSE RMSE_over_sigmaR mean_BiasAdj
1  main 49 0.297884         0.354939     0.208146
2 early  0 0.000000         0.000000     0.000000

$RecDev_method
[1] 1

83
