/srv
total 492452
-rw-r--r-- 1 slot1_39 slot1_39         0 Nov  4 18:38 _condor_stderr
-rw-r--r-- 1 slot1_39 slot1_39         5 Nov  4 18:38 _condor_stdout
-rw-r--r-- 1 slot1_39 slot1_39 503570432 Nov  4 18:38 linux-r4ss-v4.sif
-rw-r--r-- 1 slot1_39 slot1_39       819 Nov  4 18:38 osg-ss3-example-calcs.r
-rwxr-xr-x 1 slot1_39 slot1_39      1059 Nov  4 18:38 osg-wrapper-r.sh
drwxr-x--- 4 slot1_39 slot1_39      4096 Nov  4 18:38 scratch
drwxrwxrwt 2 slot1_39 slot1_39      4096 Nov  4 18:38 tmp
-rw-r--r-- 1 slot1_39 slot1_39    669783 Nov  4 18:38 upload.example-ss3-models.tar.gz
drwxrwxrwt 2 slot1_39 slot1_39      4096 Nov  4 18:38 var_tmp
/ss_exe:/usr/local/sbin:/usr/local/bin:/usr/sbin:/usr/bin:/sbin:/bin
output/36-vermillion_snapper_F4-1/
[1] "/srv/working"
[1] "output/36-vermillion_snapper_F4-1/"
[1] TRUE TRUE TRUE TRUE TRUE TRUE TRUE
[1] "ran model"
$SS_version
[1] "3.30.22.1;_safe;_compile_date:_Jan 30 2024;_Stock_Synthesis_by_Richard_Methot_(NOAA)_using_ADMB_13.1"

$SS_versionshort
[1] "3.30"

$SS_versionNumeric
[1] 3.3

$StartTime
[1] "StartTime: Mon Nov 4 18:38:39 2024"

$RunTime
[1] "0 hours, 1 minutes, 4 seconds."

$Files_used
[1] "Data_File: vermilion.dat Control_File: vermilion.ctl"

$log_det_hessian
[1] 3570.13

$Final_phase
[1] 5

$N_iterations
[1] 2120

$Nwarnings
[1] 11

$warnings
 [1] "Warning 1 : At least one block pattern ends in endyr. Check the output parameter value time series to see if the values in forecast years are as intended."
 [2] "Warning 2 : bias adjustment ramp extends into forecast; biasadj set to 0.0 internally for forecast years"                                                  
 [3] "Note 1 Information: Forecast devs will be applied to mean base recruitment over range of historical years in forecast.ss"                                  
 [4] "Warning 3 Adjustment:  recdev_end: 2017 > retro_yr: 2016 reset "                                                                                           
 [5] "Warning 4 Adjustment: Fcast recr option is 3 or 4 and recdev_end: 2016 < endyr: 2017 reset "                                                               
 [6] "Warning 5 Adjustment: setting positive forecast relF for bycatch fleet: 4"                                                                                 
 [7] "Warning 6 Adjustment: setting positive forecast relF for bycatch fleet: 4"                                                                                 
 [8] "Warning 7 Adjustment: setting positive forecast relF for bycatch fleet: 4"                                                                                 
 [9] "Note 2 Information: A revised protocol for the Fcast_yr specification is available and recommended."                                                       
[10] "Warning 8 Adjustment: setting positive forecast relF for bycatch fleet: 4"                                                                                 
[11] " 8 warnings  and 2 notes "                                                                                                                                 

$likelihoods_used
                           values lambdas
TOTAL                 3.45845e+02      NA
Catch                 3.04470e+00      NA
Equil_catch           0.00000e+00      NA
Survey                2.40884e+01      NA
Discard              -1.57488e+00      NA
Length_comp           8.10450e+01      NA
Age_comp              2.52336e+02      NA
Recruitment          -1.31010e+01       1
InitEQ_Regime         1.18001e-30       1
Forecast_Recruitment  0.00000e+00       1
Parm_priors           0.00000e+00       1
Parm_softbounds       7.53899e-03      NA
Parm_devs             0.00000e+00       1
Crash_Pen             0.00000e+00       1

$likelihoods_laplace
                                     values lambdas
NoBias_corr_Recruitment(info_only) -17.0321       1
Laplace_obj_fun(info_only)         341.9140      NA

$likelihoods_by_fleet
              Label       ALL       CM_E        CM_W       REC   SMP_BYC
184    Catch_lambda        NA   1.000000    1.000000   1.00000   1.00000
185      Catch_like   3.04470   0.345627    0.133463   2.56561   0.00000
186 Init_equ_lambda        NA   1.000000    1.000000   1.00000   1.00000
187   Init_equ_like   0.00000   0.000000    0.000000   0.00000   0.00000
188     Surv_lambda        NA   1.000000    1.000000   1.00000   1.00000
189       Surv_like  24.08840  -9.928530   -8.892980   7.35327 -99.71080
190      Surv_N_use        NA  14.000000   14.000000  31.00000  67.00000
191     Surv_N_skip        NA   0.000000    0.000000   1.00000   1.00000
192     Disc_lambda        NA   0.000000    0.000000   0.00000   1.00000
193       Disc_like  -1.57488 730.787000 1542.970000 480.91700  -1.57488
194      Disc_N_use        NA  24.000000   24.000000  35.00000   1.00000
195     Disc_N_skip        NA   1.000000    1.000000   1.00000  45.00000
196   Length_lambda        NA   0.000000    0.000000   0.00000   0.00000
197     Length_like  81.04500   0.000000    0.000000   0.00000   0.00000
198    Length_N_use        NA   0.000000    0.000000   0.00000   0.00000
199   Length_N_skip        NA   0.000000    0.000000   0.00000   0.00000
200      Age_lambda        NA   1.000000    1.000000   1.00000   0.00000
201        Age_like 252.33600  82.802900   96.613700  72.91910   0.00000
202       Age_N_use        NA  19.000000   19.000000  23.00000   0.00000
203      Age_N_skip        NA   1.000000    1.000000   1.00000   0.00000
       HB_E     HB_W  LARVAL   VIDEO   SEAMAP
184  1.0000  1.00000  1.0000  1.0000  1.00000
185  0.0000  0.00000  0.0000  0.0000  0.00000
186  1.0000  1.00000  1.0000  1.0000  1.00000
187  0.0000  0.00000  0.0000  0.0000  0.00000
188  1.0000  1.00000  1.0000  1.0000  1.00000
189 32.8428 -6.25316 10.7268 96.8826  1.06838
190 31.0000 31.00000 22.0000 19.0000  8.00000
191  1.0000  1.00000  0.0000  1.0000  1.00000
192  0.0000  0.00000  0.0000  0.0000  0.00000
193  0.0000  0.00000  0.0000  0.0000  0.00000
194  0.0000  0.00000  0.0000  0.0000  0.00000
195  0.0000  0.00000  0.0000  0.0000  0.00000
196  0.0000  0.00000  0.0000  1.0000  1.00000
197  0.0000  0.00000  0.0000 45.7265 35.31850
198  0.0000  0.00000  0.0000 14.0000  8.00000
199  0.0000  0.00000  0.0000  1.0000  1.00000
200  0.0000  0.00000  0.0000  0.0000  0.00000
201  0.0000  0.00000  0.0000  0.0000  0.00000
202  0.0000  0.00000  0.0000  0.0000  0.00000
203  0.0000  0.00000  0.0000  0.0000  0.00000

$N_estimated_parameters
[1] 325

$table_of_phases

 -4  -3  -2  -1   1   2   3   5 
 38  10  14  21  71 211  33  10 

$estimated_non_dev_parameters
                                         Value Phase    Min   Max       Init
SR_LN(R0)                      10.219500000000     1   0.00 13.82  10.210900
SR_BH_steep                     0.746780000000     2   0.22  0.96   0.729779
F_fleet_1_YR_1950_s_1           0.000033467500     2   0.00  3.00   0.010000
F_fleet_1_YR_1951_s_1           0.000066889800     2   0.00  3.00   0.010000
F_fleet_1_YR_1952_s_1           0.000101443000     2   0.00  3.00   0.010000
F_fleet_1_YR_1953_s_1           0.000136642000     2   0.00  3.00   0.010000
F_fleet_1_YR_1954_s_1           0.000173216000     2   0.00  3.00   0.010000
F_fleet_1_YR_1955_s_1           0.000211027000     2   0.00  3.00   0.010000
F_fleet_1_YR_1956_s_1           0.000249885000     2   0.00  3.00   0.010000
F_fleet_1_YR_1957_s_1           0.000290792000     2   0.00  3.00   0.010000
F_fleet_1_YR_1958_s_1           0.000333942000     2   0.00  3.00   0.010000
F_fleet_1_YR_1959_s_1           0.000379439000     2   0.00  3.00   0.010000
F_fleet_1_YR_1960_s_1           0.000428182000     2   0.00  3.00   0.010000
F_fleet_1_YR_1961_s_1           0.000478392000     2   0.00  3.00   0.010000
F_fleet_1_YR_1962_s_1           0.000528327000     2   0.00  3.00   0.010000
F_fleet_1_YR_1963_s_1           0.000575845000     2   0.00  3.00   0.010000
F_fleet_1_YR_1964_s_1           0.000637150000     2   0.00  3.00   0.010000
F_fleet_1_YR_1965_s_1           0.000640678000     2   0.00  3.00   0.010000
F_fleet_1_YR_1966_s_1           0.000338471000     2   0.00  3.00   0.010000
F_fleet_1_YR_1967_s_1           0.000694714000     2   0.00  3.00   0.010000
F_fleet_1_YR_1968_s_1           0.001400630000     2   0.00  3.00   0.010000
F_fleet_1_YR_1969_s_1           0.001812140000     2   0.00  3.00   0.010000
F_fleet_1_YR_1970_s_1           0.001719490000     2   0.00  3.00   0.010000
F_fleet_1_YR_1971_s_1           0.001909540000     2   0.00  3.00   0.010000
F_fleet_1_YR_1972_s_1           0.001709550000     2   0.00  3.00   0.010000
F_fleet_1_YR_1973_s_1           0.002916700000     2   0.00  3.00   0.010000
F_fleet_1_YR_1974_s_1           0.002798040000     2   0.00  3.00   0.010000
F_fleet_1_YR_1975_s_1           0.006159440000     2   0.00  3.00   0.010000
F_fleet_1_YR_1976_s_1           0.005474860000     2   0.00  3.00   0.010000
F_fleet_1_YR_1977_s_1           0.007517000000     2   0.00  3.00   0.010000
F_fleet_1_YR_1978_s_1           0.006564510000     2   0.00  3.00   0.010000
F_fleet_1_YR_1979_s_1           0.005089290000     2   0.00  3.00   0.010000
F_fleet_1_YR_1980_s_1           0.003782260000     2   0.00  3.00   0.010000
F_fleet_1_YR_1981_s_1           0.005574140000     2   0.00  3.00   0.010000
F_fleet_1_YR_1982_s_1           0.005870650000     2   0.00  3.00   0.010000
F_fleet_1_YR_1983_s_1           0.009408990000     2   0.00  3.00   0.010000
F_fleet_1_YR_1984_s_1           0.013531100000     2   0.00  3.00   0.010000
F_fleet_1_YR_1985_s_1           0.017744500000     2   0.00  3.00   0.010000
F_fleet_1_YR_1986_s_1           0.019097600000     2   0.00  3.00   0.010000
F_fleet_1_YR_1987_s_1           0.015645900000     2   0.00  3.00   0.010000
F_fleet_1_YR_1988_s_1           0.015246000000     2   0.00  3.00   0.010000
F_fleet_1_YR_1989_s_1           0.015493700000     2   0.00  3.00   0.010000
F_fleet_1_YR_1990_s_1           0.039027100000     2   0.00  3.00   0.010000
F_fleet_1_YR_1991_s_1           0.033089200000     2   0.00  3.00   0.010000
F_fleet_1_YR_1992_s_1           0.044556100000     2   0.00  3.00   0.010000
F_fleet_1_YR_1993_s_1           0.065766700000     2   0.00  3.00   0.010000
F_fleet_1_YR_1994_s_1           0.067894000000     2   0.00  3.00   0.010000
F_fleet_1_YR_1995_s_1           0.071182800000     2   0.00  3.00   0.010000
F_fleet_1_YR_1996_s_1           0.060495800000     2   0.00  3.00   0.010000
F_fleet_1_YR_1997_s_1           0.060045100000     2   0.00  3.00   0.010000
F_fleet_1_YR_1998_s_1           0.050357100000     2   0.00  3.00   0.010000
F_fleet_1_YR_1999_s_1           0.061666500000     2   0.00  3.00   0.010000
F_fleet_1_YR_2000_s_1           0.049007200000     2   0.00  3.00   0.010000
F_fleet_1_YR_2001_s_1           0.055089000000     2   0.00  3.00   0.010000
F_fleet_1_YR_2002_s_1           0.064082300000     2   0.00  3.00   0.010000
F_fleet_1_YR_2003_s_1           0.071950800000     2   0.00  3.00   0.010000
F_fleet_1_YR_2004_s_1           0.056946600000     2   0.00  3.00   0.010000
F_fleet_1_YR_2005_s_1           0.083974900000     2   0.00  3.00   0.010000
F_fleet_1_YR_2006_s_1           0.089665200000     2   0.00  3.00   0.010000
F_fleet_1_YR_2007_s_1           0.090509300000     2   0.00  3.00   0.010000
F_fleet_1_YR_2008_s_1           0.101227000000     2   0.00  3.00   0.010000
F_fleet_1_YR_2009_s_1           0.149881000000     2   0.00  3.00   0.010000
F_fleet_1_YR_2010_s_1           0.071993400000     2   0.00  3.00   0.010000
F_fleet_1_YR_2011_s_1           0.139143000000     2   0.00  3.00   0.010000
F_fleet_1_YR_2012_s_1           0.099545700000     2   0.00  3.00   0.010000
F_fleet_1_YR_2013_s_1           0.056463500000     2   0.00  3.00   0.010000
F_fleet_1_YR_2014_s_1           0.062913500000     2   0.00  3.00   0.010000
F_fleet_1_YR_2015_s_1           0.033822000000     2   0.00  3.00   0.010000
F_fleet_1_YR_2016_s_1           0.036861200000     2   0.00  3.00   0.010000
F_fleet_1_YR_2017_s_1           0.038066800000     2   0.00  3.00   0.010000
F_fleet_2_YR_1950_s_1           0.000029697500     2   0.00  3.00   0.010000
F_fleet_2_YR_1951_s_1           0.000059488900     2   0.00  3.00   0.010000
F_fleet_2_YR_1952_s_1           0.000089624000     2   0.00  3.00   0.010000
F_fleet_2_YR_1953_s_1           0.000120506000     2   0.00  3.00   0.010000
F_fleet_2_YR_1954_s_1           0.000152409000     2   0.00  3.00   0.010000
F_fleet_2_YR_1955_s_1           0.000185418000     2   0.00  3.00   0.010000
F_fleet_2_YR_1956_s_1           0.000219582000     2   0.00  3.00   0.010000
F_fleet_2_YR_1957_s_1           0.000255104000     2   0.00  3.00   0.010000
F_fleet_2_YR_1958_s_1           0.000292240000     2   0.00  3.00   0.010000
F_fleet_2_YR_1959_s_1           0.000331434000     2   0.00  3.00   0.010000
F_fleet_2_YR_1960_s_1           0.000373071000     2   0.00  3.00   0.010000
F_fleet_2_YR_1961_s_1           0.000417193000     2   0.00  3.00   0.010000
F_fleet_2_YR_1962_s_1           0.000462919000     2   0.00  3.00   0.010000
F_fleet_2_YR_1963_s_1           0.000508348000     2   0.00  3.00   0.010000
F_fleet_2_YR_1964_s_1           0.000539083000     2   0.00  3.00   0.010000
F_fleet_2_YR_1965_s_1           0.000481348000     2   0.00  3.00   0.010000
F_fleet_2_YR_1966_s_1           0.000156204000     2   0.00  3.00   0.010000
F_fleet_2_YR_1967_s_1           0.000374350000     2   0.00  3.00   0.010000
F_fleet_2_YR_1968_s_1           0.001211330000     2   0.00  3.00   0.010000
F_fleet_2_YR_1969_s_1           0.000662612000     2   0.00  3.00   0.010000
F_fleet_2_YR_1970_s_1           0.001104030000     2   0.00  3.00   0.010000
F_fleet_2_YR_1971_s_1           0.001215560000     2   0.00  3.00   0.010000
F_fleet_2_YR_1972_s_1           0.001196070000     2   0.00  3.00   0.010000
F_fleet_2_YR_1973_s_1           0.001434800000     2   0.00  3.00   0.010000
F_fleet_2_YR_1974_s_1           0.001768430000     2   0.00  3.00   0.010000
F_fleet_2_YR_1975_s_1           0.002932250000     2   0.00  3.00   0.010000
F_fleet_2_YR_1976_s_1           0.001643690000     2   0.00  3.00   0.010000
F_fleet_2_YR_1977_s_1           0.005375580000     2   0.00  3.00   0.010000
F_fleet_2_YR_1978_s_1           0.004567430000     2   0.00  3.00   0.010000
F_fleet_2_YR_1979_s_1           0.006262790000     2   0.00  3.00   0.010000
F_fleet_2_YR_1980_s_1           0.004282600000     2   0.00  3.00   0.010000
F_fleet_2_YR_1981_s_1           0.003389070000     2   0.00  3.00   0.010000
F_fleet_2_YR_1982_s_1           0.004382140000     2   0.00  3.00   0.010000
F_fleet_2_YR_1983_s_1           0.004942960000     2   0.00  3.00   0.010000
F_fleet_2_YR_1984_s_1           0.026650500000     2   0.00  3.00   0.010000
F_fleet_2_YR_1985_s_1           0.024122000000     2   0.00  3.00   0.010000
F_fleet_2_YR_1986_s_1           0.032296400000     2   0.00  3.00   0.010000
F_fleet_2_YR_1987_s_1           0.036697500000     2   0.00  3.00   0.010000
F_fleet_2_YR_1988_s_1           0.038824800000     2   0.00  3.00   0.010000
F_fleet_2_YR_1989_s_1           0.041688700000     2   0.00  3.00   0.010000
F_fleet_2_YR_1990_s_1           0.042532300000     2   0.00  3.00   0.010000
F_fleet_2_YR_1991_s_1           0.037553500000     2   0.00  3.00   0.010000
F_fleet_2_YR_1992_s_1           0.051924900000     2   0.00  3.00   0.010000
F_fleet_2_YR_1993_s_1           0.054336800000     2   0.00  3.00   0.010000
F_fleet_2_YR_1994_s_1           0.059547900000     2   0.00  3.00   0.010000
F_fleet_2_YR_1995_s_1           0.040572900000     2   0.00  3.00   0.010000
F_fleet_2_YR_1996_s_1           0.043601600000     2   0.00  3.00   0.010000
F_fleet_2_YR_1997_s_1           0.078490100000     2   0.00  3.00   0.010000
F_fleet_2_YR_1998_s_1           0.072096700000     2   0.00  3.00   0.010000
F_fleet_2_YR_1999_s_1           0.096762700000     2   0.00  3.00   0.010000
F_fleet_2_YR_2000_s_1           0.071716100000     2   0.00  3.00   0.010000
F_fleet_2_YR_2001_s_1           0.088895200000     2   0.00  3.00   0.010000
F_fleet_2_YR_2002_s_1           0.099849300000     2   0.00  3.00   0.010000
F_fleet_2_YR_2003_s_1           0.121842000000     2   0.00  3.00   0.010000
F_fleet_2_YR_2004_s_1           0.113561000000     2   0.00  3.00   0.010000
F_fleet_2_YR_2005_s_1           0.103777000000     2   0.00  3.00   0.010000
F_fleet_2_YR_2006_s_1           0.069217200000     2   0.00  3.00   0.010000
F_fleet_2_YR_2007_s_1           0.124051000000     2   0.00  3.00   0.010000
F_fleet_2_YR_2008_s_1           0.084288600000     2   0.00  3.00   0.010000
F_fleet_2_YR_2009_s_1           0.078296000000     2   0.00  3.00   0.010000
F_fleet_2_YR_2010_s_1           0.060362500000     2   0.00  3.00   0.010000
F_fleet_2_YR_2011_s_1           0.056128400000     2   0.00  3.00   0.010000
F_fleet_2_YR_2012_s_1           0.070751300000     2   0.00  3.00   0.010000
F_fleet_2_YR_2013_s_1           0.043024100000     2   0.00  3.00   0.010000
F_fleet_2_YR_2014_s_1           0.055901300000     2   0.00  3.00   0.010000
F_fleet_2_YR_2015_s_1           0.054334200000     2   0.00  3.00   0.010000
F_fleet_2_YR_2016_s_1           0.053363500000     2   0.00  3.00   0.010000
F_fleet_2_YR_2017_s_1           0.042126900000     2   0.00  3.00   0.010000
F_fleet_3_YR_1950_s_1           0.000145475000     2   0.00  3.00   0.010000
F_fleet_3_YR_1951_s_1           0.000394916000     2   0.00  3.00   0.010000
F_fleet_3_YR_1952_s_1           0.000654891000     2   0.00  3.00   0.010000
F_fleet_3_YR_1953_s_1           0.000926015000     2   0.00  3.00   0.010000
F_fleet_3_YR_1954_s_1           0.001207130000     2   0.00  3.00   0.010000
F_fleet_3_YR_1955_s_1           0.001499870000     2   0.00  3.00   0.010000
F_fleet_3_YR_1956_s_1           0.001804690000     2   0.00  3.00   0.010000
F_fleet_3_YR_1957_s_1           0.002125290000     2   0.00  3.00   0.010000
F_fleet_3_YR_1958_s_1           0.002468490000     2   0.00  3.00   0.010000
F_fleet_3_YR_1959_s_1           0.002839350000     2   0.00  3.00   0.010000
F_fleet_3_YR_1960_s_1           0.003234780000     2   0.00  3.00   0.010000
F_fleet_3_YR_1961_s_1           0.003631080000     2   0.00  3.00   0.010000
F_fleet_3_YR_1962_s_1           0.003985580000     2   0.00  3.00   0.010000
F_fleet_3_YR_1963_s_1           0.004299770000     2   0.00  3.00   0.010000
F_fleet_3_YR_1964_s_1           0.004622590000     2   0.00  3.00   0.010000
F_fleet_3_YR_1965_s_1           0.004969510000     2   0.00  3.00   0.010000
F_fleet_3_YR_1966_s_1           0.005341660000     2   0.00  3.00   0.010000
F_fleet_3_YR_1967_s_1           0.005730820000     2   0.00  3.00   0.010000
F_fleet_3_YR_1968_s_1           0.006141480000     2   0.00  3.00   0.010000
F_fleet_3_YR_1969_s_1           0.006577040000     2   0.00  3.00   0.010000
F_fleet_3_YR_1970_s_1           0.007043070000     2   0.00  3.00   0.010000
F_fleet_3_YR_1971_s_1           0.007507400000     2   0.00  3.00   0.010000
F_fleet_3_YR_1972_s_1           0.007926240000     2   0.00  3.00   0.010000
F_fleet_3_YR_1973_s_1           0.008317110000     2   0.00  3.00   0.010000
F_fleet_3_YR_1974_s_1           0.008703570000     2   0.00  3.00   0.010000
F_fleet_3_YR_1975_s_1           0.009105320000     2   0.00  3.00   0.010000
F_fleet_3_YR_1976_s_1           0.009516730000     2   0.00  3.00   0.010000
F_fleet_3_YR_1977_s_1           0.009965510000     2   0.00  3.00   0.010000
F_fleet_3_YR_1978_s_1           0.010482300000     2   0.00  3.00   0.010000
F_fleet_3_YR_1979_s_1           0.011050700000     2   0.00  3.00   0.010000
F_fleet_3_YR_1980_s_1           0.011642900000     2   0.00  3.00   0.010000
F_fleet_3_YR_1981_s_1           0.012234400000     2   0.00  3.00   0.010000
F_fleet_3_YR_1982_s_1           0.027412300000     2   0.00  3.00   0.010000
F_fleet_3_YR_1983_s_1           0.010570000000     2   0.00  3.00   0.010000
F_fleet_3_YR_1984_s_1           0.016436500000     2   0.00  3.00   0.010000
F_fleet_3_YR_1985_s_1           0.032265200000     2   0.00  3.00   0.010000
F_fleet_3_YR_1986_s_1           0.046345400000     2   0.00  3.00   0.010000
F_fleet_3_YR_1987_s_1           0.059763100000     2   0.00  3.00   0.010000
F_fleet_3_YR_1988_s_1           0.090866100000     2   0.00  3.00   0.010000
F_fleet_3_YR_1989_s_1           0.050341700000     2   0.00  3.00   0.010000
F_fleet_3_YR_1990_s_1           0.069065800000     2   0.00  3.00   0.010000
F_fleet_3_YR_1991_s_1           0.090352900000     2   0.00  3.00   0.010000
F_fleet_3_YR_1992_s_1           0.115044000000     2   0.00  3.00   0.010000
F_fleet_3_YR_1993_s_1           0.089377800000     2   0.00  3.00   0.010000
F_fleet_3_YR_1994_s_1           0.078808600000     2   0.00  3.00   0.010000
F_fleet_3_YR_1995_s_1           0.116562000000     2   0.00  3.00   0.010000
F_fleet_3_YR_1996_s_1           0.049951000000     2   0.00  3.00   0.010000
F_fleet_3_YR_1997_s_1           0.090247800000     2   0.00  3.00   0.010000
F_fleet_3_YR_1998_s_1           0.048212800000     2   0.00  3.00   0.010000
F_fleet_3_YR_1999_s_1           0.097087100000     2   0.00  3.00   0.010000
F_fleet_3_YR_2000_s_1           0.057294800000     2   0.00  3.00   0.010000
F_fleet_3_YR_2001_s_1           0.148096000000     2   0.00  3.00   0.010000
F_fleet_3_YR_2002_s_1           0.117873000000     2   0.00  3.00   0.010000
F_fleet_3_YR_2003_s_1           0.108087000000     2   0.00  3.00   0.010000
F_fleet_3_YR_2004_s_1           0.108247000000     2   0.00  3.00   0.010000
F_fleet_3_YR_2005_s_1           0.133037000000     2   0.00  3.00   0.010000
F_fleet_3_YR_2006_s_1           0.124529000000     2   0.00  3.00   0.010000
F_fleet_3_YR_2007_s_1           0.120787000000     2   0.00  3.00   0.010000
F_fleet_3_YR_2008_s_1           0.057506700000     2   0.00  3.00   0.010000
F_fleet_3_YR_2009_s_1           0.082350700000     2   0.00  3.00   0.010000
F_fleet_3_YR_2010_s_1           0.060271600000     2   0.00  3.00   0.010000
F_fleet_3_YR_2011_s_1           0.143886000000     2   0.00  3.00   0.010000
F_fleet_3_YR_2012_s_1           0.110175000000     2   0.00  3.00   0.010000
F_fleet_3_YR_2013_s_1           0.184428000000     2   0.00  3.00   0.010000
F_fleet_3_YR_2014_s_1           0.162014000000     2   0.00  3.00   0.010000
F_fleet_3_YR_2015_s_1           0.127154000000     2   0.00  3.00   0.010000
F_fleet_3_YR_2016_s_1           0.117240000000     2   0.00  3.00   0.010000
F_fleet_3_YR_2017_s_1           0.142128000000     2   0.00  3.00   0.010000
F_fleet_4_YR_1950_s_1           0.050493700000     1   0.00  3.00   0.010000
F_fleet_4_YR_1951_s_1           0.068852100000     1   0.00  3.00   0.010000
F_fleet_4_YR_1952_s_1           0.081322300000     1   0.00  3.00   0.010000
F_fleet_4_YR_1953_s_1           0.085515600000     1   0.00  3.00   0.010000
F_fleet_4_YR_1954_s_1           0.110870000000     1   0.00  3.00   0.010000
F_fleet_4_YR_1955_s_1           0.115577000000     1   0.00  3.00   0.010000
F_fleet_4_YR_1956_s_1           0.147786000000     1   0.00  3.00   0.010000
F_fleet_4_YR_1957_s_1           0.169235000000     1   0.00  3.00   0.010000
F_fleet_4_YR_1958_s_1           0.207316000000     1   0.00  3.00   0.010000
F_fleet_4_YR_1959_s_1           0.223550000000     1   0.00  3.00   0.010000
F_fleet_4_YR_1960_s_1           0.223540000000     1   0.00  3.00   0.010000
F_fleet_4_YR_1961_s_1           0.169301000000     1   0.00  3.00   0.010000
F_fleet_4_YR_1962_s_1           0.163062000000     1   0.00  3.00   0.010000
F_fleet_4_YR_1963_s_1           0.185996000000     1   0.00  3.00   0.010000
F_fleet_4_YR_1964_s_1           0.196572000000     1   0.00  3.00   0.010000
F_fleet_4_YR_1965_s_1           0.218367000000     1   0.00  3.00   0.010000
F_fleet_4_YR_1966_s_1           0.215036000000     1   0.00  3.00   0.010000
F_fleet_4_YR_1967_s_1           0.234533000000     1   0.00  3.00   0.010000
F_fleet_4_YR_1968_s_1           0.238568000000     1   0.00  3.00   0.010000
F_fleet_4_YR_1969_s_1           0.271670000000     1   0.00  3.00   0.010000
F_fleet_4_YR_1970_s_1           0.256254000000     1   0.00  3.00   0.010000
F_fleet_4_YR_1971_s_1           0.244878000000     1   0.00  3.00   0.010000
F_fleet_4_YR_1972_s_1           0.239362000000     1   0.00  3.00   0.010000
F_fleet_4_YR_1973_s_1           0.243939000000     1   0.00  3.00   0.010000
F_fleet_4_YR_1974_s_1           0.243418000000     1   0.00  3.00   0.010000
F_fleet_4_YR_1975_s_1           0.245612000000     1   0.00  3.00   0.010000
F_fleet_4_YR_1976_s_1           0.255680000000     1   0.00  3.00   0.010000
F_fleet_4_YR_1977_s_1           0.281291000000     1   0.00  3.00   0.010000
F_fleet_4_YR_1978_s_1           0.298295000000     1   0.00  3.00   0.010000
F_fleet_4_YR_1979_s_1           0.313142000000     1   0.00  3.00   0.010000
F_fleet_4_YR_1980_s_1           0.320660000000     1   0.00  3.00   0.010000
F_fleet_4_YR_1981_s_1           0.291114000000     1   0.00  3.00   0.010000
F_fleet_4_YR_1982_s_1           0.277205000000     1   0.00  3.00   0.010000
F_fleet_4_YR_1983_s_1           0.280078000000     1   0.00  3.00   0.010000
F_fleet_4_YR_1984_s_1           0.317401000000     1   0.00  3.00   0.010000
F_fleet_4_YR_1985_s_1           0.306617000000     1   0.00  3.00   0.010000
F_fleet_4_YR_1986_s_1           0.334955000000     1   0.00  3.00   0.010000
F_fleet_4_YR_1987_s_1           0.278122000000     1   0.00  3.00   0.010000
F_fleet_4_YR_1988_s_1           0.254956000000     1   0.00  3.00   0.010000
F_fleet_4_YR_1989_s_1           0.280142000000     1   0.00  3.00   0.010000
F_fleet_4_YR_1990_s_1           0.246407000000     1   0.00  3.00   0.010000
F_fleet_4_YR_1991_s_1           0.257654000000     1   0.00  3.00   0.010000
F_fleet_4_YR_1992_s_1           0.325539000000     1   0.00  3.00   0.010000
F_fleet_4_YR_1993_s_1           0.370869000000     1   0.00  3.00   0.010000
F_fleet_4_YR_1994_s_1           0.567448000000     1   0.00  3.00   0.010000
F_fleet_4_YR_1995_s_1           0.434506000000     1   0.00  3.00   0.010000
F_fleet_4_YR_1996_s_1           0.407931000000     1   0.00  3.00   0.010000
F_fleet_4_YR_1997_s_1           0.420342000000     1   0.00  3.00   0.010000
F_fleet_4_YR_1998_s_1           0.510394000000     1   0.00  3.00   0.010000
F_fleet_4_YR_1999_s_1           0.333258000000     1   0.00  3.00   0.010000
F_fleet_4_YR_2000_s_1           0.266385000000     1   0.00  3.00   0.010000
F_fleet_4_YR_2001_s_1           0.294736000000     1   0.00  3.00   0.010000
F_fleet_4_YR_2002_s_1           0.365093000000     1   0.00  3.00   0.010000
F_fleet_4_YR_2003_s_1           0.312559000000     1   0.00  3.00   0.010000
F_fleet_4_YR_2004_s_1           0.287763000000     1   0.00  3.00   0.010000
F_fleet_4_YR_2005_s_1           0.240038000000     1   0.00  3.00   0.010000
F_fleet_4_YR_2006_s_1           0.156438000000     1   0.00  3.00   0.010000
F_fleet_4_YR_2007_s_1           0.108205000000     1   0.00  3.00   0.010000
F_fleet_4_YR_2008_s_1           0.077253900000     1   0.00  3.00   0.010000
F_fleet_4_YR_2009_s_1           0.124009000000     1   0.00  3.00   0.010000
F_fleet_4_YR_2010_s_1           0.092544600000     1   0.00  3.00   0.010000
F_fleet_4_YR_2011_s_1           0.110593000000     1   0.00  3.00   0.010000
F_fleet_4_YR_2012_s_1           0.098363400000     1   0.00  3.00   0.010000
F_fleet_4_YR_2013_s_1           0.109628000000     1   0.00  3.00   0.010000
F_fleet_4_YR_2014_s_1           0.087590100000     1   0.00  3.00   0.010000
F_fleet_4_YR_2015_s_1           0.072980300000     1   0.00  3.00   0.010000
F_fleet_4_YR_2016_s_1           0.075606500000     1   0.00  3.00   0.010000
F_fleet_4_YR_2017_s_1           0.000000149766     1   0.00  3.00   0.010000
LnQ_base_SMP_BYC(4)             1.371030000000     2 -10.00 20.00   1.384810
Size_DblN_top_logit_VIDEO(8)   -1.716970000000     3 -10.00  3.00  -1.574750
Size_DblN_ascend_se_VIDEO(8)    1.116120000000     3  -6.00 12.00   1.100060
Size_DblN_end_logit_VIDEO(8)    0.294404000000     2  -8.00  5.00   0.597499
Size_DblN_top_logit_SEAMAP(9)  -4.226540000000     3 -10.00  3.00  -4.089010
Size_DblN_ascend_se_SEAMAP(9)   1.081700000000     3  -6.00 12.00   1.262730
Size_DblN_end_logit_SEAMAP(9)  -5.354570000000     2  -8.00  5.00  -5.306050
Age_inflection_CM_E(1)          2.122540000000     3   0.50 14.00   2.119950
Age_95%width_CM_E(1)            0.913899000000     1   0.50 14.00   0.916154
Age_inflection_CM_W(2)          3.688840000000     3   0.50 14.00   3.680750
Age_95%width_CM_W(2)            2.087080000000     1   0.50 14.00   2.096610
Age_DblN_peak_REC(3)            3.362070000000     2   1.00 10.00   3.332760
Age_DblN_top_logit_REC(3)      -9.171940000000     3 -10.00  3.00  -9.165070
Age_DblN_ascend_se_REC(3)       0.603966000000     3  -6.00 12.00   0.549862
Age_DblN_descend_se_REC(3)      2.969310000000     3  -4.00  6.00   2.952730
Age_DblN_start_logit_REC(3)   -12.144800000000     2 -15.00  5.00 -12.103500
Age_DblN_end_logit_REC(3)      -1.909130000000     2  -8.00  5.00  -1.829480
                              Status     Parm_StDev           Gradient  Pr_type
SR_LN(R0)                         OK  0.05698640000 -0.000006620510000 No_prior
SR_BH_steep                       OK  0.06420420000 -0.000000220586000 No_prior
F_fleet_1_YR_1950_s_1            act  0.00000266932 -0.000014524500000        F
F_fleet_1_YR_1951_s_1            act  0.00000532679  0.000001477400000        F
F_fleet_1_YR_1952_s_1            act  0.00000805632  0.000000412783000        F
F_fleet_1_YR_1953_s_1            act  0.00001081880  0.000000319492000        F
F_fleet_1_YR_1954_s_1            act  0.00001367190  0.000000581926000        F
F_fleet_1_YR_1955_s_1            act  0.00001659850 -0.000000002018510        F
F_fleet_1_YR_1956_s_1            act  0.00001958510  0.000000560076000        F
F_fleet_1_YR_1957_s_1            act  0.00002270290 -0.000000497897000        F
F_fleet_1_YR_1958_s_1            act  0.00002596710 -0.000000768225000        F
F_fleet_1_YR_1959_s_1            act  0.00002938640 -0.000000297657000        F
F_fleet_1_YR_1960_s_1            act  0.00003304750 -0.000000196942000        F
F_fleet_1_YR_1961_s_1            act  0.00003682600  0.000000255142000        F
F_fleet_1_YR_1962_s_1            act  0.00004059260 -0.000000816742000        F
F_fleet_1_YR_1963_s_1            act  0.00004411750  0.000000041974000        F
F_fleet_1_YR_1964_s_1            act  0.00004863420 -0.000000056116700        F
F_fleet_1_YR_1965_s_1            act  0.00004873050 -0.000000478962000        F
F_fleet_1_YR_1966_s_1            act  0.00002565680 -0.000000365695000        F
F_fleet_1_YR_1967_s_1            act  0.00005252520 -0.000001249180000        F
F_fleet_1_YR_1968_s_1            act  0.00010569600 -0.000000769273000        F
F_fleet_1_YR_1969_s_1            act  0.00013657800 -0.000000286043000        F
F_fleet_1_YR_1970_s_1            act  0.00012945700 -0.000000488748000        F
F_fleet_1_YR_1971_s_1            act  0.00014375900 -0.000000160442000        F
F_fleet_1_YR_1972_s_1            act  0.00012863500 -0.000000278205000        F
F_fleet_1_YR_1973_s_1            act  0.00021941500 -0.000000470595000        F
F_fleet_1_YR_1974_s_1            act  0.00021034700 -0.000000220991000        F
F_fleet_1_YR_1975_s_1            act  0.00046324400 -0.000000297018000        F
F_fleet_1_YR_1976_s_1            act  0.00041158500  0.000000128284000        F
F_fleet_1_YR_1977_s_1            act  0.00056537400 -0.000000247372000        F
F_fleet_1_YR_1978_s_1            act  0.00049397100 -0.000000133392000        F
F_fleet_1_YR_1979_s_1            act  0.00038311600 -0.000000310347000        F
F_fleet_1_YR_1980_s_1            act  0.00028468100 -0.000000152997000        F
F_fleet_1_YR_1981_s_1            act  0.00041941600 -0.000000065005700        F
F_fleet_1_YR_1982_s_1            act  0.00044206100 -0.000000252730000        F
F_fleet_1_YR_1983_s_1            act  0.00070792100 -0.000000142429000        F
F_fleet_1_YR_1984_s_1            act  0.00101708000 -0.000000067391400        F
F_fleet_1_YR_1985_s_1            act  0.00133752000 -0.000000068341000        F
F_fleet_1_YR_1986_s_1            act  0.00144855000  0.000000031242300        F
F_fleet_1_YR_1987_s_1            act  0.00119737000  0.000000013862700        F
F_fleet_1_YR_1988_s_1            act  0.00118010000 -0.000000134571000        F
F_fleet_1_YR_1989_s_1            act  0.00120642000  0.000000042535400        F
F_fleet_1_YR_1990_s_1            act  0.00303486000  0.000000031196900        F
F_fleet_1_YR_1991_s_1            act  0.00257687000  0.000000007792180        F
F_fleet_1_YR_1992_s_1            act  0.00348081000  0.000000103668000        F
F_fleet_1_YR_1993_s_1            act  0.00517590000  0.000000030549900        F
F_fleet_1_YR_1994_s_1            act  0.00538508000 -0.000000005519980        F
F_fleet_1_YR_1995_s_1            act  0.00568543000 -0.000000010023100        F
F_fleet_1_YR_1996_s_1            act  0.00488088000 -0.000000085622900        F
F_fleet_1_YR_1997_s_1            act  0.00488808000  0.000000153563000        F
F_fleet_1_YR_1998_s_1            act  0.00410124000  0.000000024665700        F
F_fleet_1_YR_1999_s_1            act  0.00499875000  0.000000141589000        F
F_fleet_1_YR_2000_s_1            act  0.00395979000 -0.000000063246700        F
F_fleet_1_YR_2001_s_1            act  0.00438450000  0.000000119734000        F
F_fleet_1_YR_2002_s_1            act  0.00493050000  0.000000050633700        F
F_fleet_1_YR_2003_s_1            act  0.00542658000  0.000000109046000        F
F_fleet_1_YR_2004_s_1            act  0.00432224000 -0.000000066854400        F
F_fleet_1_YR_2005_s_1            act  0.00650548000 -0.000000029238400        F
F_fleet_1_YR_2006_s_1            act  0.00688679000  0.000000013191700        F
F_fleet_1_YR_2007_s_1            act  0.00696495000 -0.000000007015980        F
F_fleet_1_YR_2008_s_1            act  0.00768801000 -0.000000029523200        F
F_fleet_1_YR_2009_s_1            act  0.01120960000  0.000000008471770        F
F_fleet_1_YR_2010_s_1            act  0.00553698000 -0.000000088075800        F
F_fleet_1_YR_2011_s_1            act  0.01090150000 -0.000000018620500        F
F_fleet_1_YR_2012_s_1            act  0.00835315000 -0.000000028982400        F
F_fleet_1_YR_2013_s_1            act  0.00491374000 -0.000000023139200        F
F_fleet_1_YR_2014_s_1            act  0.00565021000 -0.000000128460000        F
F_fleet_1_YR_2015_s_1            act  0.00309408000 -0.000000223060000        F
F_fleet_1_YR_2016_s_1            act  0.00343356000 -0.000000271454000        F
F_fleet_1_YR_2017_s_1            act  0.00366509000 -0.000001427790000        F
F_fleet_2_YR_1950_s_1            act  0.00000248832  0.000002206960000        F
F_fleet_2_YR_1951_s_1            act  0.00000498195  0.000002270900000        F
F_fleet_2_YR_1952_s_1            act  0.00000749091  0.000000405065000        F
F_fleet_2_YR_1953_s_1            act  0.00001003580  0.000000808785000        F
F_fleet_2_YR_1954_s_1            act  0.00001264540  0.000000631617000        F
F_fleet_2_YR_1955_s_1            act  0.00001533380 -0.000000263432000        F
F_fleet_2_YR_1956_s_1            act  0.00001810200  0.000000381617000        F
F_fleet_2_YR_1957_s_1            act  0.00002095910  0.000000299991000        F
F_fleet_2_YR_1958_s_1            act  0.00002392280  0.000000056143700        F
F_fleet_2_YR_1959_s_1            act  0.00002702000 -0.000000283976000        F
F_fleet_2_YR_1960_s_1            act  0.00003028800 -0.000000196774000        F
F_fleet_2_YR_1961_s_1            act  0.00003374990 -0.000000515872000        F
F_fleet_2_YR_1962_s_1            act  0.00003738010 -0.000000143963000        F
F_fleet_2_YR_1963_s_1            act  0.00004105390 -0.000000304024000        F
F_fleet_2_YR_1964_s_1            act  0.00004356000 -0.000000076511500        F
F_fleet_2_YR_1965_s_1            act  0.00003884060 -0.000000808943000        F
F_fleet_2_YR_1966_s_1            act  0.00001256310 -0.000001456320000        F
F_fleet_2_YR_1967_s_1            act  0.00003000760 -0.000000940197000        F
F_fleet_2_YR_1968_s_1            act  0.00009688930 -0.000000381492000        F
F_fleet_2_YR_1969_s_1            act  0.00005292240 -0.000000744029000        F
F_fleet_2_YR_1970_s_1            act  0.00008808820 -0.000000513359000        F
F_fleet_2_YR_1971_s_1            act  0.00009691960 -0.000000669797000        F
F_fleet_2_YR_1972_s_1            act  0.00009536620 -0.000000610959000        F
F_fleet_2_YR_1973_s_1            act  0.00011456100 -0.000000652002000        F
F_fleet_2_YR_1974_s_1            act  0.00014143800 -0.000000257664000        F
F_fleet_2_YR_1975_s_1            act  0.00023497700 -0.000000416223000        F
F_fleet_2_YR_1976_s_1            act  0.00013186200 -0.000000161561000        F
F_fleet_2_YR_1977_s_1            act  0.00043214500  0.000000029337200        F
F_fleet_2_YR_1978_s_1            act  0.00036769900 -0.000000072385500        F
F_fleet_2_YR_1979_s_1            act  0.00050455300 -0.000000149683000        F
F_fleet_2_YR_1980_s_1            act  0.00034472700 -0.000000138062000        F
F_fleet_2_YR_1981_s_1            act  0.00027254200 -0.000000208892000        F
F_fleet_2_YR_1982_s_1            act  0.00035300400 -0.000000077264500        F
F_fleet_2_YR_1983_s_1            act  0.00039950700 -0.000000129123000        F
F_fleet_2_YR_1984_s_1            act  0.00217334000 -0.000000004238660        F
F_fleet_2_YR_1985_s_1            act  0.00198577000  0.000000014557000        F
F_fleet_2_YR_1986_s_1            act  0.00268847000  0.000000061206300        F
F_fleet_2_YR_1987_s_1            act  0.00309939000  0.000000060164400        F
F_fleet_2_YR_1988_s_1            act  0.00333535000  0.000000034821400        F
F_fleet_2_YR_1989_s_1            act  0.00364683000  0.000000050204000        F
F_fleet_2_YR_1990_s_1            act  0.00377469000  0.000000099456400        F
F_fleet_2_YR_1991_s_1            act  0.00337256000  0.000000082067400        F
F_fleet_2_YR_1992_s_1            act  0.00472744000 -0.000000072178200        F
F_fleet_2_YR_1993_s_1            act  0.00504856000  0.000000034770900        F
F_fleet_2_YR_1994_s_1            act  0.00562159000  0.000000056728200        F
F_fleet_2_YR_1995_s_1            act  0.00386428000  0.000000076950200        F
F_fleet_2_YR_1996_s_1            act  0.00416640000  0.000000069830800        F
F_fleet_2_YR_1997_s_1            act  0.00750226000 -0.000000009521520        F
F_fleet_2_YR_1998_s_1            act  0.00691744000 -0.000000021557800        F
F_fleet_2_YR_1999_s_1            act  0.00935008000  0.000000052695700        F
F_fleet_2_YR_2000_s_1            act  0.00696673000  0.000000049942000        F
F_fleet_2_YR_2001_s_1            act  0.00853970000  0.000000073316800        F
F_fleet_2_YR_2002_s_1            act  0.00970483000  0.000000077565100        F
F_fleet_2_YR_2003_s_1            act  0.01204420000  0.000000074214900        F
F_fleet_2_YR_2004_s_1            act  0.01117840000  0.000000023336600        F
F_fleet_2_YR_2005_s_1            act  0.01015990000 -0.000000028060700        F
F_fleet_2_YR_2006_s_1            act  0.00669449000  0.000000019910200        F
F_fleet_2_YR_2007_s_1            act  0.01182410000 -0.000000047209500        F
F_fleet_2_YR_2008_s_1            act  0.00800307000 -0.000000023147400        F
F_fleet_2_YR_2009_s_1            act  0.00757766000 -0.000000042450500        F
F_fleet_2_YR_2010_s_1            act  0.00589093000 -0.000000176152000        F
F_fleet_2_YR_2011_s_1            act  0.00540536000  0.000000030360700        F
F_fleet_2_YR_2012_s_1            act  0.00697896000 -0.000000158698000        F
F_fleet_2_YR_2013_s_1            act  0.00438961000 -0.000000267307000        F
F_fleet_2_YR_2014_s_1            act  0.00600569000 -0.000000061350500        F
F_fleet_2_YR_2015_s_1            act  0.00606376000 -0.000000222011000        F
F_fleet_2_YR_2016_s_1            act  0.00598952000 -0.000000254616000        F
F_fleet_2_YR_2017_s_1            act  0.00472660000 -0.000000587486000        F
F_fleet_3_YR_1950_s_1            act  0.00002570370  0.000000229931000        F
F_fleet_3_YR_1951_s_1            act  0.00006972040  0.000000025012800        F
F_fleet_3_YR_1952_s_1            act  0.00011550700 -0.000000083595000        F
F_fleet_3_YR_1953_s_1            act  0.00016323800 -0.000000165796000        F
F_fleet_3_YR_1954_s_1            act  0.00021271500  0.000000027723400        F
F_fleet_3_YR_1955_s_1            act  0.00026416100 -0.000000018465400        F
F_fleet_3_YR_1956_s_1            act  0.00031768200  0.000000007289930        F
F_fleet_3_YR_1957_s_1            act  0.00037388600 -0.000000000248225        F
F_fleet_3_YR_1958_s_1            act  0.00043406700 -0.000000107427000        F
F_fleet_3_YR_1959_s_1            act  0.00049922000 -0.000000018300900        F
F_fleet_3_YR_1960_s_1            act  0.00056900800 -0.000000068398200        F
F_fleet_3_YR_1961_s_1            act  0.00063919500 -0.000000021127700        F
F_fleet_3_YR_1962_s_1            act  0.00070177800  0.000000004890500        F
F_fleet_3_YR_1963_s_1            act  0.00075618900  0.000000026130100        F
F_fleet_3_YR_1964_s_1            act  0.00081160400  0.000000068928200        F
F_fleet_3_YR_1965_s_1            act  0.00087155400  0.000000113450000        F
F_fleet_3_YR_1966_s_1            act  0.00093639500 -0.000000044649400        F
F_fleet_3_YR_1967_s_1            act  0.00100478000 -0.000000023702100        F
F_fleet_3_YR_1968_s_1            act  0.00107715000 -0.000000172555000        F
F_fleet_3_YR_1969_s_1            act  0.00115420000 -0.000000118119000        F
F_fleet_3_YR_1970_s_1            act  0.00123683000  0.000000008669750        F
F_fleet_3_YR_1971_s_1            act  0.00131965000 -0.000000011954000        F
F_fleet_3_YR_1972_s_1            act  0.00139366000  0.000000047840300        F
F_fleet_3_YR_1973_s_1            act  0.00146199000  0.000000083479600        F
F_fleet_3_YR_1974_s_1            act  0.00152910000 -0.000000045962100        F
F_fleet_3_YR_1975_s_1            act  0.00159904000 -0.000000072445000        F
F_fleet_3_YR_1976_s_1            act  0.00167081000  0.000000029792800        F
F_fleet_3_YR_1977_s_1            act  0.00174951000  0.000000071358800        F
F_fleet_3_YR_1978_s_1            act  0.00184095000  0.000000021737700        F
F_fleet_3_YR_1979_s_1            act  0.00194246000 -0.000000035685300        F
F_fleet_3_YR_1980_s_1            act  0.00204849000 -0.000000015579700        F
F_fleet_3_YR_1981_s_1            act  0.00215408000 -0.000000060637200        F
F_fleet_3_YR_1982_s_1            act  0.00485011000  0.000000021158400        F
F_fleet_3_YR_1983_s_1            act  0.00185702000 -0.000000064604000        F
F_fleet_3_YR_1984_s_1            act  0.00288244000  0.000000030420500        F
F_fleet_3_YR_1985_s_1            act  0.00565114000 -0.000000017993200        F
F_fleet_3_YR_1986_s_1            act  0.00810248000  0.000000030484300        F
F_fleet_3_YR_1987_s_1            act  0.01048680000  0.000000085980900        F
F_fleet_3_YR_1988_s_1            act  0.01587550000  0.000000110864000        F
F_fleet_3_YR_1989_s_1            act  0.00876046000  0.000000002958840        F
F_fleet_3_YR_1990_s_1            act  0.01192760000  0.000000057116900        F
F_fleet_3_YR_1991_s_1            act  0.01561940000 -0.000000058914400        F
F_fleet_3_YR_1992_s_1            act  0.01974090000 -0.000000045296800        F
F_fleet_3_YR_1993_s_1            act  0.01525590000 -0.000000008088260        F
F_fleet_3_YR_1994_s_1            act  0.01356110000  0.000000024334200        F
F_fleet_3_YR_1995_s_1            act  0.02039380000  0.000000035749400        F
F_fleet_3_YR_1996_s_1            act  0.00882033000 -0.000000053246200        F
F_fleet_3_YR_1997_s_1            act  0.01599180000  0.000000082254100        F
F_fleet_3_YR_1998_s_1            act  0.00843674000 -0.000000046632700        F
F_fleet_3_YR_1999_s_1            act  0.01656860000  0.000000030609500        F
F_fleet_3_YR_2000_s_1            act  0.00979750000 -0.000000053653000        F
F_fleet_3_YR_2001_s_1            act  0.02398670000 -0.000000019048400        F
F_fleet_3_YR_2002_s_1            act  0.01920440000  0.000000033113400        F
F_fleet_3_YR_2003_s_1            act  0.01769690000  0.000000084190100        F
F_fleet_3_YR_2004_s_1            act  0.01776210000  0.000000073542500        F
F_fleet_3_YR_2005_s_1            act  0.02210410000  0.000000012515000        F
F_fleet_3_YR_2006_s_1            act  0.02100770000  0.000000013899200        F
F_fleet_3_YR_2007_s_1            act  0.02035030000  0.000000024137400        F
F_fleet_3_YR_2008_s_1            act  0.00973187000  0.000000154896000        F
F_fleet_3_YR_2009_s_1            act  0.01349260000  0.000000142254000        F
F_fleet_3_YR_2010_s_1            act  0.01000170000  0.000000081876600        F
F_fleet_3_YR_2011_s_1            act  0.02368840000  0.000000102203000        F
F_fleet_3_YR_2012_s_1            act  0.01953110000  0.000000033200700        F
F_fleet_3_YR_2013_s_1            act  0.03400070000 -0.000000051309500        F
F_fleet_3_YR_2014_s_1            act  0.03114060000  0.000000056882500        F
F_fleet_3_YR_2015_s_1            act  0.02422350000  0.000000069514700        F
F_fleet_3_YR_2016_s_1            act  0.02188880000  0.000000114720000        F
F_fleet_3_YR_2017_s_1            act  0.02689280000  0.000000071846600        F
F_fleet_4_YR_1950_s_1            act  0.01103060000 -0.000000103784000        F
F_fleet_4_YR_1951_s_1            act  0.01504150000  0.000000062296300        F
F_fleet_4_YR_1952_s_1            act  0.01776630000 -0.000000055663000        F
F_fleet_4_YR_1953_s_1            act  0.01868290000  0.000000103836000        F
F_fleet_4_YR_1954_s_1            act  0.02422380000 -0.000000188653000        F
F_fleet_4_YR_1955_s_1            act  0.02525350000 -0.000000194920000        F
F_fleet_4_YR_1956_s_1            act  0.03229470000  0.000000246796000        F
F_fleet_4_YR_1957_s_1            act  0.03698590000 -0.000000086875500        F
F_fleet_4_YR_1958_s_1            act  0.04531620000 -0.000000009830280        F
F_fleet_4_YR_1959_s_1            act  0.04887220000  0.000000022701100        F
F_fleet_4_YR_1960_s_1            act  0.04887800000  0.000000012794800        F
F_fleet_4_YR_1961_s_1            act  0.03701780000 -0.000000134071000        F
F_fleet_4_YR_1962_s_1            act  0.03565920000  0.000000426642000        F
F_fleet_4_YR_1963_s_1            act  0.04068770000  0.000000248412000        F
F_fleet_4_YR_1964_s_1            act  0.04301440000  0.000000109754000        F
F_fleet_4_YR_1965_s_1            act  0.04780500000  0.000000147043000        F
F_fleet_4_YR_1966_s_1            act  0.04709130000  0.000000087013600        F
F_fleet_4_YR_1967_s_1            act  0.05139120000  0.000000066332700        F
F_fleet_4_YR_1968_s_1            act  0.05230160000  0.000000060399800        F
F_fleet_4_YR_1969_s_1            act  0.05961320000  0.000000031472700        F
F_fleet_4_YR_1970_s_1            act  0.05626480000  0.000000045985900        F
F_fleet_4_YR_1971_s_1            act  0.05387710000 -0.000000009949760        F
F_fleet_4_YR_1972_s_1            act  0.05089320000  0.000000030860500        F
F_fleet_4_YR_1973_s_1            act  0.05280790000  0.000000019373100        F
F_fleet_4_YR_1974_s_1            act  0.05275110000  0.000000097195100        F
F_fleet_4_YR_1975_s_1            act  0.05328450000  0.000000057148800        F
F_fleet_4_YR_1976_s_1            act  0.05551780000  0.000000051912100        F
F_fleet_4_YR_1977_s_1            act  0.06109900000  0.000000035706000        F
F_fleet_4_YR_1978_s_1            act  0.06479170000  0.000000058889600        F
F_fleet_4_YR_1979_s_1            act  0.06794080000 -0.000000026599900        F
F_fleet_4_YR_1980_s_1            act  0.06936660000  0.000000089175100        F
F_fleet_4_YR_1981_s_1            act  0.06269920000 -0.000000061725400        F
F_fleet_4_YR_1982_s_1            act  0.05916530000 -0.000000015346500        F
F_fleet_4_YR_1983_s_1            act  0.05890080000 -0.000000010101800        F
F_fleet_4_YR_1984_s_1            act  0.06511950000  0.000000021581800        F
F_fleet_4_YR_1985_s_1            act  0.06331570000  0.000000037815200        F
F_fleet_4_YR_1986_s_1            act  0.06811500000  0.000000014545500        F
F_fleet_4_YR_1987_s_1            act  0.05507960000  0.000000009552680        F
F_fleet_4_YR_1988_s_1            act  0.05041080000  0.000000113885000        F
F_fleet_4_YR_1989_s_1            act  0.05501150000 -0.000000007000130        F
F_fleet_4_YR_1990_s_1            act  0.04735110000  0.000000004508680        F
F_fleet_4_YR_1991_s_1            act  0.04852120000 -0.000000045205600        F
F_fleet_4_YR_1992_s_1            act  0.05987490000  0.000000058557300        F
F_fleet_4_YR_1993_s_1            act  0.07397770000  0.000000040249600        F
F_fleet_4_YR_1994_s_1            act  0.10354100000 -0.000000132491000        F
F_fleet_4_YR_1995_s_1            act  0.10121200000  0.000000319529000        F
F_fleet_4_YR_1996_s_1            act  0.08546900000  0.000000069841100        F
F_fleet_4_YR_1997_s_1            act  0.08750660000  0.000000097111200        F
F_fleet_4_YR_1998_s_1            act  0.10378500000  0.000000024261300        F
F_fleet_4_YR_1999_s_1            act  0.07163600000  0.000000058197600        F
F_fleet_4_YR_2000_s_1            act  0.05484090000  0.000000039388400        F
F_fleet_4_YR_2001_s_1            act  0.05975290000  0.000000072634400        F
F_fleet_4_YR_2002_s_1            act  0.07480780000  0.000000066091700        F
F_fleet_4_YR_2003_s_1            act  0.06550120000  0.000000041436100        F
F_fleet_4_YR_2004_s_1            act  0.05785990000  0.000000097957300        F
F_fleet_4_YR_2005_s_1            act  0.04983350000  0.000000084063100        F
F_fleet_4_YR_2006_s_1            act  0.03324690000 -0.000000629745000        F
F_fleet_4_YR_2007_s_1            act  0.02250870000 -0.000000012656000        F
F_fleet_4_YR_2008_s_1            act  0.01623860000  0.000000105464000        F
F_fleet_4_YR_2009_s_1            act  0.02686290000  0.000000228961000        F
F_fleet_4_YR_2010_s_1            act  0.02059820000  0.000000118689000        F
F_fleet_4_YR_2011_s_1            act  0.02493180000 -0.000000010547200        F
F_fleet_4_YR_2012_s_1            act  0.02199570000  0.000000104346000        F
F_fleet_4_YR_2013_s_1            act  0.02412330000 -0.000000006422790        F
F_fleet_4_YR_2014_s_1            act  0.01905520000 -0.000000066243300        F
F_fleet_4_YR_2015_s_1            act  0.01573000000  0.000000179990000        F
F_fleet_4_YR_2016_s_1            act  0.01624250000 -0.000000083813400        F
F_fleet_4_YR_2017_s_1            act  0.00025940000  0.000000045744400        F
LnQ_base_SMP_BYC(4)               OK  0.08783820000 -0.000002328850000 No_prior
Size_DblN_top_logit_VIDEO(8)      OK  0.76245400000 -0.000000098426900 No_prior
Size_DblN_ascend_se_VIDEO(8)      OK  0.18287000000  0.000000902244000 No_prior
Size_DblN_end_logit_VIDEO(8)      OK  0.42573800000 -0.000000443007000 No_prior
Size_DblN_top_logit_SEAMAP(9)     OK  0.92106200000  0.000000025421400 No_prior
Size_DblN_ascend_se_SEAMAP(9)     OK  0.21700900000 -0.000000025355900 No_prior
Size_DblN_end_logit_SEAMAP(9)     OK  2.19454000000  0.000000017413600 No_prior
Age_inflection_CM_E(1)            OK  0.05952870000  0.000000348150000 No_prior
Age_95%width_CM_E(1)              OK  0.13666600000 -0.000000011479400 No_prior
Age_inflection_CM_W(2)            OK  0.14405100000  0.000000428213000 No_prior
Age_95%width_CM_W(2)              OK  0.20118400000 -0.000000134479000 No_prior
Age_DblN_peak_REC(3)              OK  0.19308900000 -0.000000122138000 No_prior
Age_DblN_top_logit_REC(3)         OK 19.64460000000  0.000000005821320 No_prior
Age_DblN_ascend_se_REC(3)         OK  0.25277500000  0.000000063248600 No_prior
Age_DblN_descend_se_REC(3)        OK  0.33659200000  0.000000113568000 No_prior
Age_DblN_start_logit_REC(3)       OK 48.91180000000 -0.000000003439000 No_prior
Age_DblN_end_logit_REC(3)         OK  0.66235900000  0.000000148533000 No_prior
                              Prior Pr_SD Pr_Like Afterbound
SR_LN(R0)                        NA    NA      NA         OK
SR_BH_steep                      NA    NA      NA         OK
F_fleet_1_YR_1950_s_1            NA    NA      NA      CHECK
F_fleet_1_YR_1951_s_1            NA    NA      NA      CHECK
F_fleet_1_YR_1952_s_1            NA    NA      NA      CHECK
F_fleet_1_YR_1953_s_1            NA    NA      NA      CHECK
F_fleet_1_YR_1954_s_1            NA    NA      NA      CHECK
F_fleet_1_YR_1955_s_1            NA    NA      NA      CHECK
F_fleet_1_YR_1956_s_1            NA    NA      NA      CHECK
F_fleet_1_YR_1957_s_1            NA    NA      NA      CHECK
F_fleet_1_YR_1958_s_1            NA    NA      NA      CHECK
F_fleet_1_YR_1959_s_1            NA    NA      NA      CHECK
F_fleet_1_YR_1960_s_1            NA    NA      NA      CHECK
F_fleet_1_YR_1961_s_1            NA    NA      NA      CHECK
F_fleet_1_YR_1962_s_1            NA    NA      NA      CHECK
F_fleet_1_YR_1963_s_1            NA    NA      NA      CHECK
F_fleet_1_YR_1964_s_1            NA    NA      NA      CHECK
F_fleet_1_YR_1965_s_1            NA    NA      NA      CHECK
F_fleet_1_YR_1966_s_1            NA    NA      NA      CHECK
F_fleet_1_YR_1967_s_1            NA    NA      NA      CHECK
F_fleet_1_YR_1968_s_1            NA    NA      NA         OK
F_fleet_1_YR_1969_s_1            NA    NA      NA         OK
F_fleet_1_YR_1970_s_1            NA    NA      NA         OK
F_fleet_1_YR_1971_s_1            NA    NA      NA         OK
F_fleet_1_YR_1972_s_1            NA    NA      NA         OK
F_fleet_1_YR_1973_s_1            NA    NA      NA         OK
F_fleet_1_YR_1974_s_1            NA    NA      NA         OK
F_fleet_1_YR_1975_s_1            NA    NA      NA         OK
F_fleet_1_YR_1976_s_1            NA    NA      NA         OK
F_fleet_1_YR_1977_s_1            NA    NA      NA         OK
F_fleet_1_YR_1978_s_1            NA    NA      NA         OK
F_fleet_1_YR_1979_s_1            NA    NA      NA         OK
F_fleet_1_YR_1980_s_1            NA    NA      NA         OK
F_fleet_1_YR_1981_s_1            NA    NA      NA         OK
F_fleet_1_YR_1982_s_1            NA    NA      NA         OK
F_fleet_1_YR_1983_s_1            NA    NA      NA         OK
F_fleet_1_YR_1984_s_1            NA    NA      NA         OK
F_fleet_1_YR_1985_s_1            NA    NA      NA         OK
F_fleet_1_YR_1986_s_1            NA    NA      NA         OK
F_fleet_1_YR_1987_s_1            NA    NA      NA         OK
F_fleet_1_YR_1988_s_1            NA    NA      NA         OK
F_fleet_1_YR_1989_s_1            NA    NA      NA         OK
F_fleet_1_YR_1990_s_1            NA    NA      NA         OK
F_fleet_1_YR_1991_s_1            NA    NA      NA         OK
F_fleet_1_YR_1992_s_1            NA    NA      NA         OK
F_fleet_1_YR_1993_s_1            NA    NA      NA         OK
F_fleet_1_YR_1994_s_1            NA    NA      NA         OK
F_fleet_1_YR_1995_s_1            NA    NA      NA         OK
F_fleet_1_YR_1996_s_1            NA    NA      NA         OK
F_fleet_1_YR_1997_s_1            NA    NA      NA         OK
F_fleet_1_YR_1998_s_1            NA    NA      NA         OK
F_fleet_1_YR_1999_s_1            NA    NA      NA         OK
F_fleet_1_YR_2000_s_1            NA    NA      NA         OK
F_fleet_1_YR_2001_s_1            NA    NA      NA         OK
F_fleet_1_YR_2002_s_1            NA    NA      NA         OK
F_fleet_1_YR_2003_s_1            NA    NA      NA         OK
F_fleet_1_YR_2004_s_1            NA    NA      NA         OK
F_fleet_1_YR_2005_s_1            NA    NA      NA         OK
F_fleet_1_YR_2006_s_1            NA    NA      NA         OK
F_fleet_1_YR_2007_s_1            NA    NA      NA         OK
F_fleet_1_YR_2008_s_1            NA    NA      NA         OK
F_fleet_1_YR_2009_s_1            NA    NA      NA         OK
F_fleet_1_YR_2010_s_1            NA    NA      NA         OK
F_fleet_1_YR_2011_s_1            NA    NA      NA         OK
F_fleet_1_YR_2012_s_1            NA    NA      NA         OK
F_fleet_1_YR_2013_s_1            NA    NA      NA         OK
F_fleet_1_YR_2014_s_1            NA    NA      NA         OK
F_fleet_1_YR_2015_s_1            NA    NA      NA         OK
F_fleet_1_YR_2016_s_1            NA    NA      NA         OK
F_fleet_1_YR_2017_s_1            NA    NA      NA         OK
F_fleet_2_YR_1950_s_1            NA    NA      NA      CHECK
F_fleet_2_YR_1951_s_1            NA    NA      NA      CHECK
F_fleet_2_YR_1952_s_1            NA    NA      NA      CHECK
F_fleet_2_YR_1953_s_1            NA    NA      NA      CHECK
F_fleet_2_YR_1954_s_1            NA    NA      NA      CHECK
F_fleet_2_YR_1955_s_1            NA    NA      NA      CHECK
F_fleet_2_YR_1956_s_1            NA    NA      NA      CHECK
F_fleet_2_YR_1957_s_1            NA    NA      NA      CHECK
F_fleet_2_YR_1958_s_1            NA    NA      NA      CHECK
F_fleet_2_YR_1959_s_1            NA    NA      NA      CHECK
F_fleet_2_YR_1960_s_1            NA    NA      NA      CHECK
F_fleet_2_YR_1961_s_1            NA    NA      NA      CHECK
F_fleet_2_YR_1962_s_1            NA    NA      NA      CHECK
F_fleet_2_YR_1963_s_1            NA    NA      NA      CHECK
F_fleet_2_YR_1964_s_1            NA    NA      NA      CHECK
F_fleet_2_YR_1965_s_1            NA    NA      NA      CHECK
F_fleet_2_YR_1966_s_1            NA    NA      NA      CHECK
F_fleet_2_YR_1967_s_1            NA    NA      NA      CHECK
F_fleet_2_YR_1968_s_1            NA    NA      NA         OK
F_fleet_2_YR_1969_s_1            NA    NA      NA      CHECK
F_fleet_2_YR_1970_s_1            NA    NA      NA         OK
F_fleet_2_YR_1971_s_1            NA    NA      NA         OK
F_fleet_2_YR_1972_s_1            NA    NA      NA         OK
F_fleet_2_YR_1973_s_1            NA    NA      NA         OK
F_fleet_2_YR_1974_s_1            NA    NA      NA         OK
F_fleet_2_YR_1975_s_1            NA    NA      NA         OK
F_fleet_2_YR_1976_s_1            NA    NA      NA         OK
F_fleet_2_YR_1977_s_1            NA    NA      NA         OK
F_fleet_2_YR_1978_s_1            NA    NA      NA         OK
F_fleet_2_YR_1979_s_1            NA    NA      NA         OK
F_fleet_2_YR_1980_s_1            NA    NA      NA         OK
F_fleet_2_YR_1981_s_1            NA    NA      NA         OK
F_fleet_2_YR_1982_s_1            NA    NA      NA         OK
F_fleet_2_YR_1983_s_1            NA    NA      NA         OK
F_fleet_2_YR_1984_s_1            NA    NA      NA         OK
F_fleet_2_YR_1985_s_1            NA    NA      NA         OK
F_fleet_2_YR_1986_s_1            NA    NA      NA         OK
F_fleet_2_YR_1987_s_1            NA    NA      NA         OK
F_fleet_2_YR_1988_s_1            NA    NA      NA         OK
F_fleet_2_YR_1989_s_1            NA    NA      NA         OK
F_fleet_2_YR_1990_s_1            NA    NA      NA         OK
F_fleet_2_YR_1991_s_1            NA    NA      NA         OK
F_fleet_2_YR_1992_s_1            NA    NA      NA         OK
F_fleet_2_YR_1993_s_1            NA    NA      NA         OK
F_fleet_2_YR_1994_s_1            NA    NA      NA         OK
F_fleet_2_YR_1995_s_1            NA    NA      NA         OK
F_fleet_2_YR_1996_s_1            NA    NA      NA         OK
F_fleet_2_YR_1997_s_1            NA    NA      NA         OK
F_fleet_2_YR_1998_s_1            NA    NA      NA         OK
F_fleet_2_YR_1999_s_1            NA    NA      NA         OK
F_fleet_2_YR_2000_s_1            NA    NA      NA         OK
F_fleet_2_YR_2001_s_1            NA    NA      NA         OK
F_fleet_2_YR_2002_s_1            NA    NA      NA         OK
F_fleet_2_YR_2003_s_1            NA    NA      NA         OK
F_fleet_2_YR_2004_s_1            NA    NA      NA         OK
F_fleet_2_YR_2005_s_1            NA    NA      NA         OK
F_fleet_2_YR_2006_s_1            NA    NA      NA         OK
F_fleet_2_YR_2007_s_1            NA    NA      NA         OK
F_fleet_2_YR_2008_s_1            NA    NA      NA         OK
F_fleet_2_YR_2009_s_1            NA    NA      NA         OK
F_fleet_2_YR_2010_s_1            NA    NA      NA         OK
F_fleet_2_YR_2011_s_1            NA    NA      NA         OK
F_fleet_2_YR_2012_s_1            NA    NA      NA         OK
F_fleet_2_YR_2013_s_1            NA    NA      NA         OK
F_fleet_2_YR_2014_s_1            NA    NA      NA         OK
F_fleet_2_YR_2015_s_1            NA    NA      NA         OK
F_fleet_2_YR_2016_s_1            NA    NA      NA         OK
F_fleet_2_YR_2017_s_1            NA    NA      NA         OK
F_fleet_3_YR_1950_s_1            NA    NA      NA      CHECK
F_fleet_3_YR_1951_s_1            NA    NA      NA      CHECK
F_fleet_3_YR_1952_s_1            NA    NA      NA      CHECK
F_fleet_3_YR_1953_s_1            NA    NA      NA      CHECK
F_fleet_3_YR_1954_s_1            NA    NA      NA         OK
F_fleet_3_YR_1955_s_1            NA    NA      NA         OK
F_fleet_3_YR_1956_s_1            NA    NA      NA         OK
F_fleet_3_YR_1957_s_1            NA    NA      NA         OK
F_fleet_3_YR_1958_s_1            NA    NA      NA         OK
F_fleet_3_YR_1959_s_1            NA    NA      NA         OK
F_fleet_3_YR_1960_s_1            NA    NA      NA         OK
F_fleet_3_YR_1961_s_1            NA    NA      NA         OK
F_fleet_3_YR_1962_s_1            NA    NA      NA         OK
F_fleet_3_YR_1963_s_1            NA    NA      NA         OK
F_fleet_3_YR_1964_s_1            NA    NA      NA         OK
F_fleet_3_YR_1965_s_1            NA    NA      NA         OK
F_fleet_3_YR_1966_s_1            NA    NA      NA         OK
F_fleet_3_YR_1967_s_1            NA    NA      NA         OK
F_fleet_3_YR_1968_s_1            NA    NA      NA         OK
F_fleet_3_YR_1969_s_1            NA    NA      NA         OK
F_fleet_3_YR_1970_s_1            NA    NA      NA         OK
F_fleet_3_YR_1971_s_1            NA    NA      NA         OK
F_fleet_3_YR_1972_s_1            NA    NA      NA         OK
F_fleet_3_YR_1973_s_1            NA    NA      NA         OK
F_fleet_3_YR_1974_s_1            NA    NA      NA         OK
F_fleet_3_YR_1975_s_1            NA    NA      NA         OK
F_fleet_3_YR_1976_s_1            NA    NA      NA         OK
F_fleet_3_YR_1977_s_1            NA    NA      NA         OK
F_fleet_3_YR_1978_s_1            NA    NA      NA         OK
F_fleet_3_YR_1979_s_1            NA    NA      NA         OK
F_fleet_3_YR_1980_s_1            NA    NA      NA         OK
F_fleet_3_YR_1981_s_1            NA    NA      NA         OK
F_fleet_3_YR_1982_s_1            NA    NA      NA         OK
F_fleet_3_YR_1983_s_1            NA    NA      NA         OK
F_fleet_3_YR_1984_s_1            NA    NA      NA         OK
F_fleet_3_YR_1985_s_1            NA    NA      NA         OK
F_fleet_3_YR_1986_s_1            NA    NA      NA         OK
F_fleet_3_YR_1987_s_1            NA    NA      NA         OK
F_fleet_3_YR_1988_s_1            NA    NA      NA         OK
F_fleet_3_YR_1989_s_1            NA    NA      NA         OK
F_fleet_3_YR_1990_s_1            NA    NA      NA         OK
F_fleet_3_YR_1991_s_1            NA    NA      NA         OK
F_fleet_3_YR_1992_s_1            NA    NA      NA         OK
F_fleet_3_YR_1993_s_1            NA    NA      NA         OK
F_fleet_3_YR_1994_s_1            NA    NA      NA         OK
F_fleet_3_YR_1995_s_1            NA    NA      NA         OK
F_fleet_3_YR_1996_s_1            NA    NA      NA         OK
F_fleet_3_YR_1997_s_1            NA    NA      NA         OK
F_fleet_3_YR_1998_s_1            NA    NA      NA         OK
F_fleet_3_YR_1999_s_1            NA    NA      NA         OK
F_fleet_3_YR_2000_s_1            NA    NA      NA         OK
F_fleet_3_YR_2001_s_1            NA    NA      NA         OK
F_fleet_3_YR_2002_s_1            NA    NA      NA         OK
F_fleet_3_YR_2003_s_1            NA    NA      NA         OK
F_fleet_3_YR_2004_s_1            NA    NA      NA         OK
F_fleet_3_YR_2005_s_1            NA    NA      NA         OK
F_fleet_3_YR_2006_s_1            NA    NA      NA         OK
F_fleet_3_YR_2007_s_1            NA    NA      NA         OK
F_fleet_3_YR_2008_s_1            NA    NA      NA         OK
F_fleet_3_YR_2009_s_1            NA    NA      NA         OK
F_fleet_3_YR_2010_s_1            NA    NA      NA         OK
F_fleet_3_YR_2011_s_1            NA    NA      NA         OK
F_fleet_3_YR_2012_s_1            NA    NA      NA         OK
F_fleet_3_YR_2013_s_1            NA    NA      NA         OK
F_fleet_3_YR_2014_s_1            NA    NA      NA         OK
F_fleet_3_YR_2015_s_1            NA    NA      NA         OK
F_fleet_3_YR_2016_s_1            NA    NA      NA         OK
F_fleet_3_YR_2017_s_1            NA    NA      NA         OK
F_fleet_4_YR_1950_s_1            NA    NA      NA         OK
F_fleet_4_YR_1951_s_1            NA    NA      NA         OK
F_fleet_4_YR_1952_s_1            NA    NA      NA         OK
F_fleet_4_YR_1953_s_1            NA    NA      NA         OK
F_fleet_4_YR_1954_s_1            NA    NA      NA         OK
F_fleet_4_YR_1955_s_1            NA    NA      NA         OK
F_fleet_4_YR_1956_s_1            NA    NA      NA         OK
F_fleet_4_YR_1957_s_1            NA    NA      NA         OK
F_fleet_4_YR_1958_s_1            NA    NA      NA         OK
F_fleet_4_YR_1959_s_1            NA    NA      NA         OK
F_fleet_4_YR_1960_s_1            NA    NA      NA         OK
F_fleet_4_YR_1961_s_1            NA    NA      NA         OK
F_fleet_4_YR_1962_s_1            NA    NA      NA         OK
F_fleet_4_YR_1963_s_1            NA    NA      NA         OK
F_fleet_4_YR_1964_s_1            NA    NA      NA         OK
F_fleet_4_YR_1965_s_1            NA    NA      NA         OK
F_fleet_4_YR_1966_s_1            NA    NA      NA         OK
F_fleet_4_YR_1967_s_1            NA    NA      NA         OK
F_fleet_4_YR_1968_s_1            NA    NA      NA         OK
F_fleet_4_YR_1969_s_1            NA    NA      NA         OK
F_fleet_4_YR_1970_s_1            NA    NA      NA         OK
F_fleet_4_YR_1971_s_1            NA    NA      NA         OK
F_fleet_4_YR_1972_s_1            NA    NA      NA         OK
F_fleet_4_YR_1973_s_1            NA    NA      NA         OK
F_fleet_4_YR_1974_s_1            NA    NA      NA         OK
F_fleet_4_YR_1975_s_1            NA    NA      NA         OK
F_fleet_4_YR_1976_s_1            NA    NA      NA         OK
F_fleet_4_YR_1977_s_1            NA    NA      NA         OK
F_fleet_4_YR_1978_s_1            NA    NA      NA         OK
F_fleet_4_YR_1979_s_1            NA    NA      NA         OK
F_fleet_4_YR_1980_s_1            NA    NA      NA         OK
F_fleet_4_YR_1981_s_1            NA    NA      NA         OK
F_fleet_4_YR_1982_s_1            NA    NA      NA         OK
F_fleet_4_YR_1983_s_1            NA    NA      NA         OK
F_fleet_4_YR_1984_s_1            NA    NA      NA         OK
F_fleet_4_YR_1985_s_1            NA    NA      NA         OK
F_fleet_4_YR_1986_s_1            NA    NA      NA         OK
F_fleet_4_YR_1987_s_1            NA    NA      NA         OK
F_fleet_4_YR_1988_s_1            NA    NA      NA         OK
F_fleet_4_YR_1989_s_1            NA    NA      NA         OK
F_fleet_4_YR_1990_s_1            NA    NA      NA         OK
F_fleet_4_YR_1991_s_1            NA    NA      NA         OK
F_fleet_4_YR_1992_s_1            NA    NA      NA         OK
F_fleet_4_YR_1993_s_1            NA    NA      NA         OK
F_fleet_4_YR_1994_s_1            NA    NA      NA         OK
F_fleet_4_YR_1995_s_1            NA    NA      NA         OK
F_fleet_4_YR_1996_s_1            NA    NA      NA         OK
F_fleet_4_YR_1997_s_1            NA    NA      NA         OK
F_fleet_4_YR_1998_s_1            NA    NA      NA         OK
F_fleet_4_YR_1999_s_1            NA    NA      NA         OK
F_fleet_4_YR_2000_s_1            NA    NA      NA         OK
F_fleet_4_YR_2001_s_1            NA    NA      NA         OK
F_fleet_4_YR_2002_s_1            NA    NA      NA         OK
F_fleet_4_YR_2003_s_1            NA    NA      NA         OK
F_fleet_4_YR_2004_s_1            NA    NA      NA         OK
F_fleet_4_YR_2005_s_1            NA    NA      NA         OK
F_fleet_4_YR_2006_s_1            NA    NA      NA         OK
F_fleet_4_YR_2007_s_1            NA    NA      NA         OK
F_fleet_4_YR_2008_s_1            NA    NA      NA         OK
F_fleet_4_YR_2009_s_1            NA    NA      NA         OK
F_fleet_4_YR_2010_s_1            NA    NA      NA         OK
F_fleet_4_YR_2011_s_1            NA    NA      NA         OK
F_fleet_4_YR_2012_s_1            NA    NA      NA         OK
F_fleet_4_YR_2013_s_1            NA    NA      NA         OK
F_fleet_4_YR_2014_s_1            NA    NA      NA         OK
F_fleet_4_YR_2015_s_1            NA    NA      NA         OK
F_fleet_4_YR_2016_s_1            NA    NA      NA         OK
F_fleet_4_YR_2017_s_1            NA    NA      NA      CHECK
LnQ_base_SMP_BYC(4)              NA    NA      NA         OK
Size_DblN_top_logit_VIDEO(8)     NA    NA      NA         OK
Size_DblN_ascend_se_VIDEO(8)     NA    NA      NA         OK
Size_DblN_end_logit_VIDEO(8)     NA    NA      NA         OK
Size_DblN_top_logit_SEAMAP(9)    NA    NA      NA         OK
Size_DblN_ascend_se_SEAMAP(9)    NA    NA      NA         OK
Size_DblN_end_logit_SEAMAP(9)    NA    NA      NA         OK
Age_inflection_CM_E(1)           NA    NA      NA         OK
Age_95%width_CM_E(1)             NA    NA      NA         OK
Age_inflection_CM_W(2)           NA    NA      NA         OK
Age_95%width_CM_W(2)             NA    NA      NA         OK
Age_DblN_peak_REC(3)             NA    NA      NA         OK
Age_DblN_top_logit_REC(3)        NA    NA      NA         OK
Age_DblN_ascend_se_REC(3)        NA    NA      NA         OK
Age_DblN_descend_se_REC(3)       NA    NA      NA         OK
Age_DblN_start_logit_REC(3)      NA    NA      NA         OK
Age_DblN_end_logit_REC(3)        NA    NA      NA         OK

$maximum_gradient_component
[1] 1.45245e-05

$parameters_with_highest_gradients
                            Value     Gradient
F_fleet_1_YR_1950_s_1 3.34675e-05 -1.45245e-05
SR_LN(R0)             1.02195e+01 -6.62051e-06
LnQ_base_SMP_BYC(4)   1.37103e+00 -2.32885e-06
F_fleet_2_YR_1951_s_1 5.94889e-05  2.27090e-06
F_fleet_2_YR_1950_s_1 2.96975e-05  2.20696e-06

$Length_Comp_Fit_Summary
     Data_type Fleet Recommend_var_adj #  N Npos min_Nsamp max_Nsamp
3268         4     8          0.521244 # 15   14   6.56797       100
3269         4     9          0.691428 #  9    8  11.08360       100
     mean_Nsamp_in mean_Nsamp_adj mean_Nsamp_DM err_method err_index
3268       39.4698        39.4698            NA          0        NA
3269       43.4214        43.4214            NA          0        NA
            par1 val1 par2 val2 mean_effN HarMean Curr_Var_Adj Fleet_name
3268 multinomial   NA   NA   NA   66.8618 20.5734            1      VIDEO
3269 multinomial   NA   NA   NA   81.1662 30.0227            1     SEAMAP

$Age_Comp_Fit_Summary
     Data_type Fleet Recommend_var_adj # Nsamp_adj Npos min_Nsamp max_Nsamp
3340         5     1          0.374159 #        20   19   3.63217       100
3341         5     2          0.528018 #        20   19   7.31632       100
3342         5     3          0.403848 #        24   23   4.26588       100
     mean_Nsamp_in mean_Nsamp_adj mean_Nsamp_DM err_method err_index
3340       61.3421        61.3421            NA          0        NA
3341       56.9918        56.9918            NA          0        NA
3342       52.0045        52.0045            NA          0        NA
            par1 val1 par2 val2 mean_effN HarMean Curr_Var_Adj Fleet_name
3340 multinomial   NA   NA   NA   83.0955 22.9517            1       CM_E
3341 multinomial   NA   NA   NA   72.2242 30.0927            1       CM_W
3342 multinomial   NA   NA   NA   67.5003 21.0019            1        REC

$SBzero
[1] 337746500000

$current_depletion
[1] 0.5905405

$SPRratioLabel
[1] "1-SPR"

$sigma_R_in
[1] 0.3

$sigma_R_info
           period N_devs SD_of_devs Var_of_devs mean_SE mean_SEsquared
1            Main     24  0.3047007  0.09284251 0.11348     0.01579731
2      Early+Main     24  0.3047007  0.09284251 0.11348     0.01579731
3 Early+Main+Late     24  0.3047007  0.09284251 0.11348     0.01579731
  sqrt_sum_of_components SD_of_devs_over_sigma_R sqrt_sum_over_sigma_R
1              0.3296056                1.015669              1.098685
2              0.3296056                1.015669              1.098685
3              0.3296056                1.015669              1.098685
  alternative_sigma_R
1   0.329605557647959
2   0.329605557647959
3   0.329605557647959

$rmse_table
    ERA  N     RMSE RMSE_over_sigmaR mean_BiasAdj
1  main 24 0.298285         0.988601     0.863952
2 early  0 0.000000         0.000000     0.000000

$RecDev_method
[1] 1

68
