/srv
total 492436
-rw-r--r--. 1 osg01 msu-users         0 Nov  4 17:38 _condor_stderr
-rw-r--r--. 1 osg01 msu-users         5 Nov  4 17:38 _condor_stdout
-rw-r--r--. 1 osg01 msu-users 503570432 Nov  4 17:38 linux-r4ss-v4.sif
-rw-r--r--. 1 osg01 msu-users       819 Nov  4 17:38 osg-ss3-example-calcs.r
-rwxr-xr-x. 1 osg01 msu-users      1059 Nov  4 17:38 osg-wrapper-r.sh
drwxr-x---. 4 osg01 msu-users        28 Nov  4 17:38 scratch
drwxrwxrwt. 2 osg01 msu-users         6 Nov  4 17:38 tmp
-rw-r--r--. 1 osg01 msu-users    669783 Nov  4 17:38 upload.example-ss3-models.tar.gz
drwxrwxrwt. 2 osg01 msu-users         6 Nov  4 17:38 var_tmp
/ss_exe:/usr/local/sbin:/usr/local/bin:/usr/sbin:/usr/bin:/sbin:/bin
output/83-Simple_with_Discard-4/
[1] "/srv/working"
[1] "output/83-Simple_with_Discard-4/"
[1] TRUE TRUE TRUE TRUE TRUE TRUE TRUE
[1] "ran model"
$SS_version
[1] "3.30.22.1;_safe;_compile_date:_Jan 30 2024;_Stock_Synthesis_by_Richard_Methot_(NOAA)_using_ADMB_13.1"

$SS_versionshort
[1] "3.30"

$SS_versionNumeric
[1] 3.3

$StartTime
[1] "StartTime: Mon Nov 4 17:38:28 2024"

$RunTime
[1] "0 hours, 2 minutes, 17 seconds."

$Files_used
[1] "Data_File: data.ss Control_File: control.ss"

$log_det_hessian
[1] 148.295

$Final_phase
[1] 6

$N_iterations
[1] 462

$Nwarnings
[1] 5

$warnings
[1] "Note 1 Information: Max data length bin: 90  < max pop len bins: 94; so will accumulate larger pop len bins"
[2] "Warning 1 Adjustment:  recdev_end: 2001 > retro_yr: 1997 reset "                                            
[3] "Note 2 Information: A revised protocol for the Fcast_yr specification is available and recommended."        
[4] "Warning 2 : Reminder: Number of lamdas !=0.0 and !=1.0:  1"                                                 
[5] " 2 warnings  and 2 notes "                                                                                  

$likelihoods_used
                           values lambdas
TOTAL                 1.39082e+03      NA
Catch                 2.68420e-12      NA
Equil_catch           0.00000e+00      NA
Survey               -2.13341e+00      NA
Discard               8.55309e+00      NA
Mean_body_wt          1.68924e+02      NA
Length_comp           5.76550e+02      NA
Age_comp              5.22531e+02      NA
Size_at_age           1.23421e+02      NA
Recruitment          -8.12201e+00       1
InitEQ_Regime         1.54502e-30       1
Forecast_Recruitment  0.00000e+00       1
Parm_priors           1.09274e+00       1
Parm_softbounds       1.47732e-03      NA
Parm_devs             0.00000e+00       1
Crash_Pen             0.00000e+00       1

$likelihoods_laplace
                                       values lambdas
NoBias_corr_Recruitment(info_only)   -6.07871       1
Laplace_obj_fun(info_only)         1392.86000      NA

$likelihoods_by_fleet
               Label          ALL     FISHERY   SURVEY1 SURVEY2 Depletion
187     Catch_lambda           NA 1.00000e+00   1.00000 1.00000     1e+00
188       Catch_like  2.68420e-12 2.68420e-12   0.00000 0.00000     0e+00
189  Init_equ_lambda           NA 1.00000e+00   1.00000 1.00000     1e+00
190    Init_equ_like  0.00000e+00 0.00000e+00   0.00000 0.00000     0e+00
191      Surv_lambda           NA 1.00000e+00   1.00000 1.00000     1e-04
192        Surv_like -2.13341e+00 0.00000e+00  -4.19628 2.06287     0e+00
193       Surv_N_use           NA 0.00000e+00   7.00000 8.00000     0e+00
194      Surv_N_skip           NA 1.00000e+00   2.00000 4.00000     1e+00
195      Disc_lambda           NA 1.00000e+00   0.00000 0.00000     0e+00
196        Disc_like  8.55309e+00 8.55309e+00   0.00000 0.00000     0e+00
197       Disc_N_use           NA 2.00000e+00   0.00000 0.00000     0e+00
198      Disc_N_skip           NA 0.00000e+00   0.00000 0.00000     0e+00
199      mnwt_lambda           NA 1.00000e+00   1.00000 1.00000     1e+00
200        mnwt_like  1.68924e+02 1.68924e+02   0.00000 0.00000     0e+00
201       mnwt_N_use           NA 2.00000e+00   0.00000 0.00000     0e+00
202      mnwt_N_skip           NA 0.00000e+00   0.00000 0.00000     0e+00
203    Length_lambda           NA 1.00000e+00   1.00000 0.00000     0e+00
204      Length_like  5.76550e+02 4.69799e+02 106.75100 0.00000     0e+00
205     Length_N_use           NA 2.90000e+01   7.00000 0.00000     0e+00
206    Length_N_skip           NA 4.00000e+00   2.00000 0.00000     0e+00
207       Age_lambda           NA 1.00000e+00   1.00000 0.00000     0e+00
208         Age_like  5.22531e+02 4.18588e+02 103.94400 0.00000     0e+00
209        Age_N_use           NA 2.90000e+01   7.00000 0.00000     0e+00
210       Age_N_skip           NA 4.00000e+00   2.00000 0.00000     0e+00
211 Sizeatage_lambda           NA 1.00000e+00   1.00000 0.00000     0e+00
212   sizeatage_like  1.23421e+02 8.09460e+01  42.47480 0.00000     0e+00
213  sizeatage_N_use           NA 4.00000e+00   2.00000 0.00000     0e+00
214 sizeatage_N_skip           NA 0.00000e+00   0.00000 0.00000     0e+00

$N_estimated_parameters
[1] 55

$table_of_phases

-99  -4  -3  -1   1   3   4   5   6 
  8   3  20   5   1  30   5   5  14 

$estimated_non_dev_parameters
                                        Value Phase    Min   Max      Init
L_at_Amin_Fem_GP_1                  21.946100     3 -10.00 45.00 21.843900
L_at_Amax_Fem_GP_1                  71.442800     5  40.00 90.00 71.469300
VonBert_K_Fem_GP_1                   0.148196     5   0.05  0.25  0.148674
L_at_Amax_Mal_GP_1                  69.613000     5  40.00 90.00 69.681100
VonBert_K_Mal_GP_1                   0.160478     5   0.05  0.25  0.160802
SR_LN(R0)                            8.867690     1   3.00 31.00  8.871560
SR_BH_steep                          0.635414     5   0.20  1.00  0.621654
Size_inflection_FISHERY(1)          53.811400     3  19.00 80.00 53.666400
Size_95%width_FISHERY(1)            19.001600     4   0.01 60.00 18.830700
Retain_L_infl_FISHERY(1)            38.661600     4  20.00 70.00 38.735800
Retain_L_width_FISHERY(1)            6.257210     4   0.10 10.00  6.222180
Retain_L_asymptote_logit_FISHERY(1)  3.723990     4 -10.00 10.00  3.738640
Size_inflection_SURVEY1(2)          36.735100     3  19.00 70.00 36.666800
Size_95%width_SURVEY1(2)             6.602540     4   0.01 60.00  6.667930
                                    Status Parm_StDev        Gradient  Pr_type
L_at_Amin_Fem_GP_1                      OK 0.45763700  0.000004820220   Normal
L_at_Amax_Fem_GP_1                      OK 0.28556200  0.000000394931   Normal
VonBert_K_Fem_GP_1                      OK 0.00342847  0.000002184670   Normal
L_at_Amax_Mal_GP_1                      OK 0.27343200 -0.000023660400   Normal
VonBert_K_Mal_GP_1                      OK 0.00368539 -0.000004397280   Normal
SR_LN(R0)                               OK 0.02831200 -0.000004567390 No_prior
SR_BH_steep                             OK 0.10647300 -0.000000280731 Sym_Beta
Size_inflection_FISHERY(1)              OK 0.76751000  0.000001145440 Sym_Beta
Size_95%width_FISHERY(1)                OK 0.81387700 -0.000005389880 Sym_Beta
Retain_L_infl_FISHERY(1)                OK 1.70163000 -0.000003820930   Normal
Retain_L_width_FISHERY(1)               OK 0.66473400 -0.000001306280   Normal
Retain_L_asymptote_logit_FISHERY(1)     OK 0.22967800 -0.000000468974   Normal
Size_inflection_SURVEY1(2)              OK 0.54118700 -0.000001116490 Sym_Beta
Size_95%width_SURVEY1(2)                OK 0.77247400 -0.000001186670 Sym_Beta
                                    Prior Pr_SD       Pr_Like Afterbound
L_at_Amin_Fem_GP_1                  36.00 10.00 0.98756500000         OK
L_at_Amax_Fem_GP_1                  70.00 10.00 0.01040790000         OK
VonBert_K_Fem_GP_1                   0.15  0.80 0.00000254114         OK
L_at_Amax_Mal_GP_1                  70.00 10.00 0.00074880200         OK
VonBert_K_Mal_GP_1                   0.15  0.80 0.00008576980         OK
SR_LN(R0)                              NA    NA            NA         OK
SR_BH_steep                          0.70  0.05 0.00036827600         OK
Size_inflection_FISHERY(1)          50.00  0.01 0.00020177400         OK
Size_95%width_FISHERY(1)            15.00  0.01 0.00144525000         OK
Retain_L_infl_FISHERY(1)            40.00 99.00 0.00009138090         OK
Retain_L_width_FISHERY(1)            1.00 99.00 0.00140997000         OK
Retain_L_asymptote_logit_FISHERY(1) 10.00 99.00 0.00200940000         OK
Size_inflection_SURVEY1(2)          30.00  0.01 0.00097300700         OK
Size_95%width_SURVEY1(2)            10.00  0.01 0.00938343000         OK

$maximum_gradient_component
[1] 2.36604e-05

$parameters_with_highest_gradients
                             Value     Gradient
L_at_Amax_Mal_GP_1       69.613000 -2.36604e-05
Main_RecrDev_1976         0.709848  6.33710e-06
Size_95%width_FISHERY(1) 19.001600 -5.38988e-06
L_at_Amin_Fem_GP_1       21.946100  4.82022e-06
SR_LN(R0)                 8.867690 -4.56739e-06

$Length_Comp_Fit_Summary
     Data_type Fleet Recommend_var_adj #  N Npos min_Nsamp max_Nsamp
1468         4     1           1.05003 # 33   29       125       125
1469         4     2           1.23065 #  9    7       125       125
     mean_Nsamp_in mean_Nsamp_adj mean_Nsamp_DM err_method err_index
1468           125            125            NA          0        NA
1469           125            125            NA          0        NA
            par1 val1 par2 val2 mean_effN HarMean Curr_Var_Adj Fleet_name
1468 multinomial   NA   NA   NA   136.514 131.254            1    FISHERY
1469 multinomial   NA   NA   NA   159.852 153.832            1    SURVEY1

$Age_Comp_Fit_Summary
     Data_type Fleet Recommend_var_adj # Nsamp_adj Npos min_Nsamp max_Nsamp
1518         5     1           1.04343 #        33   29        75        75
1519         5     2           1.03677 #         9    7        75        75
     mean_Nsamp_in mean_Nsamp_adj mean_Nsamp_DM err_method err_index
1518            75             75            NA          0        NA
1519            75             75            NA          0        NA
            par1 val1 par2 val2 mean_effN HarMean Curr_Var_Adj Fleet_name
1518 multinomial   NA   NA   NA   84.1552 78.2572            1    FISHERY
1519 multinomial   NA   NA   NA   89.0279 77.7580            1    SURVEY1

$SBzero
[1] 52311.5

$current_depletion
[1] 0.09166952

$SPRratioLabel
[1] "(1-SPR)/(1-SPR_40%)"

$sigma_R_in
[1] 0.6

$sigma_R_info
           period N_devs SD_of_devs Var_of_devs   mean_SE mean_SEsquared
1            Main     27  0.4621766   0.2136072 0.3282161      0.1120830
2      Early+Main     27  0.4621766   0.2136072 0.3282161      0.1120830
3 Early+Main+Late     31  0.4302630   0.1851263 0.3632850      0.1440723
  sqrt_sum_of_components SD_of_devs_over_sigma_R sqrt_sum_over_sigma_R
1              0.5706927               0.7702943             0.9511545
2              0.5706927               0.7702943             0.9511545
3              0.5737582               0.7171050             0.9562637
  alternative_sigma_R
1   0.570692721272901
2   0.570692721272901
3   0.573758237129081

$rmse_table
    ERA  N     RMSE RMSE_over_sigmaR mean_BiasAdj
1  main 27 0.453537         0.571377            1
2 early  0 0.000000         0.000000            0

$RecDev_method
[1] 1

147
