/srv
total 492452
-rw-r--r-- 1 slot1_15 slot1_15         0 Nov  4 18:38 _condor_stderr
-rw-r--r-- 1 slot1_15 slot1_15         5 Nov  4 18:38 _condor_stdout
-rw-r--r-- 1 slot1_15 slot1_15 503570432 Nov  4 18:38 linux-r4ss-v4.sif
-rw-r--r-- 1 slot1_15 slot1_15       819 Nov  4 18:38 osg-ss3-example-calcs.r
-rwxr-xr-x 1 slot1_15 slot1_15      1059 Nov  4 18:38 osg-wrapper-r.sh
drwxr-x--- 4 slot1_15 slot1_15      4096 Nov  4 18:38 scratch
drwxrwxrwt 2 slot1_15 slot1_15      4096 Nov  4 18:38 tmp
-rw-r--r-- 1 slot1_15 slot1_15    669783 Nov  4 18:38 upload.example-ss3-models.tar.gz
drwxrwxrwt 2 slot1_15 slot1_15      4096 Nov  4 18:38 var_tmp
/ss_exe:/usr/local/sbin:/usr/local/bin:/usr/sbin:/usr/bin:/sbin:/bin
output/21-growth_timevary-1/
[1] "/srv/working"
[1] "output/21-growth_timevary-1/"
[1] TRUE TRUE TRUE TRUE TRUE TRUE TRUE TRUE
[1] "ran model"
$SS_version
[1] "3.30.22.1;_safe;_compile_date:_Jan 30 2024;_Stock_Synthesis_by_Richard_Methot_(NOAA)_using_ADMB_13.1"

$SS_versionshort
[1] "3.30"

$SS_versionNumeric
[1] 3.3

$StartTime
[1] "StartTime: Mon Nov 4 18:38:26 2024"

$RunTime
[1] "0 hours, 0 minutes, 26 seconds."

$Files_used
[1] "Data_File: Example_1_data.SS Control_File: Example_1_control.SS"

$log_det_hessian
[1] 67.2727

$Final_phase
[1] 6

$N_iterations
[1] 315

$Nwarnings
[1] 4

$warnings
[1] "Warning 1 : At least one block pattern ends in endyr. Check the output parameter value time series to see if the values in forecast years are as intended."
[2] "Note 1 Information: Max harvest rate typically is >1.0 for F_method 2, 3 or 4 0.9"                                                                         
[3] "Note 2 Information: A revised protocol for the Fcast_yr specification is available and recommended."                                                       
[4] " 1 warning  and 2 notes "                                                                                                                                  

$likelihoods_used
                        values lambdas
TOTAL                403.71300      NA
Equil_catch            0.00000      NA
Survey                -5.50891      NA
Age_comp             408.92300      NA
Recruitment            0.00000       1
InitEQ_Regime          0.00000       1
Forecast_Recruitment   0.00000       1
Parm_priors            0.29833       1
Parm_devs              0.00000       1
Crash_Pen              0.00000       1

$likelihoods_laplace
                                     values lambdas
NoBias_corr_Recruitment(info_only)  12.3311       1
Laplace_obj_fun(info_only)         416.0440      NA

$likelihoods_by_fleet
              Label       ALL   Fish1   Fish2    Surv1    Surv2 Surv3 Surv4
177 Init_equ_lambda        NA   1.000   1.000  1.00000  1.00000     1     1
178   Init_equ_like   0.00000   0.000   0.000  0.00000  0.00000     0     0
179     Surv_lambda        NA   0.000   0.000  1.00000  0.00000     0     0
180       Surv_like  -5.50891   0.000   0.000 -5.50891 -8.62083     0     0
181      Surv_N_use        NA   0.000   0.000 11.00000  8.00000     0     0
182     Surv_N_skip        NA   0.000   0.000  0.00000  1.00000     0     0
183      Age_lambda        NA   1.000   1.000  0.00000  0.00000     0     0
184        Age_like 408.92300 212.512 196.411 23.58380  0.00000     0     0
185       Age_N_use        NA  36.000  32.000 12.00000  0.00000     0     0
186      Age_N_skip        NA   1.000   1.000  1.00000  0.00000     0     0
    Surv5 Surv6    Surv7
177     1     1  1.00000
178     0     0  0.00000
179     0     0  0.00000
180     0     0 -4.49226
181     0     0  4.00000
182     0     0  0.00000
183     0     0  0.00000
184     0     0  0.00000
185     0     0  0.00000
186     0     0  0.00000

$Parm_devs_detail
    Index Phase MinYr MaxYr  N stddev Rho Like_devs Like_se mean        rmse
190     1    -5  1977  2007 31      2   0         0       0    0 3.16228e-05
    var   sqrt(var) est_rho D-W
190   0 3.16228e-05       0   0

$N_estimated_parameters
[1] 44

$table_of_phases

-99 -50  -6  -5  -4  -2  -1   1   2   3   4   6 
  3  12   1  13   2   3   3   1   5  25   5   8 

$estimated_non_dev_parameters
                                               Value Phase       Min       Max
L_at_Amax_Fem_GP_1_BLK1mult_1984         -0.07529500     4  -0.28528  0.200227
VonBert_K_Fem_GP_1_BLK2mult_1980          0.00646461     4  -1.10064  0.508798
VonBert_K_Fem_GP_1_BLK2mult_1999          0.09904410     4  -1.10064  0.508798
SR_LN(R0)                                14.87040000     4  12.00000 18.000000
SR_BH_steep                               0.80740200     4   0.20000  1.000000
SR_sigmaR                                 1.30000000     6   1.00000  1.600000
Impl_err_2010                             0.00000000     6  -1.00000  1.000000
Impl_err_2011                             0.00000000     6  -1.00000  1.000000
Impl_err_2012                             0.00000000     6  -1.00000  1.000000
LnQ_base_Surv1(3)                        -0.37529200     1 -10.00000  2.000000
Age_DblN_peak_Fish1(1)                    6.20352000     2   2.00000 15.000000
Age_DblN_ascend_se_Fish1(1)               3.11876000     2  -4.00000 10.000000
Age_DblN_end_logit_Fish1(1)              -0.14916500     2  -5.00000 10.000000
Age_DblN_peak_Fish2(2)                   10.23740000     2   2.00000 15.000000
Age_DblN_ascend_se_Fish2(2)               2.23664000     2  -2.00000 15.000000
Age_DblN_peak_Fish1(1)_BLK3add_1981       2.35770000     3 -10.00000 10.000000
Age_DblN_peak_Fish1(1)_BLK3add_1985      -0.43994600     3 -10.00000 10.000000
Age_DblN_peak_Fish1(1)_BLK3add_1989       0.12282800     3 -10.00000 10.000000
Age_DblN_peak_Fish1(1)_BLK3add_1993      -1.21664000     3 -10.00000 10.000000
Age_DblN_peak_Fish1(1)_BLK3add_1997      -1.43963000     3 -10.00000 10.000000
Age_DblN_peak_Fish1(1)_BLK3add_2001       0.44026200     3 -10.00000 10.000000
Age_DblN_peak_Fish1(1)_BLK3add_2005       3.14124000     3 -10.00000 10.000000
Age_DblN_ascend_se_Fish1(1)_BLK4add_1960  0.04818390     3 -10.00000 10.000000
Age_DblN_ascend_se_Fish1(1)_BLK4add_1981  0.69060200     3 -10.00000 10.000000
Age_DblN_ascend_se_Fish1(1)_BLK4add_1985 -0.12293600     3 -10.00000 10.000000
Age_DblN_ascend_se_Fish1(1)_BLK4add_1993 -0.74208500     3 -10.00000 10.000000
Age_DblN_ascend_se_Fish1(1)_BLK4add_1997 -1.00627000     3 -10.00000 10.000000
Age_DblN_ascend_se_Fish1(1)_BLK4add_2001  0.18258900     3 -10.00000 10.000000
Age_DblN_ascend_se_Fish1(1)_BLK4add_2005  1.23241000     3 -10.00000 10.000000
Age_DblN_end_logit_Fish1(1)_BLK5add_1984 -0.48379500     3 -10.00000 10.000000
Age_DblN_peak_Fish2(2)_BLK6add_1981       0.93354700     3 -10.00000 10.000000
Age_DblN_peak_Fish2(2)_BLK6add_1985      -3.89329000     3 -10.00000 10.000000
Age_DblN_peak_Fish2(2)_BLK6add_1989      -3.26288000     3 -10.00000 10.000000
Age_DblN_peak_Fish2(2)_BLK6add_1993      -3.26029000     3 -10.00000 10.000000
Age_DblN_peak_Fish2(2)_BLK6add_2001      -4.56342000     3 -10.00000 10.000000
Age_DblN_peak_Fish2(2)_BLK6add_2005      -3.34925000     3 -10.00000 10.000000
Age_DblN_ascend_se_Fish2(2)_BLK7add_1960  1.45485000     3 -10.00000 10.000000
Age_DblN_ascend_se_Fish2(2)_BLK7add_1989  0.38932800     3 -10.00000 10.000000
Age_DblN_ascend_se_Fish2(2)_BLK7add_2001  0.01092500     3 -10.00000 10.000000
Age_DblN_ascend_se_Fish2(2)_BLK7add_2005  0.41789700     3 -10.00000 10.000000
                                                Init  Status  Parm_StDev
L_at_Amax_Fem_GP_1_BLK1mult_1984         -0.07640360      OK   0.0617371
VonBert_K_Fem_GP_1_BLK2mult_1980          0.00771017      OK   0.2520550
VonBert_K_Fem_GP_1_BLK2mult_1999          0.06060180      OK   0.2321200
SR_LN(R0)                                14.87160000      OK   0.1444520
SR_BH_steep                               0.78853900      OK   0.1223660
SR_sigmaR                                 1.30000000 NO_MOVE 164.3170000
Impl_err_2010                             0.00000000     act   0.1000000
Impl_err_2011                             0.00000000     act   0.1000000
Impl_err_2012                             0.00000000     act   0.1000000
LnQ_base_Surv1(3)                        -0.35147500      OK   0.1470950
Age_DblN_peak_Fish1(1)                    6.19130000      OK   1.7168700
Age_DblN_ascend_se_Fish1(1)               3.08033000      OK   1.5673600
Age_DblN_end_logit_Fish1(1)              -0.15186400      OK   0.6388170
Age_DblN_peak_Fish2(2)                   10.21490000      OK   1.8561400
Age_DblN_ascend_se_Fish2(2)               2.23697000      OK   0.3501520
Age_DblN_peak_Fish1(1)_BLK3add_1981       2.35882000      OK   2.3043700
Age_DblN_peak_Fish1(1)_BLK3add_1985      -0.43986900      OK   2.2833500
Age_DblN_peak_Fish1(1)_BLK3add_1989       0.05289540      OK   3.5999800
Age_DblN_peak_Fish1(1)_BLK3add_1993      -1.20462000      OK   2.0646600
Age_DblN_peak_Fish1(1)_BLK3add_1997      -1.41849000      OK   1.9785900
Age_DblN_peak_Fish1(1)_BLK3add_2001       0.30173400      OK   3.5345500
Age_DblN_peak_Fish1(1)_BLK3add_2005       1.66590000      OK   4.3518700
Age_DblN_ascend_se_Fish1(1)_BLK4add_1960  0.08238180      OK   1.7723200
Age_DblN_ascend_se_Fish1(1)_BLK4add_1981  0.72631600      OK   1.6503500
Age_DblN_ascend_se_Fish1(1)_BLK4add_1985 -0.08891270      OK   1.7890700
Age_DblN_ascend_se_Fish1(1)_BLK4add_1993 -0.70409800      OK   1.7812100
Age_DblN_ascend_se_Fish1(1)_BLK4add_1997 -0.96293600      OK   1.7441800
Age_DblN_ascend_se_Fish1(1)_BLK4add_2001  0.17649400      OK   1.9706700
Age_DblN_ascend_se_Fish1(1)_BLK4add_2005  0.82520600      OK   1.8147500
Age_DblN_end_logit_Fish1(1)_BLK5add_1984 -0.43293200      OK   0.8598510
Age_DblN_peak_Fish2(2)_BLK6add_1981       0.93361000      OK   0.7622580
Age_DblN_peak_Fish2(2)_BLK6add_1985      -3.87014000      OK   1.9278600
Age_DblN_peak_Fish2(2)_BLK6add_1989      -3.23802000      OK   1.8918800
Age_DblN_peak_Fish2(2)_BLK6add_1993      -3.22972000      OK   1.8928200
Age_DblN_peak_Fish2(2)_BLK6add_2001      -4.54189000      OK   2.0713200
Age_DblN_peak_Fish2(2)_BLK6add_2005      -3.62094000      OK   2.1030300
Age_DblN_ascend_se_Fish2(2)_BLK7add_1960  1.45034000      OK   0.5531170
Age_DblN_ascend_se_Fish2(2)_BLK7add_1989  0.39056700      OK   0.4316850
Age_DblN_ascend_se_Fish2(2)_BLK7add_2001  0.01063600      OK   0.6662830
Age_DblN_ascend_se_Fish2(2)_BLK7add_2005  0.30706200      OK   0.5509000
                                                Gradient   Pr_type Prior
L_at_Amax_Fem_GP_1_BLK1mult_1984          0.000000477074    Normal 0.000
VonBert_K_Fem_GP_1_BLK2mult_1980         -0.000001371920    Normal 0.000
VonBert_K_Fem_GP_1_BLK2mult_1999          0.000003530490    Normal 0.000
SR_LN(R0)                                 0.000026773300  No_prior    NA
SR_BH_steep                              -0.000001955100 Full_Beta 0.777
SR_sigmaR                                 0.000000000000  No_prior    NA
Impl_err_2010                             0.000000000000       dev    NA
Impl_err_2011                             0.000000000000       dev    NA
Impl_err_2012                             0.000000000000       dev    NA
LnQ_base_Surv1(3)                         0.000009040240  No_prior    NA
Age_DblN_peak_Fish1(1)                   -0.000006687380  No_prior    NA
Age_DblN_ascend_se_Fish1(1)               0.000004951110  No_prior    NA
Age_DblN_end_logit_Fish1(1)               0.000000766746  No_prior    NA
Age_DblN_peak_Fish2(2)                    0.000012526900  No_prior    NA
Age_DblN_ascend_se_Fish2(2)              -0.000021040700  No_prior    NA
Age_DblN_peak_Fish1(1)_BLK3add_1981       0.000008986930  No_prior    NA
Age_DblN_peak_Fish1(1)_BLK3add_1985       0.000001704750  No_prior    NA
Age_DblN_peak_Fish1(1)_BLK3add_1989       0.000001511660  No_prior    NA
Age_DblN_peak_Fish1(1)_BLK3add_1993      -0.000011224100  No_prior    NA
Age_DblN_peak_Fish1(1)_BLK3add_1997       0.000002330980  No_prior    NA
Age_DblN_peak_Fish1(1)_BLK3add_2001      -0.000000631530  No_prior    NA
Age_DblN_peak_Fish1(1)_BLK3add_2005       0.000005924390  No_prior    NA
Age_DblN_ascend_se_Fish1(1)_BLK4add_1960 -0.000000678915  No_prior    NA
Age_DblN_ascend_se_Fish1(1)_BLK4add_1981  0.000009354570  No_prior    NA
Age_DblN_ascend_se_Fish1(1)_BLK4add_1985  0.000010445200  No_prior    NA
Age_DblN_ascend_se_Fish1(1)_BLK4add_1993  0.000005638090  No_prior    NA
Age_DblN_ascend_se_Fish1(1)_BLK4add_1997 -0.000002552950  No_prior    NA
Age_DblN_ascend_se_Fish1(1)_BLK4add_2001 -0.000006006790  No_prior    NA
Age_DblN_ascend_se_Fish1(1)_BLK4add_2005  0.000003948920  No_prior    NA
Age_DblN_end_logit_Fish1(1)_BLK5add_1984 -0.000000247853  No_prior    NA
Age_DblN_peak_Fish2(2)_BLK6add_1981       0.000000835773  No_prior    NA
Age_DblN_peak_Fish2(2)_BLK6add_1985       0.000006446210  No_prior    NA
Age_DblN_peak_Fish2(2)_BLK6add_1989      -0.000001769830  No_prior    NA
Age_DblN_peak_Fish2(2)_BLK6add_1993       0.000004600420  No_prior    NA
Age_DblN_peak_Fish2(2)_BLK6add_2001       0.000014673300  No_prior    NA
Age_DblN_peak_Fish2(2)_BLK6add_2005      -0.000006985280  No_prior    NA
Age_DblN_ascend_se_Fish2(2)_BLK7add_1960 -0.000002452770  No_prior    NA
Age_DblN_ascend_se_Fish2(2)_BLK7add_1989 -0.000006265410  No_prior    NA
Age_DblN_ascend_se_Fish2(2)_BLK7add_2001 -0.000011876000  No_prior    NA
Age_DblN_ascend_se_Fish2(2)_BLK7add_2005 -0.000018075800  No_prior    NA
                                            Pr_SD      Pr_Like Afterbound
L_at_Amax_Fem_GP_1_BLK1mult_1984         0.100114  0.282822000         OK
VonBert_K_Fem_GP_1_BLK2mult_1980         0.254399  0.000322867         OK
VonBert_K_Fem_GP_1_BLK2mult_1999         0.254399  0.075787300         OK
SR_LN(R0)                                      NA           NA         OK
SR_BH_steep                              0.113000 -0.060601600         OK
SR_sigmaR                                      NA           NA         OK
Impl_err_2010                                  NA           NA         OK
Impl_err_2011                                  NA           NA         OK
Impl_err_2012                                  NA           NA         OK
LnQ_base_Surv1(3)                              NA           NA         OK
Age_DblN_peak_Fish1(1)                         NA           NA         OK
Age_DblN_ascend_se_Fish1(1)                    NA           NA         OK
Age_DblN_end_logit_Fish1(1)                    NA           NA         OK
Age_DblN_peak_Fish2(2)                         NA           NA         OK
Age_DblN_ascend_se_Fish2(2)                    NA           NA         OK
Age_DblN_peak_Fish1(1)_BLK3add_1981            NA           NA         OK
Age_DblN_peak_Fish1(1)_BLK3add_1985            NA           NA         OK
Age_DblN_peak_Fish1(1)_BLK3add_1989            NA           NA         OK
Age_DblN_peak_Fish1(1)_BLK3add_1993            NA           NA         OK
Age_DblN_peak_Fish1(1)_BLK3add_1997            NA           NA         OK
Age_DblN_peak_Fish1(1)_BLK3add_2001            NA           NA         OK
Age_DblN_peak_Fish1(1)_BLK3add_2005            NA           NA         OK
Age_DblN_ascend_se_Fish1(1)_BLK4add_1960       NA           NA         OK
Age_DblN_ascend_se_Fish1(1)_BLK4add_1981       NA           NA         OK
Age_DblN_ascend_se_Fish1(1)_BLK4add_1985       NA           NA         OK
Age_DblN_ascend_se_Fish1(1)_BLK4add_1993       NA           NA         OK
Age_DblN_ascend_se_Fish1(1)_BLK4add_1997       NA           NA         OK
Age_DblN_ascend_se_Fish1(1)_BLK4add_2001       NA           NA         OK
Age_DblN_ascend_se_Fish1(1)_BLK4add_2005       NA           NA         OK
Age_DblN_end_logit_Fish1(1)_BLK5add_1984       NA           NA         OK
Age_DblN_peak_Fish2(2)_BLK6add_1981            NA           NA         OK
Age_DblN_peak_Fish2(2)_BLK6add_1985            NA           NA         OK
Age_DblN_peak_Fish2(2)_BLK6add_1989            NA           NA         OK
Age_DblN_peak_Fish2(2)_BLK6add_1993            NA           NA         OK
Age_DblN_peak_Fish2(2)_BLK6add_2001            NA           NA         OK
Age_DblN_peak_Fish2(2)_BLK6add_2005            NA           NA         OK
Age_DblN_ascend_se_Fish2(2)_BLK7add_1960       NA           NA         OK
Age_DblN_ascend_se_Fish2(2)_BLK7add_1989       NA           NA         OK
Age_DblN_ascend_se_Fish2(2)_BLK7add_2001       NA           NA         OK
Age_DblN_ascend_se_Fish2(2)_BLK7add_2005       NA           NA         OK

$maximum_gradient_component
[1] 2.67733e-05

$parameters_with_highest_gradients
                                             Value     Gradient
SR_LN(R0)                                14.870400  2.67733e-05
Age_DblN_ascend_se_Fish2(2)               2.236640 -2.10407e-05
Age_DblN_ascend_se_Fish2(2)_BLK7add_2005  0.417897 -1.80758e-05
Age_DblN_peak_Fish2(2)_BLK6add_2001      -4.563420  1.46733e-05
Age_DblN_peak_Fish2(2)                   10.237400  1.25269e-05

$Age_Comp_Fit_Summary
     Data_type Fleet Recommend_var_adj # Nsamp_adj Npos min_Nsamp max_Nsamp
1549         5     1           1.15985 #        37   36        50        50
1550         5     2           1.09052 #        33   32        50        50
1551         5     3           0.00000 #        13   12         1         1
     mean_Nsamp_in mean_Nsamp_adj mean_Nsamp_DM err_method err_index
1549            50             50            NA          0        NA
1550            50             50            NA          0        NA
1551             1              1            NA          0        NA
            par1 val1 par2 val2 mean_effN  HarMean Curr_Var_Adj Fleet_name
1549 multinomial   NA   NA   NA  72.14840 57.99260            1      Fish1
1550 multinomial   NA   NA   NA  62.05860 54.52580            1      Fish2
1551 multinomial   NA   NA   NA   1.07301  1.04748            0      Surv1

$SBzero
[1] 2085125

$current_depletion
[1] 0.3873341

$sigma_R_in
[1] 1.3

$sigma_R_info
           period N_devs SD_of_devs Var_of_devs mean_SE mean_SEsquared
1            Main     47          0           0      NA             NA
2      Early+Main     47          0           0      NA             NA
3 Early+Main+Late     48          0           0      NA             NA
  sqrt_sum_of_components SD_of_devs_over_sigma_R sqrt_sum_over_sigma_R
1                     NA                       0                    NA
2                     NA                       0                    NA
3                     NA                       0                    NA
  alternative_sigma_R
1                <NA>
2                <NA>
3                <NA>

$rmse_table
    ERA  N RMSE RMSE_over_sigmaR mean_BiasAdj
1  main 47    0                0            0
2 early  0    0                0            0

$RecDev_method
[1] 1

30
