/srv
total 492436
-rw-r--r-- 1 osg gridusers         0 Nov  4 17:39 _condor_stderr
-rw-r--r-- 1 osg gridusers         5 Nov  4 17:39 _condor_stdout
-rw-r--r-- 1 osg gridusers 503570432 Nov  4 17:39 linux-r4ss-v4.sif
-rw-r--r-- 1 osg gridusers       819 Nov  4 17:38 osg-ss3-example-calcs.r
-rwxr-xr-x 1 osg gridusers      1059 Nov  4 17:38 osg-wrapper-r.sh
drwxr-x--- 4 osg gridusers        28 Nov  4 17:39 scratch
drwxrwxrwt 2 osg gridusers         6 Nov  4 17:39 tmp
-rw-r--r-- 1 osg gridusers    669783 Nov  4 17:38 upload.example-ss3-models.tar.gz
drwxrwxrwt 2 osg gridusers         6 Nov  4 17:39 var_tmp
/ss_exe:/usr/local/sbin:/usr/local/bin:/usr/sbin:/usr/bin:/sbin:/bin
output/73-BigSkate_2019-4/
[1] "/srv/working"
[1] "output/73-BigSkate_2019-4/"
[1] TRUE TRUE TRUE TRUE TRUE TRUE TRUE
[1] "ran model"
$SS_version
[1] "3.30.22.1;_safe;_compile_date:_Jan 30 2024;_Stock_Synthesis_by_Richard_Methot_(NOAA)_using_ADMB_13.1"

$SS_versionshort
[1] "3.30"

$SS_versionNumeric
[1] 3.3

$StartTime
[1] "StartTime: Mon Nov 4 17:39:03 2024"

$RunTime
[1] "0 hours, 2 minutes, 19 seconds."

$Files_used
[1] "Data_File: BSKT2019_data.ss Control_File: BSKT2019_control.ss"

$log_det_hessian
[1] -7.81973

$Final_phase
[1] 5

$N_iterations
[1] 429

$Nwarnings
[1] 8

$warnings
[1] "Note 1 Information: Max data length bin: 200  < max pop len bins: 250; so will accumulate larger pop len bins"
[2] "Warning 1 : Block:2 12 starts after retroyr+1; should not estimate "                                          
[3] "Warning 2 : Block:2 12 ends in: 2016 after retroyr+1:  2015"                                                  
[4] "Warning 3 : Block:2 13 starts after retroyr+1; should not estimate "                                          
[5] "Warning 4 : Block:2 13 ends in: 2030 after retroyr+1:  2015"                                                  
[6] "Warning 5 Adjustment:  recdev_end: 2018 > retro_yr: 2014 reset "                                              
[7] "Note 2 Information: A revised protocol for the Fcast_yr specification is available and recommended."          
[8] " 5 warnings  and 2 notes "                                                                                    

$likelihoods_used
                                  values lambdas
TOTAL                308.995000000000005      NA
Catch                  0.000000000063922      NA
Equil_catch            0.000000000000000      NA
Survey                -7.738120000000000      NA
Discard              -11.682100000000000      NA
Mean_body_wt          -5.680230000000000      NA
Length_comp          266.002000000000010      NA
Age_comp              68.036100000000005      NA
Size_at_age            0.000000000000000      NA
Recruitment            0.000000000000000       1
InitEQ_Regime          0.000000000000000       1
Forecast_Recruitment   0.000000000000000       1
Parm_priors            0.049942700000000       1
Parm_softbounds        0.007570590000000      NA
Parm_devs              0.000000000000000       1
Crash_Pen              0.000000000000000       1

$likelihoods_laplace
                                     values lambdas
NoBias_corr_Recruitment(info_only) -24.0795       1
Laplace_obj_fun(info_only)         284.9160      NA

$likelihoods_by_fleet
               Label          ALL Fishery_current Discard_historical
189     Catch_lambda           NA     1.00000e+00        1.00000e+00
190       Catch_like  6.39220e-11     1.19054e-11        2.30171e-11
191  Init_equ_lambda           NA     1.00000e+00        1.00000e+00
192    Init_equ_like  0.00000e+00     0.00000e+00        0.00000e+00
193      Surv_lambda           NA     0.00000e+00        0.00000e+00
194        Surv_like -7.73812e+00     0.00000e+00        0.00000e+00
195       Surv_N_use           NA     0.00000e+00        0.00000e+00
196      Surv_N_skip           NA     0.00000e+00        0.00000e+00
197      Disc_lambda           NA     1.00000e+00        0.00000e+00
198        Disc_like -1.16821e+01    -1.16821e+01        0.00000e+00
199       Disc_N_use           NA     1.30000e+01        0.00000e+00
200      Disc_N_skip           NA     3.00000e+00        0.00000e+00
201      mnwt_lambda           NA     1.00000e+00        1.00000e+00
202        mnwt_like -5.68023e+00    -5.68023e+00        0.00000e+00
203       mnwt_N_use           NA     1.30000e+01        0.00000e+00
204      mnwt_N_skip           NA     3.00000e+00        0.00000e+00
205    Length_lambda           NA     1.00000e+00        0.00000e+00
206      Length_like  2.66002e+02     1.64797e+02        0.00000e+00
207     Length_N_use           NA     2.40000e+01        0.00000e+00
208    Length_N_skip           NA     7.00000e+00        0.00000e+00
209       Age_lambda           NA     1.00000e+00        0.00000e+00
210         Age_like  6.80361e+01     4.17730e+01        0.00000e+00
211        Age_N_use           NA     1.64000e+02        0.00000e+00
212       Age_N_skip           NA     4.10000e+01        0.00000e+00
213 Sizeatage_lambda           NA     0.00000e+00        0.00000e+00
214   sizeatage_like  0.00000e+00     0.00000e+00        0.00000e+00
215  sizeatage_N_use           NA     0.00000e+00        0.00000e+00
216 sizeatage_N_skip           NA     0.00000e+00        0.00000e+00
    Fishery_historical Fishery_tribal    WCGBTS Triennial
189        1.00000e+00    1.00000e+00   1.00000  1.000000
190        1.80583e-11    1.09411e-11   0.00000  0.000000
191        1.00000e+00    1.00000e+00   1.00000  1.000000
192        0.00000e+00    0.00000e+00   0.00000  0.000000
193        0.00000e+00    0.00000e+00   1.00000  1.000000
194        0.00000e+00    0.00000e+00  -8.05798  0.319863
195        0.00000e+00    0.00000e+00  12.00000  9.000000
196        0.00000e+00    0.00000e+00   4.00000  0.000000
197        0.00000e+00    0.00000e+00   0.00000  0.000000
198        0.00000e+00    0.00000e+00   0.00000  0.000000
199        0.00000e+00    0.00000e+00   0.00000  0.000000
200        0.00000e+00    0.00000e+00   0.00000  0.000000
201        1.00000e+00    1.00000e+00   1.00000  1.000000
202        0.00000e+00    0.00000e+00   0.00000  0.000000
203        0.00000e+00    0.00000e+00   0.00000  0.000000
204        0.00000e+00    0.00000e+00   0.00000  0.000000
205        0.00000e+00    0.00000e+00   1.00000  1.000000
206        0.00000e+00    0.00000e+00  28.72690 72.477900
207        0.00000e+00    0.00000e+00  12.00000  2.000000
208        0.00000e+00    0.00000e+00   4.00000  0.000000
209        0.00000e+00    0.00000e+00   1.00000  0.000000
210        0.00000e+00    0.00000e+00  26.26310  0.000000
211        0.00000e+00    0.00000e+00  95.00000  0.000000
212        0.00000e+00    0.00000e+00 122.00000  0.000000
213        0.00000e+00    0.00000e+00   0.00000  0.000000
214        0.00000e+00    0.00000e+00 119.05300  0.000000
215        0.00000e+00    0.00000e+00   1.00000  0.000000
216        0.00000e+00    0.00000e+00   0.00000  0.000000

$N_estimated_parameters
[1] 44

$table_of_phases

-99  -5  -4  -3  -2  -1   1   2   3   4   5 
  2  13  14  11   3   1   6   5   5  25   3 

$estimated_non_dev_parameters
                                                               Value Phase
NatM_uniform_Fem_GP_1                                       0.413169     3
L_at_Amin_Fem_GP_1                                         19.453500     2
Linf_Fem_GP_1                                             175.764000     2
VonBert_K_Fem_GP_1                                         11.783000     1
Cessation_Fem_GP_1                                          7.811340     3
SD_young_Fem_GP_1                                           6.479030     5
SD_old_Fem_GP_1                                             6.780690     5
Linf_Mal_GP_1                                              -0.368632     2
VonBert_K_Mal_GP_1                                          0.144850     3
SR_LN(R0)                                                   8.569620     3
LnQ_base_WCGBTS(5)                                         -0.365181     1
Q_extraSD_WCGBTS(5)                                         0.143784     1
LnQ_base_Triennial(6)                                      -1.283620     1
Q_extraSD_Triennial(6)                                      0.366131     1
LnQ_base_Triennial(6)_BLK1repl_1995                        -0.964298     1
Size_DblN_peak_Fishery_current(1)                          86.610700     4
Size_DblN_ascend_se_Fishery_current(1)                      7.024740     4
Retain_L_infl_Fishery_current(1)                           64.166500     2
Retain_L_width_Fishery_current(1)                           4.769210     2
Retain_L_asymptote_logit_Fishery_current(1)                 1.751570     3
SzSel_Fem_Peak_Fishery_current(1)                          -6.510120     4
SzSel_Fem_Scale_Fishery_current(1)                          0.762427     4
Size_DblN_peak_WCGBTS(5)                                   74.350800     4
Size_DblN_ascend_se_WCGBTS(5)                               6.705810     4
Size_DblN_descend_se_WCGBTS(5)                             11.377700     5
SzSel_Fem_Peak_WCGBTS(5)                                   -8.982510     4
SzSel_Fem_Scale_WCGBTS(5)                                   0.731538     4
Size_DblN_peak_Triennial(6)                               186.088000     4
Size_DblN_ascend_se_Triennial(6)                            8.549950     4
Size_DblN_start_logit_Triennial(6)                         -4.458810     4
SzSel_Fem_Scale_Triennial(6)                                0.663458     4
Retain_L_asymptote_logit_Fishery_current(1)_BLK2repl_2005   2.046530     4
Retain_L_asymptote_logit_Fishery_current(1)_BLK2repl_2006   2.870440     4
Retain_L_asymptote_logit_Fishery_current(1)_BLK2repl_2007   3.301620     4
Retain_L_asymptote_logit_Fishery_current(1)_BLK2repl_2008   4.673290     4
Retain_L_asymptote_logit_Fishery_current(1)_BLK2repl_2009   3.757940     4
Retain_L_asymptote_logit_Fishery_current(1)_BLK2repl_2010  12.690700     4
Retain_L_asymptote_logit_Fishery_current(1)_BLK2repl_2011  14.241100     4
Retain_L_asymptote_logit_Fishery_current(1)_BLK2repl_2012  11.758200     4
Retain_L_asymptote_logit_Fishery_current(1)_BLK2repl_2013   3.196170     4
Retain_L_asymptote_logit_Fishery_current(1)_BLK2repl_2014   3.185960     4
Retain_L_asymptote_logit_Fishery_current(1)_BLK2repl_2015   5.000520     4
Retain_L_asymptote_logit_Fishery_current(1)_BLK2repl_2016   5.000630     4
Retain_L_asymptote_logit_Fishery_current(1)_BLK2repl_2017   5.000640     4
                                                              Min   Max
NatM_uniform_Fem_GP_1                                       0.100   0.6
L_at_Amin_Fem_GP_1                                         10.000  40.0
Linf_Fem_GP_1                                             100.000 300.0
VonBert_K_Fem_GP_1                                          0.005  30.0
Cessation_Fem_GP_1                                          0.100  10.0
SD_young_Fem_GP_1                                           1.000  20.0
SD_old_Fem_GP_1                                             1.000  20.0
Linf_Mal_GP_1                                              -1.000   1.0
VonBert_K_Mal_GP_1                                        -10.000  20.0
SR_LN(R0)                                                   5.000  15.0
LnQ_base_WCGBTS(5)                                         -2.000   2.0
Q_extraSD_WCGBTS(5)                                         0.000   2.0
LnQ_base_Triennial(6)                                     -10.000   2.0
Q_extraSD_Triennial(6)                                      0.000   2.0
LnQ_base_Triennial(6)_BLK1repl_1995                        -7.000   0.0
Size_DblN_peak_Fishery_current(1)                          80.000 150.0
Size_DblN_ascend_se_Fishery_current(1)                     -1.000   9.0
Retain_L_infl_Fishery_current(1)                           15.000 150.0
Retain_L_width_Fishery_current(1)                           0.100  10.0
Retain_L_asymptote_logit_Fishery_current(1)               -10.000  20.0
SzSel_Fem_Peak_Fishery_current(1)                         -50.000  50.0
SzSel_Fem_Scale_Fishery_current(1)                          0.500   1.5
Size_DblN_peak_WCGBTS(5)                                   50.000 150.0
Size_DblN_ascend_se_WCGBTS(5)                              -1.000   9.0
Size_DblN_descend_se_WCGBTS(5)                             -1.000  20.0
SzSel_Fem_Peak_WCGBTS(5)                                  -50.000  50.0
SzSel_Fem_Scale_WCGBTS(5)                                   0.500   1.5
Size_DblN_peak_Triennial(6)                                50.000 200.0
Size_DblN_ascend_se_Triennial(6)                           -1.000   9.0
Size_DblN_start_logit_Triennial(6)                        -15.000   9.0
SzSel_Fem_Scale_Triennial(6)                                0.500   1.5
Retain_L_asymptote_logit_Fishery_current(1)_BLK2repl_2005 -10.000  20.0
Retain_L_asymptote_logit_Fishery_current(1)_BLK2repl_2006 -10.000  20.0
Retain_L_asymptote_logit_Fishery_current(1)_BLK2repl_2007 -10.000  20.0
Retain_L_asymptote_logit_Fishery_current(1)_BLK2repl_2008 -10.000  20.0
Retain_L_asymptote_logit_Fishery_current(1)_BLK2repl_2009 -10.000  20.0
Retain_L_asymptote_logit_Fishery_current(1)_BLK2repl_2010 -10.000  20.0
Retain_L_asymptote_logit_Fishery_current(1)_BLK2repl_2011 -10.000  20.0
Retain_L_asymptote_logit_Fishery_current(1)_BLK2repl_2012 -10.000  20.0
Retain_L_asymptote_logit_Fishery_current(1)_BLK2repl_2013 -10.000  20.0
Retain_L_asymptote_logit_Fishery_current(1)_BLK2repl_2014 -10.000  20.0
Retain_L_asymptote_logit_Fishery_current(1)_BLK2repl_2015 -10.000  20.0
Retain_L_asymptote_logit_Fishery_current(1)_BLK2repl_2016 -10.000  20.0
Retain_L_asymptote_logit_Fishery_current(1)_BLK2repl_2017 -10.000  20.0
                                                                Init Status
NatM_uniform_Fem_GP_1                                       0.449208     OK
L_at_Amin_Fem_GP_1                                         20.082100     OK
Linf_Fem_GP_1                                             175.663000     OK
VonBert_K_Fem_GP_1                                         12.140700     OK
Cessation_Fem_GP_1                                          5.610090     OK
SD_young_Fem_GP_1                                           5.702740     OK
SD_old_Fem_GP_1                                             7.084120     OK
Linf_Mal_GP_1                                              -0.373076     OK
VonBert_K_Mal_GP_1                                          0.100981     OK
SR_LN(R0)                                                   8.904690     OK
LnQ_base_WCGBTS(5)                                         -0.403308     OK
Q_extraSD_WCGBTS(5)                                         0.163264     OK
LnQ_base_Triennial(6)                                      -1.252400     OK
Q_extraSD_Triennial(6)                                      0.365954     OK
LnQ_base_Triennial(6)_BLK1repl_1995                        -0.934511     OK
Size_DblN_peak_Fishery_current(1)                          94.111400     OK
Size_DblN_ascend_se_Fishery_current(1)                      7.153310     OK
Retain_L_infl_Fishery_current(1)                           66.214400     OK
Retain_L_width_Fishery_current(1)                           4.876370     OK
Retain_L_asymptote_logit_Fishery_current(1)                 2.051820     OK
SzSel_Fem_Peak_Fishery_current(1)                          -5.521930     OK
SzSel_Fem_Scale_Fishery_current(1)                          0.743963     OK
Size_DblN_peak_WCGBTS(5)                                   76.147300     OK
Size_DblN_ascend_se_WCGBTS(5)                               6.497710     OK
Size_DblN_descend_se_WCGBTS(5)                             16.548300     OK
SzSel_Fem_Peak_WCGBTS(5)                                   -7.974700     OK
SzSel_Fem_Scale_WCGBTS(5)                                   0.698111     OK
Size_DblN_peak_Triennial(6)                               187.543000     OK
Size_DblN_ascend_se_Triennial(6)                            8.472360     OK
Size_DblN_start_logit_Triennial(6)                         -4.794170     OK
SzSel_Fem_Scale_Triennial(6)                                0.606512     OK
Retain_L_asymptote_logit_Fishery_current(1)_BLK2repl_2005   2.300330     OK
Retain_L_asymptote_logit_Fishery_current(1)_BLK2repl_2006   3.303950     OK
Retain_L_asymptote_logit_Fishery_current(1)_BLK2repl_2007   3.962990     OK
Retain_L_asymptote_logit_Fishery_current(1)_BLK2repl_2008  11.079300     OK
Retain_L_asymptote_logit_Fishery_current(1)_BLK2repl_2009   4.912410     OK
Retain_L_asymptote_logit_Fishery_current(1)_BLK2repl_2010  13.241800     OK
Retain_L_asymptote_logit_Fishery_current(1)_BLK2repl_2011  14.640600     OK
Retain_L_asymptote_logit_Fishery_current(1)_BLK2repl_2012  13.892100     OK
Retain_L_asymptote_logit_Fishery_current(1)_BLK2repl_2013   3.455660     OK
Retain_L_asymptote_logit_Fishery_current(1)_BLK2repl_2014   3.620060     OK
Retain_L_asymptote_logit_Fishery_current(1)_BLK2repl_2015   3.405000     OK
Retain_L_asymptote_logit_Fishery_current(1)_BLK2repl_2016   2.884760     OK
Retain_L_asymptote_logit_Fishery_current(1)_BLK2repl_2017   2.817190     OK
                                                           Parm_StDev
NatM_uniform_Fem_GP_1                                       0.0382184
L_at_Amin_Fem_GP_1                                          1.6050200
Linf_Fem_GP_1                                               3.8620800
VonBert_K_Fem_GP_1                                          0.3544940
Cessation_Fem_GP_1                                         25.9041000
SD_young_Fem_GP_1                                           1.6379600
SD_old_Fem_GP_1                                             1.0295300
Linf_Mal_GP_1                                               0.0252297
VonBert_K_Mal_GP_1                                          0.0386648
SR_LN(R0)                                                   0.3839660
LnQ_base_WCGBTS(5)                                          0.3177650
Q_extraSD_WCGBTS(5)                                         0.0625266
LnQ_base_Triennial(6)                                       0.7873110
Q_extraSD_Triennial(6)                                      0.1464870
LnQ_base_Triennial(6)_BLK1repl_1995                         0.7867810
Size_DblN_peak_Fishery_current(1)                           7.9068300
Size_DblN_ascend_se_Fishery_current(1)                      0.2149410
Retain_L_infl_Fishery_current(1)                            0.8421850
Retain_L_width_Fishery_current(1)                           0.4439450
Retain_L_asymptote_logit_Fishery_current(1)                 0.3385880
SzSel_Fem_Peak_Fishery_current(1)                           2.9729300
SzSel_Fem_Scale_Fishery_current(1)                          0.1217330
Size_DblN_peak_WCGBTS(5)                                   10.0072000
Size_DblN_ascend_se_WCGBTS(5)                               0.5863130
Size_DblN_descend_se_WCGBTS(5)                              8.4153100
SzSel_Fem_Peak_WCGBTS(5)                                    6.5174100
SzSel_Fem_Scale_WCGBTS(5)                                   0.1594880
Size_DblN_peak_Triennial(6)                                36.3307000
Size_DblN_ascend_se_Triennial(6)                            0.4488950
Size_DblN_start_logit_Triennial(6)                          0.8388610
SzSel_Fem_Scale_Triennial(6)                                0.1424870
Retain_L_asymptote_logit_Fishery_current(1)_BLK2repl_2005   0.5110180
Retain_L_asymptote_logit_Fishery_current(1)_BLK2repl_2006   0.9637860
Retain_L_asymptote_logit_Fishery_current(1)_BLK2repl_2007   1.1643800
Retain_L_asymptote_logit_Fishery_current(1)_BLK2repl_2008   4.1151500
Retain_L_asymptote_logit_Fishery_current(1)_BLK2repl_2009   1.3315300
Retain_L_asymptote_logit_Fishery_current(1)_BLK2repl_2010  93.8384000
Retain_L_asymptote_logit_Fishery_current(1)_BLK2repl_2011  78.0260000
Retain_L_asymptote_logit_Fishery_current(1)_BLK2repl_2012 101.7200000
Retain_L_asymptote_logit_Fishery_current(1)_BLK2repl_2013   0.2747350
Retain_L_asymptote_logit_Fishery_current(1)_BLK2repl_2014   0.2043190
Retain_L_asymptote_logit_Fishery_current(1)_BLK2repl_2015 335.4070000
Retain_L_asymptote_logit_Fishery_current(1)_BLK2repl_2016 335.4070000
Retain_L_asymptote_logit_Fishery_current(1)_BLK2repl_2017 335.4070000
                                                                   Gradient
NatM_uniform_Fem_GP_1                                      0.00001381490000
L_at_Amin_Fem_GP_1                                        -0.00000351389000
Linf_Fem_GP_1                                              0.00000335321000
VonBert_K_Fem_GP_1                                        -0.00002005950000
Cessation_Fem_GP_1                                         0.00000046822500
SD_young_Fem_GP_1                                          0.00000022546400
SD_old_Fem_GP_1                                            0.00000119736000
Linf_Mal_GP_1                                              0.00000217058000
VonBert_K_Mal_GP_1                                        -0.00005173550000
SR_LN(R0)                                                 -0.00004181970000
LnQ_base_WCGBTS(5)                                        -0.00001057890000
Q_extraSD_WCGBTS(5)                                       -0.00000055436400
LnQ_base_Triennial(6)                                     -0.00000250539000
Q_extraSD_Triennial(6)                                    -0.00000019856000
LnQ_base_Triennial(6)_BLK1repl_1995                       -0.00000080189900
Size_DblN_peak_Fishery_current(1)                          0.00000309767000
Size_DblN_ascend_se_Fishery_current(1)                    -0.00001664790000
Retain_L_infl_Fishery_current(1)                          -0.00000042644600
Retain_L_width_Fishery_current(1)                         -0.00000003010970
Retain_L_asymptote_logit_Fishery_current(1)               -0.00000333391000
SzSel_Fem_Peak_Fishery_current(1)                          0.00000517060000
SzSel_Fem_Scale_Fishery_current(1)                         0.00000016982100
Size_DblN_peak_WCGBTS(5)                                   0.00000034688700
Size_DblN_ascend_se_WCGBTS(5)                              0.00000047858100
Size_DblN_descend_se_WCGBTS(5)                            -0.00000005174720
SzSel_Fem_Peak_WCGBTS(5)                                   0.00000026477200
SzSel_Fem_Scale_WCGBTS(5)                                 -0.00000131265000
Size_DblN_peak_Triennial(6)                                0.00000213650000
Size_DblN_ascend_se_Triennial(6)                          -0.00000473279000
Size_DblN_start_logit_Triennial(6)                         0.00000687372000
SzSel_Fem_Scale_Triennial(6)                              -0.00000025334900
Retain_L_asymptote_logit_Fishery_current(1)_BLK2repl_2005 -0.00000114081000
Retain_L_asymptote_logit_Fishery_current(1)_BLK2repl_2006 -0.00000030384300
Retain_L_asymptote_logit_Fishery_current(1)_BLK2repl_2007 -0.00000047003400
Retain_L_asymptote_logit_Fishery_current(1)_BLK2repl_2008 -0.00000026645900
Retain_L_asymptote_logit_Fishery_current(1)_BLK2repl_2009 -0.00000071510300
Retain_L_asymptote_logit_Fishery_current(1)_BLK2repl_2010 -0.00000020302200
Retain_L_asymptote_logit_Fishery_current(1)_BLK2repl_2011  0.00000025645200
Retain_L_asymptote_logit_Fishery_current(1)_BLK2repl_2012 -0.00000000933466
Retain_L_asymptote_logit_Fishery_current(1)_BLK2repl_2013 -0.00000174296000
Retain_L_asymptote_logit_Fishery_current(1)_BLK2repl_2014 -0.00000246030000
Retain_L_asymptote_logit_Fishery_current(1)_BLK2repl_2015  0.00000010825400
Retain_L_asymptote_logit_Fishery_current(1)_BLK2repl_2016  0.00000013195900
Retain_L_asymptote_logit_Fishery_current(1)_BLK2repl_2017  0.00000013436100
                                                           Pr_type    Prior
NatM_uniform_Fem_GP_1                                     Log_Norm -1.02165
L_at_Amin_Fem_GP_1                                        No_prior       NA
Linf_Fem_GP_1                                             No_prior       NA
VonBert_K_Fem_GP_1                                        No_prior       NA
Cessation_Fem_GP_1                                        No_prior       NA
SD_young_Fem_GP_1                                         No_prior       NA
SD_old_Fem_GP_1                                           No_prior       NA
Linf_Mal_GP_1                                             No_prior       NA
VonBert_K_Mal_GP_1                                        No_prior       NA
SR_LN(R0)                                                 No_prior       NA
LnQ_base_WCGBTS(5)                                          Normal -0.35500
Q_extraSD_WCGBTS(5)                                       No_prior       NA
LnQ_base_Triennial(6)                                     No_prior       NA
Q_extraSD_Triennial(6)                                    No_prior       NA
LnQ_base_Triennial(6)_BLK1repl_1995                       No_prior       NA
Size_DblN_peak_Fishery_current(1)                         No_prior       NA
Size_DblN_ascend_se_Fishery_current(1)                    No_prior       NA
Retain_L_infl_Fishery_current(1)                          No_prior       NA
Retain_L_width_Fishery_current(1)                         No_prior       NA
Retain_L_asymptote_logit_Fishery_current(1)               No_prior       NA
SzSel_Fem_Peak_Fishery_current(1)                         No_prior       NA
SzSel_Fem_Scale_Fishery_current(1)                        No_prior       NA
Size_DblN_peak_WCGBTS(5)                                  No_prior       NA
Size_DblN_ascend_se_WCGBTS(5)                             No_prior       NA
Size_DblN_descend_se_WCGBTS(5)                            No_prior       NA
SzSel_Fem_Peak_WCGBTS(5)                                  No_prior       NA
SzSel_Fem_Scale_WCGBTS(5)                                 No_prior       NA
Size_DblN_peak_Triennial(6)                               No_prior       NA
Size_DblN_ascend_se_Triennial(6)                          No_prior       NA
Size_DblN_start_logit_Triennial(6)                        No_prior       NA
SzSel_Fem_Scale_Triennial(6)                              No_prior       NA
Retain_L_asymptote_logit_Fishery_current(1)_BLK2repl_2005 No_prior       NA
Retain_L_asymptote_logit_Fishery_current(1)_BLK2repl_2006 No_prior       NA
Retain_L_asymptote_logit_Fishery_current(1)_BLK2repl_2007 No_prior       NA
Retain_L_asymptote_logit_Fishery_current(1)_BLK2repl_2008 No_prior       NA
Retain_L_asymptote_logit_Fishery_current(1)_BLK2repl_2009 No_prior       NA
Retain_L_asymptote_logit_Fishery_current(1)_BLK2repl_2010 No_prior       NA
Retain_L_asymptote_logit_Fishery_current(1)_BLK2repl_2011 No_prior       NA
Retain_L_asymptote_logit_Fishery_current(1)_BLK2repl_2012 No_prior       NA
Retain_L_asymptote_logit_Fishery_current(1)_BLK2repl_2013 No_prior       NA
Retain_L_asymptote_logit_Fishery_current(1)_BLK2repl_2014 No_prior       NA
Retain_L_asymptote_logit_Fishery_current(1)_BLK2repl_2015 No_prior       NA
Retain_L_asymptote_logit_Fishery_current(1)_BLK2repl_2016 No_prior       NA
Retain_L_asymptote_logit_Fishery_current(1)_BLK2repl_2017 No_prior       NA
                                                          Pr_SD     Pr_Like
NatM_uniform_Fem_GP_1                                     0.438 0.049455100
L_at_Amin_Fem_GP_1                                           NA          NA
Linf_Fem_GP_1                                                NA          NA
VonBert_K_Fem_GP_1                                           NA          NA
Cessation_Fem_GP_1                                           NA          NA
SD_young_Fem_GP_1                                            NA          NA
SD_old_Fem_GP_1                                              NA          NA
Linf_Mal_GP_1                                                NA          NA
VonBert_K_Mal_GP_1                                           NA          NA
SR_LN(R0)                                                    NA          NA
LnQ_base_WCGBTS(5)                                        0.326 0.000487622
Q_extraSD_WCGBTS(5)                                          NA          NA
LnQ_base_Triennial(6)                                        NA          NA
Q_extraSD_Triennial(6)                                       NA          NA
LnQ_base_Triennial(6)_BLK1repl_1995                          NA          NA
Size_DblN_peak_Fishery_current(1)                            NA          NA
Size_DblN_ascend_se_Fishery_current(1)                       NA          NA
Retain_L_infl_Fishery_current(1)                             NA          NA
Retain_L_width_Fishery_current(1)                            NA          NA
Retain_L_asymptote_logit_Fishery_current(1)                  NA          NA
SzSel_Fem_Peak_Fishery_current(1)                            NA          NA
SzSel_Fem_Scale_Fishery_current(1)                           NA          NA
Size_DblN_peak_WCGBTS(5)                                     NA          NA
Size_DblN_ascend_se_WCGBTS(5)                                NA          NA
Size_DblN_descend_se_WCGBTS(5)                               NA          NA
SzSel_Fem_Peak_WCGBTS(5)                                     NA          NA
SzSel_Fem_Scale_WCGBTS(5)                                    NA          NA
Size_DblN_peak_Triennial(6)                                  NA          NA
Size_DblN_ascend_se_Triennial(6)                             NA          NA
Size_DblN_start_logit_Triennial(6)                           NA          NA
SzSel_Fem_Scale_Triennial(6)                                 NA          NA
Retain_L_asymptote_logit_Fishery_current(1)_BLK2repl_2005    NA          NA
Retain_L_asymptote_logit_Fishery_current(1)_BLK2repl_2006    NA          NA
Retain_L_asymptote_logit_Fishery_current(1)_BLK2repl_2007    NA          NA
Retain_L_asymptote_logit_Fishery_current(1)_BLK2repl_2008    NA          NA
Retain_L_asymptote_logit_Fishery_current(1)_BLK2repl_2009    NA          NA
Retain_L_asymptote_logit_Fishery_current(1)_BLK2repl_2010    NA          NA
Retain_L_asymptote_logit_Fishery_current(1)_BLK2repl_2011    NA          NA
Retain_L_asymptote_logit_Fishery_current(1)_BLK2repl_2012    NA          NA
Retain_L_asymptote_logit_Fishery_current(1)_BLK2repl_2013    NA          NA
Retain_L_asymptote_logit_Fishery_current(1)_BLK2repl_2014    NA          NA
Retain_L_asymptote_logit_Fishery_current(1)_BLK2repl_2015    NA          NA
Retain_L_asymptote_logit_Fishery_current(1)_BLK2repl_2016    NA          NA
Retain_L_asymptote_logit_Fishery_current(1)_BLK2repl_2017    NA          NA
                                                          Afterbound
NatM_uniform_Fem_GP_1                                             OK
L_at_Amin_Fem_GP_1                                                OK
Linf_Fem_GP_1                                                     OK
VonBert_K_Fem_GP_1                                                OK
Cessation_Fem_GP_1                                                OK
SD_young_Fem_GP_1                                                 OK
SD_old_Fem_GP_1                                                   OK
Linf_Mal_GP_1                                                     OK
VonBert_K_Mal_GP_1                                                OK
SR_LN(R0)                                                         OK
LnQ_base_WCGBTS(5)                                                OK
Q_extraSD_WCGBTS(5)                                               OK
LnQ_base_Triennial(6)                                             OK
Q_extraSD_Triennial(6)                                            OK
LnQ_base_Triennial(6)_BLK1repl_1995                               OK
Size_DblN_peak_Fishery_current(1)                                 OK
Size_DblN_ascend_se_Fishery_current(1)                            OK
Retain_L_infl_Fishery_current(1)                                  OK
Retain_L_width_Fishery_current(1)                                 OK
Retain_L_asymptote_logit_Fishery_current(1)                       OK
SzSel_Fem_Peak_Fishery_current(1)                                 OK
SzSel_Fem_Scale_Fishery_current(1)                                OK
Size_DblN_peak_WCGBTS(5)                                          OK
Size_DblN_ascend_se_WCGBTS(5)                                     OK
Size_DblN_descend_se_WCGBTS(5)                                    OK
SzSel_Fem_Peak_WCGBTS(5)                                          OK
SzSel_Fem_Scale_WCGBTS(5)                                         OK
Size_DblN_peak_Triennial(6)                                       OK
Size_DblN_ascend_se_Triennial(6)                                  OK
Size_DblN_start_logit_Triennial(6)                                OK
SzSel_Fem_Scale_Triennial(6)                                      OK
Retain_L_asymptote_logit_Fishery_current(1)_BLK2repl_2005         OK
Retain_L_asymptote_logit_Fishery_current(1)_BLK2repl_2006         OK
Retain_L_asymptote_logit_Fishery_current(1)_BLK2repl_2007         OK
Retain_L_asymptote_logit_Fishery_current(1)_BLK2repl_2008         OK
Retain_L_asymptote_logit_Fishery_current(1)_BLK2repl_2009         OK
Retain_L_asymptote_logit_Fishery_current(1)_BLK2repl_2010         OK
Retain_L_asymptote_logit_Fishery_current(1)_BLK2repl_2011         OK
Retain_L_asymptote_logit_Fishery_current(1)_BLK2repl_2012         OK
Retain_L_asymptote_logit_Fishery_current(1)_BLK2repl_2013         OK
Retain_L_asymptote_logit_Fishery_current(1)_BLK2repl_2014         OK
Retain_L_asymptote_logit_Fishery_current(1)_BLK2repl_2015         OK
Retain_L_asymptote_logit_Fishery_current(1)_BLK2repl_2016         OK
Retain_L_asymptote_logit_Fishery_current(1)_BLK2repl_2017         OK

$maximum_gradient_component
[1] 5.17355e-05

$parameters_with_highest_gradients
                                           Value     Gradient
VonBert_K_Mal_GP_1                      0.144850 -5.17355e-05
SR_LN(R0)                               8.569620 -4.18197e-05
VonBert_K_Fem_GP_1                     11.783000 -2.00595e-05
Size_DblN_ascend_se_Fishery_current(1)  7.024740 -1.66479e-05
NatM_uniform_Fem_GP_1                   0.413169  1.38149e-05

$Length_Comp_Fit_Summary
     Data_type Fleet Recommend_var_adj #  N Npos min_Nsamp max_Nsamp
2926         4     1          0.117244 # 31   24  0.306093  160.9630
2927         4     5          0.736970 # 16   12  8.494920   23.8667
2928         4     6          0.891459 #  2    2 84.000000   92.0000
     mean_Nsamp_in mean_Nsamp_adj mean_Nsamp_DM err_method err_index
2926       134.927        32.3669            NA          0        NA
2927       214.000        14.4279            NA          0        NA
2928        88.000        88.0000            NA          0        NA
            par1 val1 par2 val2 mean_effN  HarMean Curr_Var_Adj      Fleet_name
2926 multinomial   NA   NA   NA   59.5124  15.8194     0.239885 Fishery_current
2927 multinomial   NA   NA   NA  182.3920 157.7110     0.067420          WCGBTS
2928 multinomial   NA   NA   NA   82.4094  78.4484     1.000000       Triennial

$Age_Comp_Fit_Summary
     Data_type Fleet Recommend_var_adj # Nsamp_adj Npos min_Nsamp max_Nsamp
3357         5     1          0.386619 #       205  164  0.084412   1.51942
3358         5     5          0.372267 #       217   95  0.053605   1.17931
     mean_Nsamp_in mean_Nsamp_adj mean_Nsamp_DM err_method err_index
3357       4.04268       0.341251            NA          0        NA
3358       5.89474       0.315987            NA          0        NA
            par1 val1 par2 val2 mean_effN HarMean Curr_Var_Adj      Fleet_name
3357 multinomial   NA   NA   NA   3.47569 1.56298     0.084412 Fishery_current
3358 multinomial   NA   NA   NA   7.28533 2.19442     0.053605          WCGBTS

$SBzero
[1] 2457.96

$current_depletion
[1] 0.7424368

$SPRratioLabel
[1] "(1-SPR)/(1-SPR_50%)"

$sigma_R_in
[1] 0.3

$sigma_R_info
           period N_devs SD_of_devs Var_of_devs mean_SE mean_SEsquared
1            Main     20          0           0      NA             NA
2      Early+Main     20          0           0      NA             NA
3 Early+Main+Late     24          0           0      NA             NA
  sqrt_sum_of_components SD_of_devs_over_sigma_R sqrt_sum_over_sigma_R
1                     NA                       0                    NA
2                     NA                       0                    NA
3                     NA                       0                    NA
  alternative_sigma_R
1                <NA>
2                <NA>
3                <NA>

$rmse_table
    ERA  N RMSE RMSE_over_sigmaR mean_BiasAdj
1  main 20    0                0            0
2 early  0    0                0            0

$RecDev_method
[1] 1

145
