/srv
total 492436
-rw-r--r-- 1 osg001 cuuser         0 Nov  4 19:38 _condor_stderr
-rw-r--r-- 1 osg001 cuuser         5 Nov  4 19:38 _condor_stdout
-rw-r--r-- 1 osg001 cuuser 503570432 Nov  4 19:38 linux-r4ss-v4.sif
-rw-r--r-- 1 osg001 cuuser       819 Nov  4 19:38 osg-ss3-example-calcs.r
-rwxr-xr-x 1 osg001 cuuser      1059 Nov  4 19:38 osg-wrapper-r.sh
drwxr-x--- 4 osg001 cuuser        28 Nov  4 19:38 scratch
drwxrwxrwt 2 osg001 cuuser         6 Nov  4 19:38 tmp
-rw-r--r-- 1 osg001 cuuser    669783 Nov  4 19:38 upload.example-ss3-models.tar.gz
drwxrwxrwt 2 osg001 cuuser         6 Nov  4 19:38 var_tmp
/ss_exe:/usr/local/sbin:/usr/local/bin:/usr/sbin:/usr/bin:/sbin:/bin
output/90-vermillion_snapper_F4-4/
[1] "/srv/working"
[1] "output/90-vermillion_snapper_F4-4/"
[1] TRUE TRUE TRUE TRUE TRUE TRUE TRUE
[1] "ran model"
$SS_version
[1] "3.30.22.1;_safe;_compile_date:_Jan 30 2024;_Stock_Synthesis_by_Richard_Methot_(NOAA)_using_ADMB_13.1"

$SS_versionshort
[1] "3.30"

$SS_versionNumeric
[1] 3.3

$StartTime
[1] "StartTime: Mon Nov 4 19:38:49 2024"

$RunTime
[1] "0 hours, 1 minutes, 50 seconds."

$Files_used
[1] "Data_File: vermilion.dat Control_File: vermilion.ctl"

$log_det_hessian
[1] 3572.81

$Final_phase
[1] 5

$N_iterations
[1] 2180

$Nwarnings
[1] 14

$warnings
 [1] "Warning 1 : Block:1 3 ends in: 2017 after retroyr+1:  2014"                                                                                                
 [2] "Warning 2 : Block:2 4 ends in: 2017 after retroyr+1:  2014"                                                                                                
 [3] "Warning 3 : Block:3 1 ends in: 2016 after retroyr+1:  2014"                                                                                                
 [4] "Warning 4 : At least one block pattern ends in endyr. Check the output parameter value time series to see if the values in forecast years are as intended."
 [5] "Warning 5 : bias adjustment ramp extends into forecast; biasadj set to 0.0 internally for forecast years"                                                  
 [6] "Note 1 Information: Forecast devs will be applied to mean base recruitment over range of historical years in forecast.ss"                                  
 [7] "Warning 6 Adjustment:  recdev_end: 2017 > retro_yr: 2013 reset "                                                                                           
 [8] "Warning 7 Adjustment: Fcast recr option is 3 or 4 and recdev_end: 2013 < endyr: 2017 reset "                                                               
 [9] "Warning 8 Adjustment: setting positive forecast relF for bycatch fleet: 4"                                                                                 
[10] "Warning 9 Adjustment: setting positive forecast relF for bycatch fleet: 4"                                                                                 
[11] "Warning 10 Adjustment: setting positive forecast relF for bycatch fleet: 4"                                                                                
[12] "Note 2 Information: A revised protocol for the Fcast_yr specification is available and recommended."                                                       
[13] "Warning 11 Adjustment: setting positive forecast relF for bycatch fleet: 4"                                                                                
[14] " 11 warnings  and 2 notes "                                                                                                                                

$likelihoods_used
                          values lambdas
TOTAL                262.9390000      NA
Catch                  1.5985400      NA
Equil_catch            0.0000000      NA
Survey                10.1260000      NA
Discard               -1.6620100      NA
Length_comp           61.8263000      NA
Age_comp             209.9770000      NA
Recruitment          -18.9338000       1
InitEQ_Regime          0.0000000       1
Forecast_Recruitment   0.0000000       1
Parm_priors            0.0000000       1
Parm_softbounds        0.0068525      NA
Parm_devs              0.0000000       1
Crash_Pen              0.0000000       1

$likelihoods_laplace
                                    values lambdas
NoBias_corr_Recruitment(info_only) -22.865       1
Laplace_obj_fun(info_only)         259.008      NA

$likelihoods_by_fleet
              Label       ALL      CM_E        CM_W       REC   SMP_BYC    HB_E
184    Catch_lambda        NA   1.00000    1.000000   1.00000   1.00000  1.0000
185      Catch_like   1.59854   0.22268    0.101518   1.27435   0.00000  0.0000
186 Init_equ_lambda        NA   1.00000    1.000000   1.00000   1.00000  1.0000
187   Init_equ_like   0.00000   0.00000    0.000000   0.00000   0.00000  0.0000
188     Surv_lambda        NA   1.00000    1.000000   1.00000   1.00000  1.0000
189       Surv_like  10.12600  -9.96763   -8.506180   4.08299 -95.30150 37.1185
190      Surv_N_use        NA  14.00000   14.000000  28.00000  64.00000 28.0000
191     Surv_N_skip        NA   0.00000    0.000000   4.00000   4.00000  4.0000
192     Disc_lambda        NA   0.00000    0.000000   0.00000   1.00000  0.0000
193       Disc_like  -1.66201 702.18500 1378.180000 456.18900  -1.66201  0.0000
194      Disc_N_use        NA  21.00000   21.000000  32.00000   1.00000  0.0000
195     Disc_N_skip        NA   4.00000    4.000000   4.00000  45.00000  0.0000
196   Length_lambda        NA   0.00000    0.000000   0.00000   0.00000  0.0000
197     Length_like  61.82630   0.00000    0.000000   0.00000   0.00000  0.0000
198    Length_N_use        NA   0.00000    0.000000   0.00000   0.00000  0.0000
199   Length_N_skip        NA   0.00000    0.000000   0.00000   0.00000  0.0000
200      Age_lambda        NA   1.00000    1.000000   1.00000   0.00000  0.0000
201        Age_like 209.97700  66.15120   84.034000  59.79190   0.00000  0.0000
202       Age_N_use        NA  16.00000   16.000000  20.00000   0.00000  0.0000
203      Age_N_skip        NA   4.00000    4.000000   4.00000   0.00000  0.0000
        HB_W  LARVAL   VIDEO   SEAMAP
184  1.00000  1.0000  1.0000  1.00000
185  0.00000  0.0000  0.0000  0.00000
186  1.00000  1.0000  1.0000  1.00000
187  0.00000  0.0000  0.0000  0.00000
188  1.00000  1.0000  1.0000  1.00000
189 -3.31481 11.4433 78.7805 -4.20918
190 28.00000 20.0000 16.0000  5.00000
191  4.00000  2.0000  4.0000  4.00000
192  0.00000  0.0000  0.0000  0.00000
193  0.00000  0.0000  0.0000  0.00000
194  0.00000  0.0000  0.0000  0.00000
195  0.00000  0.0000  0.0000  0.00000
196  0.00000  0.0000  1.0000  1.00000
197  0.00000  0.0000 36.3024 25.52380
198  0.00000  0.0000 11.0000  5.00000
199  0.00000  0.0000  4.0000  4.00000
200  0.00000  0.0000  0.0000  0.00000
201  0.00000  0.0000  0.0000  0.00000
202  0.00000  0.0000  0.0000  0.00000
203  0.00000  0.0000  0.0000  0.00000

$N_estimated_parameters
[1] 325

$table_of_phases

 -4  -3  -2  -1   1   2   3   5 
 38  10  14  21  71 211  33  10 

$estimated_non_dev_parameters
                                         Value Phase    Min   Max       Init
SR_LN(R0)                      10.221700000000     1   0.00 13.82  10.210900
SR_BH_steep                     0.724274000000     2   0.22  0.96   0.729779
F_fleet_1_YR_1950_s_1           0.000033517000     2   0.00  3.00   0.010000
F_fleet_1_YR_1951_s_1           0.000066986600     2   0.00  3.00   0.010000
F_fleet_1_YR_1952_s_1           0.000101599000     2   0.00  3.00   0.010000
F_fleet_1_YR_1953_s_1           0.000136879000     2   0.00  3.00   0.010000
F_fleet_1_YR_1954_s_1           0.000173563000     2   0.00  3.00   0.010000
F_fleet_1_YR_1955_s_1           0.000211507000     2   0.00  3.00   0.010000
F_fleet_1_YR_1956_s_1           0.000250535000     2   0.00  3.00   0.010000
F_fleet_1_YR_1957_s_1           0.000291650000     2   0.00  3.00   0.010000
F_fleet_1_YR_1958_s_1           0.000335061000     2   0.00  3.00   0.010000
F_fleet_1_YR_1959_s_1           0.000380884000     2   0.00  3.00   0.010000
F_fleet_1_YR_1960_s_1           0.000430050000     2   0.00  3.00   0.010000
F_fleet_1_YR_1961_s_1           0.000480787000     2   0.00  3.00   0.010000
F_fleet_1_YR_1962_s_1           0.000531344000     2   0.00  3.00   0.010000
F_fleet_1_YR_1963_s_1           0.000579456000     2   0.00  3.00   0.010000
F_fleet_1_YR_1964_s_1           0.000641404000     2   0.00  3.00   0.010000
F_fleet_1_YR_1965_s_1           0.000645217000     2   0.00  3.00   0.010000
F_fleet_1_YR_1966_s_1           0.000341011000     2   0.00  3.00   0.010000
F_fleet_1_YR_1967_s_1           0.000700257000     2   0.00  3.00   0.010000
F_fleet_1_YR_1968_s_1           0.001412470000     2   0.00  3.00   0.010000
F_fleet_1_YR_1969_s_1           0.001828340000     2   0.00  3.00   0.010000
F_fleet_1_YR_1970_s_1           0.001735680000     2   0.00  3.00   0.010000
F_fleet_1_YR_1971_s_1           0.001928570000     2   0.00  3.00   0.010000
F_fleet_1_YR_1972_s_1           0.001727530000     2   0.00  3.00   0.010000
F_fleet_1_YR_1973_s_1           0.002948850000     2   0.00  3.00   0.010000
F_fleet_1_YR_1974_s_1           0.002830130000     2   0.00  3.00   0.010000
F_fleet_1_YR_1975_s_1           0.006232700000     2   0.00  3.00   0.010000
F_fleet_1_YR_1976_s_1           0.005542170000     2   0.00  3.00   0.010000
F_fleet_1_YR_1977_s_1           0.007612190000     2   0.00  3.00   0.010000
F_fleet_1_YR_1978_s_1           0.006649890000     2   0.00  3.00   0.010000
F_fleet_1_YR_1979_s_1           0.005157260000     2   0.00  3.00   0.010000
F_fleet_1_YR_1980_s_1           0.003834070000     2   0.00  3.00   0.010000
F_fleet_1_YR_1981_s_1           0.005652350000     2   0.00  3.00   0.010000
F_fleet_1_YR_1982_s_1           0.005956420000     2   0.00  3.00   0.010000
F_fleet_1_YR_1983_s_1           0.009550740000     2   0.00  3.00   0.010000
F_fleet_1_YR_1984_s_1           0.013741800000     2   0.00  3.00   0.010000
F_fleet_1_YR_1985_s_1           0.018038000000     2   0.00  3.00   0.010000
F_fleet_1_YR_1986_s_1           0.019441500000     2   0.00  3.00   0.010000
F_fleet_1_YR_1987_s_1           0.015951000000     2   0.00  3.00   0.010000
F_fleet_1_YR_1988_s_1           0.015571000000     2   0.00  3.00   0.010000
F_fleet_1_YR_1989_s_1           0.015846600000     2   0.00  3.00   0.010000
F_fleet_1_YR_1990_s_1           0.039960900000     2   0.00  3.00   0.010000
F_fleet_1_YR_1991_s_1           0.033957500000     2   0.00  3.00   0.010000
F_fleet_1_YR_1992_s_1           0.045854900000     2   0.00  3.00   0.010000
F_fleet_1_YR_1993_s_1           0.067895600000     2   0.00  3.00   0.010000
F_fleet_1_YR_1994_s_1           0.070355800000     2   0.00  3.00   0.010000
F_fleet_1_YR_1995_s_1           0.074040700000     2   0.00  3.00   0.010000
F_fleet_1_YR_1996_s_1           0.062969900000     2   0.00  3.00   0.010000
F_fleet_1_YR_1997_s_1           0.062508100000     2   0.00  3.00   0.010000
F_fleet_1_YR_1998_s_1           0.052328700000     2   0.00  3.00   0.010000
F_fleet_1_YR_1999_s_1           0.063847100000     2   0.00  3.00   0.010000
F_fleet_1_YR_2000_s_1           0.050515500000     2   0.00  3.00   0.010000
F_fleet_1_YR_2001_s_1           0.056872000000     2   0.00  3.00   0.010000
F_fleet_1_YR_2002_s_1           0.066197700000     2   0.00  3.00   0.010000
F_fleet_1_YR_2003_s_1           0.074333700000     2   0.00  3.00   0.010000
F_fleet_1_YR_2004_s_1           0.058940000000     2   0.00  3.00   0.010000
F_fleet_1_YR_2005_s_1           0.087128500000     2   0.00  3.00   0.010000
F_fleet_1_YR_2006_s_1           0.093099200000     2   0.00  3.00   0.010000
F_fleet_1_YR_2007_s_1           0.094004700000     2   0.00  3.00   0.010000
F_fleet_1_YR_2008_s_1           0.105362000000     2   0.00  3.00   0.010000
F_fleet_1_YR_2009_s_1           0.155641000000     2   0.00  3.00   0.010000
F_fleet_1_YR_2010_s_1           0.073749900000     2   0.00  3.00   0.010000
F_fleet_1_YR_2011_s_1           0.139706000000     2   0.00  3.00   0.010000
F_fleet_1_YR_2012_s_1           0.093626600000     2   0.00  3.00   0.010000
F_fleet_1_YR_2013_s_1           0.048882700000     2   0.00  3.00   0.010000
F_fleet_1_YR_2014_s_1           0.052581400000     2   0.00  3.00   0.010000
F_fleet_1_YR_2015_s_1           0.027344300000     2   0.00  3.00   0.010000
F_fleet_1_YR_2016_s_1           0.029547900000     2   0.00  3.00   0.010000
F_fleet_1_YR_2017_s_1           0.033082300000     2   0.00  3.00   0.010000
F_fleet_2_YR_1950_s_1           0.000030307100     2   0.00  3.00   0.010000
F_fleet_2_YR_1951_s_1           0.000060702700     2   0.00  3.00   0.010000
F_fleet_2_YR_1952_s_1           0.000091425000     2   0.00  3.00   0.010000
F_fleet_2_YR_1953_s_1           0.000122885000     2   0.00  3.00   0.010000
F_fleet_2_YR_1954_s_1           0.000155404000     2   0.00  3.00   0.010000
F_fleet_2_YR_1955_s_1           0.000189087000     2   0.00  3.00   0.010000
F_fleet_2_YR_1956_s_1           0.000223976000     2   0.00  3.00   0.010000
F_fleet_2_YR_1957_s_1           0.000260268000     2   0.00  3.00   0.010000
F_fleet_2_YR_1958_s_1           0.000298223000     2   0.00  3.00   0.010000
F_fleet_2_YR_1959_s_1           0.000338283000     2   0.00  3.00   0.010000
F_fleet_2_YR_1960_s_1           0.000380874000     2   0.00  3.00   0.010000
F_fleet_2_YR_1961_s_1           0.000426101000     2   0.00  3.00   0.010000
F_fleet_2_YR_1962_s_1           0.000473190000     2   0.00  3.00   0.010000
F_fleet_2_YR_1963_s_1           0.000520242000     2   0.00  3.00   0.010000
F_fleet_2_YR_1964_s_1           0.000552349000     2   0.00  3.00   0.010000
F_fleet_2_YR_1965_s_1           0.000493557000     2   0.00  3.00   0.010000
F_fleet_2_YR_1966_s_1           0.000160226000     2   0.00  3.00   0.010000
F_fleet_2_YR_1967_s_1           0.000384115000     2   0.00  3.00   0.010000
F_fleet_2_YR_1968_s_1           0.001243420000     2   0.00  3.00   0.010000
F_fleet_2_YR_1969_s_1           0.000680492000     2   0.00  3.00   0.010000
F_fleet_2_YR_1970_s_1           0.001134330000     2   0.00  3.00   0.010000
F_fleet_2_YR_1971_s_1           0.001249530000     2   0.00  3.00   0.010000
F_fleet_2_YR_1972_s_1           0.001230260000     2   0.00  3.00   0.010000
F_fleet_2_YR_1973_s_1           0.001477050000     2   0.00  3.00   0.010000
F_fleet_2_YR_1974_s_1           0.001822060000     2   0.00  3.00   0.010000
F_fleet_2_YR_1975_s_1           0.003023420000     2   0.00  3.00   0.010000
F_fleet_2_YR_1976_s_1           0.001695850000     2   0.00  3.00   0.010000
F_fleet_2_YR_1977_s_1           0.005549260000     2   0.00  3.00   0.010000
F_fleet_2_YR_1978_s_1           0.004717200000     2   0.00  3.00   0.010000
F_fleet_2_YR_1979_s_1           0.006470030000     2   0.00  3.00   0.010000
F_fleet_2_YR_1980_s_1           0.004425180000     2   0.00  3.00   0.010000
F_fleet_2_YR_1981_s_1           0.003502710000     2   0.00  3.00   0.010000
F_fleet_2_YR_1982_s_1           0.004531990000     2   0.00  3.00   0.010000
F_fleet_2_YR_1983_s_1           0.005116400000     2   0.00  3.00   0.010000
F_fleet_2_YR_1984_s_1           0.027616700000     2   0.00  3.00   0.010000
F_fleet_2_YR_1985_s_1           0.025038300000     2   0.00  3.00   0.010000
F_fleet_2_YR_1986_s_1           0.033585200000     2   0.00  3.00   0.010000
F_fleet_2_YR_1987_s_1           0.038249000000     2   0.00  3.00   0.010000
F_fleet_2_YR_1988_s_1           0.040590200000     2   0.00  3.00   0.010000
F_fleet_2_YR_1989_s_1           0.043716300000     2   0.00  3.00   0.010000
F_fleet_2_YR_1990_s_1           0.044711500000     2   0.00  3.00   0.010000
F_fleet_2_YR_1991_s_1           0.039618900000     2   0.00  3.00   0.010000
F_fleet_2_YR_1992_s_1           0.055022600000     2   0.00  3.00   0.010000
F_fleet_2_YR_1993_s_1           0.057872200000     2   0.00  3.00   0.010000
F_fleet_2_YR_1994_s_1           0.063703200000     2   0.00  3.00   0.010000
F_fleet_2_YR_1995_s_1           0.043570500000     2   0.00  3.00   0.010000
F_fleet_2_YR_1996_s_1           0.046891600000     2   0.00  3.00   0.010000
F_fleet_2_YR_1997_s_1           0.084382700000     2   0.00  3.00   0.010000
F_fleet_2_YR_1998_s_1           0.077460500000     2   0.00  3.00   0.010000
F_fleet_2_YR_1999_s_1           0.104012000000     2   0.00  3.00   0.010000
F_fleet_2_YR_2000_s_1           0.076956400000     2   0.00  3.00   0.010000
F_fleet_2_YR_2001_s_1           0.095402600000     2   0.00  3.00   0.010000
F_fleet_2_YR_2002_s_1           0.107966000000     2   0.00  3.00   0.010000
F_fleet_2_YR_2003_s_1           0.132609000000     2   0.00  3.00   0.010000
F_fleet_2_YR_2004_s_1           0.123685000000     2   0.00  3.00   0.010000
F_fleet_2_YR_2005_s_1           0.112380000000     2   0.00  3.00   0.010000
F_fleet_2_YR_2006_s_1           0.074855300000     2   0.00  3.00   0.010000
F_fleet_2_YR_2007_s_1           0.134126000000     2   0.00  3.00   0.010000
F_fleet_2_YR_2008_s_1           0.091402900000     2   0.00  3.00   0.010000
F_fleet_2_YR_2009_s_1           0.085137700000     2   0.00  3.00   0.010000
F_fleet_2_YR_2010_s_1           0.065217500000     2   0.00  3.00   0.010000
F_fleet_2_YR_2011_s_1           0.059495000000     2   0.00  3.00   0.010000
F_fleet_2_YR_2012_s_1           0.072289900000     2   0.00  3.00   0.010000
F_fleet_2_YR_2013_s_1           0.040991500000     2   0.00  3.00   0.010000
F_fleet_2_YR_2014_s_1           0.049183400000     2   0.00  3.00   0.010000
F_fleet_2_YR_2015_s_1           0.045591200000     2   0.00  3.00   0.010000
F_fleet_2_YR_2016_s_1           0.043938800000     2   0.00  3.00   0.010000
F_fleet_2_YR_2017_s_1           0.035176700000     2   0.00  3.00   0.010000
F_fleet_3_YR_1950_s_1           0.000144565000     2   0.00  3.00   0.010000
F_fleet_3_YR_1951_s_1           0.000392175000     2   0.00  3.00   0.010000
F_fleet_3_YR_1952_s_1           0.000649596000     2   0.00  3.00   0.010000
F_fleet_3_YR_1953_s_1           0.000918261000     2   0.00  3.00   0.010000
F_fleet_3_YR_1954_s_1           0.001197190000     2   0.00  3.00   0.010000
F_fleet_3_YR_1955_s_1           0.001487860000     2   0.00  3.00   0.010000
F_fleet_3_YR_1956_s_1           0.001790760000     2   0.00  3.00   0.010000
F_fleet_3_YR_1957_s_1           0.002109700000     2   0.00  3.00   0.010000
F_fleet_3_YR_1958_s_1           0.002450510000     2   0.00  3.00   0.010000
F_fleet_3_YR_1959_s_1           0.002818860000     2   0.00  3.00   0.010000
F_fleet_3_YR_1960_s_1           0.003211840000     2   0.00  3.00   0.010000
F_fleet_3_YR_1961_s_1           0.003608510000     2   0.00  3.00   0.010000
F_fleet_3_YR_1962_s_1           0.003969370000     2   0.00  3.00   0.010000
F_fleet_3_YR_1963_s_1           0.004293150000     2   0.00  3.00   0.010000
F_fleet_3_YR_1964_s_1           0.004619560000     2   0.00  3.00   0.010000
F_fleet_3_YR_1965_s_1           0.004967270000     2   0.00  3.00   0.010000
F_fleet_3_YR_1966_s_1           0.005339170000     2   0.00  3.00   0.010000
F_fleet_3_YR_1967_s_1           0.005728240000     2   0.00  3.00   0.010000
F_fleet_3_YR_1968_s_1           0.006140100000     2   0.00  3.00   0.010000
F_fleet_3_YR_1969_s_1           0.006576570000     2   0.00  3.00   0.010000
F_fleet_3_YR_1970_s_1           0.007043540000     2   0.00  3.00   0.010000
F_fleet_3_YR_1971_s_1           0.007510670000     2   0.00  3.00   0.010000
F_fleet_3_YR_1972_s_1           0.007940410000     2   0.00  3.00   0.010000
F_fleet_3_YR_1973_s_1           0.008341900000     2   0.00  3.00   0.010000
F_fleet_3_YR_1974_s_1           0.008736970000     2   0.00  3.00   0.010000
F_fleet_3_YR_1975_s_1           0.009145480000     2   0.00  3.00   0.010000
F_fleet_3_YR_1976_s_1           0.009563570000     2   0.00  3.00   0.010000
F_fleet_3_YR_1977_s_1           0.010017000000     2   0.00  3.00   0.010000
F_fleet_3_YR_1978_s_1           0.010534400000     2   0.00  3.00   0.010000
F_fleet_3_YR_1979_s_1           0.011101100000     2   0.00  3.00   0.010000
F_fleet_3_YR_1980_s_1           0.011693500000     2   0.00  3.00   0.010000
F_fleet_3_YR_1981_s_1           0.012286600000     2   0.00  3.00   0.010000
F_fleet_3_YR_1982_s_1           0.027539700000     2   0.00  3.00   0.010000
F_fleet_3_YR_1983_s_1           0.010642800000     2   0.00  3.00   0.010000
F_fleet_3_YR_1984_s_1           0.016574000000     2   0.00  3.00   0.010000
F_fleet_3_YR_1985_s_1           0.032568500000     2   0.00  3.00   0.010000
F_fleet_3_YR_1986_s_1           0.046806600000     2   0.00  3.00   0.010000
F_fleet_3_YR_1987_s_1           0.060365100000     2   0.00  3.00   0.010000
F_fleet_3_YR_1988_s_1           0.091816100000     2   0.00  3.00   0.010000
F_fleet_3_YR_1989_s_1           0.051173900000     2   0.00  3.00   0.010000
F_fleet_3_YR_1990_s_1           0.070204800000     2   0.00  3.00   0.010000
F_fleet_3_YR_1991_s_1           0.092151700000     2   0.00  3.00   0.010000
F_fleet_3_YR_1992_s_1           0.118098000000     2   0.00  3.00   0.010000
F_fleet_3_YR_1993_s_1           0.092107100000     2   0.00  3.00   0.010000
F_fleet_3_YR_1994_s_1           0.081571400000     2   0.00  3.00   0.010000
F_fleet_3_YR_1995_s_1           0.121023000000     2   0.00  3.00   0.010000
F_fleet_3_YR_1996_s_1           0.051377800000     2   0.00  3.00   0.010000
F_fleet_3_YR_1997_s_1           0.092271100000     2   0.00  3.00   0.010000
F_fleet_3_YR_1998_s_1           0.049165100000     2   0.00  3.00   0.010000
F_fleet_3_YR_1999_s_1           0.098984800000     2   0.00  3.00   0.010000
F_fleet_3_YR_2000_s_1           0.057989500000     2   0.00  3.00   0.010000
F_fleet_3_YR_2001_s_1           0.151841000000     2   0.00  3.00   0.010000
F_fleet_3_YR_2002_s_1           0.122882000000     2   0.00  3.00   0.010000
F_fleet_3_YR_2003_s_1           0.112829000000     2   0.00  3.00   0.010000
F_fleet_3_YR_2004_s_1           0.113855000000     2   0.00  3.00   0.010000
F_fleet_3_YR_2005_s_1           0.139238000000     2   0.00  3.00   0.010000
F_fleet_3_YR_2006_s_1           0.130762000000     2   0.00  3.00   0.010000
F_fleet_3_YR_2007_s_1           0.126271000000     2   0.00  3.00   0.010000
F_fleet_3_YR_2008_s_1           0.060927000000     2   0.00  3.00   0.010000
F_fleet_3_YR_2009_s_1           0.088027100000     2   0.00  3.00   0.010000
F_fleet_3_YR_2010_s_1           0.062205700000     2   0.00  3.00   0.010000
F_fleet_3_YR_2011_s_1           0.144675000000     2   0.00  3.00   0.010000
F_fleet_3_YR_2012_s_1           0.097927100000     2   0.00  3.00   0.010000
F_fleet_3_YR_2013_s_1           0.137336000000     2   0.00  3.00   0.010000
F_fleet_3_YR_2014_s_1           0.114955000000     2   0.00  3.00   0.010000
F_fleet_3_YR_2015_s_1           0.093195600000     2   0.00  3.00   0.010000
F_fleet_3_YR_2016_s_1           0.092889100000     2   0.00  3.00   0.010000
F_fleet_3_YR_2017_s_1           0.129815000000     2   0.00  3.00   0.010000
F_fleet_4_YR_1950_s_1           0.051520300000     1   0.00  3.00   0.010000
F_fleet_4_YR_1951_s_1           0.070252200000     1   0.00  3.00   0.010000
F_fleet_4_YR_1952_s_1           0.082976000000     1   0.00  3.00   0.010000
F_fleet_4_YR_1953_s_1           0.087254700000     1   0.00  3.00   0.010000
F_fleet_4_YR_1954_s_1           0.113125000000     1   0.00  3.00   0.010000
F_fleet_4_YR_1955_s_1           0.117928000000     1   0.00  3.00   0.010000
F_fleet_4_YR_1956_s_1           0.150792000000     1   0.00  3.00   0.010000
F_fleet_4_YR_1957_s_1           0.172677000000     1   0.00  3.00   0.010000
F_fleet_4_YR_1958_s_1           0.211533000000     1   0.00  3.00   0.010000
F_fleet_4_YR_1959_s_1           0.228096000000     1   0.00  3.00   0.010000
F_fleet_4_YR_1960_s_1           0.228085000000     1   0.00  3.00   0.010000
F_fleet_4_YR_1961_s_1           0.172742000000     1   0.00  3.00   0.010000
F_fleet_4_YR_1962_s_1           0.166376000000     1   0.00  3.00   0.010000
F_fleet_4_YR_1963_s_1           0.189772000000     1   0.00  3.00   0.010000
F_fleet_4_YR_1964_s_1           0.200560000000     1   0.00  3.00   0.010000
F_fleet_4_YR_1965_s_1           0.222789000000     1   0.00  3.00   0.010000
F_fleet_4_YR_1966_s_1           0.219384000000     1   0.00  3.00   0.010000
F_fleet_4_YR_1967_s_1           0.239263000000     1   0.00  3.00   0.010000
F_fleet_4_YR_1968_s_1           0.243365000000     1   0.00  3.00   0.010000
F_fleet_4_YR_1969_s_1           0.277102000000     1   0.00  3.00   0.010000
F_fleet_4_YR_1970_s_1           0.261354000000     1   0.00  3.00   0.010000
F_fleet_4_YR_1971_s_1           0.249720000000     1   0.00  3.00   0.010000
F_fleet_4_YR_1972_s_1           0.244273000000     1   0.00  3.00   0.010000
F_fleet_4_YR_1973_s_1           0.248792000000     1   0.00  3.00   0.010000
F_fleet_4_YR_1974_s_1           0.248199000000     1   0.00  3.00   0.010000
F_fleet_4_YR_1975_s_1           0.250351000000     1   0.00  3.00   0.010000
F_fleet_4_YR_1976_s_1           0.260484000000     1   0.00  3.00   0.010000
F_fleet_4_YR_1977_s_1           0.286361000000     1   0.00  3.00   0.010000
F_fleet_4_YR_1978_s_1           0.303401000000     1   0.00  3.00   0.010000
F_fleet_4_YR_1979_s_1           0.318200000000     1   0.00  3.00   0.010000
F_fleet_4_YR_1980_s_1           0.325588000000     1   0.00  3.00   0.010000
F_fleet_4_YR_1981_s_1           0.295631000000     1   0.00  3.00   0.010000
F_fleet_4_YR_1982_s_1           0.281676000000     1   0.00  3.00   0.010000
F_fleet_4_YR_1983_s_1           0.284661000000     1   0.00  3.00   0.010000
F_fleet_4_YR_1984_s_1           0.325106000000     1   0.00  3.00   0.010000
F_fleet_4_YR_1985_s_1           0.312676000000     1   0.00  3.00   0.010000
F_fleet_4_YR_1986_s_1           0.340196000000     1   0.00  3.00   0.010000
F_fleet_4_YR_1987_s_1           0.282474000000     1   0.00  3.00   0.010000
F_fleet_4_YR_1988_s_1           0.260071000000     1   0.00  3.00   0.010000
F_fleet_4_YR_1989_s_1           0.286466000000     1   0.00  3.00   0.010000
F_fleet_4_YR_1990_s_1           0.251761000000     1   0.00  3.00   0.010000
F_fleet_4_YR_1991_s_1           0.263717000000     1   0.00  3.00   0.010000
F_fleet_4_YR_1992_s_1           0.331392000000     1   0.00  3.00   0.010000
F_fleet_4_YR_1993_s_1           0.381733000000     1   0.00  3.00   0.010000
F_fleet_4_YR_1994_s_1           0.564144000000     1   0.00  3.00   0.010000
F_fleet_4_YR_1995_s_1           0.448504000000     1   0.00  3.00   0.010000
F_fleet_4_YR_1996_s_1           0.419207000000     1   0.00  3.00   0.010000
F_fleet_4_YR_1997_s_1           0.435541000000     1   0.00  3.00   0.010000
F_fleet_4_YR_1998_s_1           0.528057000000     1   0.00  3.00   0.010000
F_fleet_4_YR_1999_s_1           0.340280000000     1   0.00  3.00   0.010000
F_fleet_4_YR_2000_s_1           0.271653000000     1   0.00  3.00   0.010000
F_fleet_4_YR_2001_s_1           0.300257000000     1   0.00  3.00   0.010000
F_fleet_4_YR_2002_s_1           0.376539000000     1   0.00  3.00   0.010000
F_fleet_4_YR_2003_s_1           0.323331000000     1   0.00  3.00   0.010000
F_fleet_4_YR_2004_s_1           0.297015000000     1   0.00  3.00   0.010000
F_fleet_4_YR_2005_s_1           0.249849000000     1   0.00  3.00   0.010000
F_fleet_4_YR_2006_s_1           0.162168000000     1   0.00  3.00   0.010000
F_fleet_4_YR_2007_s_1           0.111429000000     1   0.00  3.00   0.010000
F_fleet_4_YR_2008_s_1           0.079179200000     1   0.00  3.00   0.010000
F_fleet_4_YR_2009_s_1           0.126598000000     1   0.00  3.00   0.010000
F_fleet_4_YR_2010_s_1           0.093364300000     1   0.00  3.00   0.010000
F_fleet_4_YR_2011_s_1           0.108282000000     1   0.00  3.00   0.010000
F_fleet_4_YR_2012_s_1           0.097553700000     1   0.00  3.00   0.010000
F_fleet_4_YR_2013_s_1           0.108583000000     1   0.00  3.00   0.010000
F_fleet_4_YR_2014_s_1           0.000000249666     1   0.00  3.00   0.010000
F_fleet_4_YR_2015_s_1           0.000000289459     1   0.00  3.00   0.010000
F_fleet_4_YR_2016_s_1           0.000000294795     1   0.00  3.00   0.010000
F_fleet_4_YR_2017_s_1           0.000000288919     1   0.00  3.00   0.010000
LnQ_base_SMP_BYC(4)             1.350900000000     2 -10.00 20.00   1.384810
Size_DblN_top_logit_VIDEO(8)   -1.454780000000     3 -10.00  3.00  -1.574750
Size_DblN_ascend_se_VIDEO(8)    1.022230000000     3  -6.00 12.00   1.100060
Size_DblN_end_logit_VIDEO(8)    0.161328000000     2  -8.00  5.00   0.597499
Size_DblN_top_logit_SEAMAP(9)  -3.689430000000     3 -10.00  3.00  -4.089010
Size_DblN_ascend_se_SEAMAP(9)   1.056060000000     3  -6.00 12.00   1.262730
Size_DblN_end_logit_SEAMAP(9)  -5.042950000000     2  -8.00  5.00  -5.306050
Age_inflection_CM_E(1)          2.155390000000     3   0.50 14.00   2.119950
Age_95%width_CM_E(1)            0.956355000000     1   0.50 14.00   0.916154
Age_inflection_CM_W(2)          3.852670000000     3   0.50 14.00   3.680750
Age_95%width_CM_W(2)            2.143470000000     1   0.50 14.00   2.096610
Age_DblN_peak_REC(3)            3.661220000000     2   1.00 10.00   3.332760
Age_DblN_top_logit_REC(3)      -8.794130000000     3 -10.00  3.00  -9.165070
Age_DblN_ascend_se_REC(3)       0.920288000000     3  -6.00 12.00   0.549862
Age_DblN_descend_se_REC(3)      3.018910000000     3  -4.00  6.00   2.952730
Age_DblN_start_logit_REC(3)   -12.113800000000     2 -15.00  5.00 -12.103500
Age_DblN_end_logit_REC(3)      -1.732100000000     2  -8.00  5.00  -1.829480
                              Status     Parm_StDev          Gradient  Pr_type
SR_LN(R0)                         OK  0.05937620000  0.00003268360000 No_prior
SR_BH_steep                       OK  0.07495070000  0.00000156803000 No_prior
F_fleet_1_YR_1950_s_1            act  0.00000273753  0.00001825430000        F
F_fleet_1_YR_1951_s_1            act  0.00000546323  0.00000905011000        F
F_fleet_1_YR_1952_s_1            act  0.00000826520  0.00000628978000        F
F_fleet_1_YR_1953_s_1            act  0.00001110560  0.00000478650000        F
F_fleet_1_YR_1954_s_1            act  0.00001404370  0.00000401574000        F
F_fleet_1_YR_1955_s_1            act  0.00001706140  0.00000261730000        F
F_fleet_1_YR_1956_s_1            act  0.00002014590  0.00000273769000        F
F_fleet_1_YR_1957_s_1            act  0.00002337020  0.00000132003000        F
F_fleet_1_YR_1958_s_1            act  0.00002675130  0.00000031256000        F
F_fleet_1_YR_1959_s_1            act  0.00003030000 -0.00000040132800        F
F_fleet_1_YR_1960_s_1            act  0.00003410730  0.00000000800637        F
F_fleet_1_YR_1961_s_1            act  0.00003804470  0.00000093195000        F
F_fleet_1_YR_1962_s_1            act  0.00004197340  0.00000026496300        F
F_fleet_1_YR_1963_s_1            act  0.00004563950 -0.00000038982800        F
F_fleet_1_YR_1964_s_1            act  0.00005031290  0.00000061331700        F
F_fleet_1_YR_1965_s_1            act  0.00005040900  0.00000040173500        F
F_fleet_1_YR_1966_s_1            act  0.00002653930 -0.00000122552000        F
F_fleet_1_YR_1967_s_1            act  0.00005433300 -0.00000050539400        F
F_fleet_1_YR_1968_s_1            act  0.00010933800  0.00000018456900        F
F_fleet_1_YR_1969_s_1            act  0.00014129500  0.00000019300900        F
F_fleet_1_YR_1970_s_1            act  0.00013393700 -0.00000087133200        F
F_fleet_1_YR_1971_s_1            act  0.00014876000 -0.00000130254000        F
F_fleet_1_YR_1972_s_1            act  0.00013313300 -0.00000117802000        F
F_fleet_1_YR_1973_s_1            act  0.00022706300 -0.00000063309500        F
F_fleet_1_YR_1974_s_1            act  0.00021762500 -0.00000034576300        F
F_fleet_1_YR_1975_s_1            act  0.00047913900 -0.00000011708700        F
F_fleet_1_YR_1976_s_1            act  0.00042560300 -0.00000004072850        F
F_fleet_1_YR_1977_s_1            act  0.00058445900 -0.00000017329800        F
F_fleet_1_YR_1978_s_1            act  0.00051050100 -0.00000000796156        F
F_fleet_1_YR_1979_s_1            act  0.00039582300  0.00000018975600        F
F_fleet_1_YR_1980_s_1            act  0.00029403300  0.00000015876700        F
F_fleet_1_YR_1981_s_1            act  0.00043302900  0.00000019542100        F
F_fleet_1_YR_1982_s_1            act  0.00045646000  0.00000014958700        F
F_fleet_1_YR_1983_s_1            act  0.00073091800  0.00000009034770        F
F_fleet_1_YR_1984_s_1            act  0.00105014000  0.00000017806300        F
F_fleet_1_YR_1985_s_1            act  0.00138231000 -0.00000013191100        F
F_fleet_1_YR_1986_s_1            act  0.00150037000 -0.00000029467300        F
F_fleet_1_YR_1987_s_1            act  0.00124345000 -0.00000024591200        F
F_fleet_1_YR_1988_s_1            act  0.00122922000 -0.00000026154900        F
F_fleet_1_YR_1989_s_1            act  0.00125917000 -0.00000013537800        F
F_fleet_1_YR_1990_s_1            act  0.00317009000 -0.00000030378700        F
F_fleet_1_YR_1991_s_1            act  0.00269879000 -0.00000018627600        F
F_fleet_1_YR_1992_s_1            act  0.00365867000  0.00000010951600        F
F_fleet_1_YR_1993_s_1            act  0.00546116000  0.00000013356300        F
F_fleet_1_YR_1994_s_1            act  0.00570602000  0.00000004305300        F
F_fleet_1_YR_1995_s_1            act  0.00605258000  0.00000026990600        F
F_fleet_1_YR_1996_s_1            act  0.00519588000  0.00000006640910        F
F_fleet_1_YR_1997_s_1            act  0.00520255000  0.00000019512200        F
F_fleet_1_YR_1998_s_1            act  0.00435689000  0.00000003289020        F
F_fleet_1_YR_1999_s_1            act  0.00528165000 -0.00000023600600        F
F_fleet_1_YR_2000_s_1            act  0.00415709000  0.00000026232600        F
F_fleet_1_YR_2001_s_1            act  0.00462526000  0.00000041592500        F
F_fleet_1_YR_2002_s_1            act  0.00522399000  0.00000033637700        F
F_fleet_1_YR_2003_s_1            act  0.00575177000  0.00000008651130        F
F_fleet_1_YR_2004_s_1            act  0.00461111000  0.00000007882310        F
F_fleet_1_YR_2005_s_1            act  0.00697421000  0.00000089875600        F
F_fleet_1_YR_2006_s_1            act  0.00743512000 -0.00000001335130        F
F_fleet_1_YR_2007_s_1            act  0.00757516000 -0.00000004917680        F
F_fleet_1_YR_2008_s_1            act  0.00850548000 -0.00000008681190        F
F_fleet_1_YR_2009_s_1            act  0.01256180000 -0.00000015545200        F
F_fleet_1_YR_2010_s_1            act  0.00614228000  0.00000038733600        F
F_fleet_1_YR_2011_s_1            act  0.01212320000 -0.00000007850480        F
F_fleet_1_YR_2012_s_1            act  0.00877879000 -0.00000006002920        F
F_fleet_1_YR_2013_s_1            act  0.00471074000 -0.00000018605600        F
F_fleet_1_YR_2014_s_1            act  0.00528240000  0.00000123656000        F
F_fleet_1_YR_2015_s_1            act  0.00294710000  0.00000833256000        F
F_fleet_1_YR_2016_s_1            act  0.00344851000  0.00000181463000        F
F_fleet_1_YR_2017_s_1            act  0.00427588000  0.00001412780000        F
F_fleet_2_YR_1950_s_1            act  0.00000262931  0.00002722970000        F
F_fleet_2_YR_1951_s_1            act  0.00000526413  0.00001466860000        F
F_fleet_2_YR_1952_s_1            act  0.00000791419  0.00001899440000        F
F_fleet_2_YR_1953_s_1            act  0.00001060000  0.00001415190000        F
F_fleet_2_YR_1954_s_1            act  0.00001335540  0.00001362920000        F
F_fleet_2_YR_1955_s_1            act  0.00001620100  0.00001139430000        F
F_fleet_2_YR_1956_s_1            act  0.00001913810  0.00000960152000        F
F_fleet_2_YR_1957_s_1            act  0.00002217340  0.00000833329000        F
F_fleet_2_YR_1958_s_1            act  0.00002532560  0.00000688478000        F
F_fleet_2_YR_1959_s_1            act  0.00002862110  0.00000590125000        F
F_fleet_2_YR_1960_s_1            act  0.00003210000  0.00000530013000        F
F_fleet_2_YR_1961_s_1            act  0.00003579130  0.00000462613000        F
F_fleet_2_YR_1962_s_1            act  0.00003967950  0.00000405507000        F
F_fleet_2_YR_1963_s_1            act  0.00004364490  0.00000402710000        F
F_fleet_2_YR_1964_s_1            act  0.00004639290  0.00000325039000        F
F_fleet_2_YR_1965_s_1            act  0.00004141750  0.00000316315000        F
F_fleet_2_YR_1966_s_1            act  0.00001340040  0.00000440355000        F
F_fleet_2_YR_1967_s_1            act  0.00003200330  0.00000229547000        F
F_fleet_2_YR_1968_s_1            act  0.00010332200  0.00000164588000        F
F_fleet_2_YR_1969_s_1            act  0.00005644220  0.00000163111000        F
F_fleet_2_YR_1970_s_1            act  0.00009395760  0.00000126669000        F
F_fleet_2_YR_1971_s_1            act  0.00010338900  0.00000104566000        F
F_fleet_2_YR_1972_s_1            act  0.00010175000  0.00000032903300        F
F_fleet_2_YR_1973_s_1            act  0.00012229700 -0.00000017211000        F
F_fleet_2_YR_1974_s_1            act  0.00015110400 -0.00000035210600        F
F_fleet_2_YR_1975_s_1            act  0.00025118600 -0.00000023936200        F
F_fleet_2_YR_1976_s_1            act  0.00014101000  0.00000016753000        F
F_fleet_2_YR_1977_s_1            act  0.00046222600  0.00000038348000        F
F_fleet_2_YR_1978_s_1            act  0.00039336300  0.00000041257600        F
F_fleet_2_YR_1979_s_1            act  0.00053967700  0.00000055022700        F
F_fleet_2_YR_1980_s_1            act  0.00036855900  0.00000068172300        F
F_fleet_2_YR_1981_s_1            act  0.00029123000  0.00000063148200        F
F_fleet_2_YR_1982_s_1            act  0.00037726600  0.00000073253600        F
F_fleet_2_YR_1983_s_1            act  0.00042723000  0.00000058118000        F
F_fleet_2_YR_1984_s_1            act  0.00232748000  0.00000032655100        F
F_fleet_2_YR_1985_s_1            act  0.00213318000  0.00000007607360        F
F_fleet_2_YR_1986_s_1            act  0.00289777000  0.00000000610596        F
F_fleet_2_YR_1987_s_1            act  0.00335418000 -0.00000011637300        F
F_fleet_2_YR_1988_s_1            act  0.00363002000 -0.00000014189600        F
F_fleet_2_YR_1989_s_1            act  0.00399100000 -0.00000001606810        F
F_fleet_2_YR_1990_s_1            act  0.00415152000 -0.00000008566460        F
F_fleet_2_YR_1991_s_1            act  0.00373277000 -0.00000015084900        F
F_fleet_2_YR_1992_s_1            act  0.00526966000  0.00000019011200        F
F_fleet_2_YR_1993_s_1            act  0.00567447000 -0.00000002530580        F
F_fleet_2_YR_1994_s_1            act  0.00636283000 -0.00000027440800        F
F_fleet_2_YR_1995_s_1            act  0.00439866000  0.00000009100570        F
F_fleet_2_YR_1996_s_1            act  0.00475040000  0.00000050095100        F
F_fleet_2_YR_1997_s_1            act  0.00854504000  0.00000043233300        F
F_fleet_2_YR_1998_s_1            act  0.00786260000  0.00000008575060        F
F_fleet_2_YR_1999_s_1            act  0.01063070000 -0.00000019162800        F
F_fleet_2_YR_2000_s_1            act  0.00791099000 -0.00000014462000        F
F_fleet_2_YR_2001_s_1            act  0.00968842000 -0.00000032014500        F
F_fleet_2_YR_2002_s_1            act  0.01111340000 -0.00000035570700        F
F_fleet_2_YR_2003_s_1            act  0.01401650000 -0.00000014532600        F
F_fleet_2_YR_2004_s_1            act  0.01312730000 -0.00000013414000        F
F_fleet_2_YR_2005_s_1            act  0.01187770000  0.00000022794400        F
F_fleet_2_YR_2006_s_1            act  0.00783505000 -0.00000020580000        F
F_fleet_2_YR_2007_s_1            act  0.01392180000  0.00000010795400        F
F_fleet_2_YR_2008_s_1            act  0.00949512000  0.00000025397000        F
F_fleet_2_YR_2009_s_1            act  0.00906886000  0.00000003601160        F
F_fleet_2_YR_2010_s_1            act  0.00707220000  0.00000016075500        F
F_fleet_2_YR_2011_s_1            act  0.00641590000 -0.00000019749000        F
F_fleet_2_YR_2012_s_1            act  0.00804356000  0.00000009359940        F
F_fleet_2_YR_2013_s_1            act  0.00470368000 -0.00000007712090        F
F_fleet_2_YR_2014_s_1            act  0.00585720000  0.00000044820300        F
F_fleet_2_YR_2015_s_1            act  0.00558297000  0.00000160507000        F
F_fleet_2_YR_2016_s_1            act  0.00562158000 -0.00000051828500        F
F_fleet_2_YR_2017_s_1            act  0.00480937000  0.00000577071000        F
F_fleet_3_YR_1950_s_1            act  0.00002574300 -0.00000192845000        F
F_fleet_3_YR_1951_s_1            act  0.00006978400  0.00000092110300        F
F_fleet_3_YR_1952_s_1            act  0.00011549700 -0.00000027890700        F
F_fleet_3_YR_1953_s_1            act  0.00016321400  0.00000011669900        F
F_fleet_3_YR_1954_s_1            act  0.00021275700 -0.00000016729800        F
F_fleet_3_YR_1955_s_1            act  0.00026432900  0.00000019453600        F
F_fleet_3_YR_1956_s_1            act  0.00031802100  0.00000012738300        F
F_fleet_3_YR_1957_s_1            act  0.00037447800 -0.00000018066000        F
F_fleet_3_YR_1958_s_1            act  0.00043479400 -0.00000012986700        F
F_fleet_3_YR_1959_s_1            act  0.00050012800  0.00000008838930        F
F_fleet_3_YR_1960_s_1            act  0.00057014700 -0.00000002397370        F
F_fleet_3_YR_1961_s_1            act  0.00064113400  0.00000016082200        F
F_fleet_3_YR_1962_s_1            act  0.00070549800  0.00000037868900        F
F_fleet_3_YR_1963_s_1            act  0.00076210800 -0.00000007752690        F
F_fleet_3_YR_1964_s_1            act  0.00081839100 -0.00000022794700        F
F_fleet_3_YR_1965_s_1            act  0.00087864900 -0.00000018249500        F
F_fleet_3_YR_1966_s_1            act  0.00094368100 -0.00000020094600        F
F_fleet_3_YR_1967_s_1            act  0.00101232000 -0.00000011446700        F
F_fleet_3_YR_1968_s_1            act  0.00108535000 -0.00000023619200        F
F_fleet_3_YR_1969_s_1            act  0.00116300000 -0.00000019804400        F
F_fleet_3_YR_1970_s_1            act  0.00124638000 -0.00000005555890        F
F_fleet_3_YR_1971_s_1            act  0.00133024000 -0.00000030663500        F
F_fleet_3_YR_1972_s_1            act  0.00140685000 -0.00000011262100        F
F_fleet_3_YR_1973_s_1            act  0.00147742000 -0.00000002377400        F
F_fleet_3_YR_1974_s_1            act  0.00154625000 -0.00000002870150        F
F_fleet_3_YR_1975_s_1            act  0.00161752000 -0.00000026611900        F
F_fleet_3_YR_1976_s_1            act  0.00169061000 -0.00000020680000        F
F_fleet_3_YR_1977_s_1            act  0.00177023000 -0.00000004793490        F
F_fleet_3_YR_1978_s_1            act  0.00186191000  0.00000007797460        F
F_fleet_3_YR_1979_s_1            act  0.00196325000  0.00000013427200        F
F_fleet_3_YR_1980_s_1            act  0.00206955000  0.00000007505140        F
F_fleet_3_YR_1981_s_1            act  0.00217573000 -0.00000009153090        F
F_fleet_3_YR_1982_s_1            act  0.00489908000 -0.00000007222120        F
F_fleet_3_YR_1983_s_1            act  0.00188087000 -0.00000006573510        F
F_fleet_3_YR_1984_s_1            act  0.00292273000 -0.00000006389030        F
F_fleet_3_YR_1985_s_1            act  0.00573360000 -0.00000001517080        F
F_fleet_3_YR_1986_s_1            act  0.00822215000  0.00000000441310        F
F_fleet_3_YR_1987_s_1            act  0.01063780000 -0.00000000833517        F
F_fleet_3_YR_1988_s_1            act  0.01609350000 -0.00000016737100        F
F_fleet_3_YR_1989_s_1            act  0.00894473000 -0.00000007573090        F
F_fleet_3_YR_1990_s_1            act  0.01214560000 -0.00000012941500        F
F_fleet_3_YR_1991_s_1            act  0.01594540000 -0.00000016823200        F
F_fleet_3_YR_1992_s_1            act  0.02028890000 -0.00000024981400        F
F_fleet_3_YR_1993_s_1            act  0.01575630000 -0.00000021415300        F
F_fleet_3_YR_1994_s_1            act  0.01408140000 -0.00000017843000        F
F_fleet_3_YR_1995_s_1            act  0.02123240000 -0.00000004803950        F
F_fleet_3_YR_1996_s_1            act  0.00910937000 -0.00000003929250        F
F_fleet_3_YR_1997_s_1            act  0.01644860000 -0.00000003607810        F
F_fleet_3_YR_1998_s_1            act  0.00865296000  0.00000010736200        F
F_fleet_3_YR_1999_s_1            act  0.01699550000 -0.00000008429120        F
F_fleet_3_YR_2000_s_1            act  0.00995778000 -0.00000012053600        F
F_fleet_3_YR_2001_s_1            act  0.02465470000 -0.00000011237500        F
F_fleet_3_YR_2002_s_1            act  0.02010220000 -0.00000017558500        F
F_fleet_3_YR_2003_s_1            act  0.01856980000 -0.00000034459400        F
F_fleet_3_YR_2004_s_1            act  0.01885020000 -0.00000035078200        F
F_fleet_3_YR_2005_s_1            act  0.02341600000 -0.00000000543551        F
F_fleet_3_YR_2006_s_1            act  0.02241700000 -0.00000012949000        F
F_fleet_3_YR_2007_s_1            act  0.02166710000 -0.00000028744700        F
F_fleet_3_YR_2008_s_1            act  0.01052970000 -0.00000019222400        F
F_fleet_3_YR_2009_s_1            act  0.01484490000 -0.00000030996700        F
F_fleet_3_YR_2010_s_1            act  0.01061260000 -0.00000024551400        F
F_fleet_3_YR_2011_s_1            act  0.02510510000 -0.00000032650000        F
F_fleet_3_YR_2012_s_1            act  0.01816320000 -0.00000002063850        F
F_fleet_3_YR_2013_s_1            act  0.02596490000 -0.00000004901790        F
F_fleet_3_YR_2014_s_1            act  0.02189470000 -0.00000028203300        F
F_fleet_3_YR_2015_s_1            act  0.01822770000 -0.00000114610000        F
F_fleet_3_YR_2016_s_1            act  0.01878170000 -0.00000101423000        F
F_fleet_3_YR_2017_s_1            act  0.02768830000  0.00000123905000        F
F_fleet_4_YR_1950_s_1            act  0.01126470000  0.00000172634000        F
F_fleet_4_YR_1951_s_1            act  0.01536070000  0.00000044818900        F
F_fleet_4_YR_1952_s_1            act  0.01814340000  0.00000006043760        F
F_fleet_4_YR_1953_s_1            act  0.01907940000  0.00000063969000        F
F_fleet_4_YR_1954_s_1            act  0.02473790000  0.00000021854200        F
F_fleet_4_YR_1955_s_1            act  0.02578930000 -0.00000010258500        F
F_fleet_4_YR_1956_s_1            act  0.03297980000 -0.00000096212300        F
F_fleet_4_YR_1957_s_1            act  0.03777030000  0.00000006368260        F
F_fleet_4_YR_1958_s_1            act  0.04627680000 -0.00000021639600        F
F_fleet_4_YR_1959_s_1            act  0.04990750000  0.00000030393600        F
F_fleet_4_YR_1960_s_1            act  0.04991280000  0.00000005915660        F
F_fleet_4_YR_1961_s_1            act  0.03780150000 -0.00000000143136        F
F_fleet_4_YR_1962_s_1            act  0.03641350000  0.00000003691340        F
F_fleet_4_YR_1963_s_1            act  0.04154710000 -0.00000043890700        F
F_fleet_4_YR_1964_s_1            act  0.04392140000 -0.00000042457300        F
F_fleet_4_YR_1965_s_1            act  0.04881030000  0.00000000245066        F
F_fleet_4_YR_1966_s_1            act  0.04807920000 -0.00000006705020        F
F_fleet_4_YR_1967_s_1            act  0.05246460000 -0.00000012475800        F
F_fleet_4_YR_1968_s_1            act  0.05338890000  0.00000005235320        F
F_fleet_4_YR_1969_s_1            act  0.06084170000 -0.00000066918600        F
F_fleet_4_YR_1970_s_1            act  0.05741700000  0.00000007815410        F
F_fleet_4_YR_1971_s_1            act  0.05497210000  0.00000024741900        F
F_fleet_4_YR_1972_s_1            act  0.05193730000 -0.00000015744100        F
F_fleet_4_YR_1973_s_1            act  0.05386590000  0.00000029627300        F
F_fleet_4_YR_1974_s_1            act  0.05378810000  0.00000008232220        F
F_fleet_4_YR_1975_s_1            act  0.05430470000  0.00000017189500        F
F_fleet_4_YR_1976_s_1            act  0.05653900000 -0.00000002401180        F
F_fleet_4_YR_1977_s_1            act  0.06215260000 -0.00000002349300        F
F_fleet_4_YR_1978_s_1            act  0.06582210000  0.00000000633340        F
F_fleet_4_YR_1979_s_1            act  0.06892330000  0.00000005445580        F
F_fleet_4_YR_1980_s_1            act  0.07028550000  0.00000004519430        F
F_fleet_4_YR_1981_s_1            act  0.06353950000  0.00000010742000        F
F_fleet_4_YR_1982_s_1            act  0.06001530000  0.00000019981200        F
F_fleet_4_YR_1983_s_1            act  0.05978070000  0.00000016380700        F
F_fleet_4_YR_1984_s_1            act  0.06695070000  0.00000007267200        F
F_fleet_4_YR_1985_s_1            act  0.06468220000 -0.00000016057800        F
F_fleet_4_YR_1986_s_1            act  0.06918560000 -0.00000039056500        F
F_fleet_4_YR_1987_s_1            act  0.05589950000  0.00000016361000        F
F_fleet_4_YR_1988_s_1            act  0.05146090000  0.00000032141900        F
F_fleet_4_YR_1989_s_1            act  0.05634270000 -0.00000007105660        F
F_fleet_4_YR_1990_s_1            act  0.04842980000  0.00000005747710        F
F_fleet_4_YR_1991_s_1            act  0.04973570000  0.00000030361600        F
F_fleet_4_YR_1992_s_1            act  0.06098600000 -0.00000050754900        F
F_fleet_4_YR_1993_s_1            act  0.07643890000  0.00000103643000        F
F_fleet_4_YR_1994_s_1            act  0.10446600000 -0.00000052257300        F
F_fleet_4_YR_1995_s_1            act  0.10513700000  0.00000026520300        F
F_fleet_4_YR_1996_s_1            act  0.08808500000 -0.00000053660800        F
F_fleet_4_YR_1997_s_1            act  0.09133450000 -0.00000033677200        F
F_fleet_4_YR_1998_s_1            act  0.10810200000  0.00000001011060        F
F_fleet_4_YR_1999_s_1            act  0.07322490000  0.00000008713560        F
F_fleet_4_YR_2000_s_1            act  0.05596460000 -0.00000015893000        F
F_fleet_4_YR_2001_s_1            act  0.06087990000  0.00000004822280        F
F_fleet_4_YR_2002_s_1            act  0.07760230000 -0.00000051917800        F
F_fleet_4_YR_2003_s_1            act  0.06834100000 -0.00000005503980        F
F_fleet_4_YR_2004_s_1            act  0.06010850000  0.00000000703010        F
F_fleet_4_YR_2005_s_1            act  0.05248200000  0.00000009365870        F
F_fleet_4_YR_2006_s_1            act  0.03482500000 -0.00000045639100        F
F_fleet_4_YR_2007_s_1            act  0.02332150000 -0.00000002561000        F
F_fleet_4_YR_2008_s_1            act  0.01670160000  0.00000016484000        F
F_fleet_4_YR_2009_s_1            act  0.02746480000 -0.00000008619890        F
F_fleet_4_YR_2010_s_1            act  0.02065350000  0.00000076801500        F
F_fleet_4_YR_2011_s_1            act  0.02379700000 -0.00000010996600        F
F_fleet_4_YR_2012_s_1            act  0.02146550000 -0.00000033542600        F
F_fleet_4_YR_2013_s_1            act  0.02353630000 -0.00000014527600        F
F_fleet_4_YR_2014_s_1            act  0.00043243700 -0.00000006222890        F
F_fleet_4_YR_2015_s_1            act  0.00050135500  0.00000005401760        F
F_fleet_4_YR_2016_s_1            act  0.00051060000  0.00000000648419        F
F_fleet_4_YR_2017_s_1            act  0.00050042300  0.00000000195735        F
LnQ_base_SMP_BYC(4)               OK  0.08831230000  0.00001384150000 No_prior
Size_DblN_top_logit_VIDEO(8)      OK  0.18735300000  0.00000008786490 No_prior
Size_DblN_ascend_se_VIDEO(8)      OK  0.22416700000 -0.00000007851060 No_prior
Size_DblN_end_logit_VIDEO(8)      OK  0.52076400000  0.00000000613063 No_prior
Size_DblN_top_logit_SEAMAP(9)     OK  0.75462200000 -0.00000006224480 No_prior
Size_DblN_ascend_se_SEAMAP(9)     OK  0.28845500000  0.00000012552900 No_prior
Size_DblN_end_logit_SEAMAP(9)     OK  2.26491000000  0.00000000976316 No_prior
Age_inflection_CM_E(1)            OK  0.07139380000 -0.00000191836000 No_prior
Age_95%width_CM_E(1)              OK  0.15746600000 -0.00000014470900 No_prior
Age_inflection_CM_W(2)            OK  0.16421100000 -0.00000249322000 No_prior
Age_95%width_CM_W(2)              OK  0.21673700000 -0.00000010000900 No_prior
Age_DblN_peak_REC(3)              OK  0.21148000000  0.00000163929000 No_prior
Age_DblN_top_logit_REC(3)         OK 26.34220000000 -0.00000000289992 No_prior
Age_DblN_ascend_se_REC(3)         OK  0.25312500000 -0.00000217806000 No_prior
Age_DblN_descend_se_REC(3)        OK  0.42799700000 -0.00000039185300 No_prior
Age_DblN_start_logit_REC(3)       OK 49.29620000000 -0.00000002148400 No_prior
Age_DblN_end_logit_REC(3)         OK  0.79872600000 -0.00000060273600 No_prior
                              Prior Pr_SD Pr_Like Afterbound
SR_LN(R0)                        NA    NA      NA         OK
SR_BH_steep                      NA    NA      NA         OK
F_fleet_1_YR_1950_s_1            NA    NA      NA      CHECK
F_fleet_1_YR_1951_s_1            NA    NA      NA      CHECK
F_fleet_1_YR_1952_s_1            NA    NA      NA      CHECK
F_fleet_1_YR_1953_s_1            NA    NA      NA      CHECK
F_fleet_1_YR_1954_s_1            NA    NA      NA      CHECK
F_fleet_1_YR_1955_s_1            NA    NA      NA      CHECK
F_fleet_1_YR_1956_s_1            NA    NA      NA      CHECK
F_fleet_1_YR_1957_s_1            NA    NA      NA      CHECK
F_fleet_1_YR_1958_s_1            NA    NA      NA      CHECK
F_fleet_1_YR_1959_s_1            NA    NA      NA      CHECK
F_fleet_1_YR_1960_s_1            NA    NA      NA      CHECK
F_fleet_1_YR_1961_s_1            NA    NA      NA      CHECK
F_fleet_1_YR_1962_s_1            NA    NA      NA      CHECK
F_fleet_1_YR_1963_s_1            NA    NA      NA      CHECK
F_fleet_1_YR_1964_s_1            NA    NA      NA      CHECK
F_fleet_1_YR_1965_s_1            NA    NA      NA      CHECK
F_fleet_1_YR_1966_s_1            NA    NA      NA      CHECK
F_fleet_1_YR_1967_s_1            NA    NA      NA      CHECK
F_fleet_1_YR_1968_s_1            NA    NA      NA         OK
F_fleet_1_YR_1969_s_1            NA    NA      NA         OK
F_fleet_1_YR_1970_s_1            NA    NA      NA         OK
F_fleet_1_YR_1971_s_1            NA    NA      NA         OK
F_fleet_1_YR_1972_s_1            NA    NA      NA         OK
F_fleet_1_YR_1973_s_1            NA    NA      NA         OK
F_fleet_1_YR_1974_s_1            NA    NA      NA         OK
F_fleet_1_YR_1975_s_1            NA    NA      NA         OK
F_fleet_1_YR_1976_s_1            NA    NA      NA         OK
F_fleet_1_YR_1977_s_1            NA    NA      NA         OK
F_fleet_1_YR_1978_s_1            NA    NA      NA         OK
F_fleet_1_YR_1979_s_1            NA    NA      NA         OK
F_fleet_1_YR_1980_s_1            NA    NA      NA         OK
F_fleet_1_YR_1981_s_1            NA    NA      NA         OK
F_fleet_1_YR_1982_s_1            NA    NA      NA         OK
F_fleet_1_YR_1983_s_1            NA    NA      NA         OK
F_fleet_1_YR_1984_s_1            NA    NA      NA         OK
F_fleet_1_YR_1985_s_1            NA    NA      NA         OK
F_fleet_1_YR_1986_s_1            NA    NA      NA         OK
F_fleet_1_YR_1987_s_1            NA    NA      NA         OK
F_fleet_1_YR_1988_s_1            NA    NA      NA         OK
F_fleet_1_YR_1989_s_1            NA    NA      NA         OK
F_fleet_1_YR_1990_s_1            NA    NA      NA         OK
F_fleet_1_YR_1991_s_1            NA    NA      NA         OK
F_fleet_1_YR_1992_s_1            NA    NA      NA         OK
F_fleet_1_YR_1993_s_1            NA    NA      NA         OK
F_fleet_1_YR_1994_s_1            NA    NA      NA         OK
F_fleet_1_YR_1995_s_1            NA    NA      NA         OK
F_fleet_1_YR_1996_s_1            NA    NA      NA         OK
F_fleet_1_YR_1997_s_1            NA    NA      NA         OK
F_fleet_1_YR_1998_s_1            NA    NA      NA         OK
F_fleet_1_YR_1999_s_1            NA    NA      NA         OK
F_fleet_1_YR_2000_s_1            NA    NA      NA         OK
F_fleet_1_YR_2001_s_1            NA    NA      NA         OK
F_fleet_1_YR_2002_s_1            NA    NA      NA         OK
F_fleet_1_YR_2003_s_1            NA    NA      NA         OK
F_fleet_1_YR_2004_s_1            NA    NA      NA         OK
F_fleet_1_YR_2005_s_1            NA    NA      NA         OK
F_fleet_1_YR_2006_s_1            NA    NA      NA         OK
F_fleet_1_YR_2007_s_1            NA    NA      NA         OK
F_fleet_1_YR_2008_s_1            NA    NA      NA         OK
F_fleet_1_YR_2009_s_1            NA    NA      NA         OK
F_fleet_1_YR_2010_s_1            NA    NA      NA         OK
F_fleet_1_YR_2011_s_1            NA    NA      NA         OK
F_fleet_1_YR_2012_s_1            NA    NA      NA         OK
F_fleet_1_YR_2013_s_1            NA    NA      NA         OK
F_fleet_1_YR_2014_s_1            NA    NA      NA         OK
F_fleet_1_YR_2015_s_1            NA    NA      NA         OK
F_fleet_1_YR_2016_s_1            NA    NA      NA         OK
F_fleet_1_YR_2017_s_1            NA    NA      NA         OK
F_fleet_2_YR_1950_s_1            NA    NA      NA      CHECK
F_fleet_2_YR_1951_s_1            NA    NA      NA      CHECK
F_fleet_2_YR_1952_s_1            NA    NA      NA      CHECK
F_fleet_2_YR_1953_s_1            NA    NA      NA      CHECK
F_fleet_2_YR_1954_s_1            NA    NA      NA      CHECK
F_fleet_2_YR_1955_s_1            NA    NA      NA      CHECK
F_fleet_2_YR_1956_s_1            NA    NA      NA      CHECK
F_fleet_2_YR_1957_s_1            NA    NA      NA      CHECK
F_fleet_2_YR_1958_s_1            NA    NA      NA      CHECK
F_fleet_2_YR_1959_s_1            NA    NA      NA      CHECK
F_fleet_2_YR_1960_s_1            NA    NA      NA      CHECK
F_fleet_2_YR_1961_s_1            NA    NA      NA      CHECK
F_fleet_2_YR_1962_s_1            NA    NA      NA      CHECK
F_fleet_2_YR_1963_s_1            NA    NA      NA      CHECK
F_fleet_2_YR_1964_s_1            NA    NA      NA      CHECK
F_fleet_2_YR_1965_s_1            NA    NA      NA      CHECK
F_fleet_2_YR_1966_s_1            NA    NA      NA      CHECK
F_fleet_2_YR_1967_s_1            NA    NA      NA      CHECK
F_fleet_2_YR_1968_s_1            NA    NA      NA         OK
F_fleet_2_YR_1969_s_1            NA    NA      NA      CHECK
F_fleet_2_YR_1970_s_1            NA    NA      NA         OK
F_fleet_2_YR_1971_s_1            NA    NA      NA         OK
F_fleet_2_YR_1972_s_1            NA    NA      NA         OK
F_fleet_2_YR_1973_s_1            NA    NA      NA         OK
F_fleet_2_YR_1974_s_1            NA    NA      NA         OK
F_fleet_2_YR_1975_s_1            NA    NA      NA         OK
F_fleet_2_YR_1976_s_1            NA    NA      NA         OK
F_fleet_2_YR_1977_s_1            NA    NA      NA         OK
F_fleet_2_YR_1978_s_1            NA    NA      NA         OK
F_fleet_2_YR_1979_s_1            NA    NA      NA         OK
F_fleet_2_YR_1980_s_1            NA    NA      NA         OK
F_fleet_2_YR_1981_s_1            NA    NA      NA         OK
F_fleet_2_YR_1982_s_1            NA    NA      NA         OK
F_fleet_2_YR_1983_s_1            NA    NA      NA         OK
F_fleet_2_YR_1984_s_1            NA    NA      NA         OK
F_fleet_2_YR_1985_s_1            NA    NA      NA         OK
F_fleet_2_YR_1986_s_1            NA    NA      NA         OK
F_fleet_2_YR_1987_s_1            NA    NA      NA         OK
F_fleet_2_YR_1988_s_1            NA    NA      NA         OK
F_fleet_2_YR_1989_s_1            NA    NA      NA         OK
F_fleet_2_YR_1990_s_1            NA    NA      NA         OK
F_fleet_2_YR_1991_s_1            NA    NA      NA         OK
F_fleet_2_YR_1992_s_1            NA    NA      NA         OK
F_fleet_2_YR_1993_s_1            NA    NA      NA         OK
F_fleet_2_YR_1994_s_1            NA    NA      NA         OK
F_fleet_2_YR_1995_s_1            NA    NA      NA         OK
F_fleet_2_YR_1996_s_1            NA    NA      NA         OK
F_fleet_2_YR_1997_s_1            NA    NA      NA         OK
F_fleet_2_YR_1998_s_1            NA    NA      NA         OK
F_fleet_2_YR_1999_s_1            NA    NA      NA         OK
F_fleet_2_YR_2000_s_1            NA    NA      NA         OK
F_fleet_2_YR_2001_s_1            NA    NA      NA         OK
F_fleet_2_YR_2002_s_1            NA    NA      NA         OK
F_fleet_2_YR_2003_s_1            NA    NA      NA         OK
F_fleet_2_YR_2004_s_1            NA    NA      NA         OK
F_fleet_2_YR_2005_s_1            NA    NA      NA         OK
F_fleet_2_YR_2006_s_1            NA    NA      NA         OK
F_fleet_2_YR_2007_s_1            NA    NA      NA         OK
F_fleet_2_YR_2008_s_1            NA    NA      NA         OK
F_fleet_2_YR_2009_s_1            NA    NA      NA         OK
F_fleet_2_YR_2010_s_1            NA    NA      NA         OK
F_fleet_2_YR_2011_s_1            NA    NA      NA         OK
F_fleet_2_YR_2012_s_1            NA    NA      NA         OK
F_fleet_2_YR_2013_s_1            NA    NA      NA         OK
F_fleet_2_YR_2014_s_1            NA    NA      NA         OK
F_fleet_2_YR_2015_s_1            NA    NA      NA         OK
F_fleet_2_YR_2016_s_1            NA    NA      NA         OK
F_fleet_2_YR_2017_s_1            NA    NA      NA         OK
F_fleet_3_YR_1950_s_1            NA    NA      NA      CHECK
F_fleet_3_YR_1951_s_1            NA    NA      NA      CHECK
F_fleet_3_YR_1952_s_1            NA    NA      NA      CHECK
F_fleet_3_YR_1953_s_1            NA    NA      NA      CHECK
F_fleet_3_YR_1954_s_1            NA    NA      NA         OK
F_fleet_3_YR_1955_s_1            NA    NA      NA         OK
F_fleet_3_YR_1956_s_1            NA    NA      NA         OK
F_fleet_3_YR_1957_s_1            NA    NA      NA         OK
F_fleet_3_YR_1958_s_1            NA    NA      NA         OK
F_fleet_3_YR_1959_s_1            NA    NA      NA         OK
F_fleet_3_YR_1960_s_1            NA    NA      NA         OK
F_fleet_3_YR_1961_s_1            NA    NA      NA         OK
F_fleet_3_YR_1962_s_1            NA    NA      NA         OK
F_fleet_3_YR_1963_s_1            NA    NA      NA         OK
F_fleet_3_YR_1964_s_1            NA    NA      NA         OK
F_fleet_3_YR_1965_s_1            NA    NA      NA         OK
F_fleet_3_YR_1966_s_1            NA    NA      NA         OK
F_fleet_3_YR_1967_s_1            NA    NA      NA         OK
F_fleet_3_YR_1968_s_1            NA    NA      NA         OK
F_fleet_3_YR_1969_s_1            NA    NA      NA         OK
F_fleet_3_YR_1970_s_1            NA    NA      NA         OK
F_fleet_3_YR_1971_s_1            NA    NA      NA         OK
F_fleet_3_YR_1972_s_1            NA    NA      NA         OK
F_fleet_3_YR_1973_s_1            NA    NA      NA         OK
F_fleet_3_YR_1974_s_1            NA    NA      NA         OK
F_fleet_3_YR_1975_s_1            NA    NA      NA         OK
F_fleet_3_YR_1976_s_1            NA    NA      NA         OK
F_fleet_3_YR_1977_s_1            NA    NA      NA         OK
F_fleet_3_YR_1978_s_1            NA    NA      NA         OK
F_fleet_3_YR_1979_s_1            NA    NA      NA         OK
F_fleet_3_YR_1980_s_1            NA    NA      NA         OK
F_fleet_3_YR_1981_s_1            NA    NA      NA         OK
F_fleet_3_YR_1982_s_1            NA    NA      NA         OK
F_fleet_3_YR_1983_s_1            NA    NA      NA         OK
F_fleet_3_YR_1984_s_1            NA    NA      NA         OK
F_fleet_3_YR_1985_s_1            NA    NA      NA         OK
F_fleet_3_YR_1986_s_1            NA    NA      NA         OK
F_fleet_3_YR_1987_s_1            NA    NA      NA         OK
F_fleet_3_YR_1988_s_1            NA    NA      NA         OK
F_fleet_3_YR_1989_s_1            NA    NA      NA         OK
F_fleet_3_YR_1990_s_1            NA    NA      NA         OK
F_fleet_3_YR_1991_s_1            NA    NA      NA         OK
F_fleet_3_YR_1992_s_1            NA    NA      NA         OK
F_fleet_3_YR_1993_s_1            NA    NA      NA         OK
F_fleet_3_YR_1994_s_1            NA    NA      NA         OK
F_fleet_3_YR_1995_s_1            NA    NA      NA         OK
F_fleet_3_YR_1996_s_1            NA    NA      NA         OK
F_fleet_3_YR_1997_s_1            NA    NA      NA         OK
F_fleet_3_YR_1998_s_1            NA    NA      NA         OK
F_fleet_3_YR_1999_s_1            NA    NA      NA         OK
F_fleet_3_YR_2000_s_1            NA    NA      NA         OK
F_fleet_3_YR_2001_s_1            NA    NA      NA         OK
F_fleet_3_YR_2002_s_1            NA    NA      NA         OK
F_fleet_3_YR_2003_s_1            NA    NA      NA         OK
F_fleet_3_YR_2004_s_1            NA    NA      NA         OK
F_fleet_3_YR_2005_s_1            NA    NA      NA         OK
F_fleet_3_YR_2006_s_1            NA    NA      NA         OK
F_fleet_3_YR_2007_s_1            NA    NA      NA         OK
F_fleet_3_YR_2008_s_1            NA    NA      NA         OK
F_fleet_3_YR_2009_s_1            NA    NA      NA         OK
F_fleet_3_YR_2010_s_1            NA    NA      NA         OK
F_fleet_3_YR_2011_s_1            NA    NA      NA         OK
F_fleet_3_YR_2012_s_1            NA    NA      NA         OK
F_fleet_3_YR_2013_s_1            NA    NA      NA         OK
F_fleet_3_YR_2014_s_1            NA    NA      NA         OK
F_fleet_3_YR_2015_s_1            NA    NA      NA         OK
F_fleet_3_YR_2016_s_1            NA    NA      NA         OK
F_fleet_3_YR_2017_s_1            NA    NA      NA         OK
F_fleet_4_YR_1950_s_1            NA    NA      NA         OK
F_fleet_4_YR_1951_s_1            NA    NA      NA         OK
F_fleet_4_YR_1952_s_1            NA    NA      NA         OK
F_fleet_4_YR_1953_s_1            NA    NA      NA         OK
F_fleet_4_YR_1954_s_1            NA    NA      NA         OK
F_fleet_4_YR_1955_s_1            NA    NA      NA         OK
F_fleet_4_YR_1956_s_1            NA    NA      NA         OK
F_fleet_4_YR_1957_s_1            NA    NA      NA         OK
F_fleet_4_YR_1958_s_1            NA    NA      NA         OK
F_fleet_4_YR_1959_s_1            NA    NA      NA         OK
F_fleet_4_YR_1960_s_1            NA    NA      NA         OK
F_fleet_4_YR_1961_s_1            NA    NA      NA         OK
F_fleet_4_YR_1962_s_1            NA    NA      NA         OK
F_fleet_4_YR_1963_s_1            NA    NA      NA         OK
F_fleet_4_YR_1964_s_1            NA    NA      NA         OK
F_fleet_4_YR_1965_s_1            NA    NA      NA         OK
F_fleet_4_YR_1966_s_1            NA    NA      NA         OK
F_fleet_4_YR_1967_s_1            NA    NA      NA         OK
F_fleet_4_YR_1968_s_1            NA    NA      NA         OK
F_fleet_4_YR_1969_s_1            NA    NA      NA         OK
F_fleet_4_YR_1970_s_1            NA    NA      NA         OK
F_fleet_4_YR_1971_s_1            NA    NA      NA         OK
F_fleet_4_YR_1972_s_1            NA    NA      NA         OK
F_fleet_4_YR_1973_s_1            NA    NA      NA         OK
F_fleet_4_YR_1974_s_1            NA    NA      NA         OK
F_fleet_4_YR_1975_s_1            NA    NA      NA         OK
F_fleet_4_YR_1976_s_1            NA    NA      NA         OK
F_fleet_4_YR_1977_s_1            NA    NA      NA         OK
F_fleet_4_YR_1978_s_1            NA    NA      NA         OK
F_fleet_4_YR_1979_s_1            NA    NA      NA         OK
F_fleet_4_YR_1980_s_1            NA    NA      NA         OK
F_fleet_4_YR_1981_s_1            NA    NA      NA         OK
F_fleet_4_YR_1982_s_1            NA    NA      NA         OK
F_fleet_4_YR_1983_s_1            NA    NA      NA         OK
F_fleet_4_YR_1984_s_1            NA    NA      NA         OK
F_fleet_4_YR_1985_s_1            NA    NA      NA         OK
F_fleet_4_YR_1986_s_1            NA    NA      NA         OK
F_fleet_4_YR_1987_s_1            NA    NA      NA         OK
F_fleet_4_YR_1988_s_1            NA    NA      NA         OK
F_fleet_4_YR_1989_s_1            NA    NA      NA         OK
F_fleet_4_YR_1990_s_1            NA    NA      NA         OK
F_fleet_4_YR_1991_s_1            NA    NA      NA         OK
F_fleet_4_YR_1992_s_1            NA    NA      NA         OK
F_fleet_4_YR_1993_s_1            NA    NA      NA         OK
F_fleet_4_YR_1994_s_1            NA    NA      NA         OK
F_fleet_4_YR_1995_s_1            NA    NA      NA         OK
F_fleet_4_YR_1996_s_1            NA    NA      NA         OK
F_fleet_4_YR_1997_s_1            NA    NA      NA         OK
F_fleet_4_YR_1998_s_1            NA    NA      NA         OK
F_fleet_4_YR_1999_s_1            NA    NA      NA         OK
F_fleet_4_YR_2000_s_1            NA    NA      NA         OK
F_fleet_4_YR_2001_s_1            NA    NA      NA         OK
F_fleet_4_YR_2002_s_1            NA    NA      NA         OK
F_fleet_4_YR_2003_s_1            NA    NA      NA         OK
F_fleet_4_YR_2004_s_1            NA    NA      NA         OK
F_fleet_4_YR_2005_s_1            NA    NA      NA         OK
F_fleet_4_YR_2006_s_1            NA    NA      NA         OK
F_fleet_4_YR_2007_s_1            NA    NA      NA         OK
F_fleet_4_YR_2008_s_1            NA    NA      NA         OK
F_fleet_4_YR_2009_s_1            NA    NA      NA         OK
F_fleet_4_YR_2010_s_1            NA    NA      NA         OK
F_fleet_4_YR_2011_s_1            NA    NA      NA         OK
F_fleet_4_YR_2012_s_1            NA    NA      NA         OK
F_fleet_4_YR_2013_s_1            NA    NA      NA         OK
F_fleet_4_YR_2014_s_1            NA    NA      NA      CHECK
F_fleet_4_YR_2015_s_1            NA    NA      NA      CHECK
F_fleet_4_YR_2016_s_1            NA    NA      NA      CHECK
F_fleet_4_YR_2017_s_1            NA    NA      NA      CHECK
LnQ_base_SMP_BYC(4)              NA    NA      NA         OK
Size_DblN_top_logit_VIDEO(8)     NA    NA      NA         OK
Size_DblN_ascend_se_VIDEO(8)     NA    NA      NA         OK
Size_DblN_end_logit_VIDEO(8)     NA    NA      NA         OK
Size_DblN_top_logit_SEAMAP(9)    NA    NA      NA         OK
Size_DblN_ascend_se_SEAMAP(9)    NA    NA      NA         OK
Size_DblN_end_logit_SEAMAP(9)    NA    NA      NA         OK
Age_inflection_CM_E(1)           NA    NA      NA         OK
Age_95%width_CM_E(1)             NA    NA      NA         OK
Age_inflection_CM_W(2)           NA    NA      NA         OK
Age_95%width_CM_W(2)             NA    NA      NA         OK
Age_DblN_peak_REC(3)             NA    NA      NA         OK
Age_DblN_top_logit_REC(3)        NA    NA      NA         OK
Age_DblN_ascend_se_REC(3)        NA    NA      NA         OK
Age_DblN_descend_se_REC(3)       NA    NA      NA         OK
Age_DblN_start_logit_REC(3)      NA    NA      NA         OK
Age_DblN_end_logit_REC(3)        NA    NA      NA         OK

$maximum_gradient_component
[1] 3.26836e-05

$parameters_with_highest_gradients
                            Value    Gradient
SR_LN(R0)             1.02217e+01 3.26836e-05
F_fleet_2_YR_1950_s_1 3.03071e-05 2.72297e-05
F_fleet_2_YR_1952_s_1 9.14250e-05 1.89944e-05
F_fleet_1_YR_1950_s_1 3.35170e-05 1.82543e-05
F_fleet_2_YR_1951_s_1 6.07027e-05 1.46686e-05

$Length_Comp_Fit_Summary
     Data_type Fleet Recommend_var_adj #  N Npos min_Nsamp max_Nsamp
3268         4     8          0.537528 # 15   11   6.56797       100
3269         4     9          0.613296 #  9    5  11.08360       100
     mean_Nsamp_in mean_Nsamp_adj mean_Nsamp_DM err_method err_index
3268       31.3786        31.3786            NA          0        NA
3269       40.2723        40.2723            NA          0        NA
            par1 val1 par2 val2 mean_effN HarMean Curr_Var_Adj Fleet_name
3268 multinomial   NA   NA   NA   38.4773 16.8669            1      VIDEO
3269 multinomial   NA   NA   NA   52.2476 24.6989            1     SEAMAP

$Age_Comp_Fit_Summary
     Data_type Fleet Recommend_var_adj # Nsamp_adj Npos min_Nsamp max_Nsamp
3340         5     1          0.363748 #        20   16   3.63217       100
3341         5     2          0.486292 #        20   16   7.31632       100
3342         5     3          0.425312 #        24   20   4.26588       100
     mean_Nsamp_in mean_Nsamp_adj mean_Nsamp_DM err_method err_index
3340       55.3848        55.3848            NA          0        NA
3341       58.1240        58.1240            NA          0        NA
3342       47.4986        47.4986            NA          0        NA
            par1 val1 par2 val2 mean_effN HarMean Curr_Var_Adj Fleet_name
3340 multinomial   NA   NA   NA   78.1407 20.1461            1       CM_E
3341 multinomial   NA   NA   NA   76.0120 28.2652            1       CM_W
3342 multinomial   NA   NA   NA   73.0753 20.2017            1        REC

$SBzero
[1] 3.38478e+11

$current_depletion
[1] 0.5340968

$SPRratioLabel
[1] "1-SPR"

$sigma_R_in
[1] 0.3

$sigma_R_info
           period N_devs SD_of_devs Var_of_devs   mean_SE mean_SEsquared
1            Main     24  0.2172422  0.04719416 0.1458703     0.02671191
2      Early+Main     24  0.2172422  0.04719416 0.1458703     0.02671191
3 Early+Main+Late     24  0.2172422  0.04719416 0.1458703     0.02671191
  sqrt_sum_of_components SD_of_devs_over_sigma_R sqrt_sum_over_sigma_R
1              0.2718567               0.7241405              0.906189
2              0.2718567               0.7241405              0.906189
3              0.2718567               0.7241405              0.906189
  alternative_sigma_R
1   0.271856694133117
2   0.271856694133117
3   0.271856694133117

$rmse_table
    ERA  N     RMSE RMSE_over_sigmaR mean_BiasAdj
1  main 24 0.212668          0.50253     0.863952
2 early  0 0.000000          0.00000     0.000000

$RecDev_method
[1] 1

117
