/srv
total 492436
-rw-r--r-- 1 osg001 cuuser         0 Nov  4 19:38 _condor_stderr
-rw-r--r-- 1 osg001 cuuser         5 Nov  4 19:38 _condor_stdout
-rw-r--r-- 1 osg001 cuuser 503570432 Nov  4 19:38 linux-r4ss-v4.sif
-rw-r--r-- 1 osg001 cuuser       819 Nov  4 19:38 osg-ss3-example-calcs.r
-rwxr-xr-x 1 osg001 cuuser      1059 Nov  4 19:38 osg-wrapper-r.sh
drwxr-x--- 4 osg001 cuuser        28 Nov  4 19:38 scratch
drwxrwxrwt 2 osg001 cuuser         6 Nov  4 19:38 tmp
-rw-r--r-- 1 osg001 cuuser    669783 Nov  4 19:38 upload.example-ss3-models.tar.gz
drwxrwxrwt 2 osg001 cuuser         6 Nov  4 19:38 var_tmp
/ss_exe:/usr/local/sbin:/usr/local/bin:/usr/sbin:/usr/bin:/sbin:/bin
output/82-Simple_NoCPUE-4/
[1] "/srv/working"
[1] "output/82-Simple_NoCPUE-4/"
[1] TRUE TRUE TRUE TRUE TRUE TRUE TRUE TRUE
[1] "ran model"
$SS_version
[1] "3.30.22.1;_safe;_compile_date:_Jan 30 2024;_Stock_Synthesis_by_Richard_Methot_(NOAA)_using_ADMB_13.1"

$SS_versionshort
[1] "3.30"

$SS_versionNumeric
[1] 3.3

$StartTime
[1] "StartTime: Mon Nov 4 19:38:48 2024"

$RunTime
[1] "0 hours, 0 minutes, 57 seconds."

$Files_used
[1] "Data_File: simple.dat Control_File: simple.ctl"

$log_det_hessian
[1] 137.135

$Final_phase
[1] 5

$N_iterations
[1] 456

$Nwarnings
[1] 5

$warnings
[1] "Note 1 Information: Max data length bin: 90  < max pop len bins: 94; so will accumulate larger pop len bins"
[2] "Warning 1 Adjustment:  recdev_end: 2001 > retro_yr: 1997 reset "                                            
[3] "Warning 2 : Final gradient: 0.00020526 is larger than final_conv: 0.0001"                                   
[4] "Note 2 Information: A revised protocol for the Fcast_yr specification is available and recommended."        
[5] " 2 warnings  and 2 notes "                                                                                  

$likelihoods_used
                           values lambdas
TOTAL                 1.10620e+03      NA
Catch                 8.71982e-11      NA
Equil_catch           0.00000e+00      NA
Length_comp           5.42979e+02      NA
Age_comp              4.94299e+02      NA
Size_at_age           7.92740e+01      NA
Recruitment          -1.13674e+01       1
InitEQ_Regime         1.54502e-30       1
Forecast_Recruitment  0.00000e+00       1
Parm_priors           1.01703e+00       1
Parm_softbounds       1.19180e-03      NA
Parm_devs             0.00000e+00       1
Crash_Pen             0.00000e+00       1

$likelihoods_laplace
                                      values lambdas
NoBias_corr_Recruitment(info_only)   -9.3241       1
Laplace_obj_fun(info_only)         1108.2500      NA

$likelihoods_by_fleet
               Label         ALL    FISHERY1  SURVEY1 SURVEY2
181     Catch_lambda          NA 1.00000e+00   1.0000       1
182       Catch_like 8.71982e-11 8.71982e-11   0.0000       0
183  Init_equ_lambda          NA 1.00000e+00   1.0000       1
184    Init_equ_like 0.00000e+00 0.00000e+00   0.0000       0
185    Length_lambda          NA 1.00000e+00   1.0000       0
186      Length_like 5.42979e+02 4.36076e+02 106.9030       0
187     Length_N_use          NA 2.70000e+01   7.0000       0
188    Length_N_skip          NA 4.00000e+00   2.0000       0
189       Age_lambda          NA 1.00000e+00   1.0000       0
190         Age_like 4.94299e+02 3.90191e+02 104.1080       0
191        Age_N_use          NA 2.70000e+01   7.0000       0
192       Age_N_skip          NA 4.00000e+00   2.0000       0
193 Sizeatage_lambda          NA 1.00000e+00   1.0000       0
194   sizeatage_like 7.92740e+01 3.81706e+01  41.1034       0
195  sizeatage_N_use          NA 2.00000e+00   2.0000       0
196 sizeatage_N_skip          NA 0.00000e+00   0.0000       0

$N_estimated_parameters
[1] 52

$table_of_phases

-99  -4  -3  -1   1   2   3   4   5 
  8   2  15   1   1  30   2   5  14 

$estimated_non_dev_parameters
                                Value Phase    Min   Max      Init Status
L_at_Amin_Fem_GP_1          21.926500     2 -10.00 45.00 21.748000     OK
L_at_Amax_Fem_GP_1          71.625800     4  40.00 90.00 71.669000     OK
VonBert_K_Fem_GP_1           0.146087     4   0.05  0.25  0.146762     OK
L_at_Amax_Mal_GP_1          69.458400     4  40.00 90.00 69.561700     OK
VonBert_K_Mal_GP_1           0.162422     4   0.05  0.25  0.162787     OK
SR_LN(R0)                    8.810350     1   3.00 31.00  8.813250     OK
SR_BH_steep                  0.604627     4   0.20  1.00  0.699977     OK
Size_inflection_FISHERY1(1) 53.907200     2  19.00 80.00 53.636700     OK
Size_95%width_FISHERY1(1)   19.245500     3   0.01 60.00 18.767400     OK
Size_inflection_SURVEY1(2)  36.780400     2  19.00 70.00 36.807800     OK
Size_95%width_SURVEY1(2)     6.613660     3   0.01 60.00  6.774240     OK
                            Parm_StDev       Gradient  Pr_type Prior Pr_SD
L_at_Amin_Fem_GP_1          0.52516700 -0.00000530976   Normal 36.00 10.00
L_at_Amax_Fem_GP_1          0.31590500  0.00001302340   Normal 70.00 10.00
VonBert_K_Fem_GP_1          0.00383259  0.00000266467   Normal  0.15  0.80
L_at_Amax_Mal_GP_1          0.29887900 -0.00000370451   Normal 70.00 10.00
VonBert_K_Mal_GP_1          0.00425255 -0.00000151102   Normal  0.15  0.80
SR_LN(R0)                   0.02838930  0.00020425700 No_prior    NA    NA
SR_BH_steep                 0.15067200 -0.00000160664 Sym_Beta  0.70  0.05
Size_inflection_FISHERY1(1) 0.81161600  0.00002133800 Sym_Beta 50.00  0.01
Size_95%width_FISHERY1(1)   0.91599400 -0.00001663490 Sym_Beta 15.00  0.01
Size_inflection_SURVEY1(2)  0.58449700  0.00000434657 Sym_Beta 30.00  0.01
Size_95%width_SURVEY1(2)    0.79073200 -0.00000143995 Sym_Beta 10.00  0.01
                                  Pr_Like Afterbound
L_at_Amin_Fem_GP_1           0.9903190000         OK
L_at_Amax_Fem_GP_1           0.0132156000         OK
VonBert_K_Fem_GP_1           0.0000119633         OK
L_at_Amax_Mal_GP_1           0.0014665900         OK
VonBert_K_Mal_GP_1           0.0001205460         OK
SR_LN(R0)                              NA         OK
SR_BH_steep                 -0.0000183085         OK
Size_inflection_FISHERY1(1)  0.0002109390         OK
Size_95%width_FISHERY1(1)    0.0013773000         OK
Size_inflection_SURVEY1(2)   0.0009611180         OK
Size_95%width_SURVEY1(2)     0.0093686500         OK

$maximum_gradient_component
[1] 0.00020526

$parameters_with_highest_gradients
                               Value     Gradient
SR_LN(R0)                    8.81035  2.04257e-04
Size_inflection_FISHERY1(1) 53.90720  2.13380e-05
Size_95%width_FISHERY1(1)   19.24550 -1.66349e-05
L_at_Amax_Fem_GP_1          71.62580  1.30234e-05
L_at_Amin_Fem_GP_1          21.92650 -5.30976e-06

$Length_Comp_Fit_Summary
     Data_type Fleet Recommend_var_adj #  N Npos min_Nsamp max_Nsamp
1367         4     1           1.06027 # 31   27       125       125
1368         4     2           1.23246 #  9    7       125       125
     mean_Nsamp_in mean_Nsamp_adj mean_Nsamp_DM err_method err_index
1367           125            125            NA          0        NA
1368           125            125            NA          0        NA
            par1 val1 par2 val2 mean_effN HarMean Curr_Var_Adj Fleet_name
1367 multinomial   NA   NA   NA   137.509 132.534            1   FISHERY1
1368 multinomial   NA   NA   NA   160.238 154.058            1    SURVEY1

$Age_Comp_Fit_Summary
     Data_type Fleet Recommend_var_adj # Nsamp_adj Npos min_Nsamp max_Nsamp
1415         5     1           1.04350 #        31   27        75        75
1416         5     2           1.03335 #         9    7        75        75
     mean_Nsamp_in mean_Nsamp_adj mean_Nsamp_DM err_method err_index
1415            75             75            NA          0        NA
1416            75             75            NA          0        NA
            par1 val1 par2 val2 mean_effN HarMean Curr_Var_Adj Fleet_name
1415 multinomial   NA   NA   NA   84.4204 78.2626            1   FISHERY1
1416 multinomial   NA   NA   NA   88.7483 77.5011            1    SURVEY1

$SBzero
[1] 49507.7

$current_depletion
[1] 0.07686764

$SPRratioLabel
[1] "(1-SPR)/(1-SPR_40%)"

$sigma_R_in
[1] 0.6

$sigma_R_info
           period N_devs SD_of_devs Var_of_devs   mean_SE mean_SEsquared
1            Main     27  0.3517591   0.1237345 0.3570489      0.1345582
2      Early+Main     27  0.3517591   0.1237345 0.3570489      0.1345582
3 Early+Main+Late     31  0.3274699   0.1072366 0.3883974      0.1636475
  sqrt_sum_of_components SD_of_devs_over_sigma_R sqrt_sum_over_sigma_R
1              0.5082251               0.5862652             0.8470418
2              0.5082251               0.5862652             0.8470418
3              0.5204652               0.5457832             0.8674421
  alternative_sigma_R
1    0.50822507657102
2    0.50822507657102
3   0.520465230349751

$rmse_table
    ERA  N     RMSE RMSE_over_sigmaR mean_BiasAdj
1  main 27 0.345184         0.330977            1
2 early  0 0.000000         0.000000            0

$RecDev_method
[1] 1

63
